#
# There is insufficient memory for the Java Runtime Environment to continue.
# Native memory allocation (mmap) failed to map 126877696 bytes for G1 virtual space
# Possible reasons:
#   The system is out of physical RAM or swap space
#   The process is running with CompressedOops enabled, and the Java Heap may be blocking the growth of the native heap
# Possible solutions:
#   Reduce memory load on the system
#   Increase physical memory or swap space
#   Check if swap backing store is full
#   Decrease Java heap size (-Xmx/-Xms)
#   Decrease number of Java threads
#   Decrease Java thread stack sizes (-Xss)
#   Set larger code cache with -XX:ReservedCodeCacheSize=
#   JVM is running with Unscaled Compressed Oops mode in which the Java heap is
#     placed in the first 4GB address space. The Java Heap base address is the
#     maximum limit for the native heap growth. Please use -XX:HeapBaseMinAddress
#     to set the Java Heap base and to place the Java Heap above 4GB virtual address.
# This output file may be truncated or incomplete.
#
#  Out of Memory Error (os_windows.cpp:3825), pid=27840, tid=7556
#
# JRE version: OpenJDK Runtime Environment (17.0.9) (build 17.0.9+0--11185874)
# Java VM: OpenJDK 64-Bit Server VM (17.0.9+0--11185874, mixed mode, tiered, compressed oops, compressed class ptrs, g1 gc, windows-amd64)
# No core dump will be written. Minidumps are not enabled by default on client versions of Windows
#

---------------  S U M M A R Y ------------

Command Line: org.jetbrains.kotlin.cli.jvm.K2JVMCompiler @C:\Users\marco\Downloads\Smart-Safe-App\node_modules\react-native-safe-area-context\android\build\20240518_7819478834789308524.compiler.options

Host: AMD Ryzen 7 4800H with Radeon Graphics         , 16 cores, 7G,  Windows 11 , 64 bit Build 22621 (10.0.22621.3527)
Time: Sat May 18 18:13:14 2024 Hora Padrão de Buenos Aires elapsed time: 30.837137 seconds (0d 0h 0m 30s)

---------------  T H R E A D  ---------------

Current thread (0x0000025234d27fa0):  VMThread "VM Thread" [stack: 0x0000006aa1c00000,0x0000006aa1d00000] [id=7556]

Stack: [0x0000006aa1c00000,0x0000006aa1d00000]
Native frames: (J=compiled Java code, j=interpreted, Vv=VM code, C=native code)
V  [jvm.dll+0x6886e9]
V  [jvm.dll+0x841e4a]
V  [jvm.dll+0x843a8e]
V  [jvm.dll+0x8440f3]
V  [jvm.dll+0x24c14f]
V  [jvm.dll+0x685499]
V  [jvm.dll+0x679c2a]
V  [jvm.dll+0x30cf9b]
V  [jvm.dll+0x314446]
V  [jvm.dll+0x36425e]
V  [jvm.dll+0x36448f]
V  [jvm.dll+0x2e2d68]
V  [jvm.dll+0x2e0f44]
V  [jvm.dll+0x2e054c]
V  [jvm.dll+0x3253fb]
V  [jvm.dll+0x8487eb]
V  [jvm.dll+0x849531]
V  [jvm.dll+0x849a4d]
V  [jvm.dll+0x849e24]
V  [jvm.dll+0x849ef0]
V  [jvm.dll+0x7f06aa]
V  [jvm.dll+0x687565]
C  [ucrtbase.dll+0x29333]
C  [KERNEL32.DLL+0x1257d]
C  [ntdll.dll+0x5aa48]

VM_Operation (0x0000006aa16f7880): G1CollectForAllocation, mode: safepoint, requested by thread 0x000002521b3cf300


---------------  P R O C E S S  ---------------

Threads class SMR info:
_java_thread_list=0x000002523af46220, length=14, elements={
0x000002521b3cf300, 0x000002523588c150, 0x000002523588db10, 0x000002523589faa0,
0x00000252358a0370, 0x00000252358a0c40, 0x00000252358bd860, 0x00000252358be460,
0x00000252358c0d80, 0x00000252358c36a0, 0x0000025235a2d7d0, 0x0000025235a38140,
0x0000025235a487e0, 0x000002523a0ffff0
}

Java Threads: ( => current thread )
  0x000002521b3cf300 JavaThread "main" [_thread_blocked, id=22968, stack(0x0000006aa1600000,0x0000006aa1700000)]
  0x000002523588c150 JavaThread "Reference Handler" daemon [_thread_blocked, id=23116, stack(0x0000006aa1d00000,0x0000006aa1e00000)]
  0x000002523588db10 JavaThread "Finalizer" daemon [_thread_blocked, id=14012, stack(0x0000006aa1e00000,0x0000006aa1f00000)]
  0x000002523589faa0 JavaThread "Signal Dispatcher" daemon [_thread_blocked, id=7788, stack(0x0000006aa1f00000,0x0000006aa2000000)]
  0x00000252358a0370 JavaThread "Attach Listener" daemon [_thread_blocked, id=25728, stack(0x0000006aa2000000,0x0000006aa2100000)]
  0x00000252358a0c40 JavaThread "Service Thread" daemon [_thread_blocked, id=25916, stack(0x0000006aa2100000,0x0000006aa2200000)]
  0x00000252358bd860 JavaThread "Monitor Deflation Thread" daemon [_thread_blocked, id=15236, stack(0x0000006aa2200000,0x0000006aa2300000)]
  0x00000252358be460 JavaThread "C2 CompilerThread0" daemon [_thread_blocked, id=24040, stack(0x0000006aa2300000,0x0000006aa2400000)]
  0x00000252358c0d80 JavaThread "C1 CompilerThread0" daemon [_thread_blocked, id=7496, stack(0x0000006aa2400000,0x0000006aa2500000)]
  0x00000252358c36a0 JavaThread "Sweeper thread" daemon [_thread_blocked, id=204, stack(0x0000006aa2500000,0x0000006aa2600000)]
  0x0000025235a2d7d0 JavaThread "C1 CompilerThread1" daemon [_thread_blocked, id=26004, stack(0x0000006aa2600000,0x0000006aa2700000)]
  0x0000025235a38140 JavaThread "Notification Thread" daemon [_thread_blocked, id=19264, stack(0x0000006aa2700000,0x0000006aa2800000)]
  0x0000025235a487e0 JavaThread "Common-Cleaner" daemon [_thread_blocked, id=28436, stack(0x0000006aa2900000,0x0000006aa2a00000)]
  0x000002523a0ffff0 JavaThread "C1 CompilerThread2" daemon [_thread_blocked, id=9408, stack(0x0000006aa2b00000,0x0000006aa2c00000)]

Other Threads:
=>0x0000025234d27fa0 VMThread "VM Thread" [stack: 0x0000006aa1c00000,0x0000006aa1d00000] [id=7556]
  0x0000025235a38620 WatcherThread [stack: 0x0000006aa2800000,0x0000006aa2900000] [id=21644]
  0x000002521b427ca0 GCTaskThread "GC Thread#0" [stack: 0x0000006aa1700000,0x0000006aa1800000] [id=27824]
  0x000002523a39c400 GCTaskThread "GC Thread#1" [stack: 0x0000006aa2a00000,0x0000006aa2b00000] [id=27832]
  0x000002523a3cad60 GCTaskThread "GC Thread#2" [stack: 0x0000006aa2d00000,0x0000006aa2e00000] [id=27468]
  0x000002523a2fdf90 GCTaskThread "GC Thread#3" [stack: 0x0000006aa2e00000,0x0000006aa2f00000] [id=27236]
  0x000002523a2fe250 GCTaskThread "GC Thread#4" [stack: 0x0000006aa2f00000,0x0000006aa3000000] [id=25180]
  0x000002523a2fe510 GCTaskThread "GC Thread#5" [stack: 0x0000006aa3000000,0x0000006aa3100000] [id=8592]
  0x000002523a631740 GCTaskThread "GC Thread#6" [stack: 0x0000006aa3100000,0x0000006aa3200000] [id=26240]
  0x000002523a819080 GCTaskThread "GC Thread#7" [stack: 0x0000006aa3200000,0x0000006aa3300000] [id=8028]
  0x000002523a7d31d0 GCTaskThread "GC Thread#8" [stack: 0x0000006aa3500000,0x0000006aa3600000] [id=17988]
  0x000002523ab85940 GCTaskThread "GC Thread#9" [stack: 0x0000006aa3600000,0x0000006aa3700000] [id=27708]
  0x000002523ab848c0 GCTaskThread "GC Thread#10" [stack: 0x0000006aa3700000,0x0000006aa3800000] [id=27584]
  0x000002523ab84080 GCTaskThread "GC Thread#11" [stack: 0x0000006aa3800000,0x0000006aa3900000] [id=27784]
  0x000002523ab85680 GCTaskThread "GC Thread#12" [stack: 0x0000006aa3900000,0x0000006aa3a00000] [id=18984]
  0x000002521b437700 ConcurrentGCThread "G1 Main Marker" [stack: 0x0000006aa1800000,0x0000006aa1900000] [id=24604]
  0x000002521b438030 ConcurrentGCThread "G1 Conc#0" [stack: 0x0000006aa1900000,0x0000006aa1a00000] [id=24828]
  0x000002523a2fcf80 ConcurrentGCThread "G1 Conc#1" [stack: 0x0000006aa3300000,0x0000006aa3400000] [id=19136]
  0x000002523a784070 ConcurrentGCThread "G1 Conc#2" [stack: 0x0000006aa3400000,0x0000006aa3500000] [id=19828]
  0x000002521b47c800 ConcurrentGCThread "G1 Refine#0" [stack: 0x0000006aa1a00000,0x0000006aa1b00000] [id=21684]
  0x000002521b47d140 ConcurrentGCThread "G1 Service" [stack: 0x0000006aa1b00000,0x0000006aa1c00000] [id=11116]

Threads with active compile tasks:
C2 CompilerThread0    30907 8646       4       org.jetbrains.kotlin.builtins.FunctionTypesKt::getFunctionTypeKind (32 bytes)

VM state: at safepoint (normal execution)

VM Mutex/Monitor currently owned by a thread:  ([mutex/lock_event])
[0x000002521b3ca380] Threads_lock - owner thread: 0x0000025234d27fa0
[0x000002521b3ca800] Heap_lock - owner thread: 0x000002521b3cf300

Heap address: 0x000000008a000000, size: 1888 MB, Compressed Oops mode: 32-bit

CDS archive(s) not mapped
Compressed class space mapped at: 0x0000000100000000-0x0000000140000000, reserved size: 1073741824
Narrow klass base: 0x0000000000000000, Narrow klass shift: 3, Narrow klass range: 0x140000000

GC Precious Log:
 CPUs: 16 total, 16 available
 Memory: 7549M
 Large Page Support: Disabled
 NUMA Support: Disabled
 Compressed Oops: Enabled (32-bit)
 Heap Region Size: 1M
 Heap Min Capacity: 8M
 Heap Initial Capacity: 118M
 Heap Max Capacity: 1888M
 Pre-touch: Disabled
 Parallel Workers: 13
 Concurrent Workers: 3
 Concurrent Refinement Workers: 13
 Periodic GC: Disabled

Heap:
 garbage-first heap   total 121856K, used 47642K [0x000000008a000000, 0x0000000100000000)
  region size 1024K, 1 young (1024K), 1 survivors (1024K)
 Metaspace       used 60374K, committed 60608K, reserved 1114112K
  class space    used 7081K, committed 7168K, reserved 1048576K

Heap Regions: E=young(eden), S=young(survivor), O=old, HS=humongous(starts), HC=humongous(continues), CS=collection set, F=free, OA=open archive, CA=closed archive, TAMS=top-at-mark-start (previous, next)
|   0|0x000000008a000000, 0x000000008a100000, 0x000000008a100000|100%|HS|  |TAMS 0x000000008a100000, 0x000000008a100000| Complete 
|   1|0x000000008a100000, 0x000000008a200000, 0x000000008a200000|100%|HC|  |TAMS 0x000000008a200000, 0x000000008a200000| Complete 
|   2|0x000000008a200000, 0x000000008a300000, 0x000000008a300000|100%|HC|  |TAMS 0x000000008a300000, 0x000000008a300000| Complete 
|   3|0x000000008a300000, 0x000000008a400000, 0x000000008a400000|100%|HC|  |TAMS 0x000000008a400000, 0x000000008a400000| Complete 
|   4|0x000000008a400000, 0x000000008a500000, 0x000000008a500000|100%| O|  |TAMS 0x000000008a500000, 0x000000008a500000| Untracked 
|   5|0x000000008a500000, 0x000000008a600000, 0x000000008a600000|100%| O|  |TAMS 0x000000008a600000, 0x000000008a600000| Untracked 
|   6|0x000000008a600000, 0x000000008a700000, 0x000000008a700000|100%| O|  |TAMS 0x000000008a700000, 0x000000008a700000| Untracked 
|   7|0x000000008a700000, 0x000000008a800000, 0x000000008a800000|100%| O|  |TAMS 0x000000008a800000, 0x000000008a800000| Untracked 
|   8|0x000000008a800000, 0x000000008a900000, 0x000000008a900000|100%| O|  |TAMS 0x000000008a900000, 0x000000008a900000| Untracked 
|   9|0x000000008a900000, 0x000000008aa00000, 0x000000008aa00000|100%| O|  |TAMS 0x000000008aa00000, 0x000000008aa00000| Untracked 
|  10|0x000000008aa00000, 0x000000008ab00000, 0x000000008ab00000|100%| O|  |TAMS 0x000000008ab00000, 0x000000008ab00000| Untracked 
|  11|0x000000008ab00000, 0x000000008ac00000, 0x000000008ac00000|100%| O|  |TAMS 0x000000008ac00000, 0x000000008ac00000| Untracked 
|  12|0x000000008ac00000, 0x000000008ad00000, 0x000000008ad00000|100%| O|  |TAMS 0x000000008ad00000, 0x000000008ad00000| Untracked 
|  13|0x000000008ad00000, 0x000000008ae00000, 0x000000008ae00000|100%| O|  |TAMS 0x000000008ae00000, 0x000000008ae00000| Untracked 
|  14|0x000000008ae00000, 0x000000008af00000, 0x000000008af00000|100%| O|  |TAMS 0x000000008af00000, 0x000000008af00000| Untracked 
|  15|0x000000008af00000, 0x000000008b000000, 0x000000008b000000|100%| O|  |TAMS 0x000000008b000000, 0x000000008b000000| Untracked 
|  16|0x000000008b000000, 0x000000008b000000, 0x000000008b100000|  0%| F|  |TAMS 0x000000008b000000, 0x000000008b000000| Untracked 
|  17|0x000000008b100000, 0x000000008b200000, 0x000000008b200000|100%| O|  |TAMS 0x000000008b200000, 0x000000008b200000| Untracked 
|  18|0x000000008b200000, 0x000000008b300000, 0x000000008b300000|100%| O|  |TAMS 0x000000008b300000, 0x000000008b300000| Untracked 
|  19|0x000000008b300000, 0x000000008b400000, 0x000000008b400000|100%|HS|  |TAMS 0x000000008b400000, 0x000000008b400000| Complete 
|  20|0x000000008b400000, 0x000000008b500000, 0x000000008b500000|100%|HC|  |TAMS 0x000000008b500000, 0x000000008b500000| Complete 
|  21|0x000000008b500000, 0x000000008b600000, 0x000000008b600000|100%| O|  |TAMS 0x000000008b600000, 0x000000008b600000| Untracked 
|  22|0x000000008b600000, 0x000000008b700000, 0x000000008b700000|100%| O|  |TAMS 0x000000008b700000, 0x000000008b700000| Untracked 
|  23|0x000000008b700000, 0x000000008b800000, 0x000000008b800000|100%| O|  |TAMS 0x000000008b800000, 0x000000008b800000| Untracked 
|  24|0x000000008b800000, 0x000000008b900000, 0x000000008b900000|100%| O|  |TAMS 0x000000008b900000, 0x000000008b900000| Untracked 
|  25|0x000000008b900000, 0x000000008ba00000, 0x000000008ba00000|100%| O|  |TAMS 0x000000008ba00000, 0x000000008ba00000| Untracked 
|  26|0x000000008ba00000, 0x000000008bb00000, 0x000000008bb00000|100%| O|  |TAMS 0x000000008bb00000, 0x000000008bb00000| Untracked 
|  27|0x000000008bb00000, 0x000000008bc00000, 0x000000008bc00000|100%| O|  |TAMS 0x000000008bc00000, 0x000000008bc00000| Untracked 
|  28|0x000000008bc00000, 0x000000008bd00000, 0x000000008bd00000|100%| O|  |TAMS 0x000000008bd00000, 0x000000008bd00000| Untracked 
|  29|0x000000008bd00000, 0x000000008be00000, 0x000000008be00000|100%| O|  |TAMS 0x000000008be00000, 0x000000008be00000| Untracked 
|  30|0x000000008be00000, 0x000000008bf00000, 0x000000008bf00000|100%| O|  |TAMS 0x000000008bf00000, 0x000000008bf00000| Untracked 
|  31|0x000000008bf00000, 0x000000008c000000, 0x000000008c000000|100%| O|  |TAMS 0x000000008c000000, 0x000000008c000000| Untracked 
|  32|0x000000008c000000, 0x000000008c100000, 0x000000008c100000|100%| O|  |TAMS 0x000000008c100000, 0x000000008c100000| Untracked 
|  33|0x000000008c100000, 0x000000008c200000, 0x000000008c200000|100%| O|  |TAMS 0x000000008c200000, 0x000000008c200000| Untracked 
|  34|0x000000008c200000, 0x000000008c300000, 0x000000008c300000|100%| O|  |TAMS 0x000000008c300000, 0x000000008c300000| Untracked 
|  35|0x000000008c300000, 0x000000008c400000, 0x000000008c400000|100%| O|  |TAMS 0x000000008c300000, 0x000000008c400000| Untracked 
|  36|0x000000008c400000, 0x000000008c500000, 0x000000008c500000|100%| O|  |TAMS 0x000000008c500000, 0x000000008c500000| Untracked 
|  37|0x000000008c500000, 0x000000008c600000, 0x000000008c600000|100%| O|  |TAMS 0x000000008c600000, 0x000000008c600000| Untracked 
|  38|0x000000008c600000, 0x000000008c700000, 0x000000008c700000|100%| O|  |TAMS 0x000000008c700000, 0x000000008c700000| Untracked 
|  39|0x000000008c700000, 0x000000008c800000, 0x000000008c800000|100%| O|  |TAMS 0x000000008c800000, 0x000000008c800000| Untracked 
|  40|0x000000008c800000, 0x000000008c900000, 0x000000008c900000|100%| O|  |TAMS 0x000000008c900000, 0x000000008c900000| Untracked 
|  41|0x000000008c900000, 0x000000008ca00000, 0x000000008ca00000|100%| O|  |TAMS 0x000000008ca00000, 0x000000008ca00000| Untracked 
|  42|0x000000008ca00000, 0x000000008cb00000, 0x000000008cb00000|100%| O|  |TAMS 0x000000008cb00000, 0x000000008cb00000| Untracked 
|  43|0x000000008cb00000, 0x000000008cc00000, 0x000000008cc00000|100%| O|  |TAMS 0x000000008cb61c00, 0x000000008cc00000| Untracked 
|  44|0x000000008cc00000, 0x000000008cd00000, 0x000000008cd00000|100%| O|  |TAMS 0x000000008cc00000, 0x000000008cd00000| Untracked 
|  45|0x000000008cd00000, 0x000000008cdd1200, 0x000000008ce00000| 81%| O|  |TAMS 0x000000008cd00000, 0x000000008cdd1200| Untracked 
|  46|0x000000008ce00000, 0x000000008ce00000, 0x000000008cf00000|  0%| F|  |TAMS 0x000000008ce00000, 0x000000008ce00000| Untracked 
|  47|0x000000008cf00000, 0x000000008cf00000, 0x000000008d000000|  0%| F|  |TAMS 0x000000008cf00000, 0x000000008cf00000| Untracked 
|  48|0x000000008d000000, 0x000000008d000000, 0x000000008d100000|  0%| F|  |TAMS 0x000000008d000000, 0x000000008d000000| Untracked 
|  49|0x000000008d100000, 0x000000008d100000, 0x000000008d200000|  0%| F|  |TAMS 0x000000008d100000, 0x000000008d100000| Untracked 
|  50|0x000000008d200000, 0x000000008d200000, 0x000000008d300000|  0%| F|  |TAMS 0x000000008d200000, 0x000000008d200000| Untracked 
|  51|0x000000008d300000, 0x000000008d300000, 0x000000008d400000|  0%| F|  |TAMS 0x000000008d300000, 0x000000008d300000| Untracked 
|  52|0x000000008d400000, 0x000000008d400000, 0x000000008d500000|  0%| F|  |TAMS 0x000000008d400000, 0x000000008d400000| Untracked 
|  53|0x000000008d500000, 0x000000008d500000, 0x000000008d600000|  0%| F|  |TAMS 0x000000008d500000, 0x000000008d500000| Untracked 
|  54|0x000000008d600000, 0x000000008d600000, 0x000000008d700000|  0%| F|  |TAMS 0x000000008d600000, 0x000000008d600000| Untracked 
|  55|0x000000008d700000, 0x000000008d700000, 0x000000008d800000|  0%| F|  |TAMS 0x000000008d700000, 0x000000008d700000| Untracked 
|  56|0x000000008d800000, 0x000000008d800000, 0x000000008d900000|  0%| F|  |TAMS 0x000000008d800000, 0x000000008d800000| Untracked 
|  57|0x000000008d900000, 0x000000008d900000, 0x000000008da00000|  0%| F|  |TAMS 0x000000008d900000, 0x000000008d900000| Untracked 
|  58|0x000000008da00000, 0x000000008da00000, 0x000000008db00000|  0%| F|  |TAMS 0x000000008da00000, 0x000000008da00000| Untracked 
|  59|0x000000008db00000, 0x000000008db00000, 0x000000008dc00000|  0%| F|  |TAMS 0x000000008db00000, 0x000000008db00000| Untracked 
|  60|0x000000008dc00000, 0x000000008dc00000, 0x000000008dd00000|  0%| F|  |TAMS 0x000000008dc00000, 0x000000008dc00000| Untracked 
|  61|0x000000008dd00000, 0x000000008dd00000, 0x000000008de00000|  0%| F|  |TAMS 0x000000008dd00000, 0x000000008dd00000| Untracked 
|  62|0x000000008de00000, 0x000000008de00000, 0x000000008df00000|  0%| F|  |TAMS 0x000000008de00000, 0x000000008de00000| Untracked 
|  63|0x000000008df00000, 0x000000008df00000, 0x000000008e000000|  0%| F|  |TAMS 0x000000008df00000, 0x000000008df00000| Untracked 
|  64|0x000000008e000000, 0x000000008e000000, 0x000000008e100000|  0%| F|  |TAMS 0x000000008e000000, 0x000000008e000000| Untracked 
|  65|0x000000008e100000, 0x000000008e100000, 0x000000008e200000|  0%| F|  |TAMS 0x000000008e100000, 0x000000008e100000| Untracked 
|  66|0x000000008e200000, 0x000000008e200000, 0x000000008e300000|  0%| F|  |TAMS 0x000000008e200000, 0x000000008e200000| Untracked 
|  67|0x000000008e300000, 0x000000008e300000, 0x000000008e400000|  0%| F|  |TAMS 0x000000008e300000, 0x000000008e300000| Untracked 
|  68|0x000000008e400000, 0x000000008e400000, 0x000000008e500000|  0%| F|  |TAMS 0x000000008e400000, 0x000000008e400000| Untracked 
|  69|0x000000008e500000, 0x000000008e500000, 0x000000008e600000|  0%| F|  |TAMS 0x000000008e500000, 0x000000008e500000| Untracked 
|  70|0x000000008e600000, 0x000000008e600000, 0x000000008e700000|  0%| F|  |TAMS 0x000000008e600000, 0x000000008e600000| Untracked 
|  71|0x000000008e700000, 0x000000008e700000, 0x000000008e800000|  0%| F|  |TAMS 0x000000008e700000, 0x000000008e700000| Untracked 
|  72|0x000000008e800000, 0x000000008e800000, 0x000000008e900000|  0%| F|  |TAMS 0x000000008e800000, 0x000000008e800000| Untracked 
|  73|0x000000008e900000, 0x000000008e900000, 0x000000008ea00000|  0%| F|  |TAMS 0x000000008e900000, 0x000000008e900000| Untracked 
|  74|0x000000008ea00000, 0x000000008ea00000, 0x000000008eb00000|  0%| F|  |TAMS 0x000000008ea00000, 0x000000008ea00000| Untracked 
|  75|0x000000008eb00000, 0x000000008ebb56d0, 0x000000008ec00000| 70%| S|CS|TAMS 0x000000008eb00000, 0x000000008eb00000| Complete 
|  76|0x000000008ec00000, 0x000000008ec00000, 0x000000008ed00000|  0%| F|  |TAMS 0x000000008ec00000, 0x000000008ec00000| Untracked 
|  77|0x000000008ed00000, 0x000000008ed00000, 0x000000008ee00000|  0%| F|  |TAMS 0x000000008ed00000, 0x000000008ed00000| Untracked 
|  78|0x000000008ee00000, 0x000000008ee00000, 0x000000008ef00000|  0%| F|  |TAMS 0x000000008ee00000, 0x000000008ee00000| Untracked 
|  79|0x000000008ef00000, 0x000000008ef00000, 0x000000008f000000|  0%| F|  |TAMS 0x000000008ef00000, 0x000000008ef00000| Untracked 
|  80|0x000000008f000000, 0x000000008f000000, 0x000000008f100000|  0%| F|  |TAMS 0x000000008f000000, 0x000000008f000000| Untracked 
|  81|0x000000008f100000, 0x000000008f100000, 0x000000008f200000|  0%| F|  |TAMS 0x000000008f100000, 0x000000008f100000| Untracked 
|  82|0x000000008f200000, 0x000000008f200000, 0x000000008f300000|  0%| F|  |TAMS 0x000000008f200000, 0x000000008f200000| Untracked 
|  83|0x000000008f300000, 0x000000008f300000, 0x000000008f400000|  0%| F|  |TAMS 0x000000008f300000, 0x000000008f300000| Untracked 
|  84|0x000000008f400000, 0x000000008f400000, 0x000000008f500000|  0%| F|  |TAMS 0x000000008f400000, 0x000000008f400000| Untracked 
|  85|0x000000008f500000, 0x000000008f500000, 0x000000008f600000|  0%| F|  |TAMS 0x000000008f500000, 0x000000008f500000| Untracked 
|  86|0x000000008f600000, 0x000000008f600000, 0x000000008f700000|  0%| F|  |TAMS 0x000000008f600000, 0x000000008f600000| Untracked 
|  87|0x000000008f700000, 0x000000008f700000, 0x000000008f800000|  0%| F|  |TAMS 0x000000008f700000, 0x000000008f700000| Untracked 
|  88|0x000000008f800000, 0x000000008f800000, 0x000000008f900000|  0%| F|  |TAMS 0x000000008f800000, 0x000000008f800000| Untracked 
|  89|0x000000008f900000, 0x000000008f900000, 0x000000008fa00000|  0%| F|  |TAMS 0x000000008f900000, 0x000000008f900000| Untracked 
|  90|0x000000008fa00000, 0x000000008fa00000, 0x000000008fb00000|  0%| F|  |TAMS 0x000000008fa00000, 0x000000008fa00000| Untracked 
|  91|0x000000008fb00000, 0x000000008fb00000, 0x000000008fc00000|  0%| F|  |TAMS 0x000000008fb00000, 0x000000008fb00000| Untracked 
|  92|0x000000008fc00000, 0x000000008fc00000, 0x000000008fd00000|  0%| F|  |TAMS 0x000000008fc00000, 0x000000008fc00000| Untracked 
|  93|0x000000008fd00000, 0x000000008fd00000, 0x000000008fe00000|  0%| F|  |TAMS 0x000000008fd00000, 0x000000008fd00000| Untracked 
|  94|0x000000008fe00000, 0x000000008fe00000, 0x000000008ff00000|  0%| F|  |TAMS 0x000000008fe00000, 0x000000008fe00000| Untracked 
|  95|0x000000008ff00000, 0x000000008ff00000, 0x0000000090000000|  0%| F|  |TAMS 0x000000008ff00000, 0x000000008ff00000| Untracked 
|  96|0x0000000090000000, 0x0000000090000000, 0x0000000090100000|  0%| F|  |TAMS 0x0000000090000000, 0x0000000090000000| Untracked 
|  97|0x0000000090100000, 0x0000000090100000, 0x0000000090200000|  0%| F|  |TAMS 0x0000000090100000, 0x0000000090100000| Untracked 
|  98|0x0000000090200000, 0x0000000090200000, 0x0000000090300000|  0%| F|  |TAMS 0x0000000090200000, 0x0000000090200000| Untracked 
|  99|0x0000000090300000, 0x0000000090300000, 0x0000000090400000|  0%| F|  |TAMS 0x0000000090300000, 0x0000000090300000| Untracked 
| 100|0x0000000090400000, 0x0000000090400000, 0x0000000090500000|  0%| F|  |TAMS 0x0000000090400000, 0x0000000090400000| Untracked 
| 101|0x0000000090500000, 0x0000000090500000, 0x0000000090600000|  0%| F|  |TAMS 0x0000000090500000, 0x0000000090500000| Untracked 
| 102|0x0000000090600000, 0x0000000090600000, 0x0000000090700000|  0%| F|  |TAMS 0x0000000090600000, 0x0000000090600000| Untracked 
| 103|0x0000000090700000, 0x0000000090700000, 0x0000000090800000|  0%| F|  |TAMS 0x0000000090700000, 0x0000000090700000| Untracked 
| 104|0x0000000090800000, 0x0000000090800000, 0x0000000090900000|  0%| F|  |TAMS 0x0000000090800000, 0x0000000090800000| Untracked 
| 105|0x0000000090900000, 0x0000000090900000, 0x0000000090a00000|  0%| F|  |TAMS 0x0000000090900000, 0x0000000090900000| Untracked 
| 106|0x0000000090a00000, 0x0000000090a00000, 0x0000000090b00000|  0%| F|  |TAMS 0x0000000090a00000, 0x0000000090a00000| Untracked 
| 107|0x0000000090b00000, 0x0000000090b00000, 0x0000000090c00000|  0%| F|  |TAMS 0x0000000090b00000, 0x0000000090b00000| Untracked 
| 108|0x0000000090c00000, 0x0000000090c00000, 0x0000000090d00000|  0%| F|  |TAMS 0x0000000090c00000, 0x0000000090c00000| Untracked 
| 109|0x0000000090d00000, 0x0000000090d00000, 0x0000000090e00000|  0%| F|  |TAMS 0x0000000090d00000, 0x0000000090d00000| Untracked 
| 110|0x0000000090e00000, 0x0000000090e00000, 0x0000000090f00000|  0%| F|  |TAMS 0x0000000090e00000, 0x0000000090e00000| Untracked 
| 111|0x0000000090f00000, 0x0000000090f00000, 0x0000000091000000|  0%| F|  |TAMS 0x0000000090f00000, 0x0000000090f00000| Untracked 
| 112|0x0000000091000000, 0x0000000091000000, 0x0000000091100000|  0%| F|  |TAMS 0x0000000091000000, 0x0000000091000000| Untracked 
| 113|0x0000000091100000, 0x0000000091100000, 0x0000000091200000|  0%| F|  |TAMS 0x0000000091100000, 0x0000000091100000| Untracked 
| 114|0x0000000091200000, 0x0000000091200000, 0x0000000091300000|  0%| F|  |TAMS 0x0000000091200000, 0x0000000091200000| Untracked 
| 115|0x0000000091300000, 0x0000000091300000, 0x0000000091400000|  0%| F|  |TAMS 0x0000000091300000, 0x0000000091300000| Untracked 
| 116|0x0000000091400000, 0x0000000091400000, 0x0000000091500000|  0%| F|  |TAMS 0x0000000091400000, 0x0000000091400000| Untracked 
| 117|0x0000000091500000, 0x0000000091500000, 0x0000000091600000|  0%| F|  |TAMS 0x0000000091500000, 0x0000000091500000| Untracked 
|1887|0x00000000fff00000, 0x0000000100000000, 0x0000000100000000|100%| O|  |TAMS 0x0000000100000000, 0x0000000100000000| Untracked 

Card table byte_map: [0x000002522e4d0000,0x000002522e880000] _byte_map_base: 0x000002522e080000

Marking Bits (Prev, Next): (CMBitMap*) 0x000002521b4281d0, (CMBitMap*) 0x000002521b428210
 Prev Bits: [0x000002522ec30000, 0x00000252309b0000)
 Next Bits: [0x00000252309b0000, 0x0000025232730000)

Polling page: 0x00000252192f0000

Metaspace:

Usage:
  Non-class:     52.04 MB used.
      Class:      6.92 MB used.
       Both:     58.96 MB used.

Virtual space:
  Non-class space:       64.00 MB reserved,      52.19 MB ( 82%) committed,  1 nodes.
      Class space:        1.00 GB reserved,       7.00 MB ( <1%) committed,  1 nodes.
             Both:        1.06 GB reserved,      59.19 MB (  5%) committed. 

Chunk freelists:
   Non-Class:  11.78 MB
       Class:  8.95 MB
        Both:  20.73 MB

MaxMetaspaceSize: unlimited
CompressedClassSpaceSize: 1.00 GB
Initial GC threshold: 21.00 MB
Current GC threshold: 97.62 MB
CDS: off
MetaspaceReclaimPolicy: balanced
 - commit_granule_bytes: 65536.
 - commit_granule_words: 8192.
 - virtual_space_node_default_size: 8388608.
 - enlarge_chunks_in_place: 1.
 - new_chunks_are_fully_committed: 0.
 - uncommit_free_chunks: 1.
 - use_allocation_guard: 0.
 - handle_deallocations: 1.


Internal statistics:

num_allocs_failed_limit: 6.
num_arena_births: 264.
num_arena_deaths: 0.
num_vsnodes_births: 2.
num_vsnodes_deaths: 0.
num_space_committed: 945.
num_space_uncommitted: 0.
num_chunks_returned_to_freelist: 6.
num_chunks_taken_from_freelist: 2182.
num_chunk_merges: 6.
num_chunk_splits: 1735.
num_chunks_enlarged: 1526.
num_inconsistent_stats: 0.

CodeHeap 'non-profiled nmethods': size=119168Kb used=3389Kb max_used=3389Kb free=115779Kb
 bounds [0x0000025226440000, 0x0000025226790000, 0x000002522d8a0000]
CodeHeap 'profiled nmethods': size=119104Kb used=22087Kb max_used=22087Kb free=97016Kb
 bounds [0x000002521e8a0000, 0x000002521fe40000, 0x0000025225cf0000]
CodeHeap 'non-nmethods': size=7488Kb used=2423Kb max_used=3037Kb free=5064Kb
 bounds [0x0000025225cf0000, 0x0000025225ff0000, 0x0000025226440000]
 total_blobs=8173 nmethods=7567 adapters=514
 compilation: enabled
              stopped_count=0, restarted_count=0
 full_count=0

Compilation events (20 events):
Event: 30.784 Thread 0x000002523a0ffff0 8674       3       org.jetbrains.kotlin.resolve.calls.components.ArgumentsToParametersMapper::mapArguments (100 bytes)
Event: 30.784 Thread 0x0000025235a2d7d0 8675       3       org.jetbrains.kotlin.resolve.calls.components.CheckInfixResolutionPart::process (80 bytes)
Event: 30.785 Thread 0x00000252358c0d80 8676       3       org.jetbrains.kotlin.resolve.calls.components.CheckOperatorResolutionPart::process (80 bytes)
Event: 30.786 Thread 0x0000025235a2d7d0 nmethod 8675 0x000002521fe1fd10 code [0x000002521fe20060, 0x000002521fe21778]
Event: 30.786 Thread 0x0000025235a2d7d0 8679       3       org.jetbrains.kotlin.resolve.calls.components.MapArguments::process (130 bytes)
Event: 30.786 Thread 0x00000252358c0d80 nmethod 8676 0x000002521fe21e10 code [0x000002521fe220c0, 0x000002521fe23058]
Event: 30.786 Thread 0x00000252358c0d80 8678       3       org.jetbrains.kotlin.resolve.calls.components.TypeArgumentsToParametersMapper::mapTypeArguments (253 bytes)
Event: 30.787 Thread 0x000002523a0ffff0 nmethod 8674 0x000002521fe23510 code [0x000002521fe23940, 0x000002521fe254b8]
Event: 30.787 Thread 0x000002523a0ffff0 8681       3       org.jetbrains.kotlin.resolve.calls.inference.model.NewConstraintError::<init> (58 bytes)
Event: 30.788 Thread 0x000002523a0ffff0 nmethod 8681 0x000002521fe25e10 code [0x000002521fe26160, 0x000002521fe27478]
Event: 30.788 Thread 0x000002523a0ffff0 8677       3       org.jetbrains.kotlin.resolve.calls.components.MapTypeArguments::process (149 bytes)
Event: 30.789 Thread 0x0000025235a2d7d0 nmethod 8679 0x000002521fe27b10 code [0x000002521fe27f80, 0x000002521fe2a088]
Event: 30.789 Thread 0x0000025235a2d7d0 8680       3       org.jetbrains.kotlin.resolve.calls.components.ArgumentsToParametersMapper::mapArguments (30 bytes)
Event: 30.790 Thread 0x00000252358c0d80 nmethod 8678 0x000002521fe2ab90 code [0x000002521fe2b180, 0x000002521fe2e2a8]
Event: 30.790 Thread 0x0000025235a2d7d0 nmethod 8680 0x000002521fe2f290 code [0x000002521fe2f540, 0x000002521fe30148]
Event: 30.790 Thread 0x000002523a0ffff0 nmethod 8677 0x000002521fe30590 code [0x000002521fe30900, 0x000002521fe31fc8]
Event: 30.794 Thread 0x00000252358be460 nmethod 8637 0x000002522678e010 code [0x000002522678e220, 0x000002522678ead8]
Event: 30.794 Thread 0x00000252358be460 8646       4       org.jetbrains.kotlin.builtins.FunctionTypesKt::getFunctionTypeKind (32 bytes)
Event: 30.799 Thread 0x0000025235a2d7d0 8682       3       org.jetbrains.kotlin.resolve.calls.tower.PSICallResolver::toKotlinCall$default (27 bytes)
Event: 30.800 Thread 0x0000025235a2d7d0 nmethod 8682 0x000002521fe32790 code [0x000002521fe32940, 0x000002521fe32ac8]

GC Heap History (20 events):
Event: 11.340 GC heap after
{Heap after GC invocations=15 (full 0):
 garbage-first heap   total 67584K, used 30102K [0x000000008a000000, 0x0000000100000000)
  region size 1024K, 4 young (4096K), 4 survivors (4096K)
 Metaspace       used 52136K, committed 52352K, reserved 1114112K
  class space    used 6336K, committed 6400K, reserved 1048576K
}
Event: 14.829 GC heap before
{Heap before GC invocations=15 (full 0):
 garbage-first heap   total 67584K, used 51606K [0x000000008a000000, 0x0000000100000000)
  region size 1024K, 25 young (25600K), 4 survivors (4096K)
 Metaspace       used 54597K, committed 54848K, reserved 1114112K
  class space    used 6553K, committed 6656K, reserved 1048576K
}
Event: 14.852 GC heap after
{Heap after GC invocations=16 (full 0):
 garbage-first heap   total 67584K, used 34289K [0x000000008a000000, 0x0000000100000000)
  region size 1024K, 4 young (4096K), 4 survivors (4096K)
 Metaspace       used 54597K, committed 54848K, reserved 1114112K
  class space    used 6553K, committed 6656K, reserved 1048576K
}
Event: 16.510 GC heap before
{Heap before GC invocations=16 (full 0):
 garbage-first heap   total 67584K, used 51697K [0x000000008a000000, 0x0000000100000000)
  region size 1024K, 21 young (21504K), 4 survivors (4096K)
 Metaspace       used 54828K, committed 55040K, reserved 1114112K
  class space    used 6558K, committed 6656K, reserved 1048576K
}
Event: 16.534 GC heap after
{Heap after GC invocations=17 (full 0):
 garbage-first heap   total 67584K, used 37522K [0x000000008a000000, 0x0000000100000000)
  region size 1024K, 3 young (3072K), 3 survivors (3072K)
 Metaspace       used 54828K, committed 55040K, reserved 1114112K
  class space    used 6558K, committed 6656K, reserved 1048576K
}
Event: 17.849 GC heap before
{Heap before GC invocations=18 (full 0):
 garbage-first heap   total 67584K, used 52882K [0x000000008a000000, 0x0000000100000000)
  region size 1024K, 18 young (18432K), 3 survivors (3072K)
 Metaspace       used 55067K, committed 55296K, reserved 1114112K
  class space    used 6589K, committed 6656K, reserved 1048576K
}
Event: 17.872 GC heap after
{Heap after GC invocations=19 (full 0):
 garbage-first heap   total 67584K, used 40960K [0x000000008a000000, 0x0000000100000000)
  region size 1024K, 3 young (3072K), 3 survivors (3072K)
 Metaspace       used 55067K, committed 55296K, reserved 1114112K
  class space    used 6589K, committed 6656K, reserved 1048576K
}
Event: 18.946 GC heap before
{Heap before GC invocations=19 (full 0):
 garbage-first heap   total 67584K, used 53248K [0x000000008a000000, 0x0000000100000000)
  region size 1024K, 15 young (15360K), 3 survivors (3072K)
 Metaspace       used 55407K, committed 55616K, reserved 1114112K
  class space    used 6623K, committed 6720K, reserved 1048576K
}
Event: 18.961 GC heap after
{Heap after GC invocations=20 (full 0):
 garbage-first heap   total 81920K, used 43221K [0x000000008a000000, 0x0000000100000000)
  region size 1024K, 2 young (2048K), 2 survivors (2048K)
 Metaspace       used 55407K, committed 55616K, reserved 1114112K
  class space    used 6623K, committed 6720K, reserved 1048576K
}
Event: 22.511 GC heap before
{Heap before GC invocations=21 (full 0):
 garbage-first heap   total 81920K, used 63701K [0x000000008a000000, 0x0000000100000000)
  region size 1024K, 22 young (22528K), 2 survivors (2048K)
 Metaspace       used 57142K, committed 57344K, reserved 1114112K
  class space    used 6812K, committed 6912K, reserved 1048576K
}
Event: 22.526 GC heap after
{Heap after GC invocations=22 (full 0):
 garbage-first heap   total 81920K, used 44825K [0x000000008a000000, 0x0000000100000000)
  region size 1024K, 2 young (2048K), 2 survivors (2048K)
 Metaspace       used 57142K, committed 57344K, reserved 1114112K
  class space    used 6812K, committed 6912K, reserved 1048576K
}
Event: 22.780 GC heap before
{Heap before GC invocations=22 (full 0):
 garbage-first heap   total 81920K, used 45849K [0x000000008a000000, 0x0000000100000000)
  region size 1024K, 4 young (4096K), 2 survivors (2048K)
 Metaspace       used 57198K, committed 57408K, reserved 1114112K
  class space    used 6816K, committed 6912K, reserved 1048576K
}
Event: 22.790 GC heap after
{Heap after GC invocations=23 (full 0):
 garbage-first heap   total 81920K, used 45224K [0x000000008a000000, 0x0000000100000000)
  region size 1024K, 1 young (1024K), 1 survivors (1024K)
 Metaspace       used 57198K, committed 57408K, reserved 1114112K
  class space    used 6816K, committed 6912K, reserved 1048576K
}
Event: 27.021 GC heap before
{Heap before GC invocations=23 (full 0):
 garbage-first heap   total 81920K, used 64680K [0x000000008a000000, 0x0000000100000000)
  region size 1024K, 20 young (20480K), 1 survivors (1024K)
 Metaspace       used 59719K, committed 59968K, reserved 1114112K
  class space    used 7070K, committed 7168K, reserved 1048576K
}
Event: 27.759 GC heap after
{Heap after GC invocations=24 (full 0):
 garbage-first heap   total 81920K, used 47128K [0x000000008a000000, 0x0000000100000000)
  region size 1024K, 3 young (3072K), 3 survivors (3072K)
 Metaspace       used 59719K, committed 59968K, reserved 1114112K
  class space    used 7070K, committed 7168K, reserved 1048576K
}
Event: 28.176 GC heap before
{Heap before GC invocations=25 (full 0):
 garbage-first heap   total 81920K, used 48152K [0x000000008a000000, 0x0000000100000000)
  region size 1024K, 4 young (4096K), 3 survivors (3072K)
 Metaspace       used 59758K, committed 59968K, reserved 1114112K
  class space    used 7072K, committed 7168K, reserved 1048576K
}
Event: 28.380 GC heap after
{Heap after GC invocations=26 (full 0):
 garbage-first heap   total 81920K, used 47534K [0x000000008a000000, 0x0000000100000000)
  region size 1024K, 1 young (1024K), 1 survivors (1024K)
 Metaspace       used 59758K, committed 59968K, reserved 1114112K
  class space    used 7072K, committed 7168K, reserved 1048576K
}
Event: 29.641 GC heap before
{Heap before GC invocations=26 (full 0):
 garbage-first heap   total 81920K, used 50606K [0x000000008a000000, 0x0000000100000000)
  region size 1024K, 4 young (4096K), 1 survivors (1024K)
 Metaspace       used 59910K, committed 60096K, reserved 1114112K
  class space    used 7074K, committed 7168K, reserved 1048576K
}
Event: 29.754 GC heap after
{Heap after GC invocations=27 (full 0):
 garbage-first heap   total 81920K, used 47473K [0x000000008a000000, 0x0000000100000000)
  region size 1024K, 1 young (1024K), 1 survivors (1024K)
 Metaspace       used 59910K, committed 60096K, reserved 1114112K
  class space    used 7074K, committed 7168K, reserved 1048576K
}
Event: 30.804 GC heap before
{Heap before GC invocations=27 (full 0):
 garbage-first heap   total 81920K, used 50545K [0x000000008a000000, 0x0000000100000000)
  region size 1024K, 4 young (4096K), 1 survivors (1024K)
 Metaspace       used 60374K, committed 60608K, reserved 1114112K
  class space    used 7081K, committed 7168K, reserved 1048576K
}

Dll operation events (2 events):
Event: 0.012 Loaded shared library C:\Program Files\Android\Android Studio\jbr\bin\java.dll
Event: 1.983 Loaded shared library C:\Program Files\Android\Android Studio\jbr\bin\verify.dll

Deoptimization events (20 events):
Event: 26.027 Thread 0x000002521b3cf300 DEOPT PACKING pc=0x00000252266c1690 sp=0x0000006aa16fb980
Event: 26.027 Thread 0x000002521b3cf300 DEOPT UNPACKING pc=0x0000025225d469a3 sp=0x0000006aa16fb918 mode 2
Event: 26.558 Thread 0x000002521b3cf300 DEOPT PACKING pc=0x000002521ef1ff4c sp=0x0000006aa16fbb00
Event: 26.558 Thread 0x000002521b3cf300 DEOPT UNPACKING pc=0x0000025225d47143 sp=0x0000006aa16fafa8 mode 0
Event: 26.615 Thread 0x000002521b3cf300 Uncommon trap: trap_request=0xffffffde fr.pc=0x00000252266c8f38 relative=0x0000000000001258
Event: 26.615 Thread 0x000002521b3cf300 Uncommon trap: reason=class_check action=maybe_recompile pc=0x00000252266c8f38 method=org.jetbrains.kotlin.load.java.lazy.descriptors.LazyJavaScope$declaredFunctions$1.invoke(Lorg/jetbrains/kotlin/name/Name;)Ljava/util/Collection; @ 111 c2
Event: 26.615 Thread 0x000002521b3cf300 DEOPT PACKING pc=0x00000252266c8f38 sp=0x0000006aa16fb300
Event: 26.615 Thread 0x000002521b3cf300 DEOPT UNPACKING pc=0x0000025225d469a3 sp=0x0000006aa16fb280 mode 2
Event: 26.714 Thread 0x000002521b3cf300 Uncommon trap: trap_request=0xffffffde fr.pc=0x00000252266c8f38 relative=0x0000000000001258
Event: 26.715 Thread 0x000002521b3cf300 Uncommon trap: reason=class_check action=maybe_recompile pc=0x00000252266c8f38 method=org.jetbrains.kotlin.load.java.lazy.descriptors.LazyJavaScope$declaredFunctions$1.invoke(Lorg/jetbrains/kotlin/name/Name;)Ljava/util/Collection; @ 111 c2
Event: 26.715 Thread 0x000002521b3cf300 DEOPT PACKING pc=0x00000252266c8f38 sp=0x0000006aa16f7b60
Event: 26.715 Thread 0x000002521b3cf300 DEOPT UNPACKING pc=0x0000025225d469a3 sp=0x0000006aa16f7ae0 mode 2
Event: 26.719 Thread 0x000002521b3cf300 Uncommon trap: trap_request=0xffffffde fr.pc=0x00000252266c8f38 relative=0x0000000000001258
Event: 26.719 Thread 0x000002521b3cf300 Uncommon trap: reason=class_check action=maybe_recompile pc=0x00000252266c8f38 method=org.jetbrains.kotlin.load.java.lazy.descriptors.LazyJavaScope$declaredFunctions$1.invoke(Lorg/jetbrains/kotlin/name/Name;)Ljava/util/Collection; @ 111 c2
Event: 26.719 Thread 0x000002521b3cf300 DEOPT PACKING pc=0x00000252266c8f38 sp=0x0000006aa16f71a0
Event: 26.719 Thread 0x000002521b3cf300 DEOPT UNPACKING pc=0x0000025225d469a3 sp=0x0000006aa16f7120 mode 2
Event: 26.777 Thread 0x000002521b3cf300 Uncommon trap: trap_request=0xffffffde fr.pc=0x00000252266c8f38 relative=0x0000000000001258
Event: 26.777 Thread 0x000002521b3cf300 Uncommon trap: reason=class_check action=maybe_recompile pc=0x00000252266c8f38 method=org.jetbrains.kotlin.load.java.lazy.descriptors.LazyJavaScope$declaredFunctions$1.invoke(Lorg/jetbrains/kotlin/name/Name;)Ljava/util/Collection; @ 111 c2
Event: 26.777 Thread 0x000002521b3cf300 DEOPT PACKING pc=0x00000252266c8f38 sp=0x0000006aa16f78b0
Event: 26.777 Thread 0x000002521b3cf300 DEOPT UNPACKING pc=0x0000025225d469a3 sp=0x0000006aa16f7830 mode 2

Classes unloaded (0 events):
No events

Classes redefined (0 events):
No events

Internal exceptions (20 events):
Event: 8.176 Thread 0x000002521b3cf300 Exception <a 'java/lang/NoSuchMethodError'{0x000000008d602bb8}: 'java.lang.Object java.lang.invoke.Invokers$Holder.linkToTargetMethod(java.lang.Object, java.lang.Object, java.lang.Object, int, java.lang.Object)'> (0x000000008d602bb8) 
thrown [s\src\hotspot\share\interpreter\linkResolver.cpp, line 771]
Event: 9.166 Thread 0x000002521b3cf300 Exception <a 'java/lang/NoSuchMethodError'{0x000000008cfe9490}: 'void java.lang.invoke.DirectMethodHandle$Holder.invokeInterface(java.lang.Object, java.lang.Object)'> (0x000000008cfe9490) 
thrown [s\src\hotspot\share\interpreter\linkResolver.cpp, line 771]
Event: 10.098 Thread 0x000002521b3cf300 Exception <a 'java/lang/NoSuchMethodError'{0x000000008dc58868}: 'java.lang.Object java.lang.invoke.DirectMethodHandle$Holder.newInvokeSpecial(java.lang.Object, java.lang.Object, java.lang.Object, java.lang.Object, java.lang.Object, java.lang.Object, java.lang.Object, java.lang.Object)'> (0x000000008dc58868) 
thrown [s\src\hotspot\share\interpreter\linkResolver.cpp, line 771]
Event: 10.099 Thread 0x000002521b3cf300 Exception <a 'java/lang/NoSuchMethodError'{0x000000008dc5de80}: 'java.lang.Object java.lang.invoke.DirectMethodHandle$Holder.invokeSpecial(java.lang.Object, java.lang.Object, java.lang.Object, java.lang.Object, java.lang.Object, java.lang.Object, java.lang.Object, java.lang.Object, java.lang.Object)'> (0x000000008dc5de80) 
thrown [s\src\hotspot\share\interpreter\linkResolver.cpp, line 771]
Event: 10.100 Thread 0x000002521b3cf300 Exception <a 'java/lang/NoSuchMethodError'{0x000000008dc62db0}: 'java.lang.Object java.lang.invoke.Invokers$Holder.linkToTargetMethod(java.lang.Object, java.lang.Object, java.lang.Object, java.lang.Object, java.lang.Object, java.lang.Object, java.lang.Object, java.lang.Object)'> (0x000000008dc62db0) 
thrown [s\src\hotspot\share\interpreter\linkResolver.cpp, line 771]
Event: 10.363 Thread 0x000002521b3cf300 Exception <a 'java/lang/NoSuchMethodError'{0x000000008dad9130}: 'java.lang.Object java.lang.invoke.DirectMethodHandle$Holder.newInvokeSpecial(java.lang.Object, java.lang.Object, java.lang.Object, java.lang.Object, java.lang.Object, java.lang.Object)'> (0x000000008dad9130) 
thrown [s\src\hotspot\share\interpreter\linkResolver.cpp, line 771]
Event: 11.060 Thread 0x000002521b3cf300 Implicit null exception at 0x00000252265073cc to 0x00000252265074a8
Event: 13.663 Thread 0x000002521b3cf300 Exception <a 'java/lang/IncompatibleClassChangeError'{0x000000008d41c000}: Found class java.lang.Object, but interface was expected> (0x000000008d41c000) 
thrown [s\src\hotspot\share\interpreter\linkResolver.cpp, line 838]
Event: 13.870 Thread 0x000002521b3cf300 Exception <a 'java/lang/NoSuchMethodError'{0x000000008d26ea68}: 'int java.lang.invoke.DirectMethodHandle$Holder.invokeInterface(java.lang.Object, java.lang.Object)'> (0x000000008d26ea68) 
thrown [s\src\hotspot\share\interpreter\linkResolver.cpp, line 771]
Event: 16.678 Thread 0x000002521b3cf300 Exception <a 'java/lang/NoSuchMethodError'{0x0000000091533358}: 'java.lang.Object java.lang.invoke.DirectMethodHandle$Holder.invokeStatic(java.lang.Object, int, java.lang.Object, java.lang.Object)'> (0x0000000091533358) 
thrown [s\src\hotspot\share\interpreter\linkResolver.cpp, line 771]
Event: 16.681 Thread 0x000002521b3cf300 Exception <a 'java/lang/NoSuchMethodError'{0x000000009153b320}: 'java.lang.Object java.lang.invoke.DirectMethodHandle$Holder.newInvokeSpecial(java.lang.Object, int, java.lang.Object)'> (0x000000009153b320) 
thrown [s\src\hotspot\share\interpreter\linkResolver.cpp, line 771]
Event: 17.835 Thread 0x000002521b3cf300 Exception <a 'java/lang/NoSuchMethodError'{0x000000008d2f3d70}: 'java.lang.Object java.lang.invoke.DirectMethodHandle$Holder.invokeStatic(java.lang.Object, int, java.lang.Object)'> (0x000000008d2f3d70) 
thrown [s\src\hotspot\share\interpreter\linkResolver.cpp, line 771]
Event: 19.294 Thread 0x000002521b3cf300 Implicit null exception at 0x00000252264fab09 to 0x00000252264fabf0
Event: 19.295 Thread 0x000002521b3cf300 Implicit null exception at 0x00000252264d48d8 to 0x00000252264d496a
Event: 21.433 Thread 0x000002521b3cf300 Implicit null exception at 0x000002522667bebc to 0x000002522667cdec
Event: 22.463 Thread 0x000002521b3cf300 Exception <a 'java/lang/NoSuchMethodError'{0x000000008dbb5690}: 'int java.lang.invoke.DirectMethodHandle$Holder.invokeStaticInit(java.lang.Object, int)'> (0x000000008dbb5690) 
thrown [s\src\hotspot\share\interpreter\linkResolver.cpp, line 771]
Event: 23.585 Thread 0x000002521b3cf300 Exception <a 'java/lang/NoSuchMethodError'{0x000000008e7198e0}: 'java.lang.Object java.lang.invoke.DirectMethodHandle$Holder.invokeInterface(java.lang.Object, java.lang.Object, java.lang.Object)'> (0x000000008e7198e0) 
thrown [s\src\hotspot\share\interpreter\linkResolver.cpp, line 771]
Event: 23.586 Thread 0x000002521b3cf300 Exception <a 'java/lang/IncompatibleClassChangeError'{0x000000008e71d250}: Found class java.lang.Object, but interface was expected> (0x000000008e71d250) 
thrown [s\src\hotspot\share\interpreter\linkResolver.cpp, line 838]
Event: 23.676 Thread 0x000002521b3cf300 Exception <a 'java/lang/NoSuchMethodError'{0x000000008e7590e0}: 'java.lang.Object java.lang.invoke.DirectMethodHandle$Holder.newInvokeSpecial(java.lang.Object, java.lang.Object, java.lang.Object, java.lang.Object, java.lang.Object, java.lang.Object, java.lang.Object)'> (0x000000008e7590e0) 
thrown [s\src\hotspot\share\interpreter\linkResolver.cpp, line 771]
Event: 23.677 Thread 0x000002521b3cf300 Exception <a 'java/lang/NoSuchMethodError'{0x000000008e75dc98}: 'java.lang.Object java.lang.invoke.Invokers$Holder.linkToTargetMethod(java.lang.Object, java.lang.Object, java.lang.Object, java.lang.Object, java.lang.Object, java.lang.Object, java.lang.Object)'> (0x000000008e75dc98) 
thrown [s\src\hotspot\share\interpreter\linkResolver.cpp, line 771]

VM Operations (20 events):
Event: 26.500 Executing VM operation: HandshakeAllThreads done
Event: 26.577 Executing VM operation: ICBufferFull
Event: 26.578 Executing VM operation: ICBufferFull done
Event: 26.773 Executing VM operation: HandshakeAllThreads
Event: 26.773 Executing VM operation: HandshakeAllThreads done
Event: 27.021 Executing VM operation: G1CollectForAllocation
Event: 27.762 Executing VM operation: G1CollectForAllocation done
Event: 27.856 Executing VM operation: G1PauseRemark
Event: 27.868 Executing VM operation: G1PauseRemark done
Event: 27.899 Executing VM operation: G1PauseCleanup
Event: 28.143 Executing VM operation: G1PauseCleanup done
Event: 28.176 Executing VM operation: G1CollectForAllocation
Event: 28.380 Executing VM operation: G1CollectForAllocation done
Event: 29.393 Executing VM operation: Cleanup
Event: 29.535 Executing VM operation: Cleanup done
Event: 29.640 Executing VM operation: G1CollectForAllocation
Event: 29.754 Executing VM operation: G1CollectForAllocation done
Event: 30.467 Executing VM operation: ICBufferFull
Event: 30.473 Executing VM operation: ICBufferFull done
Event: 30.802 Executing VM operation: G1CollectForAllocation

Events (20 events):
Event: 24.468 loading class java/util/Collections$CopiesList
Event: 24.471 loading class java/util/Collections$CopiesList done
Event: 26.810 Thread 0x00000252358c36a0 flushing nmethod 0x000002521f1bda10
Event: 26.949 loading class java/util/concurrent/locks/AbstractQueuedSynchronizer$Node
Event: 26.951 loading class java/util/concurrent/locks/AbstractQueuedSynchronizer$Node done
Event: 27.786 Thread 0x000002523a25e350 Thread exited: 0x000002523a25e350
Event: 30.499 loading class jdk/internal/math/FloatingDecimal
Event: 30.531 loading class jdk/internal/math/FloatingDecimal done
Event: 30.531 loading class jdk/internal/math/FloatingDecimal$ExceptionalBinaryToASCIIBuffer
Event: 30.542 loading class jdk/internal/math/FloatingDecimal$BinaryToASCIIConverter
Event: 30.546 loading class jdk/internal/math/FloatingDecimal$BinaryToASCIIConverter done
Event: 30.546 loading class jdk/internal/math/FloatingDecimal$ExceptionalBinaryToASCIIBuffer done
Event: 30.546 loading class jdk/internal/math/FloatingDecimal$BinaryToASCIIBuffer
Event: 30.554 loading class jdk/internal/math/FloatingDecimal$BinaryToASCIIBuffer done
Event: 30.554 loading class jdk/internal/math/FloatingDecimal$1
Event: 30.556 loading class jdk/internal/math/FloatingDecimal$1 done
Event: 30.556 loading class jdk/internal/math/FloatingDecimal$PreparedASCIIToBinaryBuffer
Event: 30.558 loading class jdk/internal/math/FloatingDecimal$ASCIIToBinaryConverter
Event: 30.584 loading class jdk/internal/math/FloatingDecimal$ASCIIToBinaryConverter done
Event: 30.584 loading class jdk/internal/math/FloatingDecimal$PreparedASCIIToBinaryBuffer done


Dynamic libraries:
0x00007ff6f8d10000 - 0x00007ff6f8d1a000 	C:\Program Files\Android\Android Studio\jbr\bin\java.exe
0x00007ffb24b70000 - 0x00007ffb24d87000 	C:\WINDOWS\SYSTEM32\ntdll.dll
0x00007ffb24300000 - 0x00007ffb243c4000 	C:\WINDOWS\System32\KERNEL32.DLL
0x00007ffb222c0000 - 0x00007ffb22667000 	C:\WINDOWS\System32\KERNELBASE.dll
0x00007ffb22030000 - 0x00007ffb22141000 	C:\WINDOWS\System32\ucrtbase.dll
0x00007ffac9a80000 - 0x00007ffac9a97000 	C:\Program Files\Android\Android Studio\jbr\bin\jli.dll
0x00007ffac78b0000 - 0x00007ffac78cb000 	C:\Program Files\Android\Android Studio\jbr\bin\VCRUNTIME140.dll
0x00007ffb245f0000 - 0x00007ffb2479e000 	C:\WINDOWS\System32\USER32.dll
0x00007ffb22870000 - 0x00007ffb22896000 	C:\WINDOWS\System32\win32u.dll
0x00007ffb0a3c0000 - 0x00007ffb0a653000 	C:\WINDOWS\WinSxS\amd64_microsoft.windows.common-controls_6595b64144ccf1df_6.0.22621.3527_none_270e469b73872a76\COMCTL32.dll
0x00007ffb248a0000 - 0x00007ffb248c9000 	C:\WINDOWS\System32\GDI32.dll
0x00007ffb24a80000 - 0x00007ffb24b27000 	C:\WINDOWS\System32\msvcrt.dll
0x00007ffb21f10000 - 0x00007ffb22029000 	C:\WINDOWS\System32\gdi32full.dll
0x00007ffb22670000 - 0x00007ffb2270a000 	C:\WINDOWS\System32\msvcp_win.dll
0x00007ffb23180000 - 0x00007ffb231b1000 	C:\WINDOWS\System32\IMM32.DLL
0x00007ffaf69c0000 - 0x00007ffaf69cc000 	C:\Program Files\Android\Android Studio\jbr\bin\vcruntime140_1.dll
0x00007ffa94990000 - 0x00007ffa94a1d000 	C:\Program Files\Android\Android Studio\jbr\bin\msvcp140.dll
0x00007ffa91430000 - 0x00007ffa920b3000 	C:\Program Files\Android\Android Studio\jbr\bin\server\jvm.dll
0x00007ffb230c0000 - 0x00007ffb23172000 	C:\WINDOWS\System32\ADVAPI32.dll
0x00007ffb243d0000 - 0x00007ffb24478000 	C:\WINDOWS\System32\sechost.dll
0x00007ffb22840000 - 0x00007ffb22868000 	C:\WINDOWS\System32\bcrypt.dll
0x00007ffb233d0000 - 0x00007ffb234e5000 	C:\WINDOWS\System32\RPCRT4.dll
0x00007ffb20d10000 - 0x00007ffb20d5d000 	C:\WINDOWS\SYSTEM32\POWRPROF.dll
0x00007ffaf5ba0000 - 0x00007ffaf5ba9000 	C:\WINDOWS\SYSTEM32\WSOCK32.dll
0x00007ffb24280000 - 0x00007ffb242f1000 	C:\WINDOWS\System32\WS2_32.dll
0x00007ffb1b8a0000 - 0x00007ffb1b8d4000 	C:\WINDOWS\SYSTEM32\WINMM.dll
0x00007ffb1a800000 - 0x00007ffb1a80a000 	C:\WINDOWS\SYSTEM32\VERSION.dll
0x00007ffb20cf0000 - 0x00007ffb20d03000 	C:\WINDOWS\SYSTEM32\UMPDC.dll
0x00007ffb20fa0000 - 0x00007ffb20fb8000 	C:\WINDOWS\SYSTEM32\kernel.appcore.dll
0x00007ffaf5970000 - 0x00007ffaf597a000 	C:\Program Files\Android\Android Studio\jbr\bin\jimage.dll
0x00007ffb1f880000 - 0x00007ffb1fab3000 	C:\WINDOWS\SYSTEM32\DBGHELP.DLL
0x00007ffb22b70000 - 0x00007ffb22ef8000 	C:\WINDOWS\System32\combase.dll
0x00007ffb247c0000 - 0x00007ffb24897000 	C:\WINDOWS\System32\OLEAUT32.dll
0x00007ffb17ea0000 - 0x00007ffb17ed2000 	C:\WINDOWS\SYSTEM32\dbgcore.DLL
0x00007ffb21e90000 - 0x00007ffb21f09000 	C:\WINDOWS\System32\bcryptPrimitives.dll
0x00007ffa91230000 - 0x00007ffa91255000 	C:\Program Files\Android\Android Studio\jbr\bin\java.dll
0x00007ffa94890000 - 0x00007ffa948a8000 	C:\Program Files\Android\Android Studio\jbr\bin\zip.dll
0x00007ffb234f0000 - 0x00007ffb23d4c000 	C:\WINDOWS\System32\SHELL32.dll
0x00007ffb1fc80000 - 0x00007ffb20576000 	C:\WINDOWS\SYSTEM32\windows.storage.dll
0x00007ffb205a0000 - 0x00007ffb206de000 	C:\WINDOWS\SYSTEM32\wintypes.dll
0x00007ffb244e0000 - 0x00007ffb245d5000 	C:\WINDOWS\System32\SHCORE.dll
0x00007ffb231c0000 - 0x00007ffb2321e000 	C:\WINDOWS\System32\shlwapi.dll
0x00007ffb21dc0000 - 0x00007ffb21de1000 	C:\WINDOWS\SYSTEM32\profapi.dll
0x00007ffac6850000 - 0x00007ffac6869000 	C:\Program Files\Android\Android Studio\jbr\bin\net.dll
0x00007ffb1c670000 - 0x00007ffb1c7a6000 	C:\WINDOWS\SYSTEM32\WINHTTP.dll
0x00007ffb21410000 - 0x00007ffb21479000 	C:\WINDOWS\system32\mswsock.dll
0x00007ffac6830000 - 0x00007ffac6846000 	C:\Program Files\Android\Android Studio\jbr\bin\nio.dll
0x00007ffb1e720000 - 0x00007ffb1e730000 	C:\Program Files\Android\Android Studio\jbr\bin\verify.dll

dbghelp: loaded successfully - version: 4.0.5 - missing functions: none
symbol engine: initialized successfully - sym options: 0x614 - pdb path: .;C:\Program Files\Android\Android Studio\jbr\bin;C:\WINDOWS\SYSTEM32;C:\WINDOWS\WinSxS\amd64_microsoft.windows.common-controls_6595b64144ccf1df_6.0.22621.3527_none_270e469b73872a76;C:\Program Files\Android\Android Studio\jbr\bin\server

VM Arguments:
java_command: org.jetbrains.kotlin.cli.jvm.K2JVMCompiler @C:\Users\marco\Downloads\Smart-Safe-App\node_modules\react-native-safe-area-context\android\build\20240518_7819478834789308524.compiler.options
java_class_path (initial): C:\Users\marco\.gradle\caches\modules-2\files-2.1\org.jetbrains.kotlin\kotlin-compiler-embeddable\1.9.22\9cd4dc7773cf2a99ecd961a88fbbc9a2da3fb5e1\kotlin-compiler-embeddable-1.9.22.jar;C:\Users\marco\.gradle\caches\modules-2\files-2.1\org.jetbrains.kotlin\kotlin-stdlib\1.9.22\d6c44cd08d8f3f9bece8101216dbe6553365c6e3\kotlin-stdlib-1.9.22.jar;C:\Users\marco\.gradle\caches\modules-2\files-2.1\org.jetbrains.kotlin\kotlin-script-runtime\1.9.22\f8139a46fc677ec9badc49ae954392f4f5e7e7c7\kotlin-script-runtime-1.9.22.jar;C:\Users\marco\.gradle\caches\modules-2\files-2.1\org.jetbrains.kotlin\kotlin-reflect\1.6.10\1cbe9c92c12a94eea200d23c2bbaedaf3daf5132\kotlin-reflect-1.6.10.jar;C:\Users\marco\.gradle\caches\modules-2\files-2.1\org.jetbrains.kotlin\kotlin-daemon-embeddable\1.9.22\20e2c5df715f3240c765cfc222530e2796542021\kotlin-daemon-embeddable-1.9.22.jar;C:\Users\marco\.gradle\caches\modules-2\files-2.1\org.jetbrains.intellij.deps\trove4j\1.0.20200330\3afb14d5f9ceb459d724e907a21145e8ff394f02\trove4j-1.0.20200330.jar;C:\Users\marco\.gradle\caches\modules-2\files-2.1\org.jetbrains\annotations\13.0\919f0dfe192fb4e063e7dacadee7f8bb9a2672a9\annotations-13.0.jar
Launcher Type: SUN_STANDARD

[Global flags]
     intx CICompilerCount                          = 12                                        {product} {ergonomic}
     uint ConcGCThreads                            = 3                                         {product} {ergonomic}
     uint G1ConcRefinementThreads                  = 13                                        {product} {ergonomic}
   size_t G1HeapRegionSize                         = 1048576                                   {product} {ergonomic}
    uintx GCDrainStackTargetSize                   = 64                                        {product} {ergonomic}
   size_t InitialHeapSize                          = 123731968                                 {product} {ergonomic}
   size_t MarkStackSize                            = 4194304                                   {product} {ergonomic}
   size_t MaxHeapSize                              = 1979711488                                {product} {ergonomic}
   size_t MaxNewSize                               = 1186988032                                {product} {ergonomic}
   size_t MinHeapDeltaBytes                        = 1048576                                   {product} {ergonomic}
   size_t MinHeapSize                              = 8388608                                   {product} {ergonomic}
    uintx NonNMethodCodeHeapSize                   = 7602480                                {pd product} {ergonomic}
    uintx NonProfiledCodeHeapSize                  = 122027880                              {pd product} {ergonomic}
    uintx ProfiledCodeHeapSize                     = 122027880                              {pd product} {ergonomic}
    uintx ReservedCodeCacheSize                    = 251658240                              {pd product} {ergonomic}
     bool SegmentedCodeCache                       = true                                      {product} {ergonomic}
   size_t SoftMaxHeapSize                          = 1979711488                             {manageable} {ergonomic}
     bool UseCompressedClassPointers               = true                           {product lp64_product} {ergonomic}
     bool UseCompressedOops                        = true                           {product lp64_product} {ergonomic}
     bool UseG1GC                                  = true                                      {product} {ergonomic}
     bool UseLargePagesIndividualAllocation        = false                                  {pd product} {ergonomic}

Logging:
Log output configuration:
 #0: stdout all=warning uptime,level,tags
 #1: stderr all=off uptime,level,tags

Environment Variables:
JAVA_HOME=C:\Program Files\Android\Android Studio\jbr
CLASSPATH=C:\Users\marco\Downloads\Smart-Safe-App\android\\gradle\wrapper\gradle-wrapper.jar
PATH=C:\Users\marco\Downloads\Smart-Safe-App\node_modules\.bin;C:\Users\marco\Downloads\node_modules\.bin;C:\Users\marco\node_modules\.bin;C:\Users\node_modules\.bin;C:\node_modules\.bin;C:\Users\marco\AppData\Roaming\npm\node_modules\npm\node_modules\@npmcli\run-script\lib\node-gyp-bin;C:\Program Files\PowerShell\7;C:\Program Files (x86)\Common Files\Oracle\Java\java8path;C:\Program Files (x86)\Common Files\Oracle\Java\javapath;C:\Windows\system32;C:\Windows;C:\Windows\System32\Wbem;C:\Windows\System32\WindowsPowerShell\v1.0\;C:\Windows\System32\OpenSSH\;C:\Program Files (x86)\NVIDIA Corporation\PhysX\Common;C:\Program Files\NVIDIA Corporation\NVIDIA NvDLISR;C:\WINDOWS\system32;C:\WINDOWS;C:\WINDOWS\System32\Wbem;C:\WINDOWS\System32\WindowsPowerShell\v1.0\;C:\WINDOWS\System32\OpenSSH\;C:\Program Files\Git\cmd;C:\Program Files\nodejs\;C:\Users\marco\AppData\Local\Android\Sdk\platform-tools;C:\Program Files\PowerShell\7\;C:\tizen-studio\tools\ide\bin;C:\Users\marco\AppData\Local\Programs\Python\Python311\Scripts\;C:\Users\marco\AppData\Local\Programs\Python\Python311\;C:\Users\marco\AppData\Local\Microsoft\WindowsApps;C:\Users\marco\AppData\Local\Programs\Microsoft VS Code\bin;C:\Users\marco\AppData\Roaming\npm;C:\SrcFlt\flutter\bin;
USERNAME=marco
LANG=en_US.UTF-8
OS=Windows_NT
PROCESSOR_IDENTIFIER=AMD64 Family 23 Model 96 Stepping 1, AuthenticAMD
TMP=C:\Users\marco\AppData\Local\Temp
TEMP=C:\Users\marco\AppData\Local\Temp



Periodic native trim disabled

JNI global refs:
JNI global refs: 18, weak refs: 5

JNI global refs memory usage: 843, weak refs: 841

OOME stack traces (most recent first):
Classloader memory used:
Loader jdk.internal.loader.ClassLoaders$AppClassLoader                                 : 6176K
Loader bootstrap                                                                       : 1358K
Loader jdk.internal.reflect.DelegatingClassLoader                                      : 12675B


---------------  S Y S T E M  ---------------

OS:
 Windows 11 , 64 bit Build 22621 (10.0.22621.3527)
OS uptime: 0 days 3:29 hours

CPU: total 16 (initial active 16) (16 cores per cpu, 2 threads per core) family 23 model 96 stepping 1 microcode 0x0, cx8, cmov, fxsr, ht, mmx, 3dnowpref, sse, sse2, sse3, ssse3, sse4a, sse4.1, sse4.2, popcnt, lzcnt, tsc, tscinvbit, avx, avx2, aes, clmul, bmi1, bmi2, adx, sha, fma, vzeroupper, clflush, clflushopt
Processor Information for all 16 processors :
  Max Mhz: 2900, Current Mhz: 2900, Mhz Limit: 2900

Memory: 4k page, system-wide physical 7549M (1M free)
TotalPageFile size 31101M (AvailPageFile size 12M)
current process WorkingSet (physical memory assigned to process): 63M, peak: 198M
current process commit charge ("private bytes"): 317M, peak: 439M

vm_info: OpenJDK 64-Bit Server VM (17.0.9+0--11185874) for windows-amd64 JRE (17.0.9+0--11185874), built on Dec  6 2023 18:57:44 by "androidbuild" with MS VC++ 16.10 / 16.11 (VS2019)

END.
