#
# There is insufficient memory for the Java Runtime Environment to continue.
# Native memory allocation (mmap) failed to map 48234496 bytes for G1 virtual space
# Possible reasons:
#   The system is out of physical RAM or swap space
#   The process is running with CompressedOops enabled, and the Java Heap may be blocking the growth of the native heap
# Possible solutions:
#   Reduce memory load on the system
#   Increase physical memory or swap space
#   Check if swap backing store is full
#   Decrease Java heap size (-Xmx/-Xms)
#   Decrease number of Java threads
#   Decrease Java thread stack sizes (-Xss)
#   Set larger code cache with -XX:ReservedCodeCacheSize=
#   JVM is running with Unscaled Compressed Oops mode in which the Java heap is
#     placed in the first 4GB address space. The Java Heap base address is the
#     maximum limit for the native heap growth. Please use -XX:HeapBaseMinAddress
#     to set the Java Heap base and to place the Java Heap above 4GB virtual address.
# This output file may be truncated or incomplete.
#
#  Out of Memory Error (os_windows.cpp:3825), pid=29384, tid=8032
#
# JRE version: OpenJDK Runtime Environment (17.0.9) (build 17.0.9+0--11185874)
# Java VM: OpenJDK 64-Bit Server VM (17.0.9+0--11185874, mixed mode, tiered, compressed oops, compressed class ptrs, g1 gc, windows-amd64)
# No core dump will be written. Minidumps are not enabled by default on client versions of Windows
#

---------------  S U M M A R Y ------------

Command Line: org.jetbrains.kotlin.cli.jvm.K2JVMCompiler @C:\Users\marco\Downloads\Smart-Safe-App\node_modules\expo-modules-core\android\build\20240521_18217805353625534985.compiler.options

Host: AMD Ryzen 7 4800H with Radeon Graphics         , 16 cores, 7G,  Windows 11 , 64 bit Build 22621 (10.0.22621.3527)
Time: Tue May 21 18:15:26 2024 Hora Padrão de Buenos Aires elapsed time: 34.164860 seconds (0d 0h 0m 34s)

---------------  T H R E A D  ---------------

Current thread (0x000002ae72e69800):  VMThread "VM Thread" [stack: 0x000000b4df800000,0x000000b4df900000] [id=8032]

Stack: [0x000000b4df800000,0x000000b4df900000]
Native frames: (J=compiled Java code, j=interpreted, Vv=VM code, C=native code)
V  [jvm.dll+0x6886e9]
V  [jvm.dll+0x841e4a]
V  [jvm.dll+0x843a8e]
V  [jvm.dll+0x8440f3]
V  [jvm.dll+0x24c14f]
V  [jvm.dll+0x685499]
V  [jvm.dll+0x679c2a]
V  [jvm.dll+0x30cf9b]
V  [jvm.dll+0x314446]
V  [jvm.dll+0x36425e]
V  [jvm.dll+0x36448f]
V  [jvm.dll+0x2e2d68]
V  [jvm.dll+0x2e0f44]
V  [jvm.dll+0x2e054c]
V  [jvm.dll+0x3253fb]
V  [jvm.dll+0x8487eb]
V  [jvm.dll+0x849531]
V  [jvm.dll+0x849a4d]
V  [jvm.dll+0x849e24]
V  [jvm.dll+0x849ef0]
V  [jvm.dll+0x7f06aa]
V  [jvm.dll+0x687565]
C  [ucrtbase.dll+0x29333]
C  [KERNEL32.DLL+0x1257d]
C  [ntdll.dll+0x5aa48]

VM_Operation (0x000000b4df2fa860): G1CollectForAllocation, mode: safepoint, requested by thread 0x000002ae58b2f8d0


---------------  P R O C E S S  ---------------

Threads class SMR info:
_java_thread_list=0x000002ae78078ff0, length=14, elements={
0x000002ae58b2f8d0, 0x000002ae72e6e320, 0x000002ae770001a0, 0x000002ae77057b50,
0x000002ae770586e0, 0x000002ae7705c460, 0x000002ae7705cd30, 0x000002ae7704f280,
0x000002ae770534a0, 0x000002ae77053db0, 0x000002ae771b6fd0, 0x000002ae771cb100,
0x000002ae771ecdd0, 0x000002ae775ef3a0
}

Java Threads: ( => current thread )
  0x000002ae58b2f8d0 JavaThread "main" [_thread_blocked, id=14320, stack(0x000000b4df200000,0x000000b4df300000)]
  0x000002ae72e6e320 JavaThread "Reference Handler" daemon [_thread_blocked, id=25368, stack(0x000000b4df900000,0x000000b4dfa00000)]
  0x000002ae770001a0 JavaThread "Finalizer" daemon [_thread_blocked, id=7564, stack(0x000000b4dfa00000,0x000000b4dfb00000)]
  0x000002ae77057b50 JavaThread "Signal Dispatcher" daemon [_thread_blocked, id=29476, stack(0x000000b4dfb00000,0x000000b4dfc00000)]
  0x000002ae770586e0 JavaThread "Attach Listener" daemon [_thread_blocked, id=11412, stack(0x000000b4dfc00000,0x000000b4dfd00000)]
  0x000002ae7705c460 JavaThread "Service Thread" daemon [_thread_blocked, id=28228, stack(0x000000b4dfd00000,0x000000b4dfe00000)]
  0x000002ae7705cd30 JavaThread "Monitor Deflation Thread" daemon [_thread_blocked, id=30988, stack(0x000000b4dfe00000,0x000000b4dff00000)]
  0x000002ae7704f280 JavaThread "C2 CompilerThread0" daemon [_thread_blocked, id=35448, stack(0x000000b4dff00000,0x000000b4e0000000)]
  0x000002ae770534a0 JavaThread "C1 CompilerThread0" daemon [_thread_blocked, id=33952, stack(0x000000b4e0000000,0x000000b4e0100000)]
  0x000002ae77053db0 JavaThread "Sweeper thread" daemon [_thread_blocked, id=16788, stack(0x000000b4e0100000,0x000000b4e0200000)]
  0x000002ae771b6fd0 JavaThread "C1 CompilerThread1" daemon [_thread_blocked, id=25176, stack(0x000000b4e0200000,0x000000b4e0300000)]
  0x000002ae771cb100 JavaThread "Notification Thread" daemon [_thread_blocked, id=15088, stack(0x000000b4e0300000,0x000000b4e0400000)]
  0x000002ae771ecdd0 JavaThread "Common-Cleaner" daemon [_thread_blocked, id=30796, stack(0x000000b4e0500000,0x000000b4e0600000)]
  0x000002ae775ef3a0 JavaThread "C1 CompilerThread2" daemon [_thread_blocked, id=25136, stack(0x000000b4e0700000,0x000000b4e0800000)]

Other Threads:
=>0x000002ae72e69800 VMThread "VM Thread" [stack: 0x000000b4df800000,0x000000b4df900000] [id=8032]
  0x000002ae771cb5e0 WatcherThread [stack: 0x000000b4e0400000,0x000000b4e0500000] [id=21644]
  0x000002ae58b88e60 GCTaskThread "GC Thread#0" [stack: 0x000000b4df300000,0x000000b4df400000] [id=34220]
  0x000002ae77940050 GCTaskThread "GC Thread#1" [stack: 0x000000b4e0600000,0x000000b4e0700000] [id=29016]
  0x000002ae77965470 GCTaskThread "GC Thread#2" [stack: 0x000000b4e0800000,0x000000b4e0900000] [id=21392]
  0x000002ae77965b40 GCTaskThread "GC Thread#3" [stack: 0x000000b4e0900000,0x000000b4e0a00000] [id=34920]
  0x000002ae77965e00 GCTaskThread "GC Thread#4" [stack: 0x000000b4e0a00000,0x000000b4e0b00000] [id=19940]
  0x000002ae779660c0 GCTaskThread "GC Thread#5" [stack: 0x000000b4e0b00000,0x000000b4e0c00000] [id=31424]
  0x000002ae77dc8c50 GCTaskThread "GC Thread#6" [stack: 0x000000b4e0c00000,0x000000b4e0d00000] [id=27664]
  0x000002ae77a28560 GCTaskThread "GC Thread#7" [stack: 0x000000b4e0d00000,0x000000b4e0e00000] [id=14140]
  0x000002ae77c6ab90 GCTaskThread "GC Thread#8" [stack: 0x000000b4e1000000,0x000000b4e1100000] [id=29480]
  0x000002ae77c6a090 GCTaskThread "GC Thread#9" [stack: 0x000000b4e1100000,0x000000b4e1200000] [id=29132]
  0x000002ae77c6b3d0 GCTaskThread "GC Thread#10" [stack: 0x000000b4e1200000,0x000000b4e1300000] [id=7336]
  0x000002ae77c6a350 GCTaskThread "GC Thread#11" [stack: 0x000000b4e1300000,0x000000b4e1400000] [id=13544]
  0x000002ae77c6a610 GCTaskThread "GC Thread#12" [stack: 0x000000b4e1400000,0x000000b4e1500000] [id=32216]
  0x000002ae58b988c0 ConcurrentGCThread "G1 Main Marker" [stack: 0x000000b4df400000,0x000000b4df500000] [id=6060]
  0x000002ae58b991f0 ConcurrentGCThread "G1 Conc#0" [stack: 0x000000b4df500000,0x000000b4df600000] [id=12064]
  0x000002ae77c6dcb0 ConcurrentGCThread "G1 Conc#1" [stack: 0x000000b4e0e00000,0x000000b4e0f00000] [id=12140]
  0x000002ae77c81980 ConcurrentGCThread "G1 Conc#2" [stack: 0x000000b4e0f00000,0x000000b4e1000000] [id=34708]
  0x000002ae72cbd5e0 ConcurrentGCThread "G1 Refine#0" [stack: 0x000000b4df600000,0x000000b4df700000] [id=940]
  0x000002ae77f74c30 ConcurrentGCThread "G1 Refine#1" [stack: 0x000000b4e1500000,0x000000b4e1600000] [id=33588]
  0x000002ae77f75210 ConcurrentGCThread "G1 Refine#2" [stack: 0x000000b4e1600000,0x000000b4e1700000] [id=1292]
  0x000002ae72cbde20 ConcurrentGCThread "G1 Service" [stack: 0x000000b4df700000,0x000000b4df800000] [id=28268]

Threads with active compile tasks:
C2 CompilerThread0    34316 13907       4       org.jetbrains.kotlin.resolve.calls.inference.components.VariableFixationFinder::areAllProperConstraintsSelfTypeBased (164 bytes)
C1 CompilerThread0    34316 13927       2       org.jetbrains.kotlin.builtins.KotlinBuiltIns::getNumber (8 bytes)

VM state: at safepoint (normal execution)

VM Mutex/Monitor currently owned by a thread:  ([mutex/lock_event])
[0x000002ae58b2cb40] Threads_lock - owner thread: 0x000002ae72e69800
[0x000002ae58b2b040] Heap_lock - owner thread: 0x000002ae58b2f8d0

Heap address: 0x000000008a000000, size: 1888 MB, Compressed Oops mode: 32-bit

CDS archive(s) not mapped
Compressed class space mapped at: 0x0000000100000000-0x0000000140000000, reserved size: 1073741824
Narrow klass base: 0x0000000000000000, Narrow klass shift: 3, Narrow klass range: 0x140000000

GC Precious Log:
 CPUs: 16 total, 16 available
 Memory: 7549M
 Large Page Support: Disabled
 NUMA Support: Disabled
 Compressed Oops: Enabled (32-bit)
 Heap Region Size: 1M
 Heap Min Capacity: 8M
 Heap Initial Capacity: 118M
 Heap Max Capacity: 1888M
 Pre-touch: Disabled
 Parallel Workers: 13
 Concurrent Workers: 3
 Concurrent Refinement Workers: 13
 Periodic GC: Disabled

Heap:
 garbage-first heap   total 242688K, used 84235K [0x000000008a000000, 0x0000000100000000)
  region size 1024K, 5 young (5120K), 5 survivors (5120K)
 Metaspace       used 66223K, committed 66432K, reserved 1114112K
  class space    used 7400K, committed 7488K, reserved 1048576K

Heap Regions: E=young(eden), S=young(survivor), O=old, HS=humongous(starts), HC=humongous(continues), CS=collection set, F=free, OA=open archive, CA=closed archive, TAMS=top-at-mark-start (previous, next)
|   0|0x000000008a000000, 0x000000008a100000, 0x000000008a100000|100%|HS|  |TAMS 0x000000008a100000, 0x000000008a000000| Complete 
|   1|0x000000008a100000, 0x000000008a200000, 0x000000008a200000|100%|HC|  |TAMS 0x000000008a200000, 0x000000008a100000| Complete 
|   2|0x000000008a200000, 0x000000008a300000, 0x000000008a300000|100%|HC|  |TAMS 0x000000008a300000, 0x000000008a200000| Complete 
|   3|0x000000008a300000, 0x000000008a400000, 0x000000008a400000|100%|HC|  |TAMS 0x000000008a400000, 0x000000008a300000| Complete 
|   4|0x000000008a400000, 0x000000008a500000, 0x000000008a500000|100%| O|  |TAMS 0x000000008a500000, 0x000000008a400000| Untracked 
|   5|0x000000008a500000, 0x000000008a600000, 0x000000008a600000|100%| O|  |TAMS 0x000000008a600000, 0x000000008a500000| Untracked 
|   6|0x000000008a600000, 0x000000008a700000, 0x000000008a700000|100%| O|  |TAMS 0x000000008a700000, 0x000000008a600000| Untracked 
|   7|0x000000008a700000, 0x000000008a800000, 0x000000008a800000|100%| O|  |TAMS 0x000000008a800000, 0x000000008a700000| Untracked 
|   8|0x000000008a800000, 0x000000008a900000, 0x000000008a900000|100%| O|  |TAMS 0x000000008a900000, 0x000000008a800000| Untracked 
|   9|0x000000008a900000, 0x000000008aa00000, 0x000000008aa00000|100%| O|  |TAMS 0x000000008aa00000, 0x000000008a900000| Untracked 
|  10|0x000000008aa00000, 0x000000008ab00000, 0x000000008ab00000|100%| O|  |TAMS 0x000000008ab00000, 0x000000008aa00000| Untracked 
|  11|0x000000008ab00000, 0x000000008ac00000, 0x000000008ac00000|100%| O|  |TAMS 0x000000008ac00000, 0x000000008ab00000| Untracked 
|  12|0x000000008ac00000, 0x000000008ad00000, 0x000000008ad00000|100%| O|  |TAMS 0x000000008ad00000, 0x000000008ac00000| Untracked 
|  13|0x000000008ad00000, 0x000000008ae00000, 0x000000008ae00000|100%| O|  |TAMS 0x000000008ae00000, 0x000000008ad00000| Untracked 
|  14|0x000000008ae00000, 0x000000008af00000, 0x000000008af00000|100%| O|  |TAMS 0x000000008af00000, 0x000000008ae00000| Untracked 
|  15|0x000000008af00000, 0x000000008b000000, 0x000000008b000000|100%| O|  |TAMS 0x000000008b000000, 0x000000008af00000| Untracked 
|  16|0x000000008b000000, 0x000000008b100000, 0x000000008b100000|100%| O|  |TAMS 0x000000008b100000, 0x000000008b000000| Untracked 
|  17|0x000000008b100000, 0x000000008b200000, 0x000000008b200000|100%| O|  |TAMS 0x000000008b200000, 0x000000008b100000| Untracked 
|  18|0x000000008b200000, 0x000000008b300000, 0x000000008b300000|100%| O|  |TAMS 0x000000008b300000, 0x000000008b200000| Untracked 
|  19|0x000000008b300000, 0x000000008b400000, 0x000000008b400000|100%| O|  |TAMS 0x000000008b400000, 0x000000008b300000| Untracked 
|  20|0x000000008b400000, 0x000000008b500000, 0x000000008b500000|100%| O|  |TAMS 0x000000008b500000, 0x000000008b400000| Untracked 
|  21|0x000000008b500000, 0x000000008b600000, 0x000000008b600000|100%| O|  |TAMS 0x000000008b600000, 0x000000008b500000| Untracked 
|  22|0x000000008b600000, 0x000000008b700000, 0x000000008b700000|100%|HS|  |TAMS 0x000000008b700000, 0x000000008b600000| Complete 
|  23|0x000000008b700000, 0x000000008b800000, 0x000000008b800000|100%|HC|  |TAMS 0x000000008b800000, 0x000000008b700000| Complete 
|  24|0x000000008b800000, 0x000000008b900000, 0x000000008b900000|100%| O|  |TAMS 0x000000008b900000, 0x000000008b800000| Untracked 
|  25|0x000000008b900000, 0x000000008ba00000, 0x000000008ba00000|100%| O|  |TAMS 0x000000008ba00000, 0x000000008b900000| Untracked 
|  26|0x000000008ba00000, 0x000000008bb00000, 0x000000008bb00000|100%| O|  |TAMS 0x000000008bb00000, 0x000000008ba00000| Untracked 
|  27|0x000000008bb00000, 0x000000008bc00000, 0x000000008bc00000|100%| O|  |TAMS 0x000000008bc00000, 0x000000008bb00000| Untracked 
|  28|0x000000008bc00000, 0x000000008bd00000, 0x000000008bd00000|100%| O|  |TAMS 0x000000008bd00000, 0x000000008bc00000| Untracked 
|  29|0x000000008bd00000, 0x000000008be00000, 0x000000008be00000|100%| O|  |TAMS 0x000000008be00000, 0x000000008bd00000| Untracked 
|  30|0x000000008be00000, 0x000000008bf00000, 0x000000008bf00000|100%| O|  |TAMS 0x000000008bf00000, 0x000000008be00000| Untracked 
|  31|0x000000008bf00000, 0x000000008c000000, 0x000000008c000000|100%| O|  |TAMS 0x000000008c000000, 0x000000008bf00000| Untracked 
|  32|0x000000008c000000, 0x000000008c100000, 0x000000008c100000|100%| O|  |TAMS 0x000000008c100000, 0x000000008c000000| Untracked 
|  33|0x000000008c100000, 0x000000008c200000, 0x000000008c200000|100%| O|  |TAMS 0x000000008c200000, 0x000000008c100000| Untracked 
|  34|0x000000008c200000, 0x000000008c300000, 0x000000008c300000|100%| O|  |TAMS 0x000000008c300000, 0x000000008c200000| Untracked 
|  35|0x000000008c300000, 0x000000008c400000, 0x000000008c400000|100%| O|  |TAMS 0x000000008c400000, 0x000000008c300000| Untracked 
|  36|0x000000008c400000, 0x000000008c500000, 0x000000008c500000|100%| O|  |TAMS 0x000000008c500000, 0x000000008c400000| Untracked 
|  37|0x000000008c500000, 0x000000008c600000, 0x000000008c600000|100%| O|  |TAMS 0x000000008c600000, 0x000000008c500000| Untracked 
|  38|0x000000008c600000, 0x000000008c700000, 0x000000008c700000|100%| O|  |TAMS 0x000000008c700000, 0x000000008c600000| Untracked 
|  39|0x000000008c700000, 0x000000008c800000, 0x000000008c800000|100%| O|  |TAMS 0x000000008c800000, 0x000000008c700000| Untracked 
|  40|0x000000008c800000, 0x000000008c900000, 0x000000008c900000|100%| O|  |TAMS 0x000000008c900000, 0x000000008c800000| Untracked 
|  41|0x000000008c900000, 0x000000008ca00000, 0x000000008ca00000|100%| O|  |TAMS 0x000000008ca00000, 0x000000008c900000| Untracked 
|  42|0x000000008ca00000, 0x000000008ca00000, 0x000000008cb00000|  0%| F|  |TAMS 0x000000008ca00000, 0x000000008ca00000| Untracked 
|  43|0x000000008cb00000, 0x000000008cc00000, 0x000000008cc00000|100%|HS|  |TAMS 0x000000008cc00000, 0x000000008cb00000| Complete 
|  44|0x000000008cc00000, 0x000000008cd00000, 0x000000008cd00000|100%|HC|  |TAMS 0x000000008cd00000, 0x000000008cc00000| Complete 
|  45|0x000000008cd00000, 0x000000008ce00000, 0x000000008ce00000|100%| O|  |TAMS 0x000000008ce00000, 0x000000008cd00000| Untracked 
|  46|0x000000008ce00000, 0x000000008cf00000, 0x000000008cf00000|100%| O|  |TAMS 0x000000008cf00000, 0x000000008ce00000| Untracked 
|  47|0x000000008cf00000, 0x000000008d000000, 0x000000008d000000|100%| O|  |TAMS 0x000000008d000000, 0x000000008cf00000| Untracked 
|  48|0x000000008d000000, 0x000000008d100000, 0x000000008d100000|100%| O|  |TAMS 0x000000008d100000, 0x000000008d000000| Untracked 
|  49|0x000000008d100000, 0x000000008d200000, 0x000000008d200000|100%| O|  |TAMS 0x000000008d200000, 0x000000008d100000| Untracked 
|  50|0x000000008d200000, 0x000000008d300000, 0x000000008d300000|100%| O|  |TAMS 0x000000008d300000, 0x000000008d200000| Untracked 
|  51|0x000000008d300000, 0x000000008d400000, 0x000000008d400000|100%| O|  |TAMS 0x000000008d400000, 0x000000008d300000| Untracked 
|  52|0x000000008d400000, 0x000000008d500000, 0x000000008d500000|100%| O|  |TAMS 0x000000008d500000, 0x000000008d400000| Untracked 
|  53|0x000000008d500000, 0x000000008d600000, 0x000000008d600000|100%| O|  |TAMS 0x000000008d500000, 0x000000008d500000| Untracked 
|  54|0x000000008d600000, 0x000000008d700000, 0x000000008d700000|100%| O|  |TAMS 0x000000008d700000, 0x000000008d600000| Untracked 
|  55|0x000000008d700000, 0x000000008d800000, 0x000000008d800000|100%| O|  |TAMS 0x000000008d800000, 0x000000008d700000| Untracked 
|  56|0x000000008d800000, 0x000000008d900000, 0x000000008d900000|100%| O|  |TAMS 0x000000008d900000, 0x000000008d800000| Untracked 
|  57|0x000000008d900000, 0x000000008da00000, 0x000000008da00000|100%| O|  |TAMS 0x000000008da00000, 0x000000008d900000| Untracked 
|  58|0x000000008da00000, 0x000000008db00000, 0x000000008db00000|100%| O|  |TAMS 0x000000008db00000, 0x000000008da00000| Untracked 
|  59|0x000000008db00000, 0x000000008dc00000, 0x000000008dc00000|100%| O|  |TAMS 0x000000008dc00000, 0x000000008db00000| Untracked 
|  60|0x000000008dc00000, 0x000000008dd00000, 0x000000008dd00000|100%| O|  |TAMS 0x000000008dd00000, 0x000000008dc00000| Untracked 
|  61|0x000000008dd00000, 0x000000008de00000, 0x000000008de00000|100%| O|  |TAMS 0x000000008de00000, 0x000000008dd00000| Untracked 
|  62|0x000000008de00000, 0x000000008df00000, 0x000000008df00000|100%| O|  |TAMS 0x000000008df00000, 0x000000008de00000| Untracked 
|  63|0x000000008df00000, 0x000000008e000000, 0x000000008e000000|100%| O|  |TAMS 0x000000008df00000, 0x000000008df00000| Untracked 
|  64|0x000000008e000000, 0x000000008e100000, 0x000000008e100000|100%| O|  |TAMS 0x000000008e100000, 0x000000008e000000| Untracked 
|  65|0x000000008e100000, 0x000000008e200000, 0x000000008e200000|100%| O|  |TAMS 0x000000008e200000, 0x000000008e100000| Untracked 
|  66|0x000000008e200000, 0x000000008e300000, 0x000000008e300000|100%| O|  |TAMS 0x000000008e300000, 0x000000008e200000| Untracked 
|  67|0x000000008e300000, 0x000000008e400000, 0x000000008e400000|100%| O|  |TAMS 0x000000008e400000, 0x000000008e300000| Untracked 
|  68|0x000000008e400000, 0x000000008e500000, 0x000000008e500000|100%| O|  |TAMS 0x000000008e457600, 0x000000008e400000| Untracked 
|  69|0x000000008e500000, 0x000000008e600000, 0x000000008e600000|100%| O|  |TAMS 0x000000008e500000, 0x000000008e500000| Untracked 
|  70|0x000000008e600000, 0x000000008e700000, 0x000000008e700000|100%| O|  |TAMS 0x000000008e600000, 0x000000008e600000| Untracked 
|  71|0x000000008e700000, 0x000000008e800000, 0x000000008e800000|100%| O|  |TAMS 0x000000008e700000, 0x000000008e700000| Untracked 
|  72|0x000000008e800000, 0x000000008e900000, 0x000000008e900000|100%| O|  |TAMS 0x000000008e800000, 0x000000008e800000| Untracked 
|  73|0x000000008e900000, 0x000000008ea00000, 0x000000008ea00000|100%| O|  |TAMS 0x000000008e900000, 0x000000008e900000| Untracked 
|  74|0x000000008ea00000, 0x000000008eb00000, 0x000000008eb00000|100%| O|  |TAMS 0x000000008ea00000, 0x000000008ea00000| Untracked 
|  75|0x000000008eb00000, 0x000000008ec00000, 0x000000008ec00000|100%| O|  |TAMS 0x000000008eb00000, 0x000000008eb00000| Untracked 
|  76|0x000000008ec00000, 0x000000008ed00000, 0x000000008ed00000|100%| O|  |TAMS 0x000000008ec00000, 0x000000008ec00000| Untracked 
|  77|0x000000008ed00000, 0x000000008ee00000, 0x000000008ee00000|100%| O|  |TAMS 0x000000008ed00000, 0x000000008ed00000| Untracked 
|  78|0x000000008ee00000, 0x000000008ee42e00, 0x000000008ef00000| 26%| O|  |TAMS 0x000000008ee00000, 0x000000008ee00000| Untracked 
|  79|0x000000008ef00000, 0x000000008ef00000, 0x000000008f000000|  0%| F|  |TAMS 0x000000008ef00000, 0x000000008ef00000| Untracked 
|  80|0x000000008f000000, 0x000000008f000000, 0x000000008f100000|  0%| F|  |TAMS 0x000000008f000000, 0x000000008f000000| Untracked 
|  81|0x000000008f100000, 0x000000008f100000, 0x000000008f200000|  0%| F|  |TAMS 0x000000008f100000, 0x000000008f100000| Untracked 
|  82|0x000000008f200000, 0x000000008f200000, 0x000000008f300000|  0%| F|  |TAMS 0x000000008f200000, 0x000000008f200000| Untracked 
|  83|0x000000008f300000, 0x000000008f300000, 0x000000008f400000|  0%| F|  |TAMS 0x000000008f300000, 0x000000008f300000| Untracked 
|  84|0x000000008f400000, 0x000000008f400000, 0x000000008f500000|  0%| F|  |TAMS 0x000000008f400000, 0x000000008f400000| Untracked 
|  85|0x000000008f500000, 0x000000008f500000, 0x000000008f600000|  0%| F|  |TAMS 0x000000008f500000, 0x000000008f500000| Untracked 
|  86|0x000000008f600000, 0x000000008f600000, 0x000000008f700000|  0%| F|  |TAMS 0x000000008f600000, 0x000000008f600000| Untracked 
|  87|0x000000008f700000, 0x000000008f700000, 0x000000008f800000|  0%| F|  |TAMS 0x000000008f700000, 0x000000008f700000| Untracked 
|  88|0x000000008f800000, 0x000000008f800000, 0x000000008f900000|  0%| F|  |TAMS 0x000000008f800000, 0x000000008f800000| Untracked 
|  89|0x000000008f900000, 0x000000008f900000, 0x000000008fa00000|  0%| F|  |TAMS 0x000000008f900000, 0x000000008f900000| Untracked 
|  90|0x000000008fa00000, 0x000000008fa00000, 0x000000008fb00000|  0%| F|  |TAMS 0x000000008fa00000, 0x000000008fa00000| Untracked 
|  91|0x000000008fb00000, 0x000000008fb00000, 0x000000008fc00000|  0%| F|  |TAMS 0x000000008fb00000, 0x000000008fb00000| Untracked 
|  92|0x000000008fc00000, 0x000000008fc00000, 0x000000008fd00000|  0%| F|  |TAMS 0x000000008fc00000, 0x000000008fc00000| Untracked 
|  93|0x000000008fd00000, 0x000000008fd00000, 0x000000008fe00000|  0%| F|  |TAMS 0x000000008fd00000, 0x000000008fd00000| Untracked 
|  94|0x000000008fe00000, 0x000000008fe00000, 0x000000008ff00000|  0%| F|  |TAMS 0x000000008fe00000, 0x000000008fe00000| Untracked 
|  95|0x000000008ff00000, 0x000000008ff00000, 0x0000000090000000|  0%| F|  |TAMS 0x000000008ff00000, 0x000000008ff00000| Untracked 
|  96|0x0000000090000000, 0x0000000090000000, 0x0000000090100000|  0%| F|  |TAMS 0x0000000090000000, 0x0000000090000000| Untracked 
|  97|0x0000000090100000, 0x0000000090100000, 0x0000000090200000|  0%| F|  |TAMS 0x0000000090100000, 0x0000000090100000| Untracked 
|  98|0x0000000090200000, 0x0000000090200000, 0x0000000090300000|  0%| F|  |TAMS 0x0000000090200000, 0x0000000090200000| Untracked 
|  99|0x0000000090300000, 0x0000000090300000, 0x0000000090400000|  0%| F|  |TAMS 0x0000000090300000, 0x0000000090300000| Untracked 
| 100|0x0000000090400000, 0x0000000090400000, 0x0000000090500000|  0%| F|  |TAMS 0x0000000090400000, 0x0000000090400000| Untracked 
| 101|0x0000000090500000, 0x0000000090500000, 0x0000000090600000|  0%| F|  |TAMS 0x0000000090500000, 0x0000000090500000| Untracked 
| 102|0x0000000090600000, 0x0000000090600000, 0x0000000090700000|  0%| F|  |TAMS 0x0000000090600000, 0x0000000090600000| Untracked 
| 103|0x0000000090700000, 0x0000000090700000, 0x0000000090800000|  0%| F|  |TAMS 0x0000000090700000, 0x0000000090700000| Untracked 
| 104|0x0000000090800000, 0x0000000090800000, 0x0000000090900000|  0%| F|  |TAMS 0x0000000090800000, 0x0000000090800000| Untracked 
| 105|0x0000000090900000, 0x0000000090900000, 0x0000000090a00000|  0%| F|  |TAMS 0x0000000090900000, 0x0000000090900000| Untracked 
| 106|0x0000000090a00000, 0x0000000090a00000, 0x0000000090b00000|  0%| F|  |TAMS 0x0000000090a00000, 0x0000000090a00000| Untracked 
| 107|0x0000000090b00000, 0x0000000090b00000, 0x0000000090c00000|  0%| F|  |TAMS 0x0000000090b00000, 0x0000000090b00000| Untracked 
| 108|0x0000000090c00000, 0x0000000090c00000, 0x0000000090d00000|  0%| F|  |TAMS 0x0000000090c00000, 0x0000000090c00000| Untracked 
| 109|0x0000000090d00000, 0x0000000090d00000, 0x0000000090e00000|  0%| F|  |TAMS 0x0000000090d00000, 0x0000000090d00000| Untracked 
| 110|0x0000000090e00000, 0x0000000090f00000, 0x0000000090f00000|100%| S|CS|TAMS 0x0000000090e00000, 0x0000000090e00000| Complete 
| 111|0x0000000090f00000, 0x0000000091000000, 0x0000000091000000|100%| S|CS|TAMS 0x0000000090f00000, 0x0000000090f00000| Complete 
| 112|0x0000000091000000, 0x0000000091000000, 0x0000000091100000|  0%| F|  |TAMS 0x0000000091000000, 0x0000000091000000| Untracked 
| 113|0x0000000091100000, 0x0000000091100000, 0x0000000091200000|  0%| F|  |TAMS 0x0000000091100000, 0x0000000091100000| Untracked 
| 114|0x0000000091200000, 0x0000000091200000, 0x0000000091300000|  0%| F|  |TAMS 0x0000000091200000, 0x0000000091200000| Untracked 
| 115|0x0000000091300000, 0x0000000091300000, 0x0000000091400000|  0%| F|  |TAMS 0x0000000091300000, 0x0000000091300000| Untracked 
| 116|0x0000000091400000, 0x0000000091500000, 0x0000000091500000|100%| S|CS|TAMS 0x0000000091400000, 0x0000000091400000| Complete 
| 117|0x0000000091500000, 0x0000000091600000, 0x0000000091600000|100%| S|CS|TAMS 0x0000000091500000, 0x0000000091500000| Complete 
| 118|0x0000000091600000, 0x0000000091700000, 0x0000000091700000|100%| S|CS|TAMS 0x0000000091600000, 0x0000000091600000| Complete 
| 119|0x0000000091700000, 0x0000000091700000, 0x0000000091800000|  0%| F|  |TAMS 0x0000000091700000, 0x0000000091700000| Untracked 
| 120|0x0000000091800000, 0x0000000091800000, 0x0000000091900000|  0%| F|  |TAMS 0x0000000091800000, 0x0000000091800000| Untracked 
| 121|0x0000000091900000, 0x0000000091900000, 0x0000000091a00000|  0%| F|  |TAMS 0x0000000091900000, 0x0000000091900000| Untracked 
| 122|0x0000000091a00000, 0x0000000091a00000, 0x0000000091b00000|  0%| F|  |TAMS 0x0000000091a00000, 0x0000000091a00000| Untracked 
| 123|0x0000000091b00000, 0x0000000091b00000, 0x0000000091c00000|  0%| F|  |TAMS 0x0000000091b00000, 0x0000000091b00000| Untracked 
| 124|0x0000000091c00000, 0x0000000091c00000, 0x0000000091d00000|  0%| F|  |TAMS 0x0000000091c00000, 0x0000000091c00000| Untracked 
| 125|0x0000000091d00000, 0x0000000091d00000, 0x0000000091e00000|  0%| F|  |TAMS 0x0000000091d00000, 0x0000000091d00000| Untracked 
| 126|0x0000000091e00000, 0x0000000091e00000, 0x0000000091f00000|  0%| F|  |TAMS 0x0000000091e00000, 0x0000000091e00000| Untracked 
| 127|0x0000000091f00000, 0x0000000091f00000, 0x0000000092000000|  0%| F|  |TAMS 0x0000000091f00000, 0x0000000091f00000| Untracked 
| 128|0x0000000092000000, 0x0000000092000000, 0x0000000092100000|  0%| F|  |TAMS 0x0000000092000000, 0x0000000092000000| Untracked 
| 129|0x0000000092100000, 0x0000000092100000, 0x0000000092200000|  0%| F|  |TAMS 0x0000000092100000, 0x0000000092100000| Untracked 
| 130|0x0000000092200000, 0x0000000092200000, 0x0000000092300000|  0%| F|  |TAMS 0x0000000092200000, 0x0000000092200000| Untracked 
| 131|0x0000000092300000, 0x0000000092300000, 0x0000000092400000|  0%| F|  |TAMS 0x0000000092300000, 0x0000000092300000| Untracked 
| 132|0x0000000092400000, 0x0000000092400000, 0x0000000092500000|  0%| F|  |TAMS 0x0000000092400000, 0x0000000092400000| Untracked 
| 133|0x0000000092500000, 0x0000000092500000, 0x0000000092600000|  0%| F|  |TAMS 0x0000000092500000, 0x0000000092500000| Untracked 
| 134|0x0000000092600000, 0x0000000092600000, 0x0000000092700000|  0%| F|  |TAMS 0x0000000092600000, 0x0000000092600000| Untracked 
| 135|0x0000000092700000, 0x0000000092700000, 0x0000000092800000|  0%| F|  |TAMS 0x0000000092700000, 0x0000000092700000| Untracked 
| 136|0x0000000092800000, 0x0000000092800000, 0x0000000092900000|  0%| F|  |TAMS 0x0000000092800000, 0x0000000092800000| Untracked 
| 137|0x0000000092900000, 0x0000000092900000, 0x0000000092a00000|  0%| F|  |TAMS 0x0000000092900000, 0x0000000092900000| Untracked 
| 138|0x0000000092a00000, 0x0000000092a00000, 0x0000000092b00000|  0%| F|  |TAMS 0x0000000092a00000, 0x0000000092a00000| Untracked 
| 139|0x0000000092b00000, 0x0000000092b00000, 0x0000000092c00000|  0%| F|  |TAMS 0x0000000092b00000, 0x0000000092b00000| Untracked 
| 140|0x0000000092c00000, 0x0000000092c00000, 0x0000000092d00000|  0%| F|  |TAMS 0x0000000092c00000, 0x0000000092c00000| Untracked 
| 141|0x0000000092d00000, 0x0000000092d00000, 0x0000000092e00000|  0%| F|  |TAMS 0x0000000092d00000, 0x0000000092d00000| Untracked 
| 142|0x0000000092e00000, 0x0000000092e00000, 0x0000000092f00000|  0%| F|  |TAMS 0x0000000092e00000, 0x0000000092e00000| Untracked 
| 143|0x0000000092f00000, 0x0000000092f00000, 0x0000000093000000|  0%| F|  |TAMS 0x0000000092f00000, 0x0000000092f00000| Untracked 
| 144|0x0000000093000000, 0x0000000093000000, 0x0000000093100000|  0%| F|  |TAMS 0x0000000093000000, 0x0000000093000000| Untracked 
| 145|0x0000000093100000, 0x0000000093100000, 0x0000000093200000|  0%| F|  |TAMS 0x0000000093100000, 0x0000000093100000| Untracked 
| 146|0x0000000093200000, 0x0000000093200000, 0x0000000093300000|  0%| F|  |TAMS 0x0000000093200000, 0x0000000093200000| Untracked 
| 147|0x0000000093300000, 0x0000000093300000, 0x0000000093400000|  0%| F|  |TAMS 0x0000000093300000, 0x0000000093300000| Untracked 
| 148|0x0000000093400000, 0x0000000093400000, 0x0000000093500000|  0%| F|  |TAMS 0x0000000093400000, 0x0000000093400000| Untracked 
| 149|0x0000000093500000, 0x0000000093500000, 0x0000000093600000|  0%| F|  |TAMS 0x0000000093500000, 0x0000000093500000| Untracked 
| 150|0x0000000093600000, 0x0000000093600000, 0x0000000093700000|  0%| F|  |TAMS 0x0000000093600000, 0x0000000093600000| Untracked 
| 151|0x0000000093700000, 0x0000000093700000, 0x0000000093800000|  0%| F|  |TAMS 0x0000000093700000, 0x0000000093700000| Untracked 
| 152|0x0000000093800000, 0x0000000093800000, 0x0000000093900000|  0%| F|  |TAMS 0x0000000093800000, 0x0000000093800000| Untracked 
| 153|0x0000000093900000, 0x0000000093900000, 0x0000000093a00000|  0%| F|  |TAMS 0x0000000093900000, 0x0000000093900000| Untracked 
| 154|0x0000000093a00000, 0x0000000093a00000, 0x0000000093b00000|  0%| F|  |TAMS 0x0000000093a00000, 0x0000000093a00000| Untracked 
| 155|0x0000000093b00000, 0x0000000093b00000, 0x0000000093c00000|  0%| F|  |TAMS 0x0000000093b00000, 0x0000000093b00000| Untracked 
| 156|0x0000000093c00000, 0x0000000093c00000, 0x0000000093d00000|  0%| F|  |TAMS 0x0000000093c00000, 0x0000000093c00000| Untracked 
| 157|0x0000000093d00000, 0x0000000093d00000, 0x0000000093e00000|  0%| F|  |TAMS 0x0000000093d00000, 0x0000000093d00000| Untracked 
| 158|0x0000000093e00000, 0x0000000093e00000, 0x0000000093f00000|  0%| F|  |TAMS 0x0000000093e00000, 0x0000000093e00000| Untracked 
| 159|0x0000000093f00000, 0x0000000093f00000, 0x0000000094000000|  0%| F|  |TAMS 0x0000000093f00000, 0x0000000093f00000| Untracked 
| 160|0x0000000094000000, 0x0000000094000000, 0x0000000094100000|  0%| F|  |TAMS 0x0000000094000000, 0x0000000094000000| Untracked 
| 161|0x0000000094100000, 0x0000000094100000, 0x0000000094200000|  0%| F|  |TAMS 0x0000000094100000, 0x0000000094100000| Untracked 
| 162|0x0000000094200000, 0x0000000094200000, 0x0000000094300000|  0%| F|  |TAMS 0x0000000094200000, 0x0000000094200000| Untracked 
| 163|0x0000000094300000, 0x0000000094300000, 0x0000000094400000|  0%| F|  |TAMS 0x0000000094300000, 0x0000000094300000| Untracked 
| 164|0x0000000094400000, 0x0000000094400000, 0x0000000094500000|  0%| F|  |TAMS 0x0000000094400000, 0x0000000094400000| Untracked 
| 165|0x0000000094500000, 0x0000000094500000, 0x0000000094600000|  0%| F|  |TAMS 0x0000000094500000, 0x0000000094500000| Untracked 
| 166|0x0000000094600000, 0x0000000094600000, 0x0000000094700000|  0%| F|  |TAMS 0x0000000094600000, 0x0000000094600000| Untracked 
| 167|0x0000000094700000, 0x0000000094700000, 0x0000000094800000|  0%| F|  |TAMS 0x0000000094700000, 0x0000000094700000| Untracked 
| 168|0x0000000094800000, 0x0000000094800000, 0x0000000094900000|  0%| F|  |TAMS 0x0000000094800000, 0x0000000094800000| Untracked 
| 169|0x0000000094900000, 0x0000000094900000, 0x0000000094a00000|  0%| F|  |TAMS 0x0000000094900000, 0x0000000094900000| Untracked 
| 170|0x0000000094a00000, 0x0000000094a00000, 0x0000000094b00000|  0%| F|  |TAMS 0x0000000094a00000, 0x0000000094a00000| Untracked 
| 171|0x0000000094b00000, 0x0000000094b00000, 0x0000000094c00000|  0%| F|  |TAMS 0x0000000094b00000, 0x0000000094b00000| Untracked 
| 172|0x0000000094c00000, 0x0000000094c00000, 0x0000000094d00000|  0%| F|  |TAMS 0x0000000094c00000, 0x0000000094c00000| Untracked 
| 173|0x0000000094d00000, 0x0000000094d00000, 0x0000000094e00000|  0%| F|  |TAMS 0x0000000094d00000, 0x0000000094d00000| Untracked 
| 174|0x0000000094e00000, 0x0000000094e00000, 0x0000000094f00000|  0%| F|  |TAMS 0x0000000094e00000, 0x0000000094e00000| Untracked 
| 175|0x0000000094f00000, 0x0000000094f00000, 0x0000000095000000|  0%| F|  |TAMS 0x0000000094f00000, 0x0000000094f00000| Untracked 
| 176|0x0000000095000000, 0x0000000095000000, 0x0000000095100000|  0%| F|  |TAMS 0x0000000095000000, 0x0000000095000000| Untracked 
| 177|0x0000000095100000, 0x0000000095100000, 0x0000000095200000|  0%| F|  |TAMS 0x0000000095100000, 0x0000000095100000| Untracked 
| 178|0x0000000095200000, 0x0000000095200000, 0x0000000095300000|  0%| F|  |TAMS 0x0000000095200000, 0x0000000095200000| Untracked 
| 179|0x0000000095300000, 0x0000000095300000, 0x0000000095400000|  0%| F|  |TAMS 0x0000000095300000, 0x0000000095300000| Untracked 
| 180|0x0000000095400000, 0x0000000095400000, 0x0000000095500000|  0%| F|  |TAMS 0x0000000095400000, 0x0000000095400000| Untracked 
| 181|0x0000000095500000, 0x0000000095500000, 0x0000000095600000|  0%| F|  |TAMS 0x0000000095500000, 0x0000000095500000| Untracked 
| 182|0x0000000095600000, 0x0000000095600000, 0x0000000095700000|  0%| F|  |TAMS 0x0000000095600000, 0x0000000095600000| Untracked 
| 183|0x0000000095700000, 0x0000000095700000, 0x0000000095800000|  0%| F|  |TAMS 0x0000000095700000, 0x0000000095700000| Untracked 
| 184|0x0000000095800000, 0x0000000095800000, 0x0000000095900000|  0%| F|  |TAMS 0x0000000095800000, 0x0000000095800000| Untracked 
| 185|0x0000000095900000, 0x0000000095900000, 0x0000000095a00000|  0%| F|  |TAMS 0x0000000095900000, 0x0000000095900000| Untracked 
| 186|0x0000000095a00000, 0x0000000095a00000, 0x0000000095b00000|  0%| F|  |TAMS 0x0000000095a00000, 0x0000000095a00000| Untracked 
| 187|0x0000000095b00000, 0x0000000095b00000, 0x0000000095c00000|  0%| F|  |TAMS 0x0000000095b00000, 0x0000000095b00000| Untracked 
| 188|0x0000000095c00000, 0x0000000095c00000, 0x0000000095d00000|  0%| F|  |TAMS 0x0000000095c00000, 0x0000000095c00000| Untracked 
| 189|0x0000000095d00000, 0x0000000095d00000, 0x0000000095e00000|  0%| F|  |TAMS 0x0000000095d00000, 0x0000000095d00000| Untracked 
| 190|0x0000000095e00000, 0x0000000095e00000, 0x0000000095f00000|  0%| F|  |TAMS 0x0000000095e00000, 0x0000000095e00000| Untracked 
| 191|0x0000000095f00000, 0x0000000095f00000, 0x0000000096000000|  0%| F|  |TAMS 0x0000000095f00000, 0x0000000095f00000| Untracked 
| 192|0x0000000096000000, 0x0000000096000000, 0x0000000096100000|  0%| F|  |TAMS 0x0000000096000000, 0x0000000096000000| Untracked 
| 193|0x0000000096100000, 0x0000000096100000, 0x0000000096200000|  0%| F|  |TAMS 0x0000000096100000, 0x0000000096100000| Untracked 
| 194|0x0000000096200000, 0x0000000096200000, 0x0000000096300000|  0%| F|  |TAMS 0x0000000096200000, 0x0000000096200000| Untracked 
| 195|0x0000000096300000, 0x0000000096300000, 0x0000000096400000|  0%| F|  |TAMS 0x0000000096300000, 0x0000000096300000| Untracked 
| 196|0x0000000096400000, 0x0000000096400000, 0x0000000096500000|  0%| F|  |TAMS 0x0000000096400000, 0x0000000096400000| Untracked 
| 197|0x0000000096500000, 0x0000000096500000, 0x0000000096600000|  0%| F|  |TAMS 0x0000000096500000, 0x0000000096500000| Untracked 
| 198|0x0000000096600000, 0x0000000096600000, 0x0000000096700000|  0%| F|  |TAMS 0x0000000096600000, 0x0000000096600000| Untracked 
| 199|0x0000000096700000, 0x0000000096700000, 0x0000000096800000|  0%| F|  |TAMS 0x0000000096700000, 0x0000000096700000| Untracked 
| 200|0x0000000096800000, 0x0000000096800000, 0x0000000096900000|  0%| F|  |TAMS 0x0000000096800000, 0x0000000096800000| Untracked 
| 201|0x0000000096900000, 0x0000000096900000, 0x0000000096a00000|  0%| F|  |TAMS 0x0000000096900000, 0x0000000096900000| Untracked 
| 202|0x0000000096a00000, 0x0000000096a00000, 0x0000000096b00000|  0%| F|  |TAMS 0x0000000096a00000, 0x0000000096a00000| Untracked 
| 203|0x0000000096b00000, 0x0000000096b00000, 0x0000000096c00000|  0%| F|  |TAMS 0x0000000096b00000, 0x0000000096b00000| Untracked 
| 204|0x0000000096c00000, 0x0000000096c00000, 0x0000000096d00000|  0%| F|  |TAMS 0x0000000096c00000, 0x0000000096c00000| Untracked 
| 205|0x0000000096d00000, 0x0000000096d00000, 0x0000000096e00000|  0%| F|  |TAMS 0x0000000096d00000, 0x0000000096d00000| Untracked 
| 206|0x0000000096e00000, 0x0000000096e00000, 0x0000000096f00000|  0%| F|  |TAMS 0x0000000096e00000, 0x0000000096e00000| Untracked 
| 207|0x0000000096f00000, 0x0000000096f00000, 0x0000000097000000|  0%| F|  |TAMS 0x0000000096f00000, 0x0000000096f00000| Untracked 
| 208|0x0000000097000000, 0x0000000097000000, 0x0000000097100000|  0%| F|  |TAMS 0x0000000097000000, 0x0000000097000000| Untracked 
| 209|0x0000000097100000, 0x0000000097100000, 0x0000000097200000|  0%| F|  |TAMS 0x0000000097100000, 0x0000000097100000| Untracked 
| 210|0x0000000097200000, 0x0000000097200000, 0x0000000097300000|  0%| F|  |TAMS 0x0000000097200000, 0x0000000097200000| Untracked 
| 211|0x0000000097300000, 0x0000000097300000, 0x0000000097400000|  0%| F|  |TAMS 0x0000000097300000, 0x0000000097300000| Untracked 
| 212|0x0000000097400000, 0x0000000097400000, 0x0000000097500000|  0%| F|  |TAMS 0x0000000097400000, 0x0000000097400000| Untracked 
| 213|0x0000000097500000, 0x0000000097500000, 0x0000000097600000|  0%| F|  |TAMS 0x0000000097500000, 0x0000000097500000| Untracked 
| 214|0x0000000097600000, 0x0000000097600000, 0x0000000097700000|  0%| F|  |TAMS 0x0000000097600000, 0x0000000097600000| Untracked 
| 215|0x0000000097700000, 0x0000000097700000, 0x0000000097800000|  0%| F|  |TAMS 0x0000000097700000, 0x0000000097700000| Untracked 
| 216|0x0000000097800000, 0x0000000097800000, 0x0000000097900000|  0%| F|  |TAMS 0x0000000097800000, 0x0000000097800000| Untracked 
| 217|0x0000000097900000, 0x0000000097900000, 0x0000000097a00000|  0%| F|  |TAMS 0x0000000097900000, 0x0000000097900000| Untracked 
| 218|0x0000000097a00000, 0x0000000097a00000, 0x0000000097b00000|  0%| F|  |TAMS 0x0000000097a00000, 0x0000000097a00000| Untracked 
| 219|0x0000000097b00000, 0x0000000097b00000, 0x0000000097c00000|  0%| F|  |TAMS 0x0000000097b00000, 0x0000000097b00000| Untracked 
| 220|0x0000000097c00000, 0x0000000097c00000, 0x0000000097d00000|  0%| F|  |TAMS 0x0000000097c00000, 0x0000000097c00000| Untracked 
| 221|0x0000000097d00000, 0x0000000097d00000, 0x0000000097e00000|  0%| F|  |TAMS 0x0000000097d00000, 0x0000000097d00000| Untracked 
| 222|0x0000000097e00000, 0x0000000097e00000, 0x0000000097f00000|  0%| F|  |TAMS 0x0000000097e00000, 0x0000000097e00000| Untracked 
| 223|0x0000000097f00000, 0x0000000097f00000, 0x0000000098000000|  0%| F|  |TAMS 0x0000000097f00000, 0x0000000097f00000| Untracked 
| 224|0x0000000098000000, 0x0000000098000000, 0x0000000098100000|  0%| F|  |TAMS 0x0000000098000000, 0x0000000098000000| Untracked 
| 225|0x0000000098100000, 0x0000000098100000, 0x0000000098200000|  0%| F|  |TAMS 0x0000000098100000, 0x0000000098100000| Untracked 
| 226|0x0000000098200000, 0x0000000098200000, 0x0000000098300000|  0%| F|  |TAMS 0x0000000098200000, 0x0000000098200000| Untracked 
| 227|0x0000000098300000, 0x0000000098300000, 0x0000000098400000|  0%| F|  |TAMS 0x0000000098300000, 0x0000000098300000| Untracked 
| 228|0x0000000098400000, 0x0000000098400000, 0x0000000098500000|  0%| F|  |TAMS 0x0000000098400000, 0x0000000098400000| Untracked 
| 229|0x0000000098500000, 0x0000000098500000, 0x0000000098600000|  0%| F|  |TAMS 0x0000000098500000, 0x0000000098500000| Untracked 
| 230|0x0000000098600000, 0x0000000098600000, 0x0000000098700000|  0%| F|  |TAMS 0x0000000098600000, 0x0000000098600000| Untracked 
| 231|0x0000000098700000, 0x0000000098700000, 0x0000000098800000|  0%| F|  |TAMS 0x0000000098700000, 0x0000000098700000| Untracked 
| 232|0x0000000098800000, 0x0000000098800000, 0x0000000098900000|  0%| F|  |TAMS 0x0000000098800000, 0x0000000098800000| Untracked 
| 233|0x0000000098900000, 0x0000000098900000, 0x0000000098a00000|  0%| F|  |TAMS 0x0000000098900000, 0x0000000098900000| Untracked 
| 234|0x0000000098a00000, 0x0000000098a00000, 0x0000000098b00000|  0%| F|  |TAMS 0x0000000098a00000, 0x0000000098a00000| Untracked 
| 235|0x0000000098b00000, 0x0000000098b00000, 0x0000000098c00000|  0%| F|  |TAMS 0x0000000098b00000, 0x0000000098b00000| Untracked 
| 282|0x000000009ba00000, 0x000000009ba00000, 0x000000009bb00000|  0%| F|  |TAMS 0x000000009ba00000, 0x000000009ba00000| Untracked 

Card table byte_map: [0x000002ae6bc30000,0x000002ae6bfe0000] _byte_map_base: 0x000002ae6b7e0000

Marking Bits (Prev, Next): (CMBitMap*) 0x000002ae58b89390, (CMBitMap*) 0x000002ae58b893d0
 Prev Bits: [0x000002ae6c390000, 0x000002ae6e110000)
 Next Bits: [0x000002ae6e110000, 0x000002ae6fe90000)

Polling page: 0x000002ae56930000

Metaspace:

Usage:
  Non-class:     57.44 MB used.
      Class:      7.23 MB used.
       Both:     64.67 MB used.

Virtual space:
  Non-class space:       64.00 MB reserved,      57.56 MB ( 90%) committed,  1 nodes.
      Class space:        1.00 GB reserved,       7.31 MB ( <1%) committed,  1 nodes.
             Both:        1.06 GB reserved,      64.88 MB (  6%) committed. 

Chunk freelists:
   Non-Class:  5.63 MB
       Class:  8.62 MB
        Both:  14.26 MB

MaxMetaspaceSize: unlimited
CompressedClassSpaceSize: 1.00 GB
Initial GC threshold: 21.00 MB
Current GC threshold: 102.00 MB
CDS: off
MetaspaceReclaimPolicy: balanced
 - commit_granule_bytes: 65536.
 - commit_granule_words: 8192.
 - virtual_space_node_default_size: 8388608.
 - enlarge_chunks_in_place: 1.
 - new_chunks_are_fully_committed: 0.
 - uncommit_free_chunks: 1.
 - use_allocation_guard: 0.
 - handle_deallocations: 1.


Internal statistics:

num_allocs_failed_limit: 6.
num_arena_births: 314.
num_arena_deaths: 0.
num_vsnodes_births: 2.
num_vsnodes_deaths: 0.
num_space_committed: 1036.
num_space_uncommitted: 0.
num_chunks_returned_to_freelist: 6.
num_chunks_taken_from_freelist: 2567.
num_chunk_merges: 6.
num_chunk_splits: 1969.
num_chunks_enlarged: 1673.
num_inconsistent_stats: 0.

CodeHeap 'non-profiled nmethods': size=119168Kb used=4702Kb max_used=4702Kb free=114465Kb
 bounds [0x000002ae63ba0000, 0x000002ae64040000, 0x000002ae6b000000]
CodeHeap 'profiled nmethods': size=119104Kb used=33908Kb max_used=33908Kb free=85195Kb
 bounds [0x000002ae5c000000, 0x000002ae5e120000, 0x000002ae63450000]
CodeHeap 'non-nmethods': size=7488Kb used=2428Kb max_used=2479Kb free=5059Kb
 bounds [0x000002ae63450000, 0x000002ae636c0000, 0x000002ae63ba0000]
 total_blobs=12380 nmethods=11769 adapters=518
 compilation: enabled
              stopped_count=0, restarted_count=0
 full_count=0

Compilation events (20 events):
Event: 33.896 Thread 0x000002ae770534a0 nmethod 13909 0x000002ae5c894710 code [0x000002ae5c8948a0, 0x000002ae5c8949c8]
Event: 33.911 Thread 0x000002ae770534a0 13913       2       org.jetbrains.kotlin.resolve.calls.inference.components.TrivialConstraintTypeInferenceOracle::isNothing (18 bytes)
Event: 33.911 Thread 0x000002ae771b6fd0 13914       2       org.jetbrains.kotlin.resolve.calls.inference.components.TrivialConstraintTypeInferenceOracle::isFlexibleNothing (18 bytes)
Event: 33.911 Thread 0x000002ae771b6fd0 nmethod 13914 0x000002ae5c6f7210 code [0x000002ae5c6f7400, 0x000002ae5c6f76c8]
Event: 33.911 Thread 0x000002ae770534a0 nmethod 13913 0x000002ae5c6f6990 code [0x000002ae5c6f6b80, 0x000002ae5c6f6e48]
Event: 33.948 Thread 0x000002ae770534a0 13918       2       org.jetbrains.kotlin.resolve.calls.inference.components.TrivialConstraintTypeInferenceOracle$containsOnlyNonNullableNothing$1::invoke (9 bytes)
Event: 33.948 Thread 0x000002ae771b6fd0 13919       2       org.jetbrains.kotlin.resolve.calls.inference.components.TrivialConstraintTypeInferenceOracle$containsOnlyNonNullableNothing$1::invoke (79 bytes)
Event: 33.948 Thread 0x000002ae770534a0 nmethod 13918 0x000002ae5d398d90 code [0x000002ae5d398f40, 0x000002ae5d3990a8]
Event: 33.949 Thread 0x000002ae771b6fd0 nmethod 13919 0x000002ae5e11c590 code [0x000002ae5e11c920, 0x000002ae5e11d648]
Event: 33.972 Thread 0x000002ae7704f280 nmethod 13908 0x000002ae6402e410 code [0x000002ae6402e840, 0x000002ae64032100]
Event: 33.972 Thread 0x000002ae7704f280 13901       4       org.jetbrains.kotlin.resolve.calls.inference.components.VariableFixationFinder::variableHasProperArgumentConstraints (237 bytes)
Event: 33.984 Thread 0x000002ae771b6fd0 13920       1       org.jetbrains.kotlin.resolve.constants.IntegerLiteralTypeConstructor::access$getType$p (5 bytes)
Event: 33.984 Thread 0x000002ae771b6fd0 nmethod 13920 0x000002ae64033e90 code [0x000002ae64034020, 0x000002ae640340d8]
Event: 34.000 Thread 0x000002ae771b6fd0 13924       2       org.jetbrains.kotlin.resolve.calls.inference.components.ResultTypeResolver$sinkIntegerLiteralTypes$1$containsILT$1::invoke (39 bytes)
Event: 34.000 Thread 0x000002ae775ef3a0 13923       2       org.jetbrains.kotlin.resolve.calls.inference.components.ResultTypeResolver$sinkIntegerLiteralTypes$1$containsILT$1::invoke (9 bytes)
Event: 34.000 Thread 0x000002ae775ef3a0 nmethod 13923 0x000002ae5cc94e90 code [0x000002ae5cc95040, 0x000002ae5cc951a8]
Event: 34.001 Thread 0x000002ae771b6fd0 nmethod 13924 0x000002ae5e11de90 code [0x000002ae5e11e120, 0x000002ae5e11e7f8]
Event: 34.004 Thread 0x000002ae7704f280 nmethod 13901 0x000002ae64034190 code [0x000002ae64034520, 0x000002ae64035ee0]
Event: 34.004 Thread 0x000002ae7704f280 13907       4       org.jetbrains.kotlin.resolve.calls.inference.components.VariableFixationFinder::areAllProperConstraintsSelfTypeBased (164 bytes)
Event: 34.027 Thread 0x000002ae770534a0 13927       2       org.jetbrains.kotlin.builtins.KotlinBuiltIns::getNumber (8 bytes)

GC Heap History (20 events):
Event: 25.938 GC heap after
{Heap after GC invocations=23 (full 0):
 garbage-first heap   total 110592K, used 64461K [0x000000008a000000, 0x0000000100000000)
  region size 1024K, 4 young (4096K), 4 survivors (4096K)
 Metaspace       used 60886K, committed 61120K, reserved 1114112K
  class space    used 6979K, committed 7104K, reserved 1048576K
}
Event: 26.531 GC heap before
{Heap before GC invocations=24 (full 0):
 garbage-first heap   total 114688K, used 88013K [0x000000008a000000, 0x0000000100000000)
  region size 1024K, 27 young (27648K), 4 survivors (4096K)
 Metaspace       used 61613K, committed 61888K, reserved 1114112K
  class space    used 7039K, committed 7168K, reserved 1048576K
}
Event: 26.549 GC heap after
{Heap after GC invocations=25 (full 0):
 garbage-first heap   total 114688K, used 68263K [0x000000008a000000, 0x0000000100000000)
  region size 1024K, 4 young (4096K), 4 survivors (4096K)
 Metaspace       used 61613K, committed 61888K, reserved 1114112K
  class space    used 7039K, committed 7168K, reserved 1048576K
}
Event: 26.558 GC heap before
{Heap before GC invocations=25 (full 0):
 garbage-first heap   total 114688K, used 70311K [0x000000008a000000, 0x0000000100000000)
  region size 1024K, 5 young (5120K), 4 survivors (4096K)
 Metaspace       used 61619K, committed 61888K, reserved 1114112K
  class space    used 7040K, committed 7168K, reserved 1048576K
}
Event: 26.569 GC heap after
{Heap after GC invocations=26 (full 0):
 garbage-first heap   total 114688K, used 69634K [0x000000008a000000, 0x0000000100000000)
  region size 1024K, 1 young (1024K), 1 survivors (1024K)
 Metaspace       used 61619K, committed 61888K, reserved 1114112K
  class space    used 7040K, committed 7168K, reserved 1048576K
}
Event: 27.084 GC heap before
{Heap before GC invocations=26 (full 0):
 garbage-first heap   total 114688K, used 91138K [0x000000008a000000, 0x0000000100000000)
  region size 1024K, 22 young (22528K), 1 survivors (1024K)
 Metaspace       used 62280K, committed 62528K, reserved 1114112K
  class space    used 7094K, committed 7232K, reserved 1048576K
}
Event: 27.096 GC heap after
{Heap after GC invocations=27 (full 0):
 garbage-first heap   total 289792K, used 71680K [0x000000008a000000, 0x0000000100000000)
  region size 1024K, 3 young (3072K), 3 survivors (3072K)
 Metaspace       used 62280K, committed 62528K, reserved 1114112K
  class space    used 7094K, committed 7232K, reserved 1048576K
}
Event: 30.705 GC heap before
{Heap before GC invocations=28 (full 0):
 garbage-first heap   total 242688K, used 206848K [0x000000008a000000, 0x0000000100000000)
  region size 1024K, 135 young (138240K), 3 survivors (3072K)
 Metaspace       used 65778K, committed 66048K, reserved 1114112K
  class space    used 7386K, committed 7488K, reserved 1048576K
}
Event: 30.726 GC heap after
{Heap after GC invocations=29 (full 0):
 garbage-first heap   total 242688K, used 79751K [0x000000008a000000, 0x0000000100000000)
  region size 1024K, 11 young (11264K), 11 survivors (11264K)
 Metaspace       used 65778K, committed 66048K, reserved 1114112K
  class space    used 7386K, committed 7488K, reserved 1048576K
}
Event: 30.736 GC heap before
{Heap before GC invocations=29 (full 0):
 garbage-first heap   total 242688K, used 80775K [0x000000008a000000, 0x0000000100000000)
  region size 1024K, 12 young (12288K), 11 survivors (11264K)
 Metaspace       used 65784K, committed 66048K, reserved 1114112K
  class space    used 7386K, committed 7488K, reserved 1048576K
}
Event: 30.772 GC heap after
{Heap after GC invocations=30 (full 0):
 garbage-first heap   total 242688K, used 80839K [0x000000008a000000, 0x0000000100000000)
  region size 1024K, 2 young (2048K), 2 survivors (2048K)
 Metaspace       used 65784K, committed 66048K, reserved 1114112K
  class space    used 7386K, committed 7488K, reserved 1048576K
}
Event: 33.434 GC heap before
{Heap before GC invocations=30 (full 0):
 garbage-first heap   total 242688K, used 187335K [0x000000008a000000, 0x0000000100000000)
  region size 1024K, 106 young (108544K), 2 survivors (2048K)
 Metaspace       used 66205K, committed 66432K, reserved 1114112K
  class space    used 7400K, committed 7488K, reserved 1048576K
}
Event: 33.455 GC heap after
{Heap after GC invocations=31 (full 0):
 garbage-first heap   total 242688K, used 84139K [0x000000008a000000, 0x0000000100000000)
  region size 1024K, 5 young (5120K), 5 survivors (5120K)
 Metaspace       used 66205K, committed 66432K, reserved 1114112K
  class space    used 7400K, committed 7488K, reserved 1048576K
}
Event: 33.574 GC heap before
{Heap before GC invocations=31 (full 0):
 garbage-first heap   total 242688K, used 190635K [0x000000008a000000, 0x0000000100000000)
  region size 1024K, 109 young (111616K), 5 survivors (5120K)
 Metaspace       used 66205K, committed 66432K, reserved 1114112K
  class space    used 7400K, committed 7488K, reserved 1048576K
}
Event: 33.578 GC heap after
{Heap after GC invocations=32 (full 0):
 garbage-first heap   total 242688K, used 84235K [0x000000008a000000, 0x0000000100000000)
  region size 1024K, 5 young (5120K), 5 survivors (5120K)
 Metaspace       used 66205K, committed 66432K, reserved 1114112K
  class space    used 7400K, committed 7488K, reserved 1048576K
}
Event: 33.678 GC heap before
{Heap before GC invocations=32 (full 0):
 garbage-first heap   total 242688K, used 197899K [0x000000008a000000, 0x0000000100000000)
  region size 1024K, 116 young (118784K), 5 survivors (5120K)
 Metaspace       used 66207K, committed 66432K, reserved 1114112K
  class space    used 7400K, committed 7488K, reserved 1048576K
}
Event: 33.684 GC heap after
{Heap after GC invocations=33 (full 0):
 garbage-first heap   total 242688K, used 84235K [0x000000008a000000, 0x0000000100000000)
  region size 1024K, 5 young (5120K), 5 survivors (5120K)
 Metaspace       used 66207K, committed 66432K, reserved 1114112K
  class space    used 7400K, committed 7488K, reserved 1048576K
}
Event: 33.814 GC heap before
{Heap before GC invocations=33 (full 0):
 garbage-first heap   total 242688K, used 200971K [0x000000008a000000, 0x0000000100000000)
  region size 1024K, 119 young (121856K), 5 survivors (5120K)
 Metaspace       used 66217K, committed 66432K, reserved 1114112K
  class space    used 7400K, committed 7488K, reserved 1048576K
}
Event: 33.819 GC heap after
{Heap after GC invocations=34 (full 0):
 garbage-first heap   total 242688K, used 84429K [0x000000008a000000, 0x0000000100000000)
  region size 1024K, 6 young (6144K), 6 survivors (6144K)
 Metaspace       used 66217K, committed 66432K, reserved 1114112K
  class space    used 7400K, committed 7488K, reserved 1048576K
}
Event: 34.027 GC heap before
{Heap before GC invocations=34 (full 0):
 garbage-first heap   total 242688K, used 203213K [0x000000008a000000, 0x0000000100000000)
  region size 1024K, 122 young (124928K), 6 survivors (6144K)
 Metaspace       used 66223K, committed 66432K, reserved 1114112K
  class space    used 7400K, committed 7488K, reserved 1048576K
}

Dll operation events (2 events):
Event: 0.007 Loaded shared library C:\Program Files\Android\Android Studio\jbr\bin\java.dll
Event: 1.231 Loaded shared library C:\Program Files\Android\Android Studio\jbr\bin\verify.dll

Deoptimization events (20 events):
Event: 31.834 Thread 0x000002ae58b2f8d0 Uncommon trap: trap_request=0xffffff45 fr.pc=0x000002ae63f998d0 relative=0x00000000000040f0
Event: 31.834 Thread 0x000002ae58b2f8d0 Uncommon trap: reason=unstable_if action=reinterpret pc=0x000002ae63f998d0 method=org.jetbrains.kotlin.types.TypeSubstitutionKt.replace(Lorg/jetbrains/kotlin/types/KotlinType;Ljava/util/List;Lorg/jetbrains/kotlin/descriptors/annotations/Annotations;Ljava/
Event: 31.834 Thread 0x000002ae58b2f8d0 DEOPT PACKING pc=0x000002ae63f998d0 sp=0x000000b4df2faee0
Event: 31.835 Thread 0x000002ae58b2f8d0 DEOPT UNPACKING pc=0x000002ae634a69a3 sp=0x000000b4df2fae58 mode 2
Event: 31.931 Thread 0x000002ae58b2f8d0 Uncommon trap: trap_request=0xffffff45 fr.pc=0x000002ae63f3957c relative=0x00000000000010dc
Event: 31.931 Thread 0x000002ae58b2f8d0 Uncommon trap: reason=unstable_if action=reinterpret pc=0x000002ae63f3957c method=org.jetbrains.kotlin.builtins.functions.FunctionTypeKindExtractor.toInt(Ljava/lang/String;)Ljava/lang/Integer; @ 9 c2
Event: 31.932 Thread 0x000002ae58b2f8d0 DEOPT PACKING pc=0x000002ae63f3957c sp=0x000000b4df2fb6d0
Event: 31.932 Thread 0x000002ae58b2f8d0 DEOPT UNPACKING pc=0x000002ae634a69a3 sp=0x000000b4df2fb628 mode 2
Event: 32.151 Thread 0x000002ae58b2f8d0 Uncommon trap: trap_request=0xffffff45 fr.pc=0x000002ae63e6c9c0 relative=0x00000000000000a0
Event: 32.151 Thread 0x000002ae58b2f8d0 Uncommon trap: reason=unstable_if action=reinterpret pc=0x000002ae63e6c9c0 method=org.jetbrains.kotlin.types.error.ErrorUtils.isError(Lorg/jetbrains/kotlin/descriptors/DeclarationDescriptor;)Z @ 1 c2
Event: 32.151 Thread 0x000002ae58b2f8d0 DEOPT PACKING pc=0x000002ae63e6c9c0 sp=0x000000b4df2faf90
Event: 32.151 Thread 0x000002ae58b2f8d0 DEOPT UNPACKING pc=0x000002ae634a69a3 sp=0x000000b4df2faf30 mode 2
Event: 32.536 Thread 0x000002ae58b2f8d0 Uncommon trap: trap_request=0xffffff45 fr.pc=0x000002ae63f33b60 relative=0x0000000000000420
Event: 32.536 Thread 0x000002ae58b2f8d0 Uncommon trap: reason=unstable_if action=reinterpret pc=0x000002ae63f33b60 method=org.jetbrains.kotlin.types.TypeWithEnhancementKt.wrapEnhancement(Lorg/jetbrains/kotlin/types/UnwrappedType;Lorg/jetbrains/kotlin/types/KotlinType;)Lorg/jetbrains/kotlin/type
Event: 32.536 Thread 0x000002ae58b2f8d0 DEOPT PACKING pc=0x000002ae63f33b60 sp=0x000000b4df2f5540
Event: 32.537 Thread 0x000002ae58b2f8d0 DEOPT UNPACKING pc=0x000002ae634a69a3 sp=0x000000b4df2f5508 mode 2
Event: 32.590 Thread 0x000002ae58b2f8d0 Uncommon trap: trap_request=0xffffff45 fr.pc=0x000002ae63e6c2ac relative=0x000000000000008c
Event: 32.590 Thread 0x000002ae58b2f8d0 Uncommon trap: reason=unstable_if action=reinterpret pc=0x000002ae63e6c2ac method=java.math.BigInteger.equals(Ljava/lang/Object;)Z @ 32 c2
Event: 32.590 Thread 0x000002ae58b2f8d0 DEOPT PACKING pc=0x000002ae63e6c2ac sp=0x000000b4df2fcfc0
Event: 32.590 Thread 0x000002ae58b2f8d0 DEOPT UNPACKING pc=0x000002ae634a69a3 sp=0x000000b4df2fcf30 mode 2

Classes unloaded (0 events):
No events

Classes redefined (0 events):
No events

Internal exceptions (20 events):
Event: 15.299 Thread 0x000002ae58b2f8d0 Implicit null exception at 0x000002ae63cb8b71 to 0x000002ae63cb8d60
Event: 16.229 Thread 0x000002ae58b2f8d0 Exception <a 'java/lang/NoSuchMethodError'{0x000000009157c350}: 'java.lang.Object java.lang.invoke.DirectMethodHandle$Holder.newInvokeSpecial(java.lang.Object, java.lang.Object, java.lang.Object, java.lang.Object, java.lang.Object, java.lang.Object, java.lang.Object, java.lang.Object)'> (0x000000009157c350) 
thrown [s\src\hotspot\share\interpreter\linkResolver.cpp, line 771]
Event: 16.231 Thread 0x000002ae58b2f8d0 Exception <a 'java/lang/NoSuchMethodError'{0x0000000091581968}: 'java.lang.Object java.lang.invoke.DirectMethodHandle$Holder.invokeSpecial(java.lang.Object, java.lang.Object, java.lang.Object, java.lang.Object, java.lang.Object, java.lang.Object, java.lang.Object, java.lang.Object, java.lang.Object)'> (0x0000000091581968) 
thrown [s\src\hotspot\share\interpreter\linkResolver.cpp, line 771]
Event: 16.232 Thread 0x000002ae58b2f8d0 Exception <a 'java/lang/NoSuchMethodError'{0x0000000091586898}: 'java.lang.Object java.lang.invoke.Invokers$Holder.linkToTargetMethod(java.lang.Object, java.lang.Object, java.lang.Object, java.lang.Object, java.lang.Object, java.lang.Object, java.lang.Object, java.lang.Object)'> (0x0000000091586898) 
thrown [s\src\hotspot\share\interpreter\linkResolver.cpp, line 771]
Event: 17.152 Thread 0x000002ae58b2f8d0 Exception <a 'java/lang/NoSuchMethodError'{0x000000008f105310}: 'int java.lang.invoke.DirectMethodHandle$Holder.invokeInterface(java.lang.Object, java.lang.Object)'> (0x000000008f105310) 
thrown [s\src\hotspot\share\interpreter\linkResolver.cpp, line 771]
Event: 19.883 Thread 0x000002ae58b2f8d0 Exception <a 'java/lang/IncompatibleClassChangeError'{0x000000008f22c900}: Found class java.lang.Object, but interface was expected> (0x000000008f22c900) 
thrown [s\src\hotspot\share\interpreter\linkResolver.cpp, line 838]
Event: 21.170 Thread 0x000002ae58b2f8d0 Exception <a 'java/lang/NoSuchMethodError'{0x000000008ff64618}: 'java.lang.Object java.lang.invoke.DirectMethodHandle$Holder.invokeInterface(java.lang.Object, java.lang.Object, java.lang.Object)'> (0x000000008ff64618) 
thrown [s\src\hotspot\share\interpreter\linkResolver.cpp, line 771]
Event: 21.171 Thread 0x000002ae58b2f8d0 Exception <a 'java/lang/IncompatibleClassChangeError'{0x000000008ff684d8}: Found class java.lang.Object, but interface was expected> (0x000000008ff684d8) 
thrown [s\src\hotspot\share\interpreter\linkResolver.cpp, line 838]
Event: 21.182 Thread 0x000002ae58b2f8d0 Implicit null exception at 0x000002ae63c77309 to 0x000002ae63c773f0
Event: 21.182 Thread 0x000002ae58b2f8d0 Implicit null exception at 0x000002ae63c55258 to 0x000002ae63c552ea
Event: 21.253 Thread 0x000002ae58b2f8d0 Exception <a 'java/lang/NoSuchMethodError'{0x000000008fb96ba0}: 'int java.lang.invoke.DirectMethodHandle$Holder.invokeStaticInit(java.lang.Object, int)'> (0x000000008fb96ba0) 
thrown [s\src\hotspot\share\interpreter\linkResolver.cpp, line 771]
Event: 21.427 Thread 0x000002ae58b2f8d0 Exception <a 'java/lang/NoSuchMethodError'{0x000000008f0137f0}: 'java.lang.Object java.lang.invoke.DirectMethodHandle$Holder.invokeStatic(java.lang.Object, int, java.lang.Object)'> (0x000000008f0137f0) 
thrown [s\src\hotspot\share\interpreter\linkResolver.cpp, line 771]
Event: 23.078 Thread 0x000002ae58b2f8d0 Exception <a 'java/lang/NoSuchMethodError'{0x0000000090184250}: 'java.lang.Object java.lang.invoke.DirectMethodHandle$Holder.invokeStatic(java.lang.Object, int, java.lang.Object, java.lang.Object)'> (0x0000000090184250) 
thrown [s\src\hotspot\share\interpreter\linkResolver.cpp, line 771]
Event: 23.080 Thread 0x000002ae58b2f8d0 Exception <a 'java/lang/NoSuchMethodError'{0x000000009018c438}: 'java.lang.Object java.lang.invoke.DirectMethodHandle$Holder.newInvokeSpecial(java.lang.Object, int, java.lang.Object)'> (0x000000009018c438) 
thrown [s\src\hotspot\share\interpreter\linkResolver.cpp, line 771]
Event: 26.213 Thread 0x000002ae58b2f8d0 Implicit null exception at 0x000002ae63c4d937 to 0x000002ae63c4eea4
Event: 26.372 Thread 0x000002ae58b2f8d0 Exception <a 'java/lang/NoSuchMethodError'{0x000000008fbc7550}: 'java.lang.Object java.lang.invoke.DirectMethodHandle$Holder.newInvokeSpecial(java.lang.Object, java.lang.Object, java.lang.Object, java.lang.Object, java.lang.Object, java.lang.Object, java.lang.Object)'> (0x000000008fbc7550) 
thrown [s\src\hotspot\share\interpreter\linkResolver.cpp, line 771]
Event: 26.373 Thread 0x000002ae58b2f8d0 Exception <a 'java/lang/NoSuchMethodError'{0x000000008fbcc900}: 'java.lang.Object java.lang.invoke.Invokers$Holder.linkToTargetMethod(java.lang.Object, java.lang.Object, java.lang.Object, java.lang.Object, java.lang.Object, java.lang.Object, java.lang.Object)'> (0x000000008fbcc900) 
thrown [s\src\hotspot\share\interpreter\linkResolver.cpp, line 771]
Event: 26.745 Thread 0x000002ae58b2f8d0 Implicit null exception at 0x000002ae63d933d7 to 0x000002ae63d94958
Event: 28.091 Thread 0x000002ae58b2f8d0 Implicit null exception at 0x000002ae63eff7d1 to 0x000002ae63f033f0
Event: 32.151 Thread 0x000002ae58b2f8d0 Implicit null exception at 0x000002ae63e6c92f to 0x000002ae63e6c9b4

VM Operations (20 events):
Event: 30.400 Executing VM operation: HandshakeAllThreads done
Event: 30.705 Executing VM operation: G1CollectForAllocation
Event: 30.727 Executing VM operation: G1CollectForAllocation done
Event: 30.736 Executing VM operation: G1CollectForAllocation
Event: 30.772 Executing VM operation: G1CollectForAllocation done
Event: 31.784 Executing VM operation: Cleanup
Event: 31.832 Executing VM operation: Cleanup done
Event: 32.841 Executing VM operation: Cleanup
Event: 32.841 Executing VM operation: Cleanup done
Event: 33.430 Executing VM operation: G1CollectForAllocation
Event: 33.456 Executing VM operation: G1CollectForAllocation done
Event: 33.485 Executing VM operation: HandshakeAllThreads
Event: 33.485 Executing VM operation: HandshakeAllThreads done
Event: 33.573 Executing VM operation: G1CollectForAllocation
Event: 33.578 Executing VM operation: G1CollectForAllocation done
Event: 33.678 Executing VM operation: G1CollectForAllocation
Event: 33.684 Executing VM operation: G1CollectForAllocation done
Event: 33.814 Executing VM operation: G1CollectForAllocation
Event: 33.819 Executing VM operation: G1CollectForAllocation done
Event: 34.027 Executing VM operation: G1CollectForAllocation

Events (20 events):
Event: 28.736 Thread 0x000002ae77053db0 flushing nmethod 0x000002ae5de53810
Event: 33.492 Thread 0x000002ae77053db0 flushing nmethod 0x000002ae5c1e1490
Event: 33.498 Thread 0x000002ae77053db0 flushing nmethod 0x000002ae5c6f6990
Event: 33.499 Thread 0x000002ae77053db0 flushing nmethod 0x000002ae5c7f0b10
Event: 33.500 Thread 0x000002ae77053db0 flushing nmethod 0x000002ae5c894710
Event: 33.501 Thread 0x000002ae77053db0 flushing nmethod 0x000002ae5c913790
Event: 33.501 Thread 0x000002ae77053db0 flushing nmethod 0x000002ae5c95e910
Event: 33.502 Thread 0x000002ae77053db0 flushing nmethod 0x000002ae5c968b90
Event: 33.502 Thread 0x000002ae77053db0 flushing nmethod 0x000002ae5c9cb390
Event: 33.505 Thread 0x000002ae77053db0 flushing nmethod 0x000002ae5cc84910
Event: 33.505 Thread 0x000002ae77053db0 flushing nmethod 0x000002ae5cc94e90
Event: 33.506 Thread 0x000002ae77053db0 flushing nmethod 0x000002ae5ccd4f10
Event: 33.506 Thread 0x000002ae77053db0 flushing nmethod 0x000002ae5cce4f90
Event: 33.507 Thread 0x000002ae77053db0 flushing nmethod 0x000002ae5ce4c990
Event: 33.508 Thread 0x000002ae77053db0 flushing nmethod 0x000002ae5ceb2690
Event: 33.508 Thread 0x000002ae77053db0 flushing nmethod 0x000002ae5ceb8c90
Event: 33.509 Thread 0x000002ae77053db0 flushing nmethod 0x000002ae5cf6ee90
Event: 33.514 Thread 0x000002ae77053db0 flushing nmethod 0x000002ae5d31e190
Event: 33.514 Thread 0x000002ae77053db0 flushing nmethod 0x000002ae5d398d90
Event: 33.517 Thread 0x000002ae77053db0 flushing nmethod 0x000002ae5d5f4a10


Dynamic libraries:
0x00007ff606a50000 - 0x00007ff606a5a000 	C:\Program Files\Android\Android Studio\jbr\bin\java.exe
0x00007ffb24b70000 - 0x00007ffb24d87000 	C:\WINDOWS\SYSTEM32\ntdll.dll
0x00007ffb24300000 - 0x00007ffb243c4000 	C:\WINDOWS\System32\KERNEL32.DLL
0x00007ffb222c0000 - 0x00007ffb22667000 	C:\WINDOWS\System32\KERNELBASE.dll
0x00007ffb22030000 - 0x00007ffb22141000 	C:\WINDOWS\System32\ucrtbase.dll
0x00007ffb09820000 - 0x00007ffb09837000 	C:\Program Files\Android\Android Studio\jbr\bin\jli.dll
0x00007ffaec120000 - 0x00007ffaec13b000 	C:\Program Files\Android\Android Studio\jbr\bin\VCRUNTIME140.dll
0x00007ffb245f0000 - 0x00007ffb2479e000 	C:\WINDOWS\System32\USER32.dll
0x00007ffb0a3c0000 - 0x00007ffb0a653000 	C:\WINDOWS\WinSxS\amd64_microsoft.windows.common-controls_6595b64144ccf1df_6.0.22621.3527_none_270e469b73872a76\COMCTL32.dll
0x00007ffb22870000 - 0x00007ffb22896000 	C:\WINDOWS\System32\win32u.dll
0x00007ffb24a80000 - 0x00007ffb24b27000 	C:\WINDOWS\System32\msvcrt.dll
0x00007ffb248a0000 - 0x00007ffb248c9000 	C:\WINDOWS\System32\GDI32.dll
0x00007ffb21f10000 - 0x00007ffb22029000 	C:\WINDOWS\System32\gdi32full.dll
0x00007ffb22670000 - 0x00007ffb2270a000 	C:\WINDOWS\System32\msvcp_win.dll
0x00007ffb23180000 - 0x00007ffb231b1000 	C:\WINDOWS\System32\IMM32.DLL
0x00007ffb01f10000 - 0x00007ffb01f1c000 	C:\Program Files\Android\Android Studio\jbr\bin\vcruntime140_1.dll
0x00007ffae90b0000 - 0x00007ffae913d000 	C:\Program Files\Android\Android Studio\jbr\bin\msvcp140.dll
0x00007ffa7aef0000 - 0x00007ffa7bb73000 	C:\Program Files\Android\Android Studio\jbr\bin\server\jvm.dll
0x00007ffb230c0000 - 0x00007ffb23172000 	C:\WINDOWS\System32\ADVAPI32.dll
0x00007ffb243d0000 - 0x00007ffb24478000 	C:\WINDOWS\System32\sechost.dll
0x00007ffb22840000 - 0x00007ffb22868000 	C:\WINDOWS\System32\bcrypt.dll
0x00007ffb233d0000 - 0x00007ffb234e5000 	C:\WINDOWS\System32\RPCRT4.dll
0x00007ffb1b8a0000 - 0x00007ffb1b8d4000 	C:\WINDOWS\SYSTEM32\WINMM.dll
0x00007ffb0b7a0000 - 0x00007ffb0b7a9000 	C:\WINDOWS\SYSTEM32\WSOCK32.dll
0x00007ffb1a800000 - 0x00007ffb1a80a000 	C:\WINDOWS\SYSTEM32\VERSION.dll
0x00007ffb20d10000 - 0x00007ffb20d5d000 	C:\WINDOWS\SYSTEM32\POWRPROF.dll
0x00007ffb24280000 - 0x00007ffb242f1000 	C:\WINDOWS\System32\WS2_32.dll
0x00007ffb20cf0000 - 0x00007ffb20d03000 	C:\WINDOWS\SYSTEM32\UMPDC.dll
0x00007ffb20fa0000 - 0x00007ffb20fb8000 	C:\WINDOWS\SYSTEM32\kernel.appcore.dll
0x00007ffafe380000 - 0x00007ffafe38a000 	C:\Program Files\Android\Android Studio\jbr\bin\jimage.dll
0x00007ffb1f880000 - 0x00007ffb1fab3000 	C:\WINDOWS\SYSTEM32\DBGHELP.DLL
0x00007ffb22b70000 - 0x00007ffb22ef8000 	C:\WINDOWS\System32\combase.dll
0x00007ffb247c0000 - 0x00007ffb24897000 	C:\WINDOWS\System32\OLEAUT32.dll
0x00007ffb17ea0000 - 0x00007ffb17ed2000 	C:\WINDOWS\SYSTEM32\dbgcore.DLL
0x00007ffb21e90000 - 0x00007ffb21f09000 	C:\WINDOWS\System32\bcryptPrimitives.dll
0x00007ffaead50000 - 0x00007ffaead75000 	C:\Program Files\Android\Android Studio\jbr\bin\java.dll
0x00007ffaeaf80000 - 0x00007ffaeaf98000 	C:\Program Files\Android\Android Studio\jbr\bin\zip.dll
0x00007ffb234f0000 - 0x00007ffb23d4c000 	C:\WINDOWS\System32\SHELL32.dll
0x00007ffb1fc80000 - 0x00007ffb20576000 	C:\WINDOWS\SYSTEM32\windows.storage.dll
0x00007ffb205a0000 - 0x00007ffb206de000 	C:\WINDOWS\SYSTEM32\wintypes.dll
0x00007ffb244e0000 - 0x00007ffb245d5000 	C:\WINDOWS\System32\SHCORE.dll
0x00007ffb231c0000 - 0x00007ffb2321e000 	C:\WINDOWS\System32\shlwapi.dll
0x00007ffb21dc0000 - 0x00007ffb21de1000 	C:\WINDOWS\SYSTEM32\profapi.dll
0x00007ffaead30000 - 0x00007ffaead49000 	C:\Program Files\Android\Android Studio\jbr\bin\net.dll
0x00007ffb1c670000 - 0x00007ffb1c7a6000 	C:\WINDOWS\SYSTEM32\WINHTTP.dll
0x00007ffb21410000 - 0x00007ffb21479000 	C:\WINDOWS\system32\mswsock.dll
0x00007ffae9090000 - 0x00007ffae90a6000 	C:\Program Files\Android\Android Studio\jbr\bin\nio.dll
0x00007ffb02870000 - 0x00007ffb02880000 	C:\Program Files\Android\Android Studio\jbr\bin\verify.dll

dbghelp: loaded successfully - version: 4.0.5 - missing functions: none
symbol engine: initialized successfully - sym options: 0x614 - pdb path: .;C:\Program Files\Android\Android Studio\jbr\bin;C:\WINDOWS\SYSTEM32;C:\WINDOWS\WinSxS\amd64_microsoft.windows.common-controls_6595b64144ccf1df_6.0.22621.3527_none_270e469b73872a76;C:\Program Files\Android\Android Studio\jbr\bin\server

VM Arguments:
java_command: org.jetbrains.kotlin.cli.jvm.K2JVMCompiler @C:\Users\marco\Downloads\Smart-Safe-App\node_modules\expo-modules-core\android\build\20240521_18217805353625534985.compiler.options
java_class_path (initial): C:\Users\marco\.gradle\caches\modules-2\files-2.1\org.jetbrains.kotlin\kotlin-compiler-embeddable\1.9.22\9cd4dc7773cf2a99ecd961a88fbbc9a2da3fb5e1\kotlin-compiler-embeddable-1.9.22.jar;C:\Users\marco\.gradle\caches\modules-2\files-2.1\org.jetbrains.kotlin\kotlin-stdlib\1.9.22\d6c44cd08d8f3f9bece8101216dbe6553365c6e3\kotlin-stdlib-1.9.22.jar;C:\Users\marco\.gradle\caches\modules-2\files-2.1\org.jetbrains.kotlin\kotlin-script-runtime\1.9.22\f8139a46fc677ec9badc49ae954392f4f5e7e7c7\kotlin-script-runtime-1.9.22.jar;C:\Users\marco\.gradle\caches\modules-2\files-2.1\org.jetbrains.kotlin\kotlin-reflect\1.6.10\1cbe9c92c12a94eea200d23c2bbaedaf3daf5132\kotlin-reflect-1.6.10.jar;C:\Users\marco\.gradle\caches\modules-2\files-2.1\org.jetbrains.kotlin\kotlin-daemon-embeddable\1.9.22\20e2c5df715f3240c765cfc222530e2796542021\kotlin-daemon-embeddable-1.9.22.jar;C:\Users\marco\.gradle\caches\modules-2\files-2.1\org.jetbrains.intellij.deps\trove4j\1.0.20200330\3afb14d5f9ceb459d724e907a21145e8ff394f02\trove4j-1.0.20200330.jar;C:\Users\marco\.gradle\caches\modules-2\files-2.1\org.jetbrains\annotations\13.0\919f0dfe192fb4e063e7dacadee7f8bb9a2672a9\annotations-13.0.jar
Launcher Type: SUN_STANDARD

[Global flags]
     intx CICompilerCount                          = 12                                        {product} {ergonomic}
     uint ConcGCThreads                            = 3                                         {product} {ergonomic}
     uint G1ConcRefinementThreads                  = 13                                        {product} {ergonomic}
   size_t G1HeapRegionSize                         = 1048576                                   {product} {ergonomic}
    uintx GCDrainStackTargetSize                   = 64                                        {product} {ergonomic}
   size_t InitialHeapSize                          = 123731968                                 {product} {ergonomic}
   size_t MarkStackSize                            = 4194304                                   {product} {ergonomic}
   size_t MaxHeapSize                              = 1979711488                                {product} {ergonomic}
   size_t MaxNewSize                               = 1186988032                                {product} {ergonomic}
   size_t MinHeapDeltaBytes                        = 1048576                                   {product} {ergonomic}
   size_t MinHeapSize                              = 8388608                                   {product} {ergonomic}
    uintx NonNMethodCodeHeapSize                   = 7602480                                {pd product} {ergonomic}
    uintx NonProfiledCodeHeapSize                  = 122027880                              {pd product} {ergonomic}
    uintx ProfiledCodeHeapSize                     = 122027880                              {pd product} {ergonomic}
    uintx ReservedCodeCacheSize                    = 251658240                              {pd product} {ergonomic}
     bool SegmentedCodeCache                       = true                                      {product} {ergonomic}
   size_t SoftMaxHeapSize                          = 1979711488                             {manageable} {ergonomic}
     bool UseCompressedClassPointers               = true                           {product lp64_product} {ergonomic}
     bool UseCompressedOops                        = true                           {product lp64_product} {ergonomic}
     bool UseG1GC                                  = true                                      {product} {ergonomic}
     bool UseLargePagesIndividualAllocation        = false                                  {pd product} {ergonomic}

Logging:
Log output configuration:
 #0: stdout all=warning uptime,level,tags
 #1: stderr all=off uptime,level,tags

Environment Variables:
JAVA_HOME=C:\Program Files\Android\Android Studio\jbr
CLASSPATH=C:\Users\marco\Downloads\Smart-Safe-App\android\\gradle\wrapper\gradle-wrapper.jar
PATH=C:\Users\marco\Downloads\Smart-Safe-App\node_modules\.bin;C:\Users\marco\Downloads\node_modules\.bin;C:\Users\marco\node_modules\.bin;C:\Users\node_modules\.bin;C:\node_modules\.bin;C:\Users\marco\AppData\Roaming\npm\node_modules\npm\node_modules\@npmcli\run-script\lib\node-gyp-bin;C:\Program Files\PowerShell\7;C:\Program Files (x86)\Common Files\Oracle\Java\java8path;C:\Program Files (x86)\Common Files\Oracle\Java\javapath;C:\Windows\system32;C:\Windows;C:\Windows\System32\Wbem;C:\Windows\System32\WindowsPowerShell\v1.0\;C:\Windows\System32\OpenSSH\;C:\Program Files (x86)\NVIDIA Corporation\PhysX\Common;C:\Program Files\NVIDIA Corporation\NVIDIA NvDLISR;C:\WINDOWS\system32;C:\WINDOWS;C:\WINDOWS\System32\Wbem;C:\WINDOWS\System32\WindowsPowerShell\v1.0\;C:\WINDOWS\System32\OpenSSH\;C:\Program Files\Git\cmd;C:\Program Files\nodejs\;C:\Users\marco\AppData\Local\Android\Sdk\platform-tools;C:\Program Files\PowerShell\7\;C:\tizen-studio\tools\ide\bin;C:\Users\marco\AppData\Local\Programs\Python\Python311\Scripts\;C:\Users\marco\AppData\Local\Programs\Python\Python311\;C:\Users\marco\AppData\Local\Microsoft\WindowsApps;C:\Users\marco\AppData\Local\Programs\Microsoft VS Code\bin;C:\Users\marco\AppData\Roaming\npm;C:\SrcFlt\flutter\bin;
USERNAME=marco
LANG=en_US.UTF-8
OS=Windows_NT
PROCESSOR_IDENTIFIER=AMD64 Family 23 Model 96 Stepping 1, AuthenticAMD
TMP=C:\Users\marco\AppData\Local\Temp
TEMP=C:\Users\marco\AppData\Local\Temp



Periodic native trim disabled

JNI global refs:
JNI global refs: 19, weak refs: 47

JNI global refs memory usage: 843, weak refs: 1473

OOME stack traces (most recent first):
Classloader memory used:
Loader jdk.internal.loader.ClassLoaders$AppClassLoader                                 : 6877K
Loader bootstrap                                                                       : 1376K
Loader jdk.internal.reflect.DelegatingClassLoader                                      : 24829B


---------------  S Y S T E M  ---------------

OS:
 Windows 11 , 64 bit Build 22621 (10.0.22621.3527)
OS uptime: 3 days 3:32 hours

CPU: total 16 (initial active 16) (16 cores per cpu, 2 threads per core) family 23 model 96 stepping 1 microcode 0x0, cx8, cmov, fxsr, ht, mmx, 3dnowpref, sse, sse2, sse3, ssse3, sse4a, sse4.1, sse4.2, popcnt, lzcnt, tsc, tscinvbit, avx, avx2, aes, clmul, bmi1, bmi2, adx, sha, fma, vzeroupper, clflush, clflushopt
Processor Information for all 16 processors :
  Max Mhz: 2900, Current Mhz: 2900, Mhz Limit: 2900

Memory: 4k page, system-wide physical 7549M (194M free)
TotalPageFile size 31101M (AvailPageFile size 41M)
current process WorkingSet (physical memory assigned to process): 248M, peak: 343M
current process commit charge ("private bytes"): 480M, peak: 527M

vm_info: OpenJDK 64-Bit Server VM (17.0.9+0--11185874) for windows-amd64 JRE (17.0.9+0--11185874), built on Dec  6 2023 18:57:44 by "androidbuild" with MS VC++ 16.10 / 16.11 (VS2019)

END.
