#
# There is insufficient memory for the Java Runtime Environment to continue.
# Native memory allocation (mmap) failed to map 14680064 bytes for G1 virtual space
# Possible reasons:
#   The system is out of physical RAM or swap space
#   The process is running with CompressedOops enabled, and the Java Heap may be blocking the growth of the native heap
# Possible solutions:
#   Reduce memory load on the system
#   Increase physical memory or swap space
#   Check if swap backing store is full
#   Decrease Java heap size (-Xmx/-Xms)
#   Decrease number of Java threads
#   Decrease Java thread stack sizes (-Xss)
#   Set larger code cache with -XX:ReservedCodeCacheSize=
#   JVM is running with Unscaled Compressed Oops mode in which the Java heap is
#     placed in the first 4GB address space. The Java Heap base address is the
#     maximum limit for the native heap growth. Please use -XX:HeapBaseMinAddress
#     to set the Java Heap base and to place the Java Heap above 4GB virtual address.
# This output file may be truncated or incomplete.
#
#  Out of Memory Error (os_windows.cpp:3825), pid=31732, tid=32948
#
# JRE version: OpenJDK Runtime Environment (17.0.9) (build 17.0.9+0--11185874)
# Java VM: OpenJDK 64-Bit Server VM (17.0.9+0--11185874, mixed mode, tiered, compressed oops, compressed class ptrs, g1 gc, windows-amd64)
# No core dump will be written. Minidumps are not enabled by default on client versions of Windows
#

---------------  S U M M A R Y ------------

Command Line: org.jetbrains.kotlin.cli.jvm.K2JVMCompiler @C:\Users\marco\Downloads\Smart-Safe-App\node_modules\react-native-screens\android\build\20240521_13793531596559843586.compiler.options

Host: AMD Ryzen 7 4800H with Radeon Graphics         , 16 cores, 7G,  Windows 11 , 64 bit Build 22621 (10.0.22621.3527)
Time: Tue May 21 18:15:01 2024 Hora Padrão de Buenos Aires elapsed time: 9.600408 seconds (0d 0h 0m 9s)

---------------  T H R E A D  ---------------

Current thread (0x000002077797c0b0):  VMThread "VM Thread" [stack: 0x000000196e500000,0x000000196e600000] [id=32948]

Stack: [0x000000196e500000,0x000000196e600000]
Native frames: (J=compiled Java code, j=interpreted, Vv=VM code, C=native code)
V  [jvm.dll+0x6886e9]
V  [jvm.dll+0x841e4a]
V  [jvm.dll+0x843a8e]
V  [jvm.dll+0x8440f3]
V  [jvm.dll+0x24c14f]
V  [jvm.dll+0x685499]
V  [jvm.dll+0x679c2a]
V  [jvm.dll+0x30cf9b]
V  [jvm.dll+0x314446]
V  [jvm.dll+0x36425e]
V  [jvm.dll+0x36448f]
V  [jvm.dll+0x2e2d68]
V  [jvm.dll+0x2e0f44]
V  [jvm.dll+0x2e054c]
V  [jvm.dll+0x3253fb]
V  [jvm.dll+0x8487eb]
V  [jvm.dll+0x849531]
V  [jvm.dll+0x849a4d]
V  [jvm.dll+0x849e24]
V  [jvm.dll+0x849ef0]
V  [jvm.dll+0x7f06aa]
V  [jvm.dll+0x687565]
C  [ucrtbase.dll+0x29333]
C  [KERNEL32.DLL+0x1257d]
C  [ntdll.dll+0x5aa48]

VM_Operation (0x000000196dffab40): G1CollectForAllocation, mode: safepoint, requested by thread 0x000002075d69fc20


---------------  P R O C E S S  ---------------

Threads class SMR info:
_java_thread_list=0x000002077e76fb60, length=13, elements={
0x000002075d69fc20, 0x00000207779d7ab0, 0x00000207779da840, 0x0000020777b59a20,
0x0000020777b5a5b0, 0x0000020777b5bff0, 0x0000020777b5c8c0, 0x0000020777b5d8d0,
0x0000020777b5e290, 0x0000020777b61360, 0x0000020777cd7430, 0x0000020777ce15d0,
0x0000020777ce96c0
}

Java Threads: ( => current thread )
  0x000002075d69fc20 JavaThread "main" [_thread_blocked, id=4800, stack(0x000000196df00000,0x000000196e000000)]
  0x00000207779d7ab0 JavaThread "Reference Handler" daemon [_thread_blocked, id=15144, stack(0x000000196e600000,0x000000196e700000)]
  0x00000207779da840 JavaThread "Finalizer" daemon [_thread_blocked, id=31208, stack(0x000000196e700000,0x000000196e800000)]
  0x0000020777b59a20 JavaThread "Signal Dispatcher" daemon [_thread_blocked, id=13832, stack(0x000000196e800000,0x000000196e900000)]
  0x0000020777b5a5b0 JavaThread "Attach Listener" daemon [_thread_blocked, id=35836, stack(0x000000196e900000,0x000000196ea00000)]
  0x0000020777b5bff0 JavaThread "Service Thread" daemon [_thread_blocked, id=12188, stack(0x000000196ea00000,0x000000196eb00000)]
  0x0000020777b5c8c0 JavaThread "Monitor Deflation Thread" daemon [_thread_blocked, id=33536, stack(0x000000196eb00000,0x000000196ec00000)]
  0x0000020777b5d8d0 JavaThread "C2 CompilerThread0" daemon [_thread_blocked, id=32760, stack(0x000000196ec00000,0x000000196ed00000)]
  0x0000020777b5e290 JavaThread "C1 CompilerThread0" daemon [_thread_blocked, id=33600, stack(0x000000196ed00000,0x000000196ee00000)]
  0x0000020777b61360 JavaThread "Sweeper thread" daemon [_thread_blocked, id=35096, stack(0x000000196ee00000,0x000000196ef00000)]
  0x0000020777cd7430 JavaThread "C1 CompilerThread1" daemon [_thread_blocked, id=3060, stack(0x000000196ef00000,0x000000196f000000)]
  0x0000020777ce15d0 JavaThread "Notification Thread" daemon [_thread_blocked, id=9432, stack(0x000000196f000000,0x000000196f100000)]
  0x0000020777ce96c0 JavaThread "Common-Cleaner" daemon [_thread_blocked, id=10464, stack(0x000000196f200000,0x000000196f300000)]

Other Threads:
=>0x000002077797c0b0 VMThread "VM Thread" [stack: 0x000000196e500000,0x000000196e600000] [id=32948]
  0x0000020777ce1ab0 WatcherThread [stack: 0x000000196f100000,0x000000196f200000] [id=16864]
  0x000002075d6f7fa0 GCTaskThread "GC Thread#0" [stack: 0x000000196e000000,0x000000196e100000] [id=13124]
  0x000002077c4ce680 GCTaskThread "GC Thread#1" [stack: 0x000000196f600000,0x000000196f700000] [id=25788]
  0x000002077c50ff20 GCTaskThread "GC Thread#2" [stack: 0x000000196f700000,0x000000196f800000] [id=18972]
  0x000002077c5101e0 GCTaskThread "GC Thread#3" [stack: 0x000000196f800000,0x000000196f900000] [id=31940]
  0x000002077c5124b0 GCTaskThread "GC Thread#4" [stack: 0x000000196f900000,0x000000196fa00000] [id=32600]
  0x000002077c512d80 GCTaskThread "GC Thread#5" [stack: 0x000000196fa00000,0x000000196fb00000] [id=32124]
  0x000002077c84e450 GCTaskThread "GC Thread#6" [stack: 0x000000196fb00000,0x000000196fc00000] [id=17056]
  0x000002077c7a4c00 GCTaskThread "GC Thread#7" [stack: 0x000000196fc00000,0x000000196fd00000] [id=35236]
  0x000002077cacd130 GCTaskThread "GC Thread#8" [stack: 0x000000196ff00000,0x0000001970000000] [id=14980]
  0x000002077caccbb0 GCTaskThread "GC Thread#9" [stack: 0x000000196f300000,0x000000196f400000] [id=33480]
  0x000002077cacd6b0 GCTaskThread "GC Thread#10" [stack: 0x0000001970200000,0x0000001970300000] [id=29576]
  0x000002077cacc630 GCTaskThread "GC Thread#11" [stack: 0x0000001970300000,0x0000001970400000] [id=14592]
  0x000002077cacd3f0 GCTaskThread "GC Thread#12" [stack: 0x0000001970400000,0x0000001970500000] [id=5124]
  0x000002075d707af0 ConcurrentGCThread "G1 Main Marker" [stack: 0x000000196e100000,0x000000196e200000] [id=30476]
  0x000002075d708cb0 ConcurrentGCThread "G1 Conc#0" [stack: 0x000000196e200000,0x000000196e300000] [id=34516]
  0x000002077c86afe0 ConcurrentGCThread "G1 Conc#1" [stack: 0x000000196fd00000,0x000000196fe00000] [id=6552]
  0x000002077c86b2a0 ConcurrentGCThread "G1 Conc#2" [stack: 0x000000196fe00000,0x000000196ff00000] [id=35452]
  0x0000020777826530 ConcurrentGCThread "G1 Refine#0" [stack: 0x000000196e300000,0x000000196e400000] [id=24488]
  0x000002077cb9d5b0 ConcurrentGCThread "G1 Refine#1" [stack: 0x0000001970000000,0x0000001970100000] [id=25056]
  0x0000020777826d70 ConcurrentGCThread "G1 Service" [stack: 0x000000196e400000,0x000000196e500000] [id=16732]

Threads with active compile tasks:
C2 CompilerThread0     9677 4359       4       org.jetbrains.org.objectweb.asm.ClassReader::readMethod (1061 bytes)

VM state: at safepoint (normal execution)

VM Mutex/Monitor currently owned by a thread:  ([mutex/lock_event])
[0x000002075d69c880] Threads_lock - owner thread: 0x000002077797c0b0
[0x000002075d69ca30] Heap_lock - owner thread: 0x000002075d69fc20

Heap address: 0x000000008a000000, size: 1888 MB, Compressed Oops mode: 32-bit

CDS archive(s) not mapped
Compressed class space mapped at: 0x0000000100000000-0x0000000140000000, reserved size: 1073741824
Narrow klass base: 0x0000000000000000, Narrow klass shift: 3, Narrow klass range: 0x140000000

GC Precious Log:
 CPUs: 16 total, 16 available
 Memory: 7549M
 Large Page Support: Disabled
 NUMA Support: Disabled
 Compressed Oops: Enabled (32-bit)
 Heap Region Size: 1M
 Heap Min Capacity: 8M
 Heap Initial Capacity: 118M
 Heap Max Capacity: 1888M
 Pre-touch: Disabled
 Parallel Workers: 13
 Concurrent Workers: 3
 Concurrent Refinement Workers: 13
 Periodic GC: Disabled

Heap:
 garbage-first heap   total 71680K, used 31690K [0x000000008a000000, 0x0000000100000000)
  region size 1024K, 2 young (2048K), 2 survivors (2048K)
 Metaspace       used 49340K, committed 49600K, reserved 1114112K
  class space    used 5955K, committed 6080K, reserved 1048576K

Heap Regions: E=young(eden), S=young(survivor), O=old, HS=humongous(starts), HC=humongous(continues), CS=collection set, F=free, OA=open archive, CA=closed archive, TAMS=top-at-mark-start (previous, next)
|   0|0x000000008a000000, 0x000000008a100000, 0x000000008a100000|100%|HS|  |TAMS 0x000000008a100000, 0x000000008a000000| Complete 
|   1|0x000000008a100000, 0x000000008a200000, 0x000000008a200000|100%|HC|  |TAMS 0x000000008a200000, 0x000000008a100000| Complete 
|   2|0x000000008a200000, 0x000000008a300000, 0x000000008a300000|100%|HC|  |TAMS 0x000000008a300000, 0x000000008a200000| Complete 
|   3|0x000000008a300000, 0x000000008a400000, 0x000000008a400000|100%|HC|  |TAMS 0x000000008a400000, 0x000000008a300000| Complete 
|   4|0x000000008a400000, 0x000000008a500000, 0x000000008a500000|100%| O|  |TAMS 0x000000008a500000, 0x000000008a400000| Untracked 
|   5|0x000000008a500000, 0x000000008a600000, 0x000000008a600000|100%| O|  |TAMS 0x000000008a600000, 0x000000008a500000| Untracked 
|   6|0x000000008a600000, 0x000000008a700000, 0x000000008a700000|100%| O|  |TAMS 0x000000008a700000, 0x000000008a600000| Untracked 
|   7|0x000000008a700000, 0x000000008a800000, 0x000000008a800000|100%| O|  |TAMS 0x000000008a800000, 0x000000008a700000| Untracked 
|   8|0x000000008a800000, 0x000000008a900000, 0x000000008a900000|100%| O|  |TAMS 0x000000008a900000, 0x000000008a800000| Untracked 
|   9|0x000000008a900000, 0x000000008aa00000, 0x000000008aa00000|100%| O|  |TAMS 0x000000008aa00000, 0x000000008a900000| Untracked 
|  10|0x000000008aa00000, 0x000000008ab00000, 0x000000008ab00000|100%| O|  |TAMS 0x000000008ab00000, 0x000000008aa00000| Untracked 
|  11|0x000000008ab00000, 0x000000008ac00000, 0x000000008ac00000|100%| O|  |TAMS 0x000000008ac00000, 0x000000008ab00000| Untracked 
|  12|0x000000008ac00000, 0x000000008ac2c800, 0x000000008ad00000| 17%| O|  |TAMS 0x000000008ac2c800, 0x000000008ac00000| Untracked 
|  13|0x000000008ad00000, 0x000000008ae00000, 0x000000008ae00000|100%| O|  |TAMS 0x000000008ad00000, 0x000000008ad00000| Untracked 
|  14|0x000000008ae00000, 0x000000008af00000, 0x000000008af00000|100%| O|  |TAMS 0x000000008af00000, 0x000000008ae00000| Untracked 
|  15|0x000000008af00000, 0x000000008b000000, 0x000000008b000000|100%| O|  |TAMS 0x000000008b000000, 0x000000008af00000| Untracked 
|  16|0x000000008b000000, 0x000000008b100000, 0x000000008b100000|100%| O|  |TAMS 0x000000008b100000, 0x000000008b000000| Untracked 
|  17|0x000000008b100000, 0x000000008b200000, 0x000000008b200000|100%|HS|  |TAMS 0x000000008b100000, 0x000000008b100000| Complete 
|  18|0x000000008b200000, 0x000000008b300000, 0x000000008b300000|100%|HC|  |TAMS 0x000000008b200000, 0x000000008b200000| Complete 
|  19|0x000000008b300000, 0x000000008b400000, 0x000000008b400000|100%| O|  |TAMS 0x000000008b300000, 0x000000008b300000| Untracked 
|  20|0x000000008b400000, 0x000000008b500000, 0x000000008b500000|100%| O|  |TAMS 0x000000008b400000, 0x000000008b400000| Untracked 
|  21|0x000000008b500000, 0x000000008b600000, 0x000000008b600000|100%| O|  |TAMS 0x000000008b500000, 0x000000008b500000| Untracked 
|  22|0x000000008b600000, 0x000000008b700000, 0x000000008b700000|100%| O|  |TAMS 0x000000008b600000, 0x000000008b600000| Untracked 
|  23|0x000000008b700000, 0x000000008b800000, 0x000000008b800000|100%| O|  |TAMS 0x000000008b700000, 0x000000008b700000| Untracked 
|  24|0x000000008b800000, 0x000000008b900000, 0x000000008b900000|100%| O|  |TAMS 0x000000008b800000, 0x000000008b800000| Untracked 
|  25|0x000000008b900000, 0x000000008b900000, 0x000000008ba00000|  0%| F|  |TAMS 0x000000008b900000, 0x000000008b900000| Untracked 
|  26|0x000000008ba00000, 0x000000008bb00000, 0x000000008bb00000|100%| O|  |TAMS 0x000000008ba00000, 0x000000008ba00000| Untracked 
|  27|0x000000008bb00000, 0x000000008bc00000, 0x000000008bc00000|100%| O|  |TAMS 0x000000008bb00000, 0x000000008bb00000| Untracked 
|  28|0x000000008bc00000, 0x000000008bd00000, 0x000000008bd00000|100%| O|  |TAMS 0x000000008bc00000, 0x000000008bc00000| Untracked 
|  29|0x000000008bd00000, 0x000000008bdc6200, 0x000000008be00000| 77%| O|  |TAMS 0x000000008bd00000, 0x000000008bd00000| Untracked 
|  30|0x000000008be00000, 0x000000008be00000, 0x000000008bf00000|  0%| F|  |TAMS 0x000000008be00000, 0x000000008be00000| Untracked 
|  31|0x000000008bf00000, 0x000000008bf00000, 0x000000008c000000|  0%| F|  |TAMS 0x000000008bf00000, 0x000000008bf00000| Untracked 
|  32|0x000000008c000000, 0x000000008c000000, 0x000000008c100000|  0%| F|  |TAMS 0x000000008c000000, 0x000000008c000000| Untracked 
|  33|0x000000008c100000, 0x000000008c100000, 0x000000008c200000|  0%| F|  |TAMS 0x000000008c100000, 0x000000008c100000| Untracked 
|  34|0x000000008c200000, 0x000000008c200000, 0x000000008c300000|  0%| F|  |TAMS 0x000000008c200000, 0x000000008c200000| Untracked 
|  35|0x000000008c300000, 0x000000008c300000, 0x000000008c400000|  0%| F|  |TAMS 0x000000008c300000, 0x000000008c300000| Untracked 
|  36|0x000000008c400000, 0x000000008c400000, 0x000000008c500000|  0%| F|  |TAMS 0x000000008c400000, 0x000000008c400000| Untracked 
|  37|0x000000008c500000, 0x000000008c500000, 0x000000008c600000|  0%| F|  |TAMS 0x000000008c500000, 0x000000008c500000| Untracked 
|  38|0x000000008c600000, 0x000000008c600000, 0x000000008c700000|  0%| F|  |TAMS 0x000000008c600000, 0x000000008c600000| Untracked 
|  39|0x000000008c700000, 0x000000008c700000, 0x000000008c800000|  0%| F|  |TAMS 0x000000008c700000, 0x000000008c700000| Untracked 
|  40|0x000000008c800000, 0x000000008c900000, 0x000000008c900000|100%| S|CS|TAMS 0x000000008c800000, 0x000000008c800000| Complete 
|  41|0x000000008c900000, 0x000000008c900000, 0x000000008ca00000|  0%| F|  |TAMS 0x000000008c900000, 0x000000008c900000| Untracked 
|  42|0x000000008ca00000, 0x000000008ca00000, 0x000000008cb00000|  0%| F|  |TAMS 0x000000008ca00000, 0x000000008ca00000| Untracked 
|  43|0x000000008cb00000, 0x000000008cb00000, 0x000000008cc00000|  0%| F|  |TAMS 0x000000008cb00000, 0x000000008cb00000| Untracked 
|  44|0x000000008cc00000, 0x000000008cc00000, 0x000000008cd00000|  0%| F|  |TAMS 0x000000008cc00000, 0x000000008cc00000| Untracked 
|  45|0x000000008cd00000, 0x000000008ce00000, 0x000000008ce00000|100%| S|CS|TAMS 0x000000008cd00000, 0x000000008cd00000| Complete 
|  46|0x000000008ce00000, 0x000000008ce00000, 0x000000008cf00000|  0%| F|  |TAMS 0x000000008ce00000, 0x000000008ce00000| Untracked 
|  47|0x000000008cf00000, 0x000000008cf00000, 0x000000008d000000|  0%| F|  |TAMS 0x000000008cf00000, 0x000000008cf00000| Untracked 
|  48|0x000000008d000000, 0x000000008d000000, 0x000000008d100000|  0%| F|  |TAMS 0x000000008d000000, 0x000000008d000000| Untracked 
|  49|0x000000008d100000, 0x000000008d100000, 0x000000008d200000|  0%| F|  |TAMS 0x000000008d100000, 0x000000008d100000| Untracked 
|  50|0x000000008d200000, 0x000000008d200000, 0x000000008d300000|  0%| F|  |TAMS 0x000000008d200000, 0x000000008d200000| Untracked 
|  51|0x000000008d300000, 0x000000008d300000, 0x000000008d400000|  0%| F|  |TAMS 0x000000008d300000, 0x000000008d300000| Untracked 
|  52|0x000000008d400000, 0x000000008d400000, 0x000000008d500000|  0%| F|  |TAMS 0x000000008d400000, 0x000000008d400000| Untracked 
|  53|0x000000008d500000, 0x000000008d500000, 0x000000008d600000|  0%| F|  |TAMS 0x000000008d500000, 0x000000008d500000| Untracked 
|  54|0x000000008d600000, 0x000000008d600000, 0x000000008d700000|  0%| F|  |TAMS 0x000000008d600000, 0x000000008d600000| Untracked 
|  55|0x000000008d700000, 0x000000008d700000, 0x000000008d800000|  0%| F|  |TAMS 0x000000008d700000, 0x000000008d700000| Untracked 
|  56|0x000000008d800000, 0x000000008d800000, 0x000000008d900000|  0%| F|  |TAMS 0x000000008d800000, 0x000000008d800000| Untracked 
|  57|0x000000008d900000, 0x000000008d900000, 0x000000008da00000|  0%| F|  |TAMS 0x000000008d900000, 0x000000008d900000| Untracked 
|  58|0x000000008da00000, 0x000000008da00000, 0x000000008db00000|  0%| F|  |TAMS 0x000000008da00000, 0x000000008da00000| Untracked 
|  59|0x000000008db00000, 0x000000008db00000, 0x000000008dc00000|  0%| F|  |TAMS 0x000000008db00000, 0x000000008db00000| Untracked 
|  60|0x000000008dc00000, 0x000000008dc00000, 0x000000008dd00000|  0%| F|  |TAMS 0x000000008dc00000, 0x000000008dc00000| Untracked 
|  61|0x000000008dd00000, 0x000000008dd00000, 0x000000008de00000|  0%| F|  |TAMS 0x000000008dd00000, 0x000000008dd00000| Untracked 
|  62|0x000000008de00000, 0x000000008de00000, 0x000000008df00000|  0%| F|  |TAMS 0x000000008de00000, 0x000000008de00000| Untracked 
|  63|0x000000008df00000, 0x000000008df00000, 0x000000008e000000|  0%| F|  |TAMS 0x000000008df00000, 0x000000008df00000| Untracked 
|  64|0x000000008e000000, 0x000000008e000000, 0x000000008e100000|  0%| F|  |TAMS 0x000000008e000000, 0x000000008e000000| Untracked 
|  65|0x000000008e100000, 0x000000008e100000, 0x000000008e200000|  0%| F|  |TAMS 0x000000008e100000, 0x000000008e100000| Untracked 
|  66|0x000000008e200000, 0x000000008e200000, 0x000000008e300000|  0%| F|  |TAMS 0x000000008e200000, 0x000000008e200000| Untracked 
|  91|0x000000008fb00000, 0x000000008fb00000, 0x000000008fc00000|  0%| F|  |TAMS 0x000000008fb00000, 0x000000008fb00000| Untracked 
| 117|0x0000000091500000, 0x0000000091500000, 0x0000000091600000|  0%| F|  |TAMS 0x0000000091500000, 0x0000000091500000| Untracked 
|1887|0x00000000fff00000, 0x0000000100000000, 0x0000000100000000|100%| O|  |TAMS 0x0000000100000000, 0x00000000fff00000| Untracked 

Card table byte_map: [0x00000207707b0000,0x0000020770b60000] _byte_map_base: 0x0000020770360000

Marking Bits (Prev, Next): (CMBitMap*) 0x000002075d6f85c0, (CMBitMap*) 0x000002075d6f8600
 Prev Bits: [0x0000020770f10000, 0x0000020772c90000)
 Next Bits: [0x0000020772c90000, 0x0000020774a10000)

Polling page: 0x000002075b5f0000

Metaspace:

Usage:
  Non-class:     42.37 MB used.
      Class:      5.82 MB used.
       Both:     48.18 MB used.

Virtual space:
  Non-class space:       64.00 MB reserved,      42.50 MB ( 66%) committed,  1 nodes.
      Class space:        1.00 GB reserved,       5.94 MB ( <1%) committed,  1 nodes.
             Both:        1.06 GB reserved,      48.44 MB (  4%) committed. 

Chunk freelists:
   Non-Class:  5.27 MB
       Class:  10.04 MB
        Both:  15.31 MB

MaxMetaspaceSize: unlimited
CompressedClassSpaceSize: 1.00 GB
Initial GC threshold: 21.00 MB
Current GC threshold: 58.69 MB
CDS: off
MetaspaceReclaimPolicy: balanced
 - commit_granule_bytes: 65536.
 - commit_granule_words: 8192.
 - virtual_space_node_default_size: 8388608.
 - enlarge_chunks_in_place: 1.
 - new_chunks_are_fully_committed: 0.
 - uncommit_free_chunks: 1.
 - use_allocation_guard: 0.
 - handle_deallocations: 1.


Internal statistics:

num_allocs_failed_limit: 6.
num_arena_births: 194.
num_arena_deaths: 0.
num_vsnodes_births: 2.
num_vsnodes_deaths: 0.
num_space_committed: 773.
num_space_uncommitted: 0.
num_chunks_returned_to_freelist: 6.
num_chunks_taken_from_freelist: 1656.
num_chunk_merges: 6.
num_chunk_splits: 1354.
num_chunks_enlarged: 1209.
num_inconsistent_stats: 0.

CodeHeap 'non-profiled nmethods': size=119168Kb used=1946Kb max_used=1946Kb free=117221Kb
 bounds [0x0000020768710000, 0x0000020768980000, 0x000002076fb70000]
CodeHeap 'profiled nmethods': size=119104Kb used=9851Kb max_used=9851Kb free=109253Kb
 bounds [0x0000020760b70000, 0x0000020761510000, 0x0000020767fc0000]
CodeHeap 'non-nmethods': size=7488Kb used=1825Kb max_used=3001Kb free=5662Kb
 bounds [0x0000020767fc0000, 0x00000207682c0000, 0x0000020768710000]
 total_blobs=4908 nmethods=4331 adapters=488
 compilation: enabled
              stopped_count=0, restarted_count=0
 full_count=0

Compilation events (20 events):
Event: 9.385 Thread 0x0000020777b5e290 4432       3       org.jetbrains.kotlin.metadata.ProtoBuf$Type::getDefaultInstanceForType (4 bytes)
Event: 9.385 Thread 0x0000020777cd7430 4431       3       org.jetbrains.kotlin.metadata.ProtoBuf$Type::getDefaultInstanceForType (5 bytes)
Event: 9.386 Thread 0x0000020777b5e290 nmethod 4432 0x0000020761503010 code [0x00000207615031a0, 0x00000207615032b8]
Event: 9.386 Thread 0x0000020777cd7430 nmethod 4431 0x0000020761503390 code [0x0000020761503520, 0x0000020761503698]
Event: 9.389 Thread 0x0000020777cd7430 4433       3       org.jetbrains.kotlin.metadata.ProtoBuf$TypeParameter::isInitialized (101 bytes)
Event: 9.390 Thread 0x0000020777cd7430 nmethod 4433 0x0000020761503790 code [0x00000207615039e0, 0x0000020761504438]
Event: 9.395 Thread 0x0000020777b5e290 4436       3       org.jetbrains.kotlin.metadata.ProtoBuf$TypeParameter::writeTo (214 bytes)
Event: 9.398 Thread 0x0000020777b5e290 nmethod 4436 0x0000020761504710 code [0x0000020761504be0, 0x0000020761506de8]
Event: 9.400 Thread 0x0000020777cd7430 4451       3       org.jetbrains.kotlin.metadata.ProtoBuf$Annotation$Argument$Value::writeTo (272 bytes)
Event: 9.400 Thread 0x0000020777b5e290 4452       3       org.jetbrains.kotlin.metadata.ProtoBuf$Annotation$Argument::writeTo (52 bytes)
Event: 9.400 Thread 0x0000020777b5e290 nmethod 4452 0x0000020761507a90 code [0x0000020761507d00, 0x0000020761508578]
Event: 9.401 Thread 0x0000020777cd7430 nmethod 4451 0x0000020761508990 code [0x0000020761508f20, 0x000002076150b538]
Event: 9.404 Thread 0x0000020777b5e290 4456       3       org.jetbrains.kotlin.metadata.jvm.deserialization.UtfEncodingKt::stringsToBytes (173 bytes)
Event: 9.405 Thread 0x0000020777b5e290 nmethod 4456 0x000002076150c490 code [0x000002076150c760, 0x000002076150d758]
Event: 9.406 Thread 0x0000020777b5e290 4457       1       org.jetbrains.kotlin.load.kotlin.JvmPackagePartSource::getClassName (5 bytes)
Event: 9.406 Thread 0x0000020777cd7430 4458       3       org.jetbrains.kotlin.load.kotlin.header.KotlinClassHeader::has (12 bytes)
Event: 9.406 Thread 0x0000020777b5e290 nmethod 4457 0x00000207688f6810 code [0x00000207688f69a0, 0x00000207688f6a78]
Event: 9.406 Thread 0x0000020777cd7430 nmethod 4458 0x000002076150df10 code [0x000002076150e0a0, 0x000002076150e218]
Event: 9.438 Thread 0x0000020777cd7430 4460  s    3       java.io.ByteArrayInputStream::read (73 bytes)
Event: 9.440 Thread 0x0000020777cd7430 nmethod 4460 0x000002076150e290 code [0x000002076150e480, 0x000002076150ea78]

GC Heap History (20 events):
Event: 1.306 GC heap after
{Heap after GC invocations=2 (full 0):
 garbage-first heap   total 120832K, used 7946K [0x000000008a000000, 0x0000000100000000)
  region size 1024K, 2 young (2048K), 2 survivors (2048K)
 Metaspace       used 21345K, committed 21504K, reserved 1114112K
  class space    used 2396K, committed 2496K, reserved 1048576K
}
Event: 1.648 GC heap before
{Heap before GC invocations=3 (full 0):
 garbage-first heap   total 34816K, used 28426K [0x000000008a000000, 0x0000000100000000)
  region size 1024K, 20 young (20480K), 2 survivors (2048K)
 Metaspace       used 22997K, committed 23232K, reserved 1114112K
  class space    used 2781K, committed 2880K, reserved 1048576K
}
Event: 1.668 GC heap after
{Heap after GC invocations=4 (full 0):
 garbage-first heap   total 35840K, used 14126K [0x000000008a000000, 0x0000000100000000)
  region size 1024K, 3 young (3072K), 3 survivors (3072K)
 Metaspace       used 22997K, committed 23232K, reserved 1114112K
  class space    used 2781K, committed 2880K, reserved 1048576K
}
Event: 1.684 GC heap before
{Heap before GC invocations=4 (full 0):
 garbage-first heap   total 35840K, used 15150K [0x000000008a000000, 0x0000000100000000)
  region size 1024K, 4 young (4096K), 3 survivors (3072K)
 Metaspace       used 22997K, committed 23232K, reserved 1114112K
  class space    used 2781K, committed 2880K, reserved 1048576K
}
Event: 1.694 GC heap after
{Heap after GC invocations=5 (full 0):
 garbage-first heap   total 35840K, used 15240K [0x000000008a000000, 0x0000000100000000)
  region size 1024K, 1 young (1024K), 1 survivors (1024K)
 Metaspace       used 22997K, committed 23232K, reserved 1114112K
  class space    used 2781K, committed 2880K, reserved 1048576K
}
Event: 2.233 GC heap before
{Heap before GC invocations=5 (full 0):
 garbage-first heap   total 35840K, used 25480K [0x000000008a000000, 0x0000000100000000)
  region size 1024K, 11 young (11264K), 1 survivors (1024K)
 Metaspace       used 26238K, committed 26432K, reserved 1114112K
  class space    used 3353K, committed 3456K, reserved 1048576K
}
Event: 2.237 GC heap after
{Heap after GC invocations=6 (full 0):
 garbage-first heap   total 35840K, used 15956K [0x000000008a000000, 0x0000000100000000)
  region size 1024K, 2 young (2048K), 2 survivors (2048K)
 Metaspace       used 26238K, committed 26432K, reserved 1114112K
  class space    used 3353K, committed 3456K, reserved 1048576K
}
Event: 2.545 GC heap before
{Heap before GC invocations=6 (full 0):
 garbage-first heap   total 35840K, used 26196K [0x000000008a000000, 0x0000000100000000)
  region size 1024K, 12 young (12288K), 2 survivors (2048K)
 Metaspace       used 28516K, committed 28672K, reserved 1114112K
  class space    used 3589K, committed 3648K, reserved 1048576K
}
Event: 2.553 GC heap after
{Heap after GC invocations=7 (full 0):
 garbage-first heap   total 35840K, used 15246K [0x000000008a000000, 0x0000000100000000)
  region size 1024K, 2 young (2048K), 2 survivors (2048K)
 Metaspace       used 28516K, committed 28672K, reserved 1114112K
  class space    used 3589K, committed 3648K, reserved 1048576K
}
Event: 2.982 GC heap before
{Heap before GC invocations=7 (full 0):
 garbage-first heap   total 35840K, used 26510K [0x000000008a000000, 0x0000000100000000)
  region size 1024K, 13 young (13312K), 2 survivors (2048K)
 Metaspace       used 30904K, committed 31104K, reserved 1114112K
  class space    used 3860K, committed 3904K, reserved 1048576K
}
Event: 2.988 GC heap after
{Heap after GC invocations=8 (full 0):
 garbage-first heap   total 35840K, used 16703K [0x000000008a000000, 0x0000000100000000)
  region size 1024K, 2 young (2048K), 2 survivors (2048K)
 Metaspace       used 30904K, committed 31104K, reserved 1114112K
  class space    used 3860K, committed 3904K, reserved 1048576K
}
Event: 3.269 GC heap before
{Heap before GC invocations=8 (full 0):
 garbage-first heap   total 35840K, used 24895K [0x000000008a000000, 0x0000000100000000)
  region size 1024K, 11 young (11264K), 2 survivors (2048K)
 Metaspace       used 32623K, committed 32896K, reserved 1114112K
  class space    used 4023K, committed 4160K, reserved 1048576K
}
Event: 3.275 GC heap after
{Heap after GC invocations=9 (full 0):
 garbage-first heap   total 72704K, used 17714K [0x000000008a000000, 0x0000000100000000)
  region size 1024K, 2 young (2048K), 2 survivors (2048K)
 Metaspace       used 32623K, committed 32896K, reserved 1114112K
  class space    used 4023K, committed 4160K, reserved 1048576K
}
Event: 3.679 GC heap before
{Heap before GC invocations=9 (full 0):
 garbage-first heap   total 72704K, used 33074K [0x000000008a000000, 0x0000000100000000)
  region size 1024K, 18 young (18432K), 2 survivors (2048K)
 Metaspace       used 35782K, committed 35968K, reserved 1114112K
  class space    used 4306K, committed 4416K, reserved 1048576K
}
Event: 3.687 GC heap after
{Heap after GC invocations=10 (full 0):
 garbage-first heap   total 72704K, used 18835K [0x000000008a000000, 0x0000000100000000)
  region size 1024K, 3 young (3072K), 3 survivors (3072K)
 Metaspace       used 35782K, committed 35968K, reserved 1114112K
  class space    used 4306K, committed 4416K, reserved 1048576K
}
Event: 5.149 GC heap before
{Heap before GC invocations=11 (full 0):
 garbage-first heap   total 71680K, used 53651K [0x000000008a000000, 0x0000000100000000)
  region size 1024K, 35 young (35840K), 3 survivors (3072K)
 Metaspace       used 42282K, committed 42496K, reserved 1114112K
  class space    used 5032K, committed 5120K, reserved 1048576K
}
Event: 5.169 GC heap after
{Heap after GC invocations=12 (full 0):
 garbage-first heap   total 71680K, used 25679K [0x000000008a000000, 0x0000000100000000)
  region size 1024K, 5 young (5120K), 5 survivors (5120K)
 Metaspace       used 42282K, committed 42496K, reserved 1114112K
  class space    used 5032K, committed 5120K, reserved 1048576K
}
Event: 7.013 GC heap before
{Heap before GC invocations=12 (full 0):
 garbage-first heap   total 71680K, used 49231K [0x000000008a000000, 0x0000000100000000)
  region size 1024K, 29 young (29696K), 5 survivors (5120K)
 Metaspace       used 48321K, committed 48576K, reserved 1114112K
  class space    used 5840K, committed 5952K, reserved 1048576K
}
Event: 7.033 GC heap after
{Heap after GC invocations=13 (full 0):
 garbage-first heap   total 71680K, used 29675K [0x000000008a000000, 0x0000000100000000)
  region size 1024K, 4 young (4096K), 4 survivors (4096K)
 Metaspace       used 48321K, committed 48576K, reserved 1114112K
  class space    used 5840K, committed 5952K, reserved 1048576K
}
Event: 9.449 GC heap before
{Heap before GC invocations=13 (full 0):
 garbage-first heap   total 71680K, used 54251K [0x000000008a000000, 0x0000000100000000)
  region size 1024K, 27 young (27648K), 4 survivors (4096K)
 Metaspace       used 49340K, committed 49600K, reserved 1114112K
  class space    used 5955K, committed 6080K, reserved 1048576K
}

Dll operation events (2 events):
Event: 0.008 Loaded shared library C:\Program Files\Android\Android Studio\jbr\bin\java.dll
Event: 1.127 Loaded shared library C:\Program Files\Android\Android Studio\jbr\bin\verify.dll

Deoptimization events (20 events):
Event: 8.608 Thread 0x000002075d69fc20 Uncommon trap: trap_request=0xffffff45 fr.pc=0x00000207688c3a2c relative=0x000000000000020c
Event: 8.608 Thread 0x000002075d69fc20 Uncommon trap: reason=unstable_if action=reinterpret pc=0x00000207688c3a2c method=java.util.HashMap.getNode(Ljava/lang/Object;)Ljava/util/HashMap$Node; @ 66 c2
Event: 8.608 Thread 0x000002075d69fc20 DEOPT PACKING pc=0x00000207688c3a2c sp=0x000000196dffc550
Event: 8.608 Thread 0x000002075d69fc20 DEOPT UNPACKING pc=0x00000207680169a3 sp=0x000000196dffc458 mode 2
Event: 8.618 Thread 0x000002075d69fc20 Uncommon trap: trap_request=0xffffff45 fr.pc=0x00000207688476e0 relative=0x0000000000000240
Event: 8.618 Thread 0x000002075d69fc20 Uncommon trap: reason=unstable_if action=reinterpret pc=0x00000207688476e0 method=java.util.HashMap.getNode(Ljava/lang/Object;)Ljava/util/HashMap$Node; @ 131 c2
Event: 8.618 Thread 0x000002075d69fc20 DEOPT PACKING pc=0x00000207688476e0 sp=0x000000196dffc9f0
Event: 8.618 Thread 0x000002075d69fc20 DEOPT UNPACKING pc=0x00000207680169a3 sp=0x000000196dffc970 mode 2
Event: 8.654 Thread 0x000002075d69fc20 Uncommon trap: trap_request=0xffffffde fr.pc=0x0000020768753b64 relative=0x00000000000010a4
Event: 8.654 Thread 0x000002075d69fc20 Uncommon trap: reason=class_check action=maybe_recompile pc=0x0000020768753b64 method=java.util.concurrent.ConcurrentHashMap.putVal(Ljava/lang/Object;Ljava/lang/Object;Z)Ljava/lang/Object; @ 159 c2
Event: 8.654 Thread 0x000002075d69fc20 DEOPT PACKING pc=0x0000020768753b64 sp=0x000000196dffc910
Event: 8.654 Thread 0x000002075d69fc20 DEOPT UNPACKING pc=0x00000207680169a3 sp=0x000000196dffc890 mode 2
Event: 8.654 Thread 0x000002075d69fc20 Uncommon trap: trap_request=0xffffffde fr.pc=0x0000020768753b64 relative=0x00000000000010a4
Event: 8.654 Thread 0x000002075d69fc20 Uncommon trap: reason=class_check action=maybe_recompile pc=0x0000020768753b64 method=java.util.concurrent.ConcurrentHashMap.putVal(Ljava/lang/Object;Ljava/lang/Object;Z)Ljava/lang/Object; @ 159 c2
Event: 8.654 Thread 0x000002075d69fc20 DEOPT PACKING pc=0x0000020768753b64 sp=0x000000196dffc910
Event: 8.654 Thread 0x000002075d69fc20 DEOPT UNPACKING pc=0x00000207680169a3 sp=0x000000196dffc890 mode 2
Event: 8.654 Thread 0x000002075d69fc20 Uncommon trap: trap_request=0xffffffde fr.pc=0x0000020768753b64 relative=0x00000000000010a4
Event: 8.654 Thread 0x000002075d69fc20 Uncommon trap: reason=class_check action=maybe_recompile pc=0x0000020768753b64 method=java.util.concurrent.ConcurrentHashMap.putVal(Ljava/lang/Object;Ljava/lang/Object;Z)Ljava/lang/Object; @ 159 c2
Event: 8.654 Thread 0x000002075d69fc20 DEOPT PACKING pc=0x0000020768753b64 sp=0x000000196dffc910
Event: 8.654 Thread 0x000002075d69fc20 DEOPT UNPACKING pc=0x00000207680169a3 sp=0x000000196dffc890 mode 2

Classes unloaded (0 events):
No events

Classes redefined (0 events):
No events

Internal exceptions (20 events):
Event: 1.004 Thread 0x000002075d69fc20 Exception <a 'java/lang/NoSuchMethodError'{0x0000000090b37a80}: 'void java.lang.invoke.DirectMethodHandle$Holder.invokeStatic(java.lang.Object, java.lang.Object, java.lang.Object, java.lang.Object)'> (0x0000000090b37a80) 
thrown [s\src\hotspot\share\interpreter\linkResolver.cpp, line 771]
Event: 1.085 Thread 0x000002075d69fc20 Exception <a 'java/lang/NoSuchMethodError'{0x00000000908ff218}: 'void java.lang.invoke.DirectMethodHandle$Holder.invokeStaticInit(java.lang.Object, java.lang.Object)'> (0x00000000908ff218) 
thrown [s\src\hotspot\share\interpreter\linkResolver.cpp, line 771]
Event: 1.210 Thread 0x000002075d69fc20 Exception <a 'java/lang/NoSuchMethodError'{0x00000000903bfbe0}: 'void java.lang.invoke.DirectMethodHandle$Holder.invokeVirtual(java.lang.Object, java.lang.Object)'> (0x00000000903bfbe0) 
thrown [s\src\hotspot\share\interpreter\linkResolver.cpp, line 771]
Event: 1.223 Thread 0x000002075d69fc20 Exception <a 'java/lang/NoSuchMethodError'{0x000000009023ac68}: 'int java.lang.invoke.DirectMethodHandle$Holder.invokeVirtual(java.lang.Object, java.lang.Object)'> (0x000000009023ac68) 
thrown [s\src\hotspot\share\interpreter\linkResolver.cpp, line 771]
Event: 1.244 Thread 0x000002075d69fc20 Exception <a 'java/lang/NoSuchMethodError'{0x00000000902f6bf0}: 'java.lang.Object java.lang.invoke.Invokers$Holder.invokeExact_MT(java.lang.Object, java.lang.Object, java.lang.Object, java.lang.Object, java.lang.Object, java.lang.Object)'> (0x00000000902f6bf0) 
thrown [s\src\hotspot\share\interpreter\linkResolver.cpp, line 771]
Event: 2.190 Thread 0x000002075d69fc20 Implicit null exception at 0x0000020768734972 to 0x0000020768734f3c
Event: 2.379 Thread 0x000002075d69fc20 Implicit null exception at 0x0000020768739072 to 0x000002076873964c
Event: 2.477 Thread 0x000002075d69fc20 Exception <a 'java/lang/NoSuchMethodError'{0x000000008b90bd20}: 'java.lang.Object java.lang.invoke.DirectMethodHandle$Holder.invokeVirtual(java.lang.Object, java.lang.Object, java.lang.Object)'> (0x000000008b90bd20) 
thrown [s\src\hotspot\share\interpreter\linkResolver.cpp, line 771]
Event: 3.824 Thread 0x000002075d69fc20 Exception <a 'java/lang/NoSuchMethodError'{0x000000008e032dd0}: 'java.lang.Object java.lang.invoke.DirectMethodHandle$Holder.newInvokeSpecial(java.lang.Object, java.lang.Object, int)'> (0x000000008e032dd0) 
thrown [s\src\hotspot\share\interpreter\linkResolver.cpp, line 771]
Event: 4.240 Thread 0x000002075d69fc20 Exception <a 'java/lang/NoSuchMethodError'{0x000000008d9d32c0}: 'java.lang.Object java.lang.invoke.DirectMethodHandle$Holder.newInvokeSpecial(java.lang.Object, java.lang.Object, java.lang.Object, int)'> (0x000000008d9d32c0) 
thrown [s\src\hotspot\share\interpreter\linkResolver.cpp, line 771]
Event: 4.241 Thread 0x000002075d69fc20 Exception <a 'java/lang/NoSuchMethodError'{0x000000008d9d7948}: 'java.lang.Object java.lang.invoke.DirectMethodHandle$Holder.invokeSpecial(java.lang.Object, java.lang.Object, java.lang.Object, java.lang.Object, int)'> (0x000000008d9d7948) 
thrown [s\src\hotspot\share\interpreter\linkResolver.cpp, line 771]
Event: 4.242 Thread 0x000002075d69fc20 Exception <a 'java/lang/NoSuchMethodError'{0x000000008d9db7b8}: 'java.lang.Object java.lang.invoke.Invokers$Holder.linkToTargetMethod(java.lang.Object, java.lang.Object, int, java.lang.Object)'> (0x000000008d9db7b8) 
thrown [s\src\hotspot\share\interpreter\linkResolver.cpp, line 771]
Event: 5.687 Thread 0x000002075d69fc20 Implicit null exception at 0x0000020768823130 to 0x0000020768828d54
Event: 5.868 Thread 0x000002075d69fc20 Exception <a 'java/lang/NoSuchMethodError'{0x000000008d971a78}: 'java.lang.Object java.lang.invoke.DirectMethodHandle$Holder.newInvokeSpecial(java.lang.Object, java.lang.Object, java.lang.Object, java.lang.Object, java.lang.Object)'> (0x000000008d971a78) 
thrown [s\src\hotspot\share\interpreter\linkResolver.cpp, line 771]
Event: 5.874 Thread 0x000002075d69fc20 Exception <a 'java/lang/NoSuchMethodError'{0x000000008d980a58}: 'java.lang.Object java.lang.invoke.DirectMethodHandle$Holder.invokeStatic(java.lang.Object, java.lang.Object, java.lang.Object, java.lang.Object, int)'> (0x000000008d980a58) 
thrown [s\src\hotspot\share\interpreter\linkResolver.cpp, line 771]
Event: 5.876 Thread 0x000002075d69fc20 Exception <a 'java/lang/NoSuchMethodError'{0x000000008d98a740}: 'java.lang.Object java.lang.invoke.DirectMethodHandle$Holder.newInvokeSpecial(java.lang.Object, java.lang.Object, java.lang.Object, java.lang.Object, int)'> (0x000000008d98a740) 
thrown [s\src\hotspot\share\interpreter\linkResolver.cpp, line 771]
Event: 5.879 Thread 0x000002075d69fc20 Exception <a 'java/lang/NoSuchMethodError'{0x000000008d992908}: 'java.lang.Object java.lang.invoke.Invokers$Holder.linkToTargetMethod(java.lang.Object, java.lang.Object, java.lang.Object, int, java.lang.Object)'> (0x000000008d992908) 
thrown [s\src\hotspot\share\interpreter\linkResolver.cpp, line 771]
Event: 7.041 Thread 0x000002075d69fc20 Exception <a 'java/lang/NoSuchMethodError'{0x000000009151ac38}: 'java.lang.Object java.lang.invoke.DirectMethodHandle$Holder.newInvokeSpecial(java.lang.Object, java.lang.Object, java.lang.Object, java.lang.Object, java.lang.Object, java.lang.Object, java.lang.Object, java.lang.Object)'> (0x000000009151ac38) 
thrown [s\src\hotspot\share\interpreter\linkResolver.cpp, line 771]
Event: 7.042 Thread 0x000002075d69fc20 Exception <a 'java/lang/NoSuchMethodError'{0x0000000091520250}: 'java.lang.Object java.lang.invoke.DirectMethodHandle$Holder.invokeSpecial(java.lang.Object, java.lang.Object, java.lang.Object, java.lang.Object, java.lang.Object, java.lang.Object, java.lang.Object, java.lang.Object, java.lang.Object)'> (0x0000000091520250) 
thrown [s\src\hotspot\share\interpreter\linkResolver.cpp, line 771]
Event: 7.044 Thread 0x000002075d69fc20 Exception <a 'java/lang/NoSuchMethodError'{0x0000000091525180}: 'java.lang.Object java.lang.invoke.Invokers$Holder.linkToTargetMethod(java.lang.Object, java.lang.Object, java.lang.Object, java.lang.Object, java.lang.Object, java.lang.Object, java.lang.Object, java.lang.Object)'> (0x0000000091525180) 
thrown [s\src\hotspot\share\interpreter\linkResolver.cpp, line 771]

VM Operations (20 events):
Event: 5.899 Executing VM operation: HandshakeAllThreads done
Event: 6.016 Executing VM operation: HandshakeAllThreads
Event: 6.016 Executing VM operation: HandshakeAllThreads done
Event: 6.078 Executing VM operation: HandshakeAllThreads
Event: 6.078 Executing VM operation: HandshakeAllThreads done
Event: 6.367 Executing VM operation: HandshakeAllThreads
Event: 6.367 Executing VM operation: HandshakeAllThreads done
Event: 6.383 Executing VM operation: ICBufferFull
Event: 6.383 Executing VM operation: ICBufferFull done
Event: 6.619 Executing VM operation: HandshakeAllThreads
Event: 6.619 Executing VM operation: HandshakeAllThreads done
Event: 6.989 Executing VM operation: ICBufferFull
Event: 6.990 Executing VM operation: ICBufferFull done
Event: 7.013 Executing VM operation: G1CollectForAllocation
Event: 7.033 Executing VM operation: G1CollectForAllocation done
Event: 8.033 Executing VM operation: Cleanup
Event: 8.188 Executing VM operation: Cleanup done
Event: 8.509 Executing VM operation: HandshakeAllThreads
Event: 8.509 Executing VM operation: HandshakeAllThreads done
Event: 9.441 Executing VM operation: G1CollectForAllocation

Events (20 events):
Event: 5.201 loading class java/util/stream/ReduceOps$3ReducingSink done
Event: 5.201 loading class java/util/stream/ReferencePipeline$2$1
Event: 5.201 loading class java/util/stream/ReferencePipeline$2$1 done
Event: 5.201 loading class java/util/stream/IntPipeline$1$1
Event: 5.202 loading class java/util/stream/Sink$ChainedInt
Event: 5.202 loading class java/util/stream/Sink$OfInt
Event: 5.202 loading class java/util/function/IntConsumer
Event: 5.202 loading class java/util/function/IntConsumer done
Event: 5.202 loading class java/util/stream/Sink$OfInt done
Event: 5.202 loading class java/util/stream/Sink$ChainedInt done
Event: 5.202 loading class java/util/stream/IntPipeline$1$1 done
Event: 5.818 loading class java/util/ComparableTimSort
Event: 5.819 loading class java/util/ComparableTimSort done
Event: 6.064 loading class java/util/function/ToIntFunction
Event: 6.064 loading class java/util/function/ToIntFunction done
Event: 6.870 loading class java/util/Collections$SingletonMap
Event: 6.871 loading class java/util/Collections$SingletonMap done
Event: 7.650 Thread 0x000002077c372e10 Thread exited: 0x000002077c372e10
Event: 7.664 Thread 0x000002077c1c3030 Thread exited: 0x000002077c1c3030
Event: 8.596 Thread 0x000002077ce804a0 Thread exited: 0x000002077ce804a0


Dynamic libraries:
0x00007ff606a50000 - 0x00007ff606a5a000 	C:\Program Files\Android\Android Studio\jbr\bin\java.exe
0x00007ffb24b70000 - 0x00007ffb24d87000 	C:\WINDOWS\SYSTEM32\ntdll.dll
0x00007ffb24300000 - 0x00007ffb243c4000 	C:\WINDOWS\System32\KERNEL32.DLL
0x00007ffb222c0000 - 0x00007ffb22667000 	C:\WINDOWS\System32\KERNELBASE.dll
0x00007ffb22030000 - 0x00007ffb22141000 	C:\WINDOWS\System32\ucrtbase.dll
0x00007ffb09820000 - 0x00007ffb09837000 	C:\Program Files\Android\Android Studio\jbr\bin\jli.dll
0x00007ffaec120000 - 0x00007ffaec13b000 	C:\Program Files\Android\Android Studio\jbr\bin\VCRUNTIME140.dll
0x00007ffb245f0000 - 0x00007ffb2479e000 	C:\WINDOWS\System32\USER32.dll
0x00007ffb22870000 - 0x00007ffb22896000 	C:\WINDOWS\System32\win32u.dll
0x00007ffb0a3c0000 - 0x00007ffb0a653000 	C:\WINDOWS\WinSxS\amd64_microsoft.windows.common-controls_6595b64144ccf1df_6.0.22621.3527_none_270e469b73872a76\COMCTL32.dll
0x00007ffb248a0000 - 0x00007ffb248c9000 	C:\WINDOWS\System32\GDI32.dll
0x00007ffb24a80000 - 0x00007ffb24b27000 	C:\WINDOWS\System32\msvcrt.dll
0x00007ffb21f10000 - 0x00007ffb22029000 	C:\WINDOWS\System32\gdi32full.dll
0x00007ffb22670000 - 0x00007ffb2270a000 	C:\WINDOWS\System32\msvcp_win.dll
0x00007ffb23180000 - 0x00007ffb231b1000 	C:\WINDOWS\System32\IMM32.DLL
0x00007ffb01f10000 - 0x00007ffb01f1c000 	C:\Program Files\Android\Android Studio\jbr\bin\vcruntime140_1.dll
0x00007ffae90b0000 - 0x00007ffae913d000 	C:\Program Files\Android\Android Studio\jbr\bin\msvcp140.dll
0x00007ffa7aef0000 - 0x00007ffa7bb73000 	C:\Program Files\Android\Android Studio\jbr\bin\server\jvm.dll
0x00007ffb230c0000 - 0x00007ffb23172000 	C:\WINDOWS\System32\ADVAPI32.dll
0x00007ffb243d0000 - 0x00007ffb24478000 	C:\WINDOWS\System32\sechost.dll
0x00007ffb22840000 - 0x00007ffb22868000 	C:\WINDOWS\System32\bcrypt.dll
0x00007ffb233d0000 - 0x00007ffb234e5000 	C:\WINDOWS\System32\RPCRT4.dll
0x00007ffb20d10000 - 0x00007ffb20d5d000 	C:\WINDOWS\SYSTEM32\POWRPROF.dll
0x00007ffb1b8a0000 - 0x00007ffb1b8d4000 	C:\WINDOWS\SYSTEM32\WINMM.dll
0x00007ffb0b7a0000 - 0x00007ffb0b7a9000 	C:\WINDOWS\SYSTEM32\WSOCK32.dll
0x00007ffb24280000 - 0x00007ffb242f1000 	C:\WINDOWS\System32\WS2_32.dll
0x00007ffb1a800000 - 0x00007ffb1a80a000 	C:\WINDOWS\SYSTEM32\VERSION.dll
0x00007ffb20cf0000 - 0x00007ffb20d03000 	C:\WINDOWS\SYSTEM32\UMPDC.dll
0x00007ffb20fa0000 - 0x00007ffb20fb8000 	C:\WINDOWS\SYSTEM32\kernel.appcore.dll
0x00007ffafe380000 - 0x00007ffafe38a000 	C:\Program Files\Android\Android Studio\jbr\bin\jimage.dll
0x00007ffb1f880000 - 0x00007ffb1fab3000 	C:\WINDOWS\SYSTEM32\DBGHELP.DLL
0x00007ffb22b70000 - 0x00007ffb22ef8000 	C:\WINDOWS\System32\combase.dll
0x00007ffb247c0000 - 0x00007ffb24897000 	C:\WINDOWS\System32\OLEAUT32.dll
0x00007ffb17ea0000 - 0x00007ffb17ed2000 	C:\WINDOWS\SYSTEM32\dbgcore.DLL
0x00007ffb21e90000 - 0x00007ffb21f09000 	C:\WINDOWS\System32\bcryptPrimitives.dll
0x00007ffaead50000 - 0x00007ffaead75000 	C:\Program Files\Android\Android Studio\jbr\bin\java.dll
0x00007ffaeaf80000 - 0x00007ffaeaf98000 	C:\Program Files\Android\Android Studio\jbr\bin\zip.dll
0x00007ffb234f0000 - 0x00007ffb23d4c000 	C:\WINDOWS\System32\SHELL32.dll
0x00007ffb1fc80000 - 0x00007ffb20576000 	C:\WINDOWS\SYSTEM32\windows.storage.dll
0x00007ffb205a0000 - 0x00007ffb206de000 	C:\WINDOWS\SYSTEM32\wintypes.dll
0x00007ffb244e0000 - 0x00007ffb245d5000 	C:\WINDOWS\System32\SHCORE.dll
0x00007ffb231c0000 - 0x00007ffb2321e000 	C:\WINDOWS\System32\shlwapi.dll
0x00007ffb21dc0000 - 0x00007ffb21de1000 	C:\WINDOWS\SYSTEM32\profapi.dll
0x00007ffaead30000 - 0x00007ffaead49000 	C:\Program Files\Android\Android Studio\jbr\bin\net.dll
0x00007ffb1c670000 - 0x00007ffb1c7a6000 	C:\WINDOWS\SYSTEM32\WINHTTP.dll
0x00007ffb21410000 - 0x00007ffb21479000 	C:\WINDOWS\system32\mswsock.dll
0x00007ffae9090000 - 0x00007ffae90a6000 	C:\Program Files\Android\Android Studio\jbr\bin\nio.dll
0x00007ffb02870000 - 0x00007ffb02880000 	C:\Program Files\Android\Android Studio\jbr\bin\verify.dll

dbghelp: loaded successfully - version: 4.0.5 - missing functions: none
symbol engine: initialized successfully - sym options: 0x614 - pdb path: .;C:\Program Files\Android\Android Studio\jbr\bin;C:\WINDOWS\SYSTEM32;C:\WINDOWS\WinSxS\amd64_microsoft.windows.common-controls_6595b64144ccf1df_6.0.22621.3527_none_270e469b73872a76;C:\Program Files\Android\Android Studio\jbr\bin\server

VM Arguments:
java_command: org.jetbrains.kotlin.cli.jvm.K2JVMCompiler @C:\Users\marco\Downloads\Smart-Safe-App\node_modules\react-native-screens\android\build\20240521_13793531596559843586.compiler.options
java_class_path (initial): C:\Users\marco\.gradle\caches\modules-2\files-2.1\org.jetbrains.kotlin\kotlin-compiler-embeddable\1.9.22\9cd4dc7773cf2a99ecd961a88fbbc9a2da3fb5e1\kotlin-compiler-embeddable-1.9.22.jar;C:\Users\marco\.gradle\caches\modules-2\files-2.1\org.jetbrains.kotlin\kotlin-stdlib\1.9.22\d6c44cd08d8f3f9bece8101216dbe6553365c6e3\kotlin-stdlib-1.9.22.jar;C:\Users\marco\.gradle\caches\modules-2\files-2.1\org.jetbrains.kotlin\kotlin-script-runtime\1.9.22\f8139a46fc677ec9badc49ae954392f4f5e7e7c7\kotlin-script-runtime-1.9.22.jar;C:\Users\marco\.gradle\caches\modules-2\files-2.1\org.jetbrains.kotlin\kotlin-reflect\1.6.10\1cbe9c92c12a94eea200d23c2bbaedaf3daf5132\kotlin-reflect-1.6.10.jar;C:\Users\marco\.gradle\caches\modules-2\files-2.1\org.jetbrains.kotlin\kotlin-daemon-embeddable\1.9.22\20e2c5df715f3240c765cfc222530e2796542021\kotlin-daemon-embeddable-1.9.22.jar;C:\Users\marco\.gradle\caches\modules-2\files-2.1\org.jetbrains.intellij.deps\trove4j\1.0.20200330\3afb14d5f9ceb459d724e907a21145e8ff394f02\trove4j-1.0.20200330.jar;C:\Users\marco\.gradle\caches\modules-2\files-2.1\org.jetbrains\annotations\13.0\919f0dfe192fb4e063e7dacadee7f8bb9a2672a9\annotations-13.0.jar
Launcher Type: SUN_STANDARD

[Global flags]
     intx CICompilerCount                          = 12                                        {product} {ergonomic}
     uint ConcGCThreads                            = 3                                         {product} {ergonomic}
     uint G1ConcRefinementThreads                  = 13                                        {product} {ergonomic}
   size_t G1HeapRegionSize                         = 1048576                                   {product} {ergonomic}
    uintx GCDrainStackTargetSize                   = 64                                        {product} {ergonomic}
   size_t InitialHeapSize                          = 123731968                                 {product} {ergonomic}
   size_t MarkStackSize                            = 4194304                                   {product} {ergonomic}
   size_t MaxHeapSize                              = 1979711488                                {product} {ergonomic}
   size_t MaxNewSize                               = 1186988032                                {product} {ergonomic}
   size_t MinHeapDeltaBytes                        = 1048576                                   {product} {ergonomic}
   size_t MinHeapSize                              = 8388608                                   {product} {ergonomic}
    uintx NonNMethodCodeHeapSize                   = 7602480                                {pd product} {ergonomic}
    uintx NonProfiledCodeHeapSize                  = 122027880                              {pd product} {ergonomic}
    uintx ProfiledCodeHeapSize                     = 122027880                              {pd product} {ergonomic}
    uintx ReservedCodeCacheSize                    = 251658240                              {pd product} {ergonomic}
     bool SegmentedCodeCache                       = true                                      {product} {ergonomic}
   size_t SoftMaxHeapSize                          = 1979711488                             {manageable} {ergonomic}
     bool UseCompressedClassPointers               = true                           {product lp64_product} {ergonomic}
     bool UseCompressedOops                        = true                           {product lp64_product} {ergonomic}
     bool UseG1GC                                  = true                                      {product} {ergonomic}
     bool UseLargePagesIndividualAllocation        = false                                  {pd product} {ergonomic}

Logging:
Log output configuration:
 #0: stdout all=warning uptime,level,tags
 #1: stderr all=off uptime,level,tags

Environment Variables:
JAVA_HOME=C:\Program Files\Android\Android Studio\jbr
CLASSPATH=C:\Users\marco\Downloads\Smart-Safe-App\android\\gradle\wrapper\gradle-wrapper.jar
PATH=C:\Users\marco\Downloads\Smart-Safe-App\node_modules\.bin;C:\Users\marco\Downloads\node_modules\.bin;C:\Users\marco\node_modules\.bin;C:\Users\node_modules\.bin;C:\node_modules\.bin;C:\Users\marco\AppData\Roaming\npm\node_modules\npm\node_modules\@npmcli\run-script\lib\node-gyp-bin;C:\Program Files\PowerShell\7;C:\Program Files (x86)\Common Files\Oracle\Java\java8path;C:\Program Files (x86)\Common Files\Oracle\Java\javapath;C:\Windows\system32;C:\Windows;C:\Windows\System32\Wbem;C:\Windows\System32\WindowsPowerShell\v1.0\;C:\Windows\System32\OpenSSH\;C:\Program Files (x86)\NVIDIA Corporation\PhysX\Common;C:\Program Files\NVIDIA Corporation\NVIDIA NvDLISR;C:\WINDOWS\system32;C:\WINDOWS;C:\WINDOWS\System32\Wbem;C:\WINDOWS\System32\WindowsPowerShell\v1.0\;C:\WINDOWS\System32\OpenSSH\;C:\Program Files\Git\cmd;C:\Program Files\nodejs\;C:\Users\marco\AppData\Local\Android\Sdk\platform-tools;C:\Program Files\PowerShell\7\;C:\tizen-studio\tools\ide\bin;C:\Users\marco\AppData\Local\Programs\Python\Python311\Scripts\;C:\Users\marco\AppData\Local\Programs\Python\Python311\;C:\Users\marco\AppData\Local\Microsoft\WindowsApps;C:\Users\marco\AppData\Local\Programs\Microsoft VS Code\bin;C:\Users\marco\AppData\Roaming\npm;C:\SrcFlt\flutter\bin;
USERNAME=marco
LANG=en_US.UTF-8
OS=Windows_NT
PROCESSOR_IDENTIFIER=AMD64 Family 23 Model 96 Stepping 1, AuthenticAMD
TMP=C:\Users\marco\AppData\Local\Temp
TEMP=C:\Users\marco\AppData\Local\Temp



Periodic native trim disabled

JNI global refs:
JNI global refs: 18, weak refs: 28

JNI global refs memory usage: 843, weak refs: 841

OOME stack traces (most recent first):
Classloader memory used:
Loader jdk.internal.loader.ClassLoaders$AppClassLoader                                 : 4852K
Loader bootstrap                                                                       : 1305K
Loader jdk.internal.reflect.DelegatingClassLoader                                      : 8846B


---------------  S Y S T E M  ---------------

OS:
 Windows 11 , 64 bit Build 22621 (10.0.22621.3527)
OS uptime: 3 days 3:31 hours

CPU: total 16 (initial active 16) (16 cores per cpu, 2 threads per core) family 23 model 96 stepping 1 microcode 0x0, cx8, cmov, fxsr, ht, mmx, 3dnowpref, sse, sse2, sse3, ssse3, sse4a, sse4.1, sse4.2, popcnt, lzcnt, tsc, tscinvbit, avx, avx2, aes, clmul, bmi1, bmi2, adx, sha, fma, vzeroupper, clflush, clflushopt
Processor Information for all 16 processors :
  Max Mhz: 2900, Current Mhz: 2900, Mhz Limit: 2900

Memory: 4k page, system-wide physical 7549M (0M free)
TotalPageFile size 31101M (AvailPageFile size 25M)
current process WorkingSet (physical memory assigned to process): 54M, peak: 185M
current process commit charge ("private bytes"): 255M, peak: 270M

vm_info: OpenJDK 64-Bit Server VM (17.0.9+0--11185874) for windows-amd64 JRE (17.0.9+0--11185874), built on Dec  6 2023 18:57:44 by "androidbuild" with MS VC++ 16.10 / 16.11 (VS2019)

END.
