#
# There is insufficient memory for the Java Runtime Environment to continue.
# Native memory allocation (mmap) failed to map 44040192 bytes for G1 virtual space
# Possible reasons:
#   The system is out of physical RAM or swap space
#   The process is running with CompressedOops enabled, and the Java Heap may be blocking the growth of the native heap
# Possible solutions:
#   Reduce memory load on the system
#   Increase physical memory or swap space
#   Check if swap backing store is full
#   Decrease Java heap size (-Xmx/-Xms)
#   Decrease number of Java threads
#   Decrease Java thread stack sizes (-Xss)
#   Set larger code cache with -XX:ReservedCodeCacheSize=
#   JVM is running with Unscaled Compressed Oops mode in which the Java heap is
#     placed in the first 4GB address space. The Java Heap base address is the
#     maximum limit for the native heap growth. Please use -XX:HeapBaseMinAddress
#     to set the Java Heap base and to place the Java Heap above 4GB virtual address.
# This output file may be truncated or incomplete.
#
#  Out of Memory Error (os_windows.cpp:3825), pid=13660, tid=3924
#
# JRE version: OpenJDK Runtime Environment (17.0.9) (build 17.0.9+0--11185874)
# Java VM: OpenJDK 64-Bit Server VM (17.0.9+0--11185874, mixed mode, tiered, compressed oops, compressed class ptrs, g1 gc, windows-amd64)
# No core dump will be written. Minidumps are not enabled by default on client versions of Windows
#

---------------  S U M M A R Y ------------

Command Line: org.jetbrains.kotlin.cli.jvm.K2JVMCompiler @C:\Users\marco\Downloads\Smart-Safe-App\node_modules\react-native-safe-area-context\android\build\20240521_17913901450493243565.compiler.options

Host: AMD Ryzen 7 4800H with Radeon Graphics         , 16 cores, 7G,  Windows 11 , 64 bit Build 22621 (10.0.22621.3527)
Time: Tue May 21 18:15:16 2024 Hora Padrão de Buenos Aires elapsed time: 24.651277 seconds (0d 0h 0m 24s)

---------------  T H R E A D  ---------------

Current thread (0x00000134dd610640):  VMThread "VM Thread" [stack: 0x0000001291900000,0x0000001291a00000] [id=3924]

Stack: [0x0000001291900000,0x0000001291a00000]
Native frames: (J=compiled Java code, j=interpreted, Vv=VM code, C=native code)
V  [jvm.dll+0x6886e9]
V  [jvm.dll+0x841e4a]
V  [jvm.dll+0x843a8e]
V  [jvm.dll+0x8440f3]
V  [jvm.dll+0x24c14f]
V  [jvm.dll+0x685499]
V  [jvm.dll+0x679c2a]
V  [jvm.dll+0x30cf9b]
V  [jvm.dll+0x314446]
V  [jvm.dll+0x36425e]
V  [jvm.dll+0x36448f]
V  [jvm.dll+0x2e2d68]
V  [jvm.dll+0x2e0f44]
V  [jvm.dll+0x2e054c]
V  [jvm.dll+0x3253fb]
V  [jvm.dll+0x8487eb]
V  [jvm.dll+0x849531]
V  [jvm.dll+0x849a4d]
V  [jvm.dll+0x849e24]
V  [jvm.dll+0x849ef0]
V  [jvm.dll+0x7f06aa]
V  [jvm.dll+0x687565]
C  [ucrtbase.dll+0x29333]
C  [KERNEL32.DLL+0x1257d]
C  [ntdll.dll+0x5aa48]

VM_Operation (0x00000012913f4eb0): G1CollectForAllocation, mode: safepoint, requested by thread 0x00000134c30bde00


---------------  P R O C E S S  ---------------

Threads class SMR info:
_java_thread_list=0x00000134e32d1bf0, length=12, elements={
0x00000134c30bde00, 0x00000134dd4be260, 0x00000134dd610ee0, 0x00000134dd63ea20,
0x00000134dd63f6a0, 0x00000134dd6411d0, 0x00000134dd641b90, 0x00000134dd642930,
0x00000134dd658d50, 0x00000134dd661670, 0x00000134dd7cf5d0, 0x00000134dd7d2f20
}

Java Threads: ( => current thread )
  0x00000134c30bde00 JavaThread "main" [_thread_blocked, id=35152, stack(0x0000001291300000,0x0000001291400000)]
  0x00000134dd4be260 JavaThread "Reference Handler" daemon [_thread_blocked, id=27332, stack(0x0000001291a00000,0x0000001291b00000)]
  0x00000134dd610ee0 JavaThread "Finalizer" daemon [_thread_blocked, id=7048, stack(0x0000001291b00000,0x0000001291c00000)]
  0x00000134dd63ea20 JavaThread "Signal Dispatcher" daemon [_thread_blocked, id=32956, stack(0x0000001291c00000,0x0000001291d00000)]
  0x00000134dd63f6a0 JavaThread "Attach Listener" daemon [_thread_blocked, id=32840, stack(0x0000001291d00000,0x0000001291e00000)]
  0x00000134dd6411d0 JavaThread "Service Thread" daemon [_thread_blocked, id=26404, stack(0x0000001291e00000,0x0000001291f00000)]
  0x00000134dd641b90 JavaThread "Monitor Deflation Thread" daemon [_thread_blocked, id=15996, stack(0x0000001291f00000,0x0000001292000000)]
  0x00000134dd642930 JavaThread "C2 CompilerThread0" daemon [_thread_blocked, id=34432, stack(0x0000001292000000,0x0000001292100000)]
  0x00000134dd658d50 JavaThread "C1 CompilerThread0" daemon [_thread_blocked, id=4172, stack(0x0000001292100000,0x0000001292200000)]
  0x00000134dd661670 JavaThread "Sweeper thread" daemon [_thread_blocked, id=2256, stack(0x0000001292200000,0x0000001292300000)]
  0x00000134dd7cf5d0 JavaThread "Notification Thread" daemon [_thread_blocked, id=22236, stack(0x0000001292400000,0x0000001292500000)]
  0x00000134dd7d2f20 JavaThread "Common-Cleaner" daemon [_thread_blocked, id=30916, stack(0x0000001292600000,0x0000001292700000)]

Other Threads:
=>0x00000134dd610640 VMThread "VM Thread" [stack: 0x0000001291900000,0x0000001291a00000] [id=3924]
  0x00000134dd7cfab0 WatcherThread [stack: 0x0000001292500000,0x0000001292600000] [id=4192]
  0x00000134c3119730 GCTaskThread "GC Thread#0" [stack: 0x0000001291400000,0x0000001291500000] [id=7504]
  0x00000134e23fd050 GCTaskThread "GC Thread#1" [stack: 0x0000001292a00000,0x0000001292b00000] [id=32308]
  0x00000134e2447f30 GCTaskThread "GC Thread#2" [stack: 0x0000001292b00000,0x0000001292c00000] [id=29176]
  0x00000134e24481f0 GCTaskThread "GC Thread#3" [stack: 0x0000001292c00000,0x0000001292d00000] [id=32804]
  0x00000134e244c8c0 GCTaskThread "GC Thread#4" [stack: 0x0000001292d00000,0x0000001292e00000] [id=1372]
  0x00000134e244cb80 GCTaskThread "GC Thread#5" [stack: 0x0000001292e00000,0x0000001292f00000] [id=17076]
  0x00000134e2646560 GCTaskThread "GC Thread#6" [stack: 0x0000001292f00000,0x0000001293000000] [id=5976]
  0x00000134e27f3a70 GCTaskThread "GC Thread#7" [stack: 0x0000001293000000,0x0000001293100000] [id=22808]
  0x00000134e2b001c0 GCTaskThread "GC Thread#8" [stack: 0x0000001293300000,0x0000001293400000] [id=29900]
  0x00000134e2aff980 GCTaskThread "GC Thread#9" [stack: 0x0000001292700000,0x0000001292800000] [id=26936]
  0x00000134e2b00480 GCTaskThread "GC Thread#10" [stack: 0x0000001293500000,0x0000001293600000] [id=30700]
  0x00000134e2afff00 GCTaskThread "GC Thread#11" [stack: 0x0000001293400000,0x0000001293500000] [id=35128]
  0x00000134e2aff400 GCTaskThread "GC Thread#12" [stack: 0x0000001293600000,0x0000001293700000] [id=34968]
  0x00000134c3129280 ConcurrentGCThread "G1 Main Marker" [stack: 0x0000001291500000,0x0000001291600000] [id=34200]
  0x00000134c3129ca0 ConcurrentGCThread "G1 Conc#0" [stack: 0x0000001291600000,0x0000001291700000] [id=32704]
  0x00000134e271baa0 ConcurrentGCThread "G1 Conc#1" [stack: 0x0000001293100000,0x0000001293200000] [id=29568]
  0x00000134e271bd60 ConcurrentGCThread "G1 Conc#2" [stack: 0x0000001293200000,0x0000001293300000] [id=27672]
  0x00000134dd308170 ConcurrentGCThread "G1 Refine#0" [stack: 0x0000001291700000,0x0000001291800000] [id=34804]
  0x00000134dd308ba0 ConcurrentGCThread "G1 Service" [stack: 0x0000001291800000,0x0000001291900000] [id=25596]

Threads with active compile tasks:
C2 CompilerThread0    24694 9204       4       org.jetbrains.kotlin.com.intellij.lang.impl.PsiBuilderImpl::insertLeaves (88 bytes)
C1 CompilerThread0    24694 9449       2       org.jetbrains.kotlin.resolve.constants.ArrayValue::<init> (23 bytes)

VM state: at safepoint (normal execution)

VM Mutex/Monitor currently owned by a thread:  ([mutex/lock_event])
[0x00000134c30ba110] Threads_lock - owner thread: 0x00000134dd610640
[0x00000134c30b9c90] Heap_lock - owner thread: 0x00000134c30bde00

Heap address: 0x000000008a000000, size: 1888 MB, Compressed Oops mode: 32-bit

CDS archive(s) not mapped
Compressed class space mapped at: 0x0000000100000000-0x0000000140000000, reserved size: 1073741824
Narrow klass base: 0x0000000000000000, Narrow klass shift: 3, Narrow klass range: 0x140000000

GC Precious Log:
 CPUs: 16 total, 16 available
 Memory: 7549M
 Large Page Support: Disabled
 NUMA Support: Disabled
 Compressed Oops: Enabled (32-bit)
 Heap Region Size: 1M
 Heap Min Capacity: 8M
 Heap Initial Capacity: 118M
 Heap Max Capacity: 1888M
 Pre-touch: Disabled
 Parallel Workers: 13
 Concurrent Workers: 3
 Concurrent Refinement Workers: 13
 Periodic GC: Disabled

Heap:
 garbage-first heap   total 121856K, used 52349K [0x000000008a000000, 0x0000000100000000)
  region size 1024K, 3 young (3072K), 3 survivors (3072K)
 Metaspace       used 61546K, committed 61760K, reserved 1114112K
  class space    used 7140K, committed 7232K, reserved 1048576K

Heap Regions: E=young(eden), S=young(survivor), O=old, HS=humongous(starts), HC=humongous(continues), CS=collection set, F=free, OA=open archive, CA=closed archive, TAMS=top-at-mark-start (previous, next)
|   0|0x000000008a000000, 0x000000008a100000, 0x000000008a100000|100%|HS|  |TAMS 0x000000008a100000, 0x000000008a000000| Complete 
|   1|0x000000008a100000, 0x000000008a200000, 0x000000008a200000|100%|HC|  |TAMS 0x000000008a200000, 0x000000008a100000| Complete 
|   2|0x000000008a200000, 0x000000008a300000, 0x000000008a300000|100%|HC|  |TAMS 0x000000008a300000, 0x000000008a200000| Complete 
|   3|0x000000008a300000, 0x000000008a400000, 0x000000008a400000|100%|HC|  |TAMS 0x000000008a400000, 0x000000008a300000| Complete 
|   4|0x000000008a400000, 0x000000008a500000, 0x000000008a500000|100%| O|  |TAMS 0x000000008a500000, 0x000000008a400000| Untracked 
|   5|0x000000008a500000, 0x000000008a600000, 0x000000008a600000|100%| O|  |TAMS 0x000000008a600000, 0x000000008a500000| Untracked 
|   6|0x000000008a600000, 0x000000008a700000, 0x000000008a700000|100%| O|  |TAMS 0x000000008a700000, 0x000000008a600000| Untracked 
|   7|0x000000008a700000, 0x000000008a800000, 0x000000008a800000|100%| O|  |TAMS 0x000000008a800000, 0x000000008a700000| Untracked 
|   8|0x000000008a800000, 0x000000008a900000, 0x000000008a900000|100%| O|  |TAMS 0x000000008a900000, 0x000000008a800000| Untracked 
|   9|0x000000008a900000, 0x000000008aa00000, 0x000000008aa00000|100%| O|  |TAMS 0x000000008aa00000, 0x000000008a900000| Untracked 
|  10|0x000000008aa00000, 0x000000008aae1200, 0x000000008ab00000| 87%| O|  |TAMS 0x000000008aae1200, 0x000000008aa00000| Untracked 
|  11|0x000000008ab00000, 0x000000008ac00000, 0x000000008ac00000|100%| O|  |TAMS 0x000000008ac00000, 0x000000008ab00000| Untracked 
|  12|0x000000008ac00000, 0x000000008ad00000, 0x000000008ad00000|100%| O|  |TAMS 0x000000008ad00000, 0x000000008ac00000| Untracked 
|  13|0x000000008ad00000, 0x000000008ae00000, 0x000000008ae00000|100%| O|  |TAMS 0x000000008ae00000, 0x000000008ad00000| Untracked 
|  14|0x000000008ae00000, 0x000000008af00000, 0x000000008af00000|100%| O|  |TAMS 0x000000008af00000, 0x000000008ae00000| Untracked 
|  15|0x000000008af00000, 0x000000008b000000, 0x000000008b000000|100%| O|  |TAMS 0x000000008b000000, 0x000000008af00000| Untracked 
|  16|0x000000008b000000, 0x000000008b100000, 0x000000008b100000|100%| O|  |TAMS 0x000000008b100000, 0x000000008b000000| Untracked 
|  17|0x000000008b100000, 0x000000008b200000, 0x000000008b200000|100%| O|  |TAMS 0x000000008b200000, 0x000000008b100000| Untracked 
|  18|0x000000008b200000, 0x000000008b300000, 0x000000008b300000|100%|HS|  |TAMS 0x000000008b300000, 0x000000008b200000| Complete 
|  19|0x000000008b300000, 0x000000008b400000, 0x000000008b400000|100%|HC|  |TAMS 0x000000008b400000, 0x000000008b300000| Complete 
|  20|0x000000008b400000, 0x000000008b500000, 0x000000008b500000|100%| O|  |TAMS 0x000000008b500000, 0x000000008b400000| Untracked 
|  21|0x000000008b500000, 0x000000008b600000, 0x000000008b600000|100%| O|  |TAMS 0x000000008b600000, 0x000000008b500000| Untracked 
|  22|0x000000008b600000, 0x000000008b700000, 0x000000008b700000|100%| O|  |TAMS 0x000000008b700000, 0x000000008b600000| Untracked 
|  23|0x000000008b700000, 0x000000008b800000, 0x000000008b800000|100%| O|  |TAMS 0x000000008b800000, 0x000000008b700000| Untracked 
|  24|0x000000008b800000, 0x000000008b900000, 0x000000008b900000|100%| O|  |TAMS 0x000000008b900000, 0x000000008b800000| Untracked 
|  25|0x000000008b900000, 0x000000008ba00000, 0x000000008ba00000|100%| O|  |TAMS 0x000000008ba00000, 0x000000008b900000| Untracked 
|  26|0x000000008ba00000, 0x000000008bb00000, 0x000000008bb00000|100%| O|  |TAMS 0x000000008bb00000, 0x000000008ba00000| Untracked 
|  27|0x000000008bb00000, 0x000000008bc00000, 0x000000008bc00000|100%| O|  |TAMS 0x000000008bc00000, 0x000000008bb00000| Untracked 
|  28|0x000000008bc00000, 0x000000008bd00000, 0x000000008bd00000|100%| O|  |TAMS 0x000000008bd00000, 0x000000008bc00000| Untracked 
|  29|0x000000008bd00000, 0x000000008be00000, 0x000000008be00000|100%| O|  |TAMS 0x000000008be00000, 0x000000008bd00000| Untracked 
|  30|0x000000008be00000, 0x000000008bf00000, 0x000000008bf00000|100%| O|  |TAMS 0x000000008bf00000, 0x000000008be00000| Untracked 
|  31|0x000000008bf00000, 0x000000008c000000, 0x000000008c000000|100%| O|  |TAMS 0x000000008c000000, 0x000000008bf00000| Untracked 
|  32|0x000000008c000000, 0x000000008c100000, 0x000000008c100000|100%|HS|  |TAMS 0x000000008c000000, 0x000000008c000000| Complete 
|  33|0x000000008c100000, 0x000000008c200000, 0x000000008c200000|100%| O|  |TAMS 0x000000008c200000, 0x000000008c100000| Untracked 
|  34|0x000000008c200000, 0x000000008c300000, 0x000000008c300000|100%| O|  |TAMS 0x000000008c300000, 0x000000008c200000| Untracked 
|  35|0x000000008c300000, 0x000000008c400000, 0x000000008c400000|100%| O|  |TAMS 0x000000008c400000, 0x000000008c300000| Untracked 
|  36|0x000000008c400000, 0x000000008c500000, 0x000000008c500000|100%| O|  |TAMS 0x000000008c500000, 0x000000008c400000| Untracked 
|  37|0x000000008c500000, 0x000000008c600000, 0x000000008c600000|100%| O|  |TAMS 0x000000008c600000, 0x000000008c500000| Untracked 
|  38|0x000000008c600000, 0x000000008c700000, 0x000000008c700000|100%| O|  |TAMS 0x000000008c600000, 0x000000008c600000| Untracked 
|  39|0x000000008c700000, 0x000000008c800000, 0x000000008c800000|100%| O|  |TAMS 0x000000008c800000, 0x000000008c700000| Untracked 
|  40|0x000000008c800000, 0x000000008c900000, 0x000000008c900000|100%| O|  |TAMS 0x000000008c900000, 0x000000008c800000| Untracked 
|  41|0x000000008c900000, 0x000000008ca00000, 0x000000008ca00000|100%| O|  |TAMS 0x000000008ca00000, 0x000000008c900000| Untracked 
|  42|0x000000008ca00000, 0x000000008cb00000, 0x000000008cb00000|100%| O|  |TAMS 0x000000008cb00000, 0x000000008ca00000| Untracked 
|  43|0x000000008cb00000, 0x000000008cc00000, 0x000000008cc00000|100%| O|  |TAMS 0x000000008cbbba00, 0x000000008cb00000| Untracked 
|  44|0x000000008cc00000, 0x000000008cd00000, 0x000000008cd00000|100%| O|  |TAMS 0x000000008cc00000, 0x000000008cc00000| Untracked 
|  45|0x000000008cd00000, 0x000000008ce00000, 0x000000008ce00000|100%| O|  |TAMS 0x000000008cd00000, 0x000000008cd00000| Untracked 
|  46|0x000000008ce00000, 0x000000008cf00000, 0x000000008cf00000|100%| O|  |TAMS 0x000000008ce00000, 0x000000008ce00000| Untracked 
|  47|0x000000008cf00000, 0x000000008cfbd800, 0x000000008d000000| 74%| O|  |TAMS 0x000000008cf00000, 0x000000008cf00000| Untracked 
|  48|0x000000008d000000, 0x000000008d000000, 0x000000008d100000|  0%| F|  |TAMS 0x000000008d000000, 0x000000008d000000| Untracked 
|  49|0x000000008d100000, 0x000000008d100000, 0x000000008d200000|  0%| F|  |TAMS 0x000000008d100000, 0x000000008d100000| Untracked 
|  50|0x000000008d200000, 0x000000008d200000, 0x000000008d300000|  0%| F|  |TAMS 0x000000008d200000, 0x000000008d200000| Untracked 
|  51|0x000000008d300000, 0x000000008d300000, 0x000000008d400000|  0%| F|  |TAMS 0x000000008d300000, 0x000000008d300000| Untracked 
|  52|0x000000008d400000, 0x000000008d400000, 0x000000008d500000|  0%| F|  |TAMS 0x000000008d400000, 0x000000008d400000| Untracked 
|  53|0x000000008d500000, 0x000000008d500000, 0x000000008d600000|  0%| F|  |TAMS 0x000000008d500000, 0x000000008d500000| Untracked 
|  54|0x000000008d600000, 0x000000008d600000, 0x000000008d700000|  0%| F|  |TAMS 0x000000008d600000, 0x000000008d600000| Untracked 
|  55|0x000000008d700000, 0x000000008d700000, 0x000000008d800000|  0%| F|  |TAMS 0x000000008d700000, 0x000000008d700000| Untracked 
|  56|0x000000008d800000, 0x000000008d800000, 0x000000008d900000|  0%| F|  |TAMS 0x000000008d800000, 0x000000008d800000| Untracked 
|  57|0x000000008d900000, 0x000000008d900000, 0x000000008da00000|  0%| F|  |TAMS 0x000000008d900000, 0x000000008d900000| Untracked 
|  58|0x000000008da00000, 0x000000008da80dc0, 0x000000008db00000| 50%| S|CS|TAMS 0x000000008da00000, 0x000000008da00000| Complete 
|  59|0x000000008db00000, 0x000000008dc00000, 0x000000008dc00000|100%| S|CS|TAMS 0x000000008db00000, 0x000000008db00000| Complete 
|  60|0x000000008dc00000, 0x000000008dd00000, 0x000000008dd00000|100%| S|CS|TAMS 0x000000008dc00000, 0x000000008dc00000| Complete 
|  61|0x000000008dd00000, 0x000000008dd00000, 0x000000008de00000|  0%| F|  |TAMS 0x000000008dd00000, 0x000000008dd00000| Untracked 
|  62|0x000000008de00000, 0x000000008de00000, 0x000000008df00000|  0%| F|  |TAMS 0x000000008de00000, 0x000000008de00000| Untracked 
|  63|0x000000008df00000, 0x000000008df00000, 0x000000008e000000|  0%| F|  |TAMS 0x000000008df00000, 0x000000008df00000| Untracked 
|  64|0x000000008e000000, 0x000000008e000000, 0x000000008e100000|  0%| F|  |TAMS 0x000000008e000000, 0x000000008e000000| Untracked 
|  65|0x000000008e100000, 0x000000008e100000, 0x000000008e200000|  0%| F|  |TAMS 0x000000008e100000, 0x000000008e100000| Untracked 
|  66|0x000000008e200000, 0x000000008e200000, 0x000000008e300000|  0%| F|  |TAMS 0x000000008e200000, 0x000000008e200000| Untracked 
|  67|0x000000008e300000, 0x000000008e300000, 0x000000008e400000|  0%| F|  |TAMS 0x000000008e300000, 0x000000008e300000| Untracked 
|  68|0x000000008e400000, 0x000000008e400000, 0x000000008e500000|  0%| F|  |TAMS 0x000000008e400000, 0x000000008e400000| Untracked 
|  69|0x000000008e500000, 0x000000008e500000, 0x000000008e600000|  0%| F|  |TAMS 0x000000008e500000, 0x000000008e500000| Untracked 
|  70|0x000000008e600000, 0x000000008e600000, 0x000000008e700000|  0%| F|  |TAMS 0x000000008e600000, 0x000000008e600000| Untracked 
|  71|0x000000008e700000, 0x000000008e700000, 0x000000008e800000|  0%| F|  |TAMS 0x000000008e700000, 0x000000008e700000| Untracked 
|  72|0x000000008e800000, 0x000000008e800000, 0x000000008e900000|  0%| F|  |TAMS 0x000000008e800000, 0x000000008e800000| Untracked 
|  73|0x000000008e900000, 0x000000008e900000, 0x000000008ea00000|  0%| F|  |TAMS 0x000000008e900000, 0x000000008e900000| Untracked 
|  74|0x000000008ea00000, 0x000000008ea00000, 0x000000008eb00000|  0%| F|  |TAMS 0x000000008ea00000, 0x000000008ea00000| Untracked 
|  75|0x000000008eb00000, 0x000000008eb00000, 0x000000008ec00000|  0%| F|  |TAMS 0x000000008eb00000, 0x000000008eb00000| Untracked 
|  76|0x000000008ec00000, 0x000000008ec00000, 0x000000008ed00000|  0%| F|  |TAMS 0x000000008ec00000, 0x000000008ec00000| Untracked 
|  77|0x000000008ed00000, 0x000000008ed00000, 0x000000008ee00000|  0%| F|  |TAMS 0x000000008ed00000, 0x000000008ed00000| Untracked 
|  78|0x000000008ee00000, 0x000000008ee00000, 0x000000008ef00000|  0%| F|  |TAMS 0x000000008ee00000, 0x000000008ee00000| Untracked 
|  79|0x000000008ef00000, 0x000000008ef00000, 0x000000008f000000|  0%| F|  |TAMS 0x000000008ef00000, 0x000000008ef00000| Untracked 
|  80|0x000000008f000000, 0x000000008f000000, 0x000000008f100000|  0%| F|  |TAMS 0x000000008f000000, 0x000000008f000000| Untracked 
|  81|0x000000008f100000, 0x000000008f100000, 0x000000008f200000|  0%| F|  |TAMS 0x000000008f100000, 0x000000008f100000| Untracked 
|  82|0x000000008f200000, 0x000000008f200000, 0x000000008f300000|  0%| F|  |TAMS 0x000000008f200000, 0x000000008f200000| Untracked 
|  83|0x000000008f300000, 0x000000008f300000, 0x000000008f400000|  0%| F|  |TAMS 0x000000008f300000, 0x000000008f300000| Untracked 
|  84|0x000000008f400000, 0x000000008f400000, 0x000000008f500000|  0%| F|  |TAMS 0x000000008f400000, 0x000000008f400000| Untracked 
|  85|0x000000008f500000, 0x000000008f500000, 0x000000008f600000|  0%| F|  |TAMS 0x000000008f500000, 0x000000008f500000| Untracked 
|  86|0x000000008f600000, 0x000000008f600000, 0x000000008f700000|  0%| F|  |TAMS 0x000000008f600000, 0x000000008f600000| Untracked 
|  87|0x000000008f700000, 0x000000008f700000, 0x000000008f800000|  0%| F|  |TAMS 0x000000008f700000, 0x000000008f700000| Untracked 
|  88|0x000000008f800000, 0x000000008f800000, 0x000000008f900000|  0%| F|  |TAMS 0x000000008f800000, 0x000000008f800000| Untracked 
|  89|0x000000008f900000, 0x000000008f900000, 0x000000008fa00000|  0%| F|  |TAMS 0x000000008f900000, 0x000000008f900000| Untracked 
|  90|0x000000008fa00000, 0x000000008fa00000, 0x000000008fb00000|  0%| F|  |TAMS 0x000000008fa00000, 0x000000008fa00000| Untracked 
|  91|0x000000008fb00000, 0x000000008fb00000, 0x000000008fc00000|  0%| F|  |TAMS 0x000000008fb00000, 0x000000008fb00000| Untracked 
|  92|0x000000008fc00000, 0x000000008fc00000, 0x000000008fd00000|  0%| F|  |TAMS 0x000000008fc00000, 0x000000008fc00000| Untracked 
|  93|0x000000008fd00000, 0x000000008fd00000, 0x000000008fe00000|  0%| F|  |TAMS 0x000000008fd00000, 0x000000008fd00000| Untracked 
|  94|0x000000008fe00000, 0x000000008fe00000, 0x000000008ff00000|  0%| F|  |TAMS 0x000000008fe00000, 0x000000008fe00000| Untracked 
|  95|0x000000008ff00000, 0x000000008ff00000, 0x0000000090000000|  0%| F|  |TAMS 0x000000008ff00000, 0x000000008ff00000| Untracked 
|  96|0x0000000090000000, 0x0000000090000000, 0x0000000090100000|  0%| F|  |TAMS 0x0000000090000000, 0x0000000090000000| Untracked 
|  97|0x0000000090100000, 0x0000000090100000, 0x0000000090200000|  0%| F|  |TAMS 0x0000000090100000, 0x0000000090100000| Untracked 
|  98|0x0000000090200000, 0x0000000090200000, 0x0000000090300000|  0%| F|  |TAMS 0x0000000090200000, 0x0000000090200000| Untracked 
|  99|0x0000000090300000, 0x0000000090300000, 0x0000000090400000|  0%| F|  |TAMS 0x0000000090300000, 0x0000000090300000| Untracked 
| 100|0x0000000090400000, 0x0000000090400000, 0x0000000090500000|  0%| F|  |TAMS 0x0000000090400000, 0x0000000090400000| Untracked 
| 101|0x0000000090500000, 0x0000000090500000, 0x0000000090600000|  0%| F|  |TAMS 0x0000000090500000, 0x0000000090500000| Untracked 
| 102|0x0000000090600000, 0x0000000090600000, 0x0000000090700000|  0%| F|  |TAMS 0x0000000090600000, 0x0000000090600000| Untracked 
| 103|0x0000000090700000, 0x0000000090700000, 0x0000000090800000|  0%| F|  |TAMS 0x0000000090700000, 0x0000000090700000| Untracked 
| 104|0x0000000090800000, 0x0000000090800000, 0x0000000090900000|  0%| F|  |TAMS 0x0000000090800000, 0x0000000090800000| Untracked 
| 105|0x0000000090900000, 0x0000000090900000, 0x0000000090a00000|  0%| F|  |TAMS 0x0000000090900000, 0x0000000090900000| Untracked 
| 106|0x0000000090a00000, 0x0000000090a00000, 0x0000000090b00000|  0%| F|  |TAMS 0x0000000090a00000, 0x0000000090a00000| Untracked 
| 107|0x0000000090b00000, 0x0000000090b00000, 0x0000000090c00000|  0%| F|  |TAMS 0x0000000090b00000, 0x0000000090b00000| Untracked 
| 108|0x0000000090c00000, 0x0000000090c00000, 0x0000000090d00000|  0%| F|  |TAMS 0x0000000090c00000, 0x0000000090c00000| Untracked 
| 109|0x0000000090d00000, 0x0000000090d00000, 0x0000000090e00000|  0%| F|  |TAMS 0x0000000090d00000, 0x0000000090d00000| Untracked 
| 110|0x0000000090e00000, 0x0000000090e00000, 0x0000000090f00000|  0%| F|  |TAMS 0x0000000090e00000, 0x0000000090e00000| Untracked 
| 111|0x0000000090f00000, 0x0000000090f00000, 0x0000000091000000|  0%| F|  |TAMS 0x0000000090f00000, 0x0000000090f00000| Untracked 
| 112|0x0000000091000000, 0x0000000091000000, 0x0000000091100000|  0%| F|  |TAMS 0x0000000091000000, 0x0000000091000000| Untracked 
| 113|0x0000000091100000, 0x0000000091100000, 0x0000000091200000|  0%| F|  |TAMS 0x0000000091100000, 0x0000000091100000| Untracked 
| 114|0x0000000091200000, 0x0000000091200000, 0x0000000091300000|  0%| F|  |TAMS 0x0000000091200000, 0x0000000091200000| Untracked 
| 115|0x0000000091300000, 0x0000000091300000, 0x0000000091400000|  0%| F|  |TAMS 0x0000000091300000, 0x0000000091300000| Untracked 
| 116|0x0000000091400000, 0x0000000091400000, 0x0000000091500000|  0%| F|  |TAMS 0x0000000091400000, 0x0000000091400000| Untracked 
| 117|0x0000000091500000, 0x0000000091500000, 0x0000000091600000|  0%| F|  |TAMS 0x0000000091500000, 0x0000000091500000| Untracked 
|1887|0x00000000fff00000, 0x0000000100000000, 0x0000000100000000|100%| O|  |TAMS 0x0000000100000000, 0x00000000fff00000| Untracked 

Card table byte_map: [0x00000134d61c0000,0x00000134d6570000] _byte_map_base: 0x00000134d5d70000

Marking Bits (Prev, Next): (CMBitMap*) 0x00000134c3119d90, (CMBitMap*) 0x00000134c3119d50
 Prev Bits: [0x00000134d86a0000, 0x00000134da420000)
 Next Bits: [0x00000134d6920000, 0x00000134d86a0000)

Polling page: 0x00000134c10b0000

Metaspace:

Usage:
  Non-class:     53.13 MB used.
      Class:      6.97 MB used.
       Both:     60.10 MB used.

Virtual space:
  Non-class space:       64.00 MB reserved,      53.25 MB ( 83%) committed,  1 nodes.
      Class space:        1.00 GB reserved,       7.06 MB ( <1%) committed,  1 nodes.
             Both:        1.06 GB reserved,      60.31 MB (  6%) committed. 

Chunk freelists:
   Non-Class:  10.31 MB
       Class:  8.89 MB
        Both:  19.20 MB

MaxMetaspaceSize: unlimited
CompressedClassSpaceSize: 1.00 GB
Initial GC threshold: 21.00 MB
Current GC threshold: 97.31 MB
CDS: off
MetaspaceReclaimPolicy: balanced
 - commit_granule_bytes: 65536.
 - commit_granule_words: 8192.
 - virtual_space_node_default_size: 8388608.
 - enlarge_chunks_in_place: 1.
 - new_chunks_are_fully_committed: 0.
 - uncommit_free_chunks: 1.
 - use_allocation_guard: 0.
 - handle_deallocations: 1.


Internal statistics:

num_allocs_failed_limit: 6.
num_arena_births: 272.
num_arena_deaths: 0.
num_vsnodes_births: 2.
num_vsnodes_deaths: 0.
num_space_committed: 963.
num_space_uncommitted: 0.
num_chunks_returned_to_freelist: 6.
num_chunks_taken_from_freelist: 2240.
num_chunk_merges: 6.
num_chunk_splits: 1777.
num_chunks_enlarged: 1560.
num_inconsistent_stats: 0.

CodeHeap 'non-profiled nmethods': size=119168Kb used=2749Kb max_used=2831Kb free=116418Kb
 bounds [0x00000134ce130000, 0x00000134ce400000, 0x00000134d5590000]
CodeHeap 'profiled nmethods': size=119104Kb used=21854Kb max_used=21854Kb free=97249Kb
 bounds [0x00000134c6590000, 0x00000134c7af0000, 0x00000134cd9e0000]
CodeHeap 'non-nmethods': size=7488Kb used=1297Kb max_used=3038Kb free=6191Kb
 bounds [0x00000134cd9e0000, 0x00000134cdcf0000, 0x00000134ce130000]
 total_blobs=8871 nmethods=8267 adapters=514
 compilation: enabled
              stopped_count=0, restarted_count=0
 full_count=0

Compilation events (20 events):
Event: 24.500 Thread 0x00000134dd658d50 nmethod 9430 0x00000134c7ade710 code [0x00000134c7adec60, 0x00000134c7ae11a8]
Event: 24.500 Thread 0x00000134dd658d50 9433       3       kotlin.sequences.SequencesKt__SequencesKt$generateSequence$1::invoke (16 bytes)
Event: 24.501 Thread 0x00000134dd658d50 nmethod 9433 0x00000134c7ae1d10 code [0x00000134c7ae1f20, 0x00000134c7ae2568]
Event: 24.501 Thread 0x00000134dd658d50 9434       3       org.jetbrains.kotlin.resolve.calls.inference.CapturedType::<init> (54 bytes)
Event: 24.501 Thread 0x00000134dd658d50 nmethod 9434 0x00000134c7ae2810 code [0x00000134c7ae29e0, 0x00000134c7ae2d98]
Event: 24.501 Thread 0x00000134dd658d50 9438       3       org.jetbrains.kotlin.serialization.deserialization.MemberDeserializer::getAnnotations (51 bytes)
Event: 24.502 Thread 0x00000134dd658d50 nmethod 9438 0x00000134c7ae2f10 code [0x00000134c7ae3260, 0x00000134c7ae4678]
Event: 24.502 Thread 0x00000134dd658d50 9435       3       org.jetbrains.kotlin.resolve.calls.inference.CapturedTypeConstructorImpl::<init> (83 bytes)
Event: 24.503 Thread 0x00000134dd658d50 nmethod 9435 0x00000134c7ae4d90 code [0x00000134c7ae4fc0, 0x00000134c7ae5768]
Event: 24.503 Thread 0x00000134dd658d50 9436       3       org.jetbrains.kotlin.resolve.calls.inference.CapturedType::<init> (45 bytes)
Event: 24.503 Thread 0x00000134dd658d50 nmethod 9436 0x00000134c7ae5a10 code [0x00000134c7ae5d40, 0x00000134c7ae6f78]
Event: 24.508 Thread 0x00000134dd658d50 9443       2       org.jetbrains.kotlin.serialization.deserialization.DeserializationContext::childContext$default (68 bytes)
Event: 24.508 Thread 0x00000134dd658d50 nmethod 9443 0x00000134c7ae7610 code [0x00000134c7ae77c0, 0x00000134c7ae7928]
Event: 24.511 Thread 0x00000134dd658d50 9446       2       org.jetbrains.kotlin.load.kotlin.FileBasedKotlinClass::access$300 (6 bytes)
Event: 24.511 Thread 0x00000134dd658d50 nmethod 9446 0x00000134c7ae7a90 code [0x00000134c7ae7c20, 0x00000134c7ae7d28]
Event: 24.564 Thread 0x00000134dd658d50 9448       2       org.jetbrains.kotlin.serialization.deserialization.descriptors.DeserializedClassDescriptor::getConstructors (13 bytes)
Event: 24.565 Thread 0x00000134dd658d50 nmethod 9448 0x00000134c7ae7e10 code [0x00000134c7ae7fc0, 0x00000134c7ae8148]
Event: 24.565 Thread 0x00000134dd658d50 9453       2       org.jetbrains.kotlin.load.java.components.DescriptorResolverUtils::getAnnotationParameterByName (104 bytes)
Event: 24.565 Thread 0x00000134dd658d50 nmethod 9453 0x00000134c7ae8210 code [0x00000134c7ae8460, 0x00000134c7ae8958]
Event: 24.565 Thread 0x00000134dd658d50 9449       2       org.jetbrains.kotlin.resolve.constants.ArrayValue::<init> (23 bytes)

GC Heap History (20 events):
Event: 12.105 GC heap after
{Heap after GC invocations=18 (full 0):
 garbage-first heap   total 66560K, used 34024K [0x000000008a000000, 0x0000000100000000)
  region size 1024K, 3 young (3072K), 3 survivors (3072K)
 Metaspace       used 54202K, committed 54464K, reserved 1114112K
  class space    used 6550K, committed 6656K, reserved 1048576K
}
Event: 12.676 GC heap before
{Heap before GC invocations=18 (full 0):
 garbage-first heap   total 66560K, used 51432K [0x000000008a000000, 0x0000000100000000)
  region size 1024K, 20 young (20480K), 3 survivors (3072K)
 Metaspace       used 54632K, committed 54848K, reserved 1114112K
  class space    used 6555K, committed 6656K, reserved 1048576K
}
Event: 12.694 GC heap after
{Heap after GC invocations=19 (full 0):
 garbage-first heap   total 66560K, used 37407K [0x000000008a000000, 0x0000000100000000)
  region size 1024K, 3 young (3072K), 3 survivors (3072K)
 Metaspace       used 54632K, committed 54848K, reserved 1114112K
  class space    used 6555K, committed 6656K, reserved 1048576K
}
Event: 14.133 GC heap before
{Heap before GC invocations=20 (full 0):
 garbage-first heap   total 66560K, used 51743K [0x000000008a000000, 0x0000000100000000)
  region size 1024K, 17 young (17408K), 3 survivors (3072K)
 Metaspace       used 54929K, committed 55168K, reserved 1114112K
  class space    used 6575K, committed 6656K, reserved 1048576K
}
Event: 14.154 GC heap after
{Heap after GC invocations=21 (full 0):
 garbage-first heap   total 66560K, used 40309K [0x000000008a000000, 0x0000000100000000)
  region size 1024K, 3 young (3072K), 3 survivors (3072K)
 Metaspace       used 54929K, committed 55168K, reserved 1114112K
  class space    used 6575K, committed 6656K, reserved 1048576K
}
Event: 14.271 GC heap before
{Heap before GC invocations=21 (full 0):
 garbage-first heap   total 66560K, used 41333K [0x000000008a000000, 0x0000000100000000)
  region size 1024K, 4 young (4096K), 3 survivors (3072K)
 Metaspace       used 54939K, committed 55168K, reserved 1114112K
  class space    used 6575K, committed 6656K, reserved 1048576K
}
Event: 14.341 GC heap after
{Heap after GC invocations=22 (full 0):
 garbage-first heap   total 79872K, used 40210K [0x000000008a000000, 0x0000000100000000)
  region size 1024K, 1 young (1024K), 1 survivors (1024K)
 Metaspace       used 54939K, committed 55168K, reserved 1114112K
  class space    used 6575K, committed 6656K, reserved 1048576K
}
Event: 15.297 GC heap before
{Heap before GC invocations=22 (full 0):
 garbage-first heap   total 79872K, used 61714K [0x000000008a000000, 0x0000000100000000)
  region size 1024K, 22 young (22528K), 1 survivors (1024K)
 Metaspace       used 55382K, committed 55616K, reserved 1114112K
  class space    used 6623K, committed 6720K, reserved 1048576K
}
Event: 15.316 GC heap after
{Heap after GC invocations=23 (full 0):
 garbage-first heap   total 79872K, used 43430K [0x000000008a000000, 0x0000000100000000)
  region size 1024K, 3 young (3072K), 3 survivors (3072K)
 Metaspace       used 55382K, committed 55616K, reserved 1114112K
  class space    used 6623K, committed 6720K, reserved 1048576K
}
Event: 18.581 GC heap before
{Heap before GC invocations=24 (full 0):
 garbage-first heap   total 79872K, used 61862K [0x000000008a000000, 0x0000000100000000)
  region size 1024K, 21 young (21504K), 3 survivors (3072K)
 Metaspace       used 56995K, committed 57216K, reserved 1114112K
  class space    used 6796K, committed 6912K, reserved 1048576K
}
Event: 18.707 GC heap after
{Heap after GC invocations=25 (full 0):
 garbage-first heap   total 79872K, used 45232K [0x000000008a000000, 0x0000000100000000)
  region size 1024K, 2 young (2048K), 2 survivors (2048K)
 Metaspace       used 56995K, committed 57216K, reserved 1114112K
  class space    used 6796K, committed 6912K, reserved 1048576K
}
Event: 18.892 GC heap before
{Heap before GC invocations=25 (full 0):
 garbage-first heap   total 79872K, used 46256K [0x000000008a000000, 0x0000000100000000)
  region size 1024K, 3 young (3072K), 2 survivors (2048K)
 Metaspace       used 57137K, committed 57344K, reserved 1114112K
  class space    used 6813K, committed 6912K, reserved 1048576K
}
Event: 18.902 GC heap after
{Heap after GC invocations=26 (full 0):
 garbage-first heap   total 79872K, used 45013K [0x000000008a000000, 0x0000000100000000)
  region size 1024K, 1 young (1024K), 1 survivors (1024K)
 Metaspace       used 57137K, committed 57344K, reserved 1114112K
  class space    used 6813K, committed 6912K, reserved 1048576K
}
Event: 21.204 GC heap before
{Heap before GC invocations=26 (full 0):
 garbage-first heap   total 79872K, used 63445K [0x000000008a000000, 0x0000000100000000)
  region size 1024K, 19 young (19456K), 1 survivors (1024K)
 Metaspace       used 59430K, committed 59712K, reserved 1114112K
  class space    used 7051K, committed 7168K, reserved 1048576K
}
Event: 21.217 GC heap after
{Heap after GC invocations=27 (full 0):
 garbage-first heap   total 79872K, used 47089K [0x000000008a000000, 0x0000000100000000)
  region size 1024K, 3 young (3072K), 3 survivors (3072K)
 Metaspace       used 59430K, committed 59712K, reserved 1114112K
  class space    used 7051K, committed 7168K, reserved 1048576K
}
Event: 22.454 GC heap before
{Heap before GC invocations=28 (full 0):
 garbage-first heap   total 81920K, used 63473K [0x000000008a000000, 0x0000000100000000)
  region size 1024K, 19 young (19456K), 3 survivors (3072K)
 Metaspace       used 61034K, committed 61312K, reserved 1114112K
  class space    used 7126K, committed 7232K, reserved 1048576K
}
Event: 22.466 GC heap after
{Heap after GC invocations=29 (full 0):
 garbage-first heap   total 81920K, used 49013K [0x000000008a000000, 0x0000000100000000)
  region size 1024K, 2 young (2048K), 2 survivors (2048K)
 Metaspace       used 61034K, committed 61312K, reserved 1114112K
  class space    used 7126K, committed 7232K, reserved 1048576K
}
Event: 22.587 GC heap before
{Heap before GC invocations=29 (full 0):
 garbage-first heap   total 81920K, used 51061K [0x000000008a000000, 0x0000000100000000)
  region size 1024K, 4 young (4096K), 2 survivors (2048K)
 Metaspace       used 61084K, committed 61312K, reserved 1114112K
  class space    used 7129K, committed 7232K, reserved 1048576K
}
Event: 22.595 GC heap after
{Heap after GC invocations=30 (full 0):
 garbage-first heap   total 81920K, used 49315K [0x000000008a000000, 0x0000000100000000)
  region size 1024K, 1 young (1024K), 1 survivors (1024K)
 Metaspace       used 61084K, committed 61312K, reserved 1114112K
  class space    used 7129K, committed 7232K, reserved 1048576K
}
Event: 24.566 GC heap before
{Heap before GC invocations=30 (full 0):
 garbage-first heap   total 81920K, used 67747K [0x000000008a000000, 0x0000000100000000)
  region size 1024K, 18 young (18432K), 1 survivors (1024K)
 Metaspace       used 61546K, committed 61760K, reserved 1114112K
  class space    used 7140K, committed 7232K, reserved 1048576K
}

Dll operation events (2 events):
Event: 0.007 Loaded shared library C:\Program Files\Android\Android Studio\jbr\bin\java.dll
Event: 1.132 Loaded shared library C:\Program Files\Android\Android Studio\jbr\bin\verify.dll

Deoptimization events (20 events):
Event: 23.047 Thread 0x00000134c30bde00 DEOPT PACKING pc=0x00000134ce1df8ac sp=0x00000012913f6620
Event: 23.047 Thread 0x00000134c30bde00 DEOPT UNPACKING pc=0x00000134cda369a3 sp=0x00000012913f62d8 mode 2
Event: 23.047 Thread 0x00000134c30bde00 Uncommon trap: trap_request=0xffffffbe fr.pc=0x00000134ce1e0334 relative=0x0000000000005134
Event: 23.047 Thread 0x00000134c30bde00 Uncommon trap: reason=profile_predicate action=maybe_recompile pc=0x00000134ce1e0334 method=org.jetbrains.kotlin.com.intellij.psi.impl.source.CharTableImpl$StringHashToCharSequencesMap.charSequenceSubSequenceEquals(Ljava/lang/CharSequence;Ljava/lang/CharS
Event: 23.047 Thread 0x00000134c30bde00 DEOPT PACKING pc=0x00000134ce1e0334 sp=0x00000012913f6620
Event: 23.048 Thread 0x00000134c30bde00 DEOPT UNPACKING pc=0x00000134cda369a3 sp=0x00000012913f62c8 mode 2
Event: 23.048 Thread 0x00000134c30bde00 Uncommon trap: trap_request=0xffffffbe fr.pc=0x00000134ce1df8ac relative=0x00000000000046ac
Event: 23.048 Thread 0x00000134c30bde00 Uncommon trap: reason=profile_predicate action=maybe_recompile pc=0x00000134ce1df8ac method=org.jetbrains.kotlin.com.intellij.psi.impl.source.CharTableImpl$StringHashToCharSequencesMap.charSequenceSubSequenceEquals(Ljava/lang/CharSequence;Ljava/lang/CharS
Event: 23.048 Thread 0x00000134c30bde00 DEOPT PACKING pc=0x00000134ce1df8ac sp=0x00000012913f6620
Event: 23.048 Thread 0x00000134c30bde00 DEOPT UNPACKING pc=0x00000134cda369a3 sp=0x00000012913f62d8 mode 2
Event: 23.048 Thread 0x00000134c30bde00 Uncommon trap: trap_request=0xffffffbe fr.pc=0x00000134ce1df8ac relative=0x00000000000046ac
Event: 23.048 Thread 0x00000134c30bde00 Uncommon trap: reason=profile_predicate action=maybe_recompile pc=0x00000134ce1df8ac method=org.jetbrains.kotlin.com.intellij.psi.impl.source.CharTableImpl$StringHashToCharSequencesMap.charSequenceSubSequenceEquals(Ljava/lang/CharSequence;Ljava/lang/CharS
Event: 23.048 Thread 0x00000134c30bde00 DEOPT PACKING pc=0x00000134ce1df8ac sp=0x00000012913f6620
Event: 23.048 Thread 0x00000134c30bde00 DEOPT UNPACKING pc=0x00000134cda369a3 sp=0x00000012913f62d8 mode 2
Event: 23.050 Thread 0x00000134c30bde00 Uncommon trap: trap_request=0xffffffdc fr.pc=0x00000134ce1d7ec0 relative=0x00000000000001a0
Event: 23.050 Thread 0x00000134c30bde00 Uncommon trap: reason=class_check action=make_not_entrant pc=0x00000134ce1d7ec0 method=java.util.ArrayList.toArray([Ljava/lang/Object;)[Ljava/lang/Object; @ 21 c2
Event: 23.050 Thread 0x00000134c30bde00 DEOPT PACKING pc=0x00000134ce1d7ec0 sp=0x00000012913f48a0
Event: 23.050 Thread 0x00000134c30bde00 DEOPT UNPACKING pc=0x00000134cda369a3 sp=0x00000012913f4860 mode 2
Event: 24.509 Thread 0x00000134c30bde00 DEOPT PACKING pc=0x00000134c6c54d05 sp=0x00000012913f6a30
Event: 24.509 Thread 0x00000134c30bde00 DEOPT UNPACKING pc=0x00000134cda37143 sp=0x00000012913f5ec0 mode 0

Classes unloaded (0 events):
No events

Classes redefined (0 events):
No events

Internal exceptions (20 events):
Event: 8.291 Thread 0x00000134c30bde00 Exception <a 'java/lang/NoSuchMethodError'{0x000000008d5dc570}: 'java.lang.Object java.lang.invoke.DirectMethodHandle$Holder.newInvokeSpecial(java.lang.Object, java.lang.Object, java.lang.Object, java.lang.Object, java.lang.Object, java.lang.Object, java.lang.Object, java.lang.Object)'> (0x000000008d5dc570) 
thrown [s\src\hotspot\share\interpreter\linkResolver.cpp, line 771]
Event: 8.333 Thread 0x00000134c30bde00 Exception <a 'java/lang/NoSuchMethodError'{0x000000008d5e1b88}: 'java.lang.Object java.lang.invoke.DirectMethodHandle$Holder.invokeSpecial(java.lang.Object, java.lang.Object, java.lang.Object, java.lang.Object, java.lang.Object, java.lang.Object, java.lang.Object, java.lang.Object, java.lang.Object)'> (0x000000008d5e1b88) 
thrown [s\src\hotspot\share\interpreter\linkResolver.cpp, line 771]
Event: 8.333 Thread 0x00000134c30bde00 Exception <a 'java/lang/NoSuchMethodError'{0x000000008d5e6ab8}: 'java.lang.Object java.lang.invoke.Invokers$Holder.linkToTargetMethod(java.lang.Object, java.lang.Object, java.lang.Object, java.lang.Object, java.lang.Object, java.lang.Object, java.lang.Object, java.lang.Object)'> (0x000000008d5e6ab8) 
thrown [s\src\hotspot\share\interpreter\linkResolver.cpp, line 771]
Event: 9.575 Thread 0x00000134c30bde00 Exception <a 'java/lang/NoSuchMethodError'{0x000000008d2609a8}: 'java.lang.Object java.lang.invoke.DirectMethodHandle$Holder.newInvokeSpecial(java.lang.Object, java.lang.Object, java.lang.Object, java.lang.Object, java.lang.Object, java.lang.Object)'> (0x000000008d2609a8) 
thrown [s\src\hotspot\share\interpreter\linkResolver.cpp, line 771]
Event: 10.378 Thread 0x00000134c30bde00 Implicit null exception at 0x00000134ce2a60ea to 0x00000134ce2a62b0
Event: 10.448 Thread 0x00000134c30bde00 Implicit null exception at 0x00000134ce2134cc to 0x00000134ce2135a8
Event: 10.674 Thread 0x00000134c30bde00 Implicit null exception at 0x00000134ce2a14bd to 0x00000134ce2a1f84
Event: 10.674 Thread 0x00000134c30bde00 Implicit null exception at 0x00000134ce2a068f to 0x00000134ce2a06c0
Event: 11.914 Thread 0x00000134c30bde00 Exception <a 'java/lang/IncompatibleClassChangeError'{0x000000008ce5b588}: Found class java.lang.Object, but interface was expected> (0x000000008ce5b588) 
thrown [s\src\hotspot\share\interpreter\linkResolver.cpp, line 838]
Event: 12.041 Thread 0x00000134c30bde00 Exception <a 'java/lang/NoSuchMethodError'{0x000000008ccae8f0}: 'int java.lang.invoke.DirectMethodHandle$Holder.invokeInterface(java.lang.Object, java.lang.Object)'> (0x000000008ccae8f0) 
thrown [s\src\hotspot\share\interpreter\linkResolver.cpp, line 771]
Event: 13.401 Thread 0x00000134c30bde00 Exception <a 'java/lang/NoSuchMethodError'{0x000000008d81b818}: 'java.lang.Object java.lang.invoke.DirectMethodHandle$Holder.invokeStatic(java.lang.Object, int, java.lang.Object, java.lang.Object)'> (0x000000008d81b818) 
thrown [s\src\hotspot\share\interpreter\linkResolver.cpp, line 771]
Event: 13.403 Thread 0x00000134c30bde00 Exception <a 'java/lang/NoSuchMethodError'{0x000000008d8237e0}: 'java.lang.Object java.lang.invoke.DirectMethodHandle$Holder.newInvokeSpecial(java.lang.Object, int, java.lang.Object)'> (0x000000008d8237e0) 
thrown [s\src\hotspot\share\interpreter\linkResolver.cpp, line 771]
Event: 14.705 Thread 0x00000134c30bde00 Exception <a 'java/lang/NoSuchMethodError'{0x000000008e530f58}: 'java.lang.Object java.lang.invoke.DirectMethodHandle$Holder.invokeStatic(java.lang.Object, int, java.lang.Object)'> (0x000000008e530f58) 
thrown [s\src\hotspot\share\interpreter\linkResolver.cpp, line 771]
Event: 15.329 Thread 0x00000134c30bde00 Implicit null exception at 0x00000134ce299039 to 0x00000134ce29a898
Event: 15.330 Thread 0x00000134c30bde00 Implicit null exception at 0x00000134ce29809b to 0x00000134ce2987b4
Event: 18.792 Thread 0x00000134c30bde00 Exception <a 'java/lang/NoSuchMethodError'{0x0000000091538f10}: 'int java.lang.invoke.DirectMethodHandle$Holder.invokeStaticInit(java.lang.Object, int)'> (0x0000000091538f10) 
thrown [s\src\hotspot\share\interpreter\linkResolver.cpp, line 771]
Event: 20.071 Thread 0x00000134c30bde00 Exception <a 'java/lang/NoSuchMethodError'{0x000000008e4a40f0}: 'java.lang.Object java.lang.invoke.DirectMethodHandle$Holder.invokeInterface(java.lang.Object, java.lang.Object, java.lang.Object)'> (0x000000008e4a40f0) 
thrown [s\src\hotspot\share\interpreter\linkResolver.cpp, line 771]
Event: 20.072 Thread 0x00000134c30bde00 Exception <a 'java/lang/IncompatibleClassChangeError'{0x000000008e4a7a60}: Found class java.lang.Object, but interface was expected> (0x000000008e4a7a60) 
thrown [s\src\hotspot\share\interpreter\linkResolver.cpp, line 838]
Event: 20.082 Thread 0x00000134c30bde00 Exception <a 'java/lang/NoSuchMethodError'{0x000000008e4e4430}: 'java.lang.Object java.lang.invoke.DirectMethodHandle$Holder.newInvokeSpecial(java.lang.Object, java.lang.Object, java.lang.Object, java.lang.Object, java.lang.Object, java.lang.Object, java.lang.Object)'> (0x000000008e4e4430) 
thrown [s\src\hotspot\share\interpreter\linkResolver.cpp, line 771]
Event: 20.083 Thread 0x00000134c30bde00 Exception <a 'java/lang/NoSuchMethodError'{0x000000008e4e8fe8}: 'java.lang.Object java.lang.invoke.Invokers$Holder.linkToTargetMethod(java.lang.Object, java.lang.Object, java.lang.Object, java.lang.Object, java.lang.Object, java.lang.Object, java.lang.Object)'> (0x000000008e4e8fe8) 
thrown [s\src\hotspot\share\interpreter\linkResolver.cpp, line 771]

VM Operations (20 events):
Event: 22.235 Executing VM operation: ICBufferFull done
Event: 22.299 Executing VM operation: HandshakeAllThreads
Event: 22.299 Executing VM operation: HandshakeAllThreads done
Event: 22.454 Executing VM operation: G1CollectForAllocation
Event: 22.466 Executing VM operation: G1CollectForAllocation done
Event: 22.587 Executing VM operation: G1CollectForAllocation
Event: 22.595 Executing VM operation: G1CollectForAllocation done
Event: 22.794 Executing VM operation: ICBufferFull
Event: 22.794 Executing VM operation: ICBufferFull done
Event: 22.887 Executing VM operation: ICBufferFull
Event: 22.887 Executing VM operation: ICBufferFull done
Event: 23.185 Executing VM operation: ICBufferFull
Event: 23.185 Executing VM operation: ICBufferFull done
Event: 23.336 Executing VM operation: ICBufferFull
Event: 23.336 Executing VM operation: ICBufferFull done
Event: 23.351 Executing VM operation: HandshakeAllThreads
Event: 23.351 Executing VM operation: HandshakeAllThreads done
Event: 24.357 Executing VM operation: Cleanup
Event: 24.360 Executing VM operation: Cleanup done
Event: 24.566 Executing VM operation: G1CollectForAllocation

Events (20 events):
Event: 21.255 Thread 0x00000134dd661670 flushing nmethod 0x00000134c745a210
Event: 21.267 Thread 0x00000134dd661670 flushing nmethod 0x00000134c75a7a10
Event: 21.267 Thread 0x00000134dd661670 flushing nmethod 0x00000134c75e6410
Event: 21.758 loading class jdk/internal/math/FloatingDecimal
Event: 21.760 loading class jdk/internal/math/FloatingDecimal done
Event: 21.760 loading class jdk/internal/math/FloatingDecimal$ExceptionalBinaryToASCIIBuffer
Event: 21.760 loading class jdk/internal/math/FloatingDecimal$BinaryToASCIIConverter
Event: 21.761 loading class jdk/internal/math/FloatingDecimal$BinaryToASCIIConverter done
Event: 21.761 loading class jdk/internal/math/FloatingDecimal$ExceptionalBinaryToASCIIBuffer done
Event: 21.761 loading class jdk/internal/math/FloatingDecimal$BinaryToASCIIBuffer
Event: 21.762 loading class jdk/internal/math/FloatingDecimal$BinaryToASCIIBuffer done
Event: 21.762 loading class jdk/internal/math/FloatingDecimal$1
Event: 21.763 loading class jdk/internal/math/FloatingDecimal$1 done
Event: 21.763 loading class jdk/internal/math/FloatingDecimal$PreparedASCIIToBinaryBuffer
Event: 21.764 loading class jdk/internal/math/FloatingDecimal$ASCIIToBinaryConverter
Event: 21.764 loading class jdk/internal/math/FloatingDecimal$ASCIIToBinaryConverter done
Event: 21.764 loading class jdk/internal/math/FloatingDecimal$PreparedASCIIToBinaryBuffer done
Event: 23.137 loading class java/util/concurrent/locks/AbstractQueuedSynchronizer$Node
Event: 23.158 loading class java/util/concurrent/locks/AbstractQueuedSynchronizer$Node done
Event: 24.155 Thread 0x00000134dd7a4240 Thread exited: 0x00000134dd7a4240


Dynamic libraries:
0x00007ff606a50000 - 0x00007ff606a5a000 	C:\Program Files\Android\Android Studio\jbr\bin\java.exe
0x00007ffb24b70000 - 0x00007ffb24d87000 	C:\WINDOWS\SYSTEM32\ntdll.dll
0x00007ffb24300000 - 0x00007ffb243c4000 	C:\WINDOWS\System32\KERNEL32.DLL
0x00007ffb222c0000 - 0x00007ffb22667000 	C:\WINDOWS\System32\KERNELBASE.dll
0x00007ffb22030000 - 0x00007ffb22141000 	C:\WINDOWS\System32\ucrtbase.dll
0x00007ffb09820000 - 0x00007ffb09837000 	C:\Program Files\Android\Android Studio\jbr\bin\jli.dll
0x00007ffaec120000 - 0x00007ffaec13b000 	C:\Program Files\Android\Android Studio\jbr\bin\VCRUNTIME140.dll
0x00007ffb245f0000 - 0x00007ffb2479e000 	C:\WINDOWS\System32\USER32.dll
0x00007ffb22870000 - 0x00007ffb22896000 	C:\WINDOWS\System32\win32u.dll
0x00007ffb0a3c0000 - 0x00007ffb0a653000 	C:\WINDOWS\WinSxS\amd64_microsoft.windows.common-controls_6595b64144ccf1df_6.0.22621.3527_none_270e469b73872a76\COMCTL32.dll
0x00007ffb248a0000 - 0x00007ffb248c9000 	C:\WINDOWS\System32\GDI32.dll
0x00007ffb24a80000 - 0x00007ffb24b27000 	C:\WINDOWS\System32\msvcrt.dll
0x00007ffb21f10000 - 0x00007ffb22029000 	C:\WINDOWS\System32\gdi32full.dll
0x00007ffb22670000 - 0x00007ffb2270a000 	C:\WINDOWS\System32\msvcp_win.dll
0x00007ffb23180000 - 0x00007ffb231b1000 	C:\WINDOWS\System32\IMM32.DLL
0x00007ffb01f10000 - 0x00007ffb01f1c000 	C:\Program Files\Android\Android Studio\jbr\bin\vcruntime140_1.dll
0x00007ffae90b0000 - 0x00007ffae913d000 	C:\Program Files\Android\Android Studio\jbr\bin\msvcp140.dll
0x00007ffa7aef0000 - 0x00007ffa7bb73000 	C:\Program Files\Android\Android Studio\jbr\bin\server\jvm.dll
0x00007ffb230c0000 - 0x00007ffb23172000 	C:\WINDOWS\System32\ADVAPI32.dll
0x00007ffb243d0000 - 0x00007ffb24478000 	C:\WINDOWS\System32\sechost.dll
0x00007ffb22840000 - 0x00007ffb22868000 	C:\WINDOWS\System32\bcrypt.dll
0x00007ffb233d0000 - 0x00007ffb234e5000 	C:\WINDOWS\System32\RPCRT4.dll
0x00007ffb1b8a0000 - 0x00007ffb1b8d4000 	C:\WINDOWS\SYSTEM32\WINMM.dll
0x00007ffb0b7a0000 - 0x00007ffb0b7a9000 	C:\WINDOWS\SYSTEM32\WSOCK32.dll
0x00007ffb24280000 - 0x00007ffb242f1000 	C:\WINDOWS\System32\WS2_32.dll
0x00007ffb1a800000 - 0x00007ffb1a80a000 	C:\WINDOWS\SYSTEM32\VERSION.dll
0x00007ffb20d10000 - 0x00007ffb20d5d000 	C:\WINDOWS\SYSTEM32\POWRPROF.dll
0x00007ffb20cf0000 - 0x00007ffb20d03000 	C:\WINDOWS\SYSTEM32\UMPDC.dll
0x00007ffb20fa0000 - 0x00007ffb20fb8000 	C:\WINDOWS\SYSTEM32\kernel.appcore.dll
0x00007ffafe380000 - 0x00007ffafe38a000 	C:\Program Files\Android\Android Studio\jbr\bin\jimage.dll
0x00007ffb1f880000 - 0x00007ffb1fab3000 	C:\WINDOWS\SYSTEM32\DBGHELP.DLL
0x00007ffb22b70000 - 0x00007ffb22ef8000 	C:\WINDOWS\System32\combase.dll
0x00007ffb247c0000 - 0x00007ffb24897000 	C:\WINDOWS\System32\OLEAUT32.dll
0x00007ffb17ea0000 - 0x00007ffb17ed2000 	C:\WINDOWS\SYSTEM32\dbgcore.DLL
0x00007ffb21e90000 - 0x00007ffb21f09000 	C:\WINDOWS\System32\bcryptPrimitives.dll
0x00007ffaead50000 - 0x00007ffaead75000 	C:\Program Files\Android\Android Studio\jbr\bin\java.dll
0x00007ffaeaf80000 - 0x00007ffaeaf98000 	C:\Program Files\Android\Android Studio\jbr\bin\zip.dll
0x00007ffb234f0000 - 0x00007ffb23d4c000 	C:\WINDOWS\System32\SHELL32.dll
0x00007ffb1fc80000 - 0x00007ffb20576000 	C:\WINDOWS\SYSTEM32\windows.storage.dll
0x00007ffb205a0000 - 0x00007ffb206de000 	C:\WINDOWS\SYSTEM32\wintypes.dll
0x00007ffb244e0000 - 0x00007ffb245d5000 	C:\WINDOWS\System32\SHCORE.dll
0x00007ffb231c0000 - 0x00007ffb2321e000 	C:\WINDOWS\System32\shlwapi.dll
0x00007ffb21dc0000 - 0x00007ffb21de1000 	C:\WINDOWS\SYSTEM32\profapi.dll
0x00007ffaead30000 - 0x00007ffaead49000 	C:\Program Files\Android\Android Studio\jbr\bin\net.dll
0x00007ffb1c670000 - 0x00007ffb1c7a6000 	C:\WINDOWS\SYSTEM32\WINHTTP.dll
0x00007ffb21410000 - 0x00007ffb21479000 	C:\WINDOWS\system32\mswsock.dll
0x00007ffae9090000 - 0x00007ffae90a6000 	C:\Program Files\Android\Android Studio\jbr\bin\nio.dll
0x00007ffb02870000 - 0x00007ffb02880000 	C:\Program Files\Android\Android Studio\jbr\bin\verify.dll

dbghelp: loaded successfully - version: 4.0.5 - missing functions: none
symbol engine: initialized successfully - sym options: 0x614 - pdb path: .;C:\Program Files\Android\Android Studio\jbr\bin;C:\WINDOWS\SYSTEM32;C:\WINDOWS\WinSxS\amd64_microsoft.windows.common-controls_6595b64144ccf1df_6.0.22621.3527_none_270e469b73872a76;C:\Program Files\Android\Android Studio\jbr\bin\server

VM Arguments:
java_command: org.jetbrains.kotlin.cli.jvm.K2JVMCompiler @C:\Users\marco\Downloads\Smart-Safe-App\node_modules\react-native-safe-area-context\android\build\20240521_17913901450493243565.compiler.options
java_class_path (initial): C:\Users\marco\.gradle\caches\modules-2\files-2.1\org.jetbrains.kotlin\kotlin-compiler-embeddable\1.9.22\9cd4dc7773cf2a99ecd961a88fbbc9a2da3fb5e1\kotlin-compiler-embeddable-1.9.22.jar;C:\Users\marco\.gradle\caches\modules-2\files-2.1\org.jetbrains.kotlin\kotlin-stdlib\1.9.22\d6c44cd08d8f3f9bece8101216dbe6553365c6e3\kotlin-stdlib-1.9.22.jar;C:\Users\marco\.gradle\caches\modules-2\files-2.1\org.jetbrains.kotlin\kotlin-script-runtime\1.9.22\f8139a46fc677ec9badc49ae954392f4f5e7e7c7\kotlin-script-runtime-1.9.22.jar;C:\Users\marco\.gradle\caches\modules-2\files-2.1\org.jetbrains.kotlin\kotlin-reflect\1.6.10\1cbe9c92c12a94eea200d23c2bbaedaf3daf5132\kotlin-reflect-1.6.10.jar;C:\Users\marco\.gradle\caches\modules-2\files-2.1\org.jetbrains.kotlin\kotlin-daemon-embeddable\1.9.22\20e2c5df715f3240c765cfc222530e2796542021\kotlin-daemon-embeddable-1.9.22.jar;C:\Users\marco\.gradle\caches\modules-2\files-2.1\org.jetbrains.intellij.deps\trove4j\1.0.20200330\3afb14d5f9ceb459d724e907a21145e8ff394f02\trove4j-1.0.20200330.jar;C:\Users\marco\.gradle\caches\modules-2\files-2.1\org.jetbrains\annotations\13.0\919f0dfe192fb4e063e7dacadee7f8bb9a2672a9\annotations-13.0.jar
Launcher Type: SUN_STANDARD

[Global flags]
     intx CICompilerCount                          = 12                                        {product} {ergonomic}
     uint ConcGCThreads                            = 3                                         {product} {ergonomic}
     uint G1ConcRefinementThreads                  = 13                                        {product} {ergonomic}
   size_t G1HeapRegionSize                         = 1048576                                   {product} {ergonomic}
    uintx GCDrainStackTargetSize                   = 64                                        {product} {ergonomic}
   size_t InitialHeapSize                          = 123731968                                 {product} {ergonomic}
   size_t MarkStackSize                            = 4194304                                   {product} {ergonomic}
   size_t MaxHeapSize                              = 1979711488                                {product} {ergonomic}
   size_t MaxNewSize                               = 1186988032                                {product} {ergonomic}
   size_t MinHeapDeltaBytes                        = 1048576                                   {product} {ergonomic}
   size_t MinHeapSize                              = 8388608                                   {product} {ergonomic}
    uintx NonNMethodCodeHeapSize                   = 7602480                                {pd product} {ergonomic}
    uintx NonProfiledCodeHeapSize                  = 122027880                              {pd product} {ergonomic}
    uintx ProfiledCodeHeapSize                     = 122027880                              {pd product} {ergonomic}
    uintx ReservedCodeCacheSize                    = 251658240                              {pd product} {ergonomic}
     bool SegmentedCodeCache                       = true                                      {product} {ergonomic}
   size_t SoftMaxHeapSize                          = 1979711488                             {manageable} {ergonomic}
     bool UseCompressedClassPointers               = true                           {product lp64_product} {ergonomic}
     bool UseCompressedOops                        = true                           {product lp64_product} {ergonomic}
     bool UseG1GC                                  = true                                      {product} {ergonomic}
     bool UseLargePagesIndividualAllocation        = false                                  {pd product} {ergonomic}

Logging:
Log output configuration:
 #0: stdout all=warning uptime,level,tags
 #1: stderr all=off uptime,level,tags

Environment Variables:
JAVA_HOME=C:\Program Files\Android\Android Studio\jbr
CLASSPATH=C:\Users\marco\Downloads\Smart-Safe-App\android\\gradle\wrapper\gradle-wrapper.jar
PATH=C:\Users\marco\Downloads\Smart-Safe-App\node_modules\.bin;C:\Users\marco\Downloads\node_modules\.bin;C:\Users\marco\node_modules\.bin;C:\Users\node_modules\.bin;C:\node_modules\.bin;C:\Users\marco\AppData\Roaming\npm\node_modules\npm\node_modules\@npmcli\run-script\lib\node-gyp-bin;C:\Program Files\PowerShell\7;C:\Program Files (x86)\Common Files\Oracle\Java\java8path;C:\Program Files (x86)\Common Files\Oracle\Java\javapath;C:\Windows\system32;C:\Windows;C:\Windows\System32\Wbem;C:\Windows\System32\WindowsPowerShell\v1.0\;C:\Windows\System32\OpenSSH\;C:\Program Files (x86)\NVIDIA Corporation\PhysX\Common;C:\Program Files\NVIDIA Corporation\NVIDIA NvDLISR;C:\WINDOWS\system32;C:\WINDOWS;C:\WINDOWS\System32\Wbem;C:\WINDOWS\System32\WindowsPowerShell\v1.0\;C:\WINDOWS\System32\OpenSSH\;C:\Program Files\Git\cmd;C:\Program Files\nodejs\;C:\Users\marco\AppData\Local\Android\Sdk\platform-tools;C:\Program Files\PowerShell\7\;C:\tizen-studio\tools\ide\bin;C:\Users\marco\AppData\Local\Programs\Python\Python311\Scripts\;C:\Users\marco\AppData\Local\Programs\Python\Python311\;C:\Users\marco\AppData\Local\Microsoft\WindowsApps;C:\Users\marco\AppData\Local\Programs\Microsoft VS Code\bin;C:\Users\marco\AppData\Roaming\npm;C:\SrcFlt\flutter\bin;
USERNAME=marco
LANG=en_US.UTF-8
OS=Windows_NT
PROCESSOR_IDENTIFIER=AMD64 Family 23 Model 96 Stepping 1, AuthenticAMD
TMP=C:\Users\marco\AppData\Local\Temp
TEMP=C:\Users\marco\AppData\Local\Temp



Periodic native trim disabled

JNI global refs:
JNI global refs: 18, weak refs: 46

JNI global refs memory usage: 843, weak refs: 841

OOME stack traces (most recent first):
Classloader memory used:
Loader jdk.internal.loader.ClassLoaders$AppClassLoader                                 : 6320K
Loader bootstrap                                                                       : 1359K
Loader jdk.internal.reflect.DelegatingClassLoader                                      : 14343B


---------------  S Y S T E M  ---------------

OS:
 Windows 11 , 64 bit Build 22621 (10.0.22621.3527)
OS uptime: 3 days 3:31 hours

CPU: total 16 (initial active 16) (16 cores per cpu, 2 threads per core) family 23 model 96 stepping 1 microcode 0x0, cx8, cmov, fxsr, ht, mmx, 3dnowpref, sse, sse2, sse3, ssse3, sse4a, sse4.1, sse4.2, popcnt, lzcnt, tsc, tscinvbit, avx, avx2, aes, clmul, bmi1, bmi2, adx, sha, fma, vzeroupper, clflush, clflushopt
Processor Information for all 16 processors :
  Max Mhz: 2900, Current Mhz: 2900, Mhz Limit: 2900

Memory: 4k page, system-wide physical 7549M (4M free)
TotalPageFile size 31101M (AvailPageFile size 39M)
current process WorkingSet (physical memory assigned to process): 3M, peak: 178M
current process commit charge ("private bytes"): 330M, peak: 373M

vm_info: OpenJDK 64-Bit Server VM (17.0.9+0--11185874) for windows-amd64 JRE (17.0.9+0--11185874), built on Dec  6 2023 18:57:44 by "androidbuild" with MS VC++ 16.10 / 16.11 (VS2019)

END.
