#
# There is insufficient memory for the Java Runtime Environment to continue.
# Native memory allocation (mmap) failed to map 193986560 bytes for G1 virtual space
# Possible reasons:
#   The system is out of physical RAM or swap space
#   The process is running with CompressedOops enabled, and the Java Heap may be blocking the growth of the native heap
# Possible solutions:
#   Reduce memory load on the system
#   Increase physical memory or swap space
#   Check if swap backing store is full
#   Decrease Java heap size (-Xmx/-Xms)
#   Decrease number of Java threads
#   Decrease Java thread stack sizes (-Xss)
#   Set larger code cache with -XX:ReservedCodeCacheSize=
#   JVM is running with Unscaled Compressed Oops mode in which the Java heap is
#     placed in the first 4GB address space. The Java Heap base address is the
#     maximum limit for the native heap growth. Please use -XX:HeapBaseMinAddress
#     to set the Java Heap base and to place the Java Heap above 4GB virtual address.
# This output file may be truncated or incomplete.
#
#  Out of Memory Error (os_windows.cpp:3825), pid=27584, tid=9732
#
# JRE version: OpenJDK Runtime Environment (17.0.9) (build 17.0.9+0--11185874)
# Java VM: OpenJDK 64-Bit Server VM (17.0.9+0--11185874, mixed mode, tiered, compressed oops, compressed class ptrs, g1 gc, windows-amd64)
# No core dump will be written. Minidumps are not enabled by default on client versions of Windows
#

---------------  S U M M A R Y ------------

Command Line: org.jetbrains.kotlin.cli.jvm.K2JVMCompiler @C:\Users\marco\Downloads\Smart-Safe-App\node_modules\react-native-screens\android\build\20240518_1045557772906230897.compiler.options

Host: AMD Ryzen 7 4800H with Radeon Graphics         , 16 cores, 7G,  Windows 11 , 64 bit Build 22621 (10.0.22621.3527)
Time: Sat May 18 18:20:53 2024 Hora Padrão de Buenos Aires elapsed time: 88.909645 seconds (0d 0h 1m 28s)

---------------  T H R E A D  ---------------

Current thread (0x000001ba7119c570):  VMThread "VM Thread" [stack: 0x000000a80b100000,0x000000a80b200000] [id=9732]

Stack: [0x000000a80b100000,0x000000a80b200000]
Native frames: (J=compiled Java code, j=interpreted, Vv=VM code, C=native code)
V  [jvm.dll+0x6886e9]
V  [jvm.dll+0x841e4a]
V  [jvm.dll+0x843a8e]
V  [jvm.dll+0x8440f3]
V  [jvm.dll+0x24c14f]
V  [jvm.dll+0x685499]
V  [jvm.dll+0x679c2a]
V  [jvm.dll+0x30cf9b]
V  [jvm.dll+0x314446]
V  [jvm.dll+0x36425e]
V  [jvm.dll+0x36448f]
V  [jvm.dll+0x2e2d68]
V  [jvm.dll+0x2e0f44]
V  [jvm.dll+0x2e054c]
V  [jvm.dll+0x3253fb]
V  [jvm.dll+0x8487eb]
V  [jvm.dll+0x849531]
V  [jvm.dll+0x849a4d]
V  [jvm.dll+0x849e24]
V  [jvm.dll+0x849ef0]
V  [jvm.dll+0x7f06aa]
V  [jvm.dll+0x687565]
C  [ucrtbase.dll+0x29333]
C  [KERNEL32.DLL+0x1257d]
C  [ntdll.dll+0x5aa48]

VM_Operation (0x000000a80abfdfd0): G1CollectForAllocation, mode: safepoint, requested by thread 0x000001ba56e7e4b0


---------------  P R O C E S S  ---------------

Threads class SMR info:
_java_thread_list=0x000001ba77cd8070, length=12, elements={
0x000001ba56e7e4b0, 0x000001ba711aad60, 0x000001ba711ac180, 0x000001ba71318a20,
0x000001ba713196a0, 0x000001ba7131b1d0, 0x000001ba7131bb90, 0x000001ba7131c930,
0x000001ba7131d3e0, 0x000001ba7131f4a0, 0x000001ba714dcf50, 0x000001ba714e1d10
}

Java Threads: ( => current thread )
  0x000001ba56e7e4b0 JavaThread "main" [_thread_blocked, id=27848, stack(0x000000a80ab00000,0x000000a80ac00000)]
  0x000001ba711aad60 JavaThread "Reference Handler" daemon [_thread_blocked, id=28300, stack(0x000000a80b200000,0x000000a80b300000)]
  0x000001ba711ac180 JavaThread "Finalizer" daemon [_thread_blocked, id=23140, stack(0x000000a80b300000,0x000000a80b400000)]
  0x000001ba71318a20 JavaThread "Signal Dispatcher" daemon [_thread_blocked, id=19008, stack(0x000000a80b400000,0x000000a80b500000)]
  0x000001ba713196a0 JavaThread "Attach Listener" daemon [_thread_blocked, id=7764, stack(0x000000a80b500000,0x000000a80b600000)]
  0x000001ba7131b1d0 JavaThread "Service Thread" daemon [_thread_blocked, id=9504, stack(0x000000a80b600000,0x000000a80b700000)]
  0x000001ba7131bb90 JavaThread "Monitor Deflation Thread" daemon [_thread_blocked, id=11912, stack(0x000000a80b700000,0x000000a80b800000)]
  0x000001ba7131c930 JavaThread "C2 CompilerThread0" daemon [_thread_blocked, id=22912, stack(0x000000a80b800000,0x000000a80b900000)]
  0x000001ba7131d3e0 JavaThread "C1 CompilerThread0" daemon [_thread_blocked, id=24604, stack(0x000000a80b900000,0x000000a80ba00000)]
  0x000001ba7131f4a0 JavaThread "Sweeper thread" daemon [_thread_blocked, id=20580, stack(0x000000a80ba00000,0x000000a80bb00000)]
  0x000001ba714dcf50 JavaThread "Notification Thread" daemon [_thread_blocked, id=7556, stack(0x000000a80bc00000,0x000000a80bd00000)]
  0x000001ba714e1d10 JavaThread "Common-Cleaner" daemon [_thread_blocked, id=25080, stack(0x000000a80be00000,0x000000a80bf00000)]

Other Threads:
=>0x000001ba7119c570 VMThread "VM Thread" [stack: 0x000000a80b100000,0x000000a80b200000] [id=9732]
  0x000001ba714dd430 WatcherThread [stack: 0x000000a80bd00000,0x000000a80be00000] [id=18316]
  0x000001ba56ed6f30 GCTaskThread "GC Thread#0" [stack: 0x000000a80ac00000,0x000000a80ad00000] [id=28624]
  0x000001ba71bdb5e0 GCTaskThread "GC Thread#1" [stack: 0x000000a80bf00000,0x000000a80c000000] [id=25356]
  0x000001ba71b96ec0 GCTaskThread "GC Thread#2" [stack: 0x000000a80c000000,0x000000a80c100000] [id=25320]
  0x000001ba71b86f80 GCTaskThread "GC Thread#3" [stack: 0x000000a80c100000,0x000000a80c200000] [id=26944]
  0x000001ba71b87240 GCTaskThread "GC Thread#4" [stack: 0x000000a80c200000,0x000000a80c300000] [id=23300]
  0x000001ba71b87500 GCTaskThread "GC Thread#5" [stack: 0x000000a80c300000,0x000000a80c400000] [id=7120]
  0x000001ba71efe440 GCTaskThread "GC Thread#6" [stack: 0x000000a80c400000,0x000000a80c500000] [id=17004]
  0x000001ba71db7430 GCTaskThread "GC Thread#7" [stack: 0x000000a80c500000,0x000000a80c600000] [id=8652]
  0x000001ba760cf280 GCTaskThread "GC Thread#8" [stack: 0x000000a80c800000,0x000000a80c900000] [id=21740]
  0x000001ba760cea40 GCTaskThread "GC Thread#9" [stack: 0x000000a80c900000,0x000000a80ca00000] [id=22160]
  0x000001ba760cefc0 GCTaskThread "GC Thread#10" [stack: 0x000000a80ca00000,0x000000a80cb00000] [id=3644]
  0x000001ba760cf540 GCTaskThread "GC Thread#11" [stack: 0x000000a80cb00000,0x000000a80cc00000] [id=27932]
  0x000001ba760cf800 GCTaskThread "GC Thread#12" [stack: 0x000000a80cc00000,0x000000a80cd00000] [id=8588]
  0x000001ba56ee6a80 ConcurrentGCThread "G1 Main Marker" [stack: 0x000000a80ad00000,0x000000a80ae00000] [id=4924]
  0x000001ba56ee74a0 ConcurrentGCThread "G1 Conc#0" [stack: 0x000000a80ae00000,0x000000a80af00000] [id=15132]
  0x000001ba71db6040 ConcurrentGCThread "G1 Conc#1" [stack: 0x000000a80c600000,0x000000a80c700000] [id=25512]
  0x000001ba7601e0e0 ConcurrentGCThread "G1 Conc#2" [stack: 0x000000a80c700000,0x000000a80c800000] [id=9952]
  0x000001ba70ff4520 ConcurrentGCThread "G1 Refine#0" [stack: 0x000000a80af00000,0x000000a80b000000] [id=17776]
  0x000001ba78a210b0 ConcurrentGCThread "G1 Refine#1" [stack: 0x000000a80a900000,0x000000a80aa00000] [id=25604]
  0x000001ba772887c0 ConcurrentGCThread "G1 Refine#2" [stack: 0x000000a80bb00000,0x000000a80bc00000] [id=7552]
  0x000001ba784b7b50 ConcurrentGCThread "G1 Refine#3" [stack: 0x000000a80a800000,0x000000a80a900000] [id=28408]
  0x000001ba70ff6c10 ConcurrentGCThread "G1 Service" [stack: 0x000000a80b000000,0x000000a80b100000] [id=27072]

Threads with active compile tasks:
C2 CompilerThread0    88979 16815       4       org.jetbrains.kotlin.types.checker.NewCapturedTypeKt::captureArguments (656 bytes)

VM state: at safepoint (normal execution)

VM Mutex/Monitor currently owned by a thread:  ([mutex/lock_event])
[0x000001ba56e7a730] Threads_lock - owner thread: 0x000001ba7119c570
[0x000001ba56e796e0] Heap_lock - owner thread: 0x000001ba56e7e4b0

Heap address: 0x000000008a000000, size: 1888 MB, Compressed Oops mode: 32-bit

CDS archive(s) not mapped
Compressed class space mapped at: 0x0000000100000000-0x0000000140000000, reserved size: 1073741824
Narrow klass base: 0x0000000000000000, Narrow klass shift: 3, Narrow klass range: 0x140000000

GC Precious Log:
 CPUs: 16 total, 16 available
 Memory: 7549M
 Large Page Support: Disabled
 NUMA Support: Disabled
 Compressed Oops: Enabled (32-bit)
 Heap Region Size: 1M
 Heap Min Capacity: 8M
 Heap Initial Capacity: 118M
 Heap Max Capacity: 1888M
 Pre-touch: Disabled
 Parallel Workers: 13
 Concurrent Workers: 3
 Concurrent Refinement Workers: 13
 Periodic GC: Disabled

Heap:
 garbage-first heap   total 251904K, used 105472K [0x000000008a000000, 0x0000000100000000)
  region size 1024K, 3 young (3072K), 3 survivors (3072K)
 Metaspace       used 73592K, committed 73856K, reserved 1179648K
  class space    used 8058K, committed 8192K, reserved 1048576K

Heap Regions: E=young(eden), S=young(survivor), O=old, HS=humongous(starts), HC=humongous(continues), CS=collection set, F=free, OA=open archive, CA=closed archive, TAMS=top-at-mark-start (previous, next)
|   0|0x000000008a000000, 0x000000008a100000, 0x000000008a100000|100%|HS|  |TAMS 0x000000008a100000, 0x000000008a000000| Complete 
|   1|0x000000008a100000, 0x000000008a200000, 0x000000008a200000|100%|HC|  |TAMS 0x000000008a200000, 0x000000008a100000| Complete 
|   2|0x000000008a200000, 0x000000008a300000, 0x000000008a300000|100%|HC|  |TAMS 0x000000008a300000, 0x000000008a200000| Complete 
|   3|0x000000008a300000, 0x000000008a400000, 0x000000008a400000|100%|HC|  |TAMS 0x000000008a400000, 0x000000008a300000| Complete 
|   4|0x000000008a400000, 0x000000008a500000, 0x000000008a500000|100%| O|  |TAMS 0x000000008a500000, 0x000000008a400000| Untracked 
|   5|0x000000008a500000, 0x000000008a600000, 0x000000008a600000|100%| O|  |TAMS 0x000000008a600000, 0x000000008a500000| Untracked 
|   6|0x000000008a600000, 0x000000008a700000, 0x000000008a700000|100%| O|  |TAMS 0x000000008a700000, 0x000000008a600000| Untracked 
|   7|0x000000008a700000, 0x000000008a800000, 0x000000008a800000|100%| O|  |TAMS 0x000000008a800000, 0x000000008a700000| Untracked 
|   8|0x000000008a800000, 0x000000008a900000, 0x000000008a900000|100%| O|  |TAMS 0x000000008a900000, 0x000000008a800000| Untracked 
|   9|0x000000008a900000, 0x000000008aa00000, 0x000000008aa00000|100%| O|  |TAMS 0x000000008aa00000, 0x000000008a900000| Untracked 
|  10|0x000000008aa00000, 0x000000008ab00000, 0x000000008ab00000|100%| O|  |TAMS 0x000000008ab00000, 0x000000008aa00000| Untracked 
|  11|0x000000008ab00000, 0x000000008ac00000, 0x000000008ac00000|100%| O|  |TAMS 0x000000008ac00000, 0x000000008ab00000| Untracked 
|  12|0x000000008ac00000, 0x000000008ad00000, 0x000000008ad00000|100%| O|  |TAMS 0x000000008ad00000, 0x000000008ac00000| Untracked 
|  13|0x000000008ad00000, 0x000000008ae00000, 0x000000008ae00000|100%| O|  |TAMS 0x000000008ae00000, 0x000000008ad00000| Untracked 
|  14|0x000000008ae00000, 0x000000008af00000, 0x000000008af00000|100%| O|  |TAMS 0x000000008af00000, 0x000000008ae00000| Untracked 
|  15|0x000000008af00000, 0x000000008b000000, 0x000000008b000000|100%| O|  |TAMS 0x000000008b000000, 0x000000008af00000| Untracked 
|  16|0x000000008b000000, 0x000000008b100000, 0x000000008b100000|100%| O|  |TAMS 0x000000008b100000, 0x000000008b000000| Untracked 
|  17|0x000000008b100000, 0x000000008b200000, 0x000000008b200000|100%| O|  |TAMS 0x000000008b200000, 0x000000008b100000| Untracked 
|  18|0x000000008b200000, 0x000000008b300000, 0x000000008b300000|100%|HS|  |TAMS 0x000000008b300000, 0x000000008b200000| Complete 
|  19|0x000000008b300000, 0x000000008b400000, 0x000000008b400000|100%|HC|  |TAMS 0x000000008b400000, 0x000000008b300000| Complete 
|  20|0x000000008b400000, 0x000000008b500000, 0x000000008b500000|100%| O|  |TAMS 0x000000008b500000, 0x000000008b400000| Untracked 
|  21|0x000000008b500000, 0x000000008b600000, 0x000000008b600000|100%| O|  |TAMS 0x000000008b600000, 0x000000008b500000| Untracked 
|  22|0x000000008b600000, 0x000000008b700000, 0x000000008b700000|100%| O|  |TAMS 0x000000008b700000, 0x000000008b600000| Untracked 
|  23|0x000000008b700000, 0x000000008b800000, 0x000000008b800000|100%| O|  |TAMS 0x000000008b800000, 0x000000008b700000| Untracked 
|  24|0x000000008b800000, 0x000000008b900000, 0x000000008b900000|100%| O|  |TAMS 0x000000008b900000, 0x000000008b800000| Untracked 
|  25|0x000000008b900000, 0x000000008ba00000, 0x000000008ba00000|100%| O|  |TAMS 0x000000008ba00000, 0x000000008b900000| Untracked 
|  26|0x000000008ba00000, 0x000000008bb00000, 0x000000008bb00000|100%| O|  |TAMS 0x000000008bb00000, 0x000000008ba00000| Untracked 
|  27|0x000000008bb00000, 0x000000008bc00000, 0x000000008bc00000|100%| O|  |TAMS 0x000000008bc00000, 0x000000008bb00000| Untracked 
|  28|0x000000008bc00000, 0x000000008bd00000, 0x000000008bd00000|100%| O|  |TAMS 0x000000008bd00000, 0x000000008bc00000| Untracked 
|  29|0x000000008bd00000, 0x000000008be00000, 0x000000008be00000|100%| O|  |TAMS 0x000000008be00000, 0x000000008bd00000| Untracked 
|  30|0x000000008be00000, 0x000000008bf00000, 0x000000008bf00000|100%| O|  |TAMS 0x000000008bf00000, 0x000000008be00000| Untracked 
|  31|0x000000008bf00000, 0x000000008c000000, 0x000000008c000000|100%| O|  |TAMS 0x000000008c000000, 0x000000008bf00000| Untracked 
|  32|0x000000008c000000, 0x000000008c100000, 0x000000008c100000|100%| O|  |TAMS 0x000000008c100000, 0x000000008c000000| Untracked 
|  33|0x000000008c100000, 0x000000008c200000, 0x000000008c200000|100%| O|  |TAMS 0x000000008c200000, 0x000000008c100000| Untracked 
|  34|0x000000008c200000, 0x000000008c300000, 0x000000008c300000|100%| O|  |TAMS 0x000000008c300000, 0x000000008c200000| Untracked 
|  35|0x000000008c300000, 0x000000008c400000, 0x000000008c400000|100%| O|  |TAMS 0x000000008c400000, 0x000000008c300000| Untracked 
|  36|0x000000008c400000, 0x000000008c500000, 0x000000008c500000|100%| O|  |TAMS 0x000000008c500000, 0x000000008c400000| Untracked 
|  37|0x000000008c500000, 0x000000008c600000, 0x000000008c600000|100%| O|  |TAMS 0x000000008c600000, 0x000000008c500000| Untracked 
|  38|0x000000008c600000, 0x000000008c700000, 0x000000008c700000|100%| O|  |TAMS 0x000000008c700000, 0x000000008c600000| Untracked 
|  39|0x000000008c700000, 0x000000008c800000, 0x000000008c800000|100%| O|  |TAMS 0x000000008c800000, 0x000000008c700000| Untracked 
|  40|0x000000008c800000, 0x000000008c900000, 0x000000008c900000|100%| O|  |TAMS 0x000000008c900000, 0x000000008c800000| Untracked 
|  41|0x000000008c900000, 0x000000008ca00000, 0x000000008ca00000|100%| O|  |TAMS 0x000000008ca00000, 0x000000008c900000| Untracked 
|  42|0x000000008ca00000, 0x000000008cb00000, 0x000000008cb00000|100%| O|  |TAMS 0x000000008cb00000, 0x000000008ca00000| Untracked 
|  43|0x000000008cb00000, 0x000000008cc00000, 0x000000008cc00000|100%| O|  |TAMS 0x000000008cc00000, 0x000000008cb00000| Untracked 
|  44|0x000000008cc00000, 0x000000008cd00000, 0x000000008cd00000|100%| O|  |TAMS 0x000000008cd00000, 0x000000008cc00000| Untracked 
|  45|0x000000008cd00000, 0x000000008ce00000, 0x000000008ce00000|100%| O|  |TAMS 0x000000008ce00000, 0x000000008cd00000| Untracked 
|  46|0x000000008ce00000, 0x000000008cf00000, 0x000000008cf00000|100%| O|  |TAMS 0x000000008cf00000, 0x000000008ce00000| Untracked 
|  47|0x000000008cf00000, 0x000000008d000000, 0x000000008d000000|100%| O|  |TAMS 0x000000008d000000, 0x000000008cf00000| Untracked 
|  48|0x000000008d000000, 0x000000008d100000, 0x000000008d100000|100%| O|  |TAMS 0x000000008d100000, 0x000000008d000000| Untracked 
|  49|0x000000008d100000, 0x000000008d200000, 0x000000008d200000|100%| O|  |TAMS 0x000000008d200000, 0x000000008d100000| Untracked 
|  50|0x000000008d200000, 0x000000008d300000, 0x000000008d300000|100%| O|  |TAMS 0x000000008d300000, 0x000000008d200000| Untracked 
|  51|0x000000008d300000, 0x000000008d400000, 0x000000008d400000|100%| O|  |TAMS 0x000000008d400000, 0x000000008d300000| Untracked 
|  52|0x000000008d400000, 0x000000008d500000, 0x000000008d500000|100%| O|  |TAMS 0x000000008d500000, 0x000000008d400000| Untracked 
|  53|0x000000008d500000, 0x000000008d600000, 0x000000008d600000|100%| O|  |TAMS 0x000000008d600000, 0x000000008d500000| Untracked 
|  54|0x000000008d600000, 0x000000008d700000, 0x000000008d700000|100%| O|  |TAMS 0x000000008d700000, 0x000000008d600000| Untracked 
|  55|0x000000008d700000, 0x000000008d800000, 0x000000008d800000|100%| O|  |TAMS 0x000000008d800000, 0x000000008d700000| Untracked 
|  56|0x000000008d800000, 0x000000008d900000, 0x000000008d900000|100%| O|  |TAMS 0x000000008d800000, 0x000000008d800000| Untracked 
|  57|0x000000008d900000, 0x000000008da00000, 0x000000008da00000|100%| O|  |TAMS 0x000000008d900000, 0x000000008d900000| Untracked 
|  58|0x000000008da00000, 0x000000008db00000, 0x000000008db00000|100%| O|  |TAMS 0x000000008da00000, 0x000000008da00000| Untracked 
|  59|0x000000008db00000, 0x000000008dc00000, 0x000000008dc00000|100%| O|  |TAMS 0x000000008db00000, 0x000000008db00000| Untracked 
|  60|0x000000008dc00000, 0x000000008dd00000, 0x000000008dd00000|100%| O|  |TAMS 0x000000008dc00000, 0x000000008dc00000| Untracked 
|  61|0x000000008dd00000, 0x000000008de00000, 0x000000008de00000|100%|HS|  |TAMS 0x000000008dd00000, 0x000000008dd00000| Complete 
|  62|0x000000008de00000, 0x000000008df00000, 0x000000008df00000|100%|HC|  |TAMS 0x000000008de00000, 0x000000008de00000| Complete 
|  63|0x000000008df00000, 0x000000008e000000, 0x000000008e000000|100%| O|  |TAMS 0x000000008df00000, 0x000000008df00000| Untracked 
|  64|0x000000008e000000, 0x000000008e100000, 0x000000008e100000|100%| O|  |TAMS 0x000000008e000000, 0x000000008e000000| Untracked 
|  65|0x000000008e100000, 0x000000008e200000, 0x000000008e200000|100%| O|  |TAMS 0x000000008e100000, 0x000000008e100000| Untracked 
|  66|0x000000008e200000, 0x000000008e300000, 0x000000008e300000|100%| O|  |TAMS 0x000000008e200000, 0x000000008e200000| Untracked 
|  67|0x000000008e300000, 0x000000008e400000, 0x000000008e400000|100%| O|  |TAMS 0x000000008e300000, 0x000000008e300000| Untracked 
|  68|0x000000008e400000, 0x000000008e500000, 0x000000008e500000|100%| O|  |TAMS 0x000000008e400000, 0x000000008e400000| Untracked 
|  69|0x000000008e500000, 0x000000008e600000, 0x000000008e600000|100%| O|  |TAMS 0x000000008e500000, 0x000000008e500000| Untracked 
|  70|0x000000008e600000, 0x000000008e700000, 0x000000008e700000|100%| O|  |TAMS 0x000000008e600000, 0x000000008e600000| Untracked 
|  71|0x000000008e700000, 0x000000008e800000, 0x000000008e800000|100%| O|  |TAMS 0x000000008e700000, 0x000000008e700000| Untracked 
|  72|0x000000008e800000, 0x000000008e900000, 0x000000008e900000|100%| O|  |TAMS 0x000000008e800000, 0x000000008e800000| Untracked 
|  73|0x000000008e900000, 0x000000008ea00000, 0x000000008ea00000|100%| O|  |TAMS 0x000000008e900000, 0x000000008e900000| Untracked 
|  74|0x000000008ea00000, 0x000000008eb00000, 0x000000008eb00000|100%| O|  |TAMS 0x000000008ea00000, 0x000000008ea00000| Untracked 
|  75|0x000000008eb00000, 0x000000008ec00000, 0x000000008ec00000|100%| O|  |TAMS 0x000000008eb00000, 0x000000008eb00000| Untracked 
|  76|0x000000008ec00000, 0x000000008ed00000, 0x000000008ed00000|100%| O|  |TAMS 0x000000008ec00000, 0x000000008ec00000| Untracked 
|  77|0x000000008ed00000, 0x000000008ee00000, 0x000000008ee00000|100%| O|  |TAMS 0x000000008ed00000, 0x000000008ed00000| Untracked 
|  78|0x000000008ee00000, 0x000000008ef00000, 0x000000008ef00000|100%| O|  |TAMS 0x000000008ee00000, 0x000000008ee00000| Untracked 
|  79|0x000000008ef00000, 0x000000008f000000, 0x000000008f000000|100%| O|  |TAMS 0x000000008ef00000, 0x000000008ef00000| Untracked 
|  80|0x000000008f000000, 0x000000008f100000, 0x000000008f100000|100%| O|  |TAMS 0x000000008f000000, 0x000000008f000000| Untracked 
|  81|0x000000008f100000, 0x000000008f200000, 0x000000008f200000|100%| O|  |TAMS 0x000000008f100000, 0x000000008f100000| Untracked 
|  82|0x000000008f200000, 0x000000008f300000, 0x000000008f300000|100%| O|  |TAMS 0x000000008f200000, 0x000000008f200000| Untracked 
|  83|0x000000008f300000, 0x000000008f400000, 0x000000008f400000|100%| O|  |TAMS 0x000000008f300000, 0x000000008f300000| Untracked 
|  84|0x000000008f400000, 0x000000008f500000, 0x000000008f500000|100%| O|  |TAMS 0x000000008f400000, 0x000000008f400000| Untracked 
|  85|0x000000008f500000, 0x000000008f600000, 0x000000008f600000|100%| O|  |TAMS 0x000000008f500000, 0x000000008f500000| Untracked 
|  86|0x000000008f600000, 0x000000008f700000, 0x000000008f700000|100%| O|  |TAMS 0x000000008f600000, 0x000000008f600000| Untracked 
|  87|0x000000008f700000, 0x000000008f800000, 0x000000008f800000|100%| O|  |TAMS 0x000000008f700000, 0x000000008f700000| Untracked 
|  88|0x000000008f800000, 0x000000008f900000, 0x000000008f900000|100%| O|  |TAMS 0x000000008f800000, 0x000000008f800000| Untracked 
|  89|0x000000008f900000, 0x000000008fa00000, 0x000000008fa00000|100%| O|  |TAMS 0x000000008f900000, 0x000000008f900000| Untracked 
|  90|0x000000008fa00000, 0x000000008fb00000, 0x000000008fb00000|100%| O|  |TAMS 0x000000008fa00000, 0x000000008fa00000| Untracked 
|  91|0x000000008fb00000, 0x000000008fc00000, 0x000000008fc00000|100%| O|  |TAMS 0x000000008fb00000, 0x000000008fb00000| Untracked 
|  92|0x000000008fc00000, 0x000000008fd00000, 0x000000008fd00000|100%| O|  |TAMS 0x000000008fc00000, 0x000000008fc00000| Untracked 
|  93|0x000000008fd00000, 0x000000008fe00000, 0x000000008fe00000|100%| O|  |TAMS 0x000000008fd00000, 0x000000008fd00000| Untracked 
|  94|0x000000008fe00000, 0x000000008ff00000, 0x000000008ff00000|100%| O|  |TAMS 0x000000008fe00000, 0x000000008fe00000| Untracked 
|  95|0x000000008ff00000, 0x0000000090000000, 0x0000000090000000|100%| O|  |TAMS 0x000000008ff00000, 0x000000008ff00000| Untracked 
|  96|0x0000000090000000, 0x0000000090100000, 0x0000000090100000|100%| O|  |TAMS 0x0000000090000000, 0x0000000090000000| Untracked 
|  97|0x0000000090100000, 0x0000000090200000, 0x0000000090200000|100%| O|  |TAMS 0x0000000090100000, 0x0000000090100000| Untracked 
|  98|0x0000000090200000, 0x0000000090300000, 0x0000000090300000|100%| O|  |TAMS 0x0000000090200000, 0x0000000090200000| Untracked 
|  99|0x0000000090300000, 0x0000000090300000, 0x0000000090400000|  0%| F|  |TAMS 0x0000000090300000, 0x0000000090300000| Untracked 
| 100|0x0000000090400000, 0x0000000090400000, 0x0000000090500000|  0%| F|  |TAMS 0x0000000090400000, 0x0000000090400000| Untracked 
| 101|0x0000000090500000, 0x0000000090500000, 0x0000000090600000|  0%| F|  |TAMS 0x0000000090500000, 0x0000000090500000| Untracked 
| 102|0x0000000090600000, 0x0000000090600000, 0x0000000090700000|  0%| F|  |TAMS 0x0000000090600000, 0x0000000090600000| Untracked 
| 103|0x0000000090700000, 0x0000000090700000, 0x0000000090800000|  0%| F|  |TAMS 0x0000000090700000, 0x0000000090700000| Untracked 
| 104|0x0000000090800000, 0x0000000090800000, 0x0000000090900000|  0%| F|  |TAMS 0x0000000090800000, 0x0000000090800000| Untracked 
| 105|0x0000000090900000, 0x0000000090900000, 0x0000000090a00000|  0%| F|  |TAMS 0x0000000090900000, 0x0000000090900000| Untracked 
| 106|0x0000000090a00000, 0x0000000090a00000, 0x0000000090b00000|  0%| F|  |TAMS 0x0000000090a00000, 0x0000000090a00000| Untracked 
| 107|0x0000000090b00000, 0x0000000090b00000, 0x0000000090c00000|  0%| F|  |TAMS 0x0000000090b00000, 0x0000000090b00000| Untracked 
| 108|0x0000000090c00000, 0x0000000090c00000, 0x0000000090d00000|  0%| F|  |TAMS 0x0000000090c00000, 0x0000000090c00000| Untracked 
| 109|0x0000000090d00000, 0x0000000090d00000, 0x0000000090e00000|  0%| F|  |TAMS 0x0000000090d00000, 0x0000000090d00000| Untracked 
| 110|0x0000000090e00000, 0x0000000090e00000, 0x0000000090f00000|  0%| F|  |TAMS 0x0000000090e00000, 0x0000000090e00000| Untracked 
| 111|0x0000000090f00000, 0x0000000090f00000, 0x0000000091000000|  0%| F|  |TAMS 0x0000000090f00000, 0x0000000090f00000| Untracked 
| 112|0x0000000091000000, 0x0000000091000000, 0x0000000091100000|  0%| F|  |TAMS 0x0000000091000000, 0x0000000091000000| Untracked 
| 113|0x0000000091100000, 0x0000000091100000, 0x0000000091200000|  0%| F|  |TAMS 0x0000000091100000, 0x0000000091100000| Untracked 
| 114|0x0000000091200000, 0x0000000091200000, 0x0000000091300000|  0%| F|  |TAMS 0x0000000091200000, 0x0000000091200000| Untracked 
| 115|0x0000000091300000, 0x0000000091300000, 0x0000000091400000|  0%| F|  |TAMS 0x0000000091300000, 0x0000000091300000| Untracked 
| 116|0x0000000091400000, 0x0000000091400000, 0x0000000091500000|  0%| F|  |TAMS 0x0000000091400000, 0x0000000091400000| Untracked 
| 117|0x0000000091500000, 0x0000000091500000, 0x0000000091600000|  0%| F|  |TAMS 0x0000000091500000, 0x0000000091500000| Untracked 
| 118|0x0000000091600000, 0x0000000091600000, 0x0000000091700000|  0%| F|  |TAMS 0x0000000091600000, 0x0000000091600000| Untracked 
| 119|0x0000000091700000, 0x0000000091700000, 0x0000000091800000|  0%| F|  |TAMS 0x0000000091700000, 0x0000000091700000| Untracked 
| 120|0x0000000091800000, 0x0000000091800000, 0x0000000091900000|  0%| F|  |TAMS 0x0000000091800000, 0x0000000091800000| Untracked 
| 121|0x0000000091900000, 0x0000000091900000, 0x0000000091a00000|  0%| F|  |TAMS 0x0000000091900000, 0x0000000091900000| Untracked 
| 122|0x0000000091a00000, 0x0000000091a00000, 0x0000000091b00000|  0%| F|  |TAMS 0x0000000091a00000, 0x0000000091a00000| Untracked 
| 123|0x0000000091b00000, 0x0000000091b00000, 0x0000000091c00000|  0%| F|  |TAMS 0x0000000091b00000, 0x0000000091b00000| Untracked 
| 124|0x0000000091c00000, 0x0000000091c00000, 0x0000000091d00000|  0%| F|  |TAMS 0x0000000091c00000, 0x0000000091c00000| Untracked 
| 125|0x0000000091d00000, 0x0000000091d00000, 0x0000000091e00000|  0%| F|  |TAMS 0x0000000091d00000, 0x0000000091d00000| Untracked 
| 126|0x0000000091e00000, 0x0000000091e00000, 0x0000000091f00000|  0%| F|  |TAMS 0x0000000091e00000, 0x0000000091e00000| Untracked 
| 127|0x0000000091f00000, 0x0000000091f00000, 0x0000000092000000|  0%| F|  |TAMS 0x0000000091f00000, 0x0000000091f00000| Untracked 
| 128|0x0000000092000000, 0x0000000092000000, 0x0000000092100000|  0%| F|  |TAMS 0x0000000092000000, 0x0000000092000000| Untracked 
| 129|0x0000000092100000, 0x0000000092100000, 0x0000000092200000|  0%| F|  |TAMS 0x0000000092100000, 0x0000000092100000| Untracked 
| 130|0x0000000092200000, 0x0000000092200000, 0x0000000092300000|  0%| F|  |TAMS 0x0000000092200000, 0x0000000092200000| Untracked 
| 131|0x0000000092300000, 0x0000000092300000, 0x0000000092400000|  0%| F|  |TAMS 0x0000000092300000, 0x0000000092300000| Untracked 
| 132|0x0000000092400000, 0x0000000092400000, 0x0000000092500000|  0%| F|  |TAMS 0x0000000092400000, 0x0000000092400000| Untracked 
| 133|0x0000000092500000, 0x0000000092500000, 0x0000000092600000|  0%| F|  |TAMS 0x0000000092500000, 0x0000000092500000| Untracked 
| 134|0x0000000092600000, 0x0000000092600000, 0x0000000092700000|  0%| F|  |TAMS 0x0000000092600000, 0x0000000092600000| Untracked 
| 135|0x0000000092700000, 0x0000000092700000, 0x0000000092800000|  0%| F|  |TAMS 0x0000000092700000, 0x0000000092700000| Untracked 
| 136|0x0000000092800000, 0x0000000092800000, 0x0000000092900000|  0%| F|  |TAMS 0x0000000092800000, 0x0000000092800000| Untracked 
| 137|0x0000000092900000, 0x0000000092900000, 0x0000000092a00000|  0%| F|  |TAMS 0x0000000092900000, 0x0000000092900000| Untracked 
| 138|0x0000000092a00000, 0x0000000092a00000, 0x0000000092b00000|  0%| F|  |TAMS 0x0000000092a00000, 0x0000000092a00000| Untracked 
| 139|0x0000000092b00000, 0x0000000092b00000, 0x0000000092c00000|  0%| F|  |TAMS 0x0000000092b00000, 0x0000000092b00000| Untracked 
| 140|0x0000000092c00000, 0x0000000092c00000, 0x0000000092d00000|  0%| F|  |TAMS 0x0000000092c00000, 0x0000000092c00000| Untracked 
| 141|0x0000000092d00000, 0x0000000092d00000, 0x0000000092e00000|  0%| F|  |TAMS 0x0000000092d00000, 0x0000000092d00000| Untracked 
| 142|0x0000000092e00000, 0x0000000092e00000, 0x0000000092f00000|  0%| F|  |TAMS 0x0000000092e00000, 0x0000000092e00000| Untracked 
| 143|0x0000000092f00000, 0x0000000092f00000, 0x0000000093000000|  0%| F|  |TAMS 0x0000000092f00000, 0x0000000092f00000| Untracked 
| 144|0x0000000093000000, 0x0000000093000000, 0x0000000093100000|  0%| F|  |TAMS 0x0000000093000000, 0x0000000093000000| Untracked 
| 145|0x0000000093100000, 0x0000000093100000, 0x0000000093200000|  0%| F|  |TAMS 0x0000000093100000, 0x0000000093100000| Untracked 
| 146|0x0000000093200000, 0x0000000093200000, 0x0000000093300000|  0%| F|  |TAMS 0x0000000093200000, 0x0000000093200000| Untracked 
| 147|0x0000000093300000, 0x0000000093300000, 0x0000000093400000|  0%| F|  |TAMS 0x0000000093300000, 0x0000000093300000| Untracked 
| 148|0x0000000093400000, 0x0000000093400000, 0x0000000093500000|  0%| F|  |TAMS 0x0000000093400000, 0x0000000093400000| Untracked 
| 149|0x0000000093500000, 0x0000000093500000, 0x0000000093600000|  0%| F|  |TAMS 0x0000000093500000, 0x0000000093500000| Untracked 
| 150|0x0000000093600000, 0x0000000093600000, 0x0000000093700000|  0%| F|  |TAMS 0x0000000093600000, 0x0000000093600000| Untracked 
| 151|0x0000000093700000, 0x0000000093700000, 0x0000000093800000|  0%| F|  |TAMS 0x0000000093700000, 0x0000000093700000| Untracked 
| 152|0x0000000093800000, 0x0000000093800000, 0x0000000093900000|  0%| F|  |TAMS 0x0000000093800000, 0x0000000093800000| Untracked 
| 153|0x0000000093900000, 0x0000000093900000, 0x0000000093a00000|  0%| F|  |TAMS 0x0000000093900000, 0x0000000093900000| Untracked 
| 154|0x0000000093a00000, 0x0000000093a00000, 0x0000000093b00000|  0%| F|  |TAMS 0x0000000093a00000, 0x0000000093a00000| Untracked 
| 155|0x0000000093b00000, 0x0000000093b00000, 0x0000000093c00000|  0%| F|  |TAMS 0x0000000093b00000, 0x0000000093b00000| Untracked 
| 156|0x0000000093c00000, 0x0000000093c00000, 0x0000000093d00000|  0%| F|  |TAMS 0x0000000093c00000, 0x0000000093c00000| Untracked 
| 157|0x0000000093d00000, 0x0000000093d00000, 0x0000000093e00000|  0%| F|  |TAMS 0x0000000093d00000, 0x0000000093d00000| Untracked 
| 158|0x0000000093e00000, 0x0000000093e00000, 0x0000000093f00000|  0%| F|  |TAMS 0x0000000093e00000, 0x0000000093e00000| Untracked 
| 159|0x0000000093f00000, 0x0000000093f00000, 0x0000000094000000|  0%| F|  |TAMS 0x0000000093f00000, 0x0000000093f00000| Untracked 
| 160|0x0000000094000000, 0x0000000094000000, 0x0000000094100000|  0%| F|  |TAMS 0x0000000094000000, 0x0000000094000000| Untracked 
| 161|0x0000000094100000, 0x0000000094100000, 0x0000000094200000|  0%| F|  |TAMS 0x0000000094100000, 0x0000000094100000| Untracked 
| 162|0x0000000094200000, 0x0000000094200000, 0x0000000094300000|  0%| F|  |TAMS 0x0000000094200000, 0x0000000094200000| Untracked 
| 163|0x0000000094300000, 0x0000000094300000, 0x0000000094400000|  0%| F|  |TAMS 0x0000000094300000, 0x0000000094300000| Untracked 
| 164|0x0000000094400000, 0x0000000094400000, 0x0000000094500000|  0%| F|  |TAMS 0x0000000094400000, 0x0000000094400000| Untracked 
| 165|0x0000000094500000, 0x0000000094500000, 0x0000000094600000|  0%| F|  |TAMS 0x0000000094500000, 0x0000000094500000| Untracked 
| 166|0x0000000094600000, 0x0000000094600000, 0x0000000094700000|  0%| F|  |TAMS 0x0000000094600000, 0x0000000094600000| Untracked 
| 167|0x0000000094700000, 0x0000000094700000, 0x0000000094800000|  0%| F|  |TAMS 0x0000000094700000, 0x0000000094700000| Untracked 
| 168|0x0000000094800000, 0x0000000094800000, 0x0000000094900000|  0%| F|  |TAMS 0x0000000094800000, 0x0000000094800000| Untracked 
| 169|0x0000000094900000, 0x0000000094900000, 0x0000000094a00000|  0%| F|  |TAMS 0x0000000094900000, 0x0000000094900000| Untracked 
| 170|0x0000000094a00000, 0x0000000094a00000, 0x0000000094b00000|  0%| F|  |TAMS 0x0000000094a00000, 0x0000000094a00000| Untracked 
| 171|0x0000000094b00000, 0x0000000094b00000, 0x0000000094c00000|  0%| F|  |TAMS 0x0000000094b00000, 0x0000000094b00000| Untracked 
| 172|0x0000000094c00000, 0x0000000094c00000, 0x0000000094d00000|  0%| F|  |TAMS 0x0000000094c00000, 0x0000000094c00000| Untracked 
| 173|0x0000000094d00000, 0x0000000094d00000, 0x0000000094e00000|  0%| F|  |TAMS 0x0000000094d00000, 0x0000000094d00000| Untracked 
| 174|0x0000000094e00000, 0x0000000094e00000, 0x0000000094f00000|  0%| F|  |TAMS 0x0000000094e00000, 0x0000000094e00000| Untracked 
| 175|0x0000000094f00000, 0x0000000094f00000, 0x0000000095000000|  0%| F|  |TAMS 0x0000000094f00000, 0x0000000094f00000| Untracked 
| 176|0x0000000095000000, 0x0000000095000000, 0x0000000095100000|  0%| F|  |TAMS 0x0000000095000000, 0x0000000095000000| Untracked 
| 177|0x0000000095100000, 0x0000000095100000, 0x0000000095200000|  0%| F|  |TAMS 0x0000000095100000, 0x0000000095100000| Untracked 
| 178|0x0000000095200000, 0x0000000095200000, 0x0000000095300000|  0%| F|  |TAMS 0x0000000095200000, 0x0000000095200000| Untracked 
| 179|0x0000000095300000, 0x0000000095300000, 0x0000000095400000|  0%| F|  |TAMS 0x0000000095300000, 0x0000000095300000| Untracked 
| 180|0x0000000095400000, 0x0000000095400000, 0x0000000095500000|  0%| F|  |TAMS 0x0000000095400000, 0x0000000095400000| Untracked 
| 181|0x0000000095500000, 0x0000000095500000, 0x0000000095600000|  0%| F|  |TAMS 0x0000000095500000, 0x0000000095500000| Untracked 
| 182|0x0000000095600000, 0x0000000095600000, 0x0000000095700000|  0%| F|  |TAMS 0x0000000095600000, 0x0000000095600000| Untracked 
| 183|0x0000000095700000, 0x0000000095700000, 0x0000000095800000|  0%| F|  |TAMS 0x0000000095700000, 0x0000000095700000| Untracked 
| 184|0x0000000095800000, 0x0000000095800000, 0x0000000095900000|  0%| F|  |TAMS 0x0000000095800000, 0x0000000095800000| Untracked 
| 185|0x0000000095900000, 0x0000000095900000, 0x0000000095a00000|  0%| F|  |TAMS 0x0000000095900000, 0x0000000095900000| Untracked 
| 186|0x0000000095a00000, 0x0000000095a00000, 0x0000000095b00000|  0%| F|  |TAMS 0x0000000095a00000, 0x0000000095a00000| Untracked 
| 187|0x0000000095b00000, 0x0000000095b00000, 0x0000000095c00000|  0%| F|  |TAMS 0x0000000095b00000, 0x0000000095b00000| Untracked 
| 188|0x0000000095c00000, 0x0000000095c00000, 0x0000000095d00000|  0%| F|  |TAMS 0x0000000095c00000, 0x0000000095c00000| Untracked 
| 189|0x0000000095d00000, 0x0000000095d00000, 0x0000000095e00000|  0%| F|  |TAMS 0x0000000095d00000, 0x0000000095d00000| Untracked 
| 190|0x0000000095e00000, 0x0000000095e00000, 0x0000000095f00000|  0%| F|  |TAMS 0x0000000095e00000, 0x0000000095e00000| Untracked 
| 191|0x0000000095f00000, 0x0000000095f00000, 0x0000000096000000|  0%| F|  |TAMS 0x0000000095f00000, 0x0000000095f00000| Untracked 
| 192|0x0000000096000000, 0x0000000096000000, 0x0000000096100000|  0%| F|  |TAMS 0x0000000096000000, 0x0000000096000000| Untracked 
| 193|0x0000000096100000, 0x0000000096100000, 0x0000000096200000|  0%| F|  |TAMS 0x0000000096100000, 0x0000000096100000| Untracked 
| 194|0x0000000096200000, 0x0000000096200000, 0x0000000096300000|  0%| F|  |TAMS 0x0000000096200000, 0x0000000096200000| Untracked 
| 195|0x0000000096300000, 0x0000000096400000, 0x0000000096400000|100%| S|CS|TAMS 0x0000000096300000, 0x0000000096300000| Complete 
| 196|0x0000000096400000, 0x0000000096500000, 0x0000000096500000|100%| S|CS|TAMS 0x0000000096400000, 0x0000000096400000| Complete 
| 197|0x0000000096500000, 0x0000000096600000, 0x0000000096600000|100%| S|CS|TAMS 0x0000000096500000, 0x0000000096500000| Complete 
| 198|0x0000000096600000, 0x0000000096600000, 0x0000000096700000|  0%| F|  |TAMS 0x0000000096600000, 0x0000000096600000| Untracked 
| 199|0x0000000096700000, 0x0000000096700000, 0x0000000096800000|  0%| F|  |TAMS 0x0000000096700000, 0x0000000096700000| Untracked 
| 200|0x0000000096800000, 0x0000000096800000, 0x0000000096900000|  0%| F|  |TAMS 0x0000000096800000, 0x0000000096800000| Untracked 
| 201|0x0000000096900000, 0x0000000096900000, 0x0000000096a00000|  0%| F|  |TAMS 0x0000000096900000, 0x0000000096900000| Untracked 
| 202|0x0000000096a00000, 0x0000000096a00000, 0x0000000096b00000|  0%| F|  |TAMS 0x0000000096a00000, 0x0000000096a00000| Untracked 
| 203|0x0000000096b00000, 0x0000000096b00000, 0x0000000096c00000|  0%| F|  |TAMS 0x0000000096b00000, 0x0000000096b00000| Untracked 
| 204|0x0000000096c00000, 0x0000000096c00000, 0x0000000096d00000|  0%| F|  |TAMS 0x0000000096c00000, 0x0000000096c00000| Untracked 
| 205|0x0000000096d00000, 0x0000000096d00000, 0x0000000096e00000|  0%| F|  |TAMS 0x0000000096d00000, 0x0000000096d00000| Untracked 
| 206|0x0000000096e00000, 0x0000000096e00000, 0x0000000096f00000|  0%| F|  |TAMS 0x0000000096e00000, 0x0000000096e00000| Untracked 
| 207|0x0000000096f00000, 0x0000000096f00000, 0x0000000097000000|  0%| F|  |TAMS 0x0000000096f00000, 0x0000000096f00000| Untracked 
| 208|0x0000000097000000, 0x0000000097000000, 0x0000000097100000|  0%| F|  |TAMS 0x0000000097000000, 0x0000000097000000| Untracked 
| 209|0x0000000097100000, 0x0000000097100000, 0x0000000097200000|  0%| F|  |TAMS 0x0000000097100000, 0x0000000097100000| Untracked 
| 210|0x0000000097200000, 0x0000000097200000, 0x0000000097300000|  0%| F|  |TAMS 0x0000000097200000, 0x0000000097200000| Untracked 
| 211|0x0000000097300000, 0x0000000097300000, 0x0000000097400000|  0%| F|  |TAMS 0x0000000097300000, 0x0000000097300000| Untracked 
| 212|0x0000000097400000, 0x0000000097400000, 0x0000000097500000|  0%| F|  |TAMS 0x0000000097400000, 0x0000000097400000| Untracked 
| 213|0x0000000097500000, 0x0000000097500000, 0x0000000097600000|  0%| F|  |TAMS 0x0000000097500000, 0x0000000097500000| Untracked 
| 214|0x0000000097600000, 0x0000000097600000, 0x0000000097700000|  0%| F|  |TAMS 0x0000000097600000, 0x0000000097600000| Untracked 
| 215|0x0000000097700000, 0x0000000097700000, 0x0000000097800000|  0%| F|  |TAMS 0x0000000097700000, 0x0000000097700000| Untracked 
| 216|0x0000000097800000, 0x0000000097800000, 0x0000000097900000|  0%| F|  |TAMS 0x0000000097800000, 0x0000000097800000| Untracked 
| 217|0x0000000097900000, 0x0000000097900000, 0x0000000097a00000|  0%| F|  |TAMS 0x0000000097900000, 0x0000000097900000| Untracked 
| 218|0x0000000097a00000, 0x0000000097a00000, 0x0000000097b00000|  0%| F|  |TAMS 0x0000000097a00000, 0x0000000097a00000| Untracked 
| 219|0x0000000097b00000, 0x0000000097b00000, 0x0000000097c00000|  0%| F|  |TAMS 0x0000000097b00000, 0x0000000097b00000| Untracked 
| 220|0x0000000097c00000, 0x0000000097c00000, 0x0000000097d00000|  0%| F|  |TAMS 0x0000000097c00000, 0x0000000097c00000| Untracked 
| 221|0x0000000097d00000, 0x0000000097d00000, 0x0000000097e00000|  0%| F|  |TAMS 0x0000000097d00000, 0x0000000097d00000| Untracked 
| 222|0x0000000097e00000, 0x0000000097e00000, 0x0000000097f00000|  0%| F|  |TAMS 0x0000000097e00000, 0x0000000097e00000| Untracked 
| 223|0x0000000097f00000, 0x0000000097f00000, 0x0000000098000000|  0%| F|  |TAMS 0x0000000097f00000, 0x0000000097f00000| Untracked 
| 224|0x0000000098000000, 0x0000000098000000, 0x0000000098100000|  0%| F|  |TAMS 0x0000000098000000, 0x0000000098000000| Untracked 
| 225|0x0000000098100000, 0x0000000098100000, 0x0000000098200000|  0%| F|  |TAMS 0x0000000098100000, 0x0000000098100000| Untracked 
| 226|0x0000000098200000, 0x0000000098200000, 0x0000000098300000|  0%| F|  |TAMS 0x0000000098200000, 0x0000000098200000| Untracked 
| 227|0x0000000098300000, 0x0000000098300000, 0x0000000098400000|  0%| F|  |TAMS 0x0000000098300000, 0x0000000098300000| Untracked 
| 228|0x0000000098400000, 0x0000000098400000, 0x0000000098500000|  0%| F|  |TAMS 0x0000000098400000, 0x0000000098400000| Untracked 
| 229|0x0000000098500000, 0x0000000098500000, 0x0000000098600000|  0%| F|  |TAMS 0x0000000098500000, 0x0000000098500000| Untracked 
| 230|0x0000000098600000, 0x0000000098600000, 0x0000000098700000|  0%| F|  |TAMS 0x0000000098600000, 0x0000000098600000| Untracked 
| 231|0x0000000098700000, 0x0000000098700000, 0x0000000098800000|  0%| F|  |TAMS 0x0000000098700000, 0x0000000098700000| Untracked 
| 232|0x0000000098800000, 0x0000000098800000, 0x0000000098900000|  0%| F|  |TAMS 0x0000000098800000, 0x0000000098800000| Untracked 
| 233|0x0000000098900000, 0x0000000098900000, 0x0000000098a00000|  0%| F|  |TAMS 0x0000000098900000, 0x0000000098900000| Untracked 
| 234|0x0000000098a00000, 0x0000000098a00000, 0x0000000098b00000|  0%| F|  |TAMS 0x0000000098a00000, 0x0000000098a00000| Untracked 
| 235|0x0000000098b00000, 0x0000000098b00000, 0x0000000098c00000|  0%| F|  |TAMS 0x0000000098b00000, 0x0000000098b00000| Untracked 
| 236|0x0000000098c00000, 0x0000000098c00000, 0x0000000098d00000|  0%| F|  |TAMS 0x0000000098c00000, 0x0000000098c00000| Untracked 
| 237|0x0000000098d00000, 0x0000000098d00000, 0x0000000098e00000|  0%| F|  |TAMS 0x0000000098d00000, 0x0000000098d00000| Untracked 
| 238|0x0000000098e00000, 0x0000000098e00000, 0x0000000098f00000|  0%| F|  |TAMS 0x0000000098e00000, 0x0000000098e00000| Untracked 
| 239|0x0000000098f00000, 0x0000000098f00000, 0x0000000099000000|  0%| F|  |TAMS 0x0000000098f00000, 0x0000000098f00000| Untracked 
| 240|0x0000000099000000, 0x0000000099000000, 0x0000000099100000|  0%| F|  |TAMS 0x0000000099000000, 0x0000000099000000| Untracked 
| 241|0x0000000099100000, 0x0000000099100000, 0x0000000099200000|  0%| F|  |TAMS 0x0000000099100000, 0x0000000099100000| Untracked 
| 242|0x0000000099200000, 0x0000000099200000, 0x0000000099300000|  0%| F|  |TAMS 0x0000000099200000, 0x0000000099200000| Untracked 
| 243|0x0000000099300000, 0x0000000099300000, 0x0000000099400000|  0%| F|  |TAMS 0x0000000099300000, 0x0000000099300000| Untracked 
| 244|0x0000000099400000, 0x0000000099400000, 0x0000000099500000|  0%| F|  |TAMS 0x0000000099400000, 0x0000000099400000| Untracked 
|1887|0x00000000fff00000, 0x0000000100000000, 0x0000000100000000|100%| O|  |TAMS 0x0000000100000000, 0x00000000fff00000| Untracked 

Card table byte_map: [0x000001ba69f80000,0x000001ba6a330000] _byte_map_base: 0x000001ba69b30000

Marking Bits (Prev, Next): (CMBitMap*) 0x000001ba56ed7590, (CMBitMap*) 0x000001ba56ed7550
 Prev Bits: [0x000001ba6c460000, 0x000001ba6e1e0000)
 Next Bits: [0x000001ba6a6e0000, 0x000001ba6c460000)

Polling page: 0x000001ba54c20000

Metaspace:

Usage:
  Non-class:     64.00 MB used.
      Class:      7.87 MB used.
       Both:     71.87 MB used.

Virtual space:
  Non-class space:      128.00 MB reserved,      64.12 MB ( 50%) committed,  2 nodes.
      Class space:        1.00 GB reserved,       8.00 MB ( <1%) committed,  1 nodes.
             Both:        1.12 GB reserved,      72.12 MB (  6%) committed. 

Chunk freelists:
   Non-Class:  15.19 MB
       Class:  8.00 MB
        Both:  23.19 MB

MaxMetaspaceSize: unlimited
CompressedClassSpaceSize: 1.00 GB
Initial GC threshold: 21.00 MB
Current GC threshold: 93.12 MB
CDS: off
MetaspaceReclaimPolicy: balanced
 - commit_granule_bytes: 65536.
 - commit_granule_words: 8192.
 - virtual_space_node_default_size: 8388608.
 - enlarge_chunks_in_place: 1.
 - new_chunks_are_fully_committed: 0.
 - uncommit_free_chunks: 1.
 - use_allocation_guard: 0.
 - handle_deallocations: 1.


Internal statistics:

num_allocs_failed_limit: 6.
num_arena_births: 358.
num_arena_deaths: 0.
num_vsnodes_births: 3.
num_vsnodes_deaths: 0.
num_space_committed: 1152.
num_space_uncommitted: 0.
num_chunks_returned_to_freelist: 6.
num_chunks_taken_from_freelist: 2819.
num_chunk_merges: 6.
num_chunk_splits: 2216.
num_chunks_enlarged: 1910.
num_inconsistent_stats: 0.

CodeHeap 'non-profiled nmethods': size=119168Kb used=5945Kb max_used=5945Kb free=113222Kb
 bounds [0x000001ba61ef0000, 0x000001ba624c0000, 0x000001ba69350000]
CodeHeap 'profiled nmethods': size=119104Kb used=35409Kb max_used=35771Kb free=83694Kb
 bounds [0x000001ba5a350000, 0x000001ba5c640000, 0x000001ba617a0000]
CodeHeap 'non-nmethods': size=7488Kb used=1391Kb max_used=1906Kb free=6096Kb
 bounds [0x000001ba617a0000, 0x000001ba61a10000, 0x000001ba61ef0000]
 total_blobs=13839 nmethods=13124 adapters=623
 compilation: enabled
              stopped_count=0, restarted_count=0
 full_count=0

Compilation events (20 events):
Event: 88.754 Thread 0x000001ba7131d3e0 17002       2       org.jetbrains.kotlin.ir.declarations.lazy.AbstractIrLazyFunction::createLazyAnnotations (5 bytes)
Event: 88.755 Thread 0x000001ba7131d3e0 nmethod 17002 0x000001ba5b137510 code [0x000001ba5b137700, 0x000001ba5b137af8]
Event: 88.755 Thread 0x000001ba7131d3e0 17003       2       org.jetbrains.kotlin.ir.declarations.lazy.IrLazyFunction$body$2::<init> (11 bytes)
Event: 88.755 Thread 0x000001ba7131d3e0 nmethod 17003 0x000001ba5c0ee390 code [0x000001ba5c0ee520, 0x000001ba5c0ee678]
Event: 88.755 Thread 0x000001ba7131d3e0 17004       2       org.jetbrains.kotlin.ir.declarations.lazy.IrLazyFunction$returnType$2::<init> (11 bytes)
Event: 88.755 Thread 0x000001ba7131d3e0 nmethod 17004 0x000001ba5b137190 code [0x000001ba5b137320, 0x000001ba5b137478]
Event: 88.755 Thread 0x000001ba7131d3e0 17005       2       org.jetbrains.kotlin.ir.declarations.lazy.AbstractIrLazyFunction::createInitialSignatureFunction (5 bytes)
Event: 88.755 Thread 0x000001ba7131d3e0 nmethod 17005 0x000001ba5b136d10 code [0x000001ba5b136ec0, 0x000001ba5b1370a8]
Event: 88.755 Thread 0x000001ba7131d3e0 17006       2       org.jetbrains.kotlin.ir.declarations.lazy.IrLazyFunction$dispatchReceiverParameter$2::<init> (11 bytes)
Event: 88.755 Thread 0x000001ba7131d3e0 nmethod 17006 0x000001ba5b136990 code [0x000001ba5b136b20, 0x000001ba5b136c78]
Event: 88.755 Thread 0x000001ba7131d3e0 17007       2       org.jetbrains.kotlin.ir.declarations.lazy.IrLazyFunction$extensionReceiverParameter$2::<init> (11 bytes)
Event: 88.755 Thread 0x000001ba7131d3e0 nmethod 17007 0x000001ba5b136610 code [0x000001ba5b1367a0, 0x000001ba5b1368f8]
Event: 88.755 Thread 0x000001ba7131d3e0 17008       2       org.jetbrains.kotlin.ir.declarations.lazy.IrLazyFunction$valueParameters$2::<init> (11 bytes)
Event: 88.755 Thread 0x000001ba7131d3e0 nmethod 17008 0x000001ba5b136290 code [0x000001ba5b136420, 0x000001ba5b136578]
Event: 88.755 Thread 0x000001ba7131d3e0 17009       2       org.jetbrains.kotlin.ir.declarations.lazy.IrLazyFunction$typeParameters$2::<init> (11 bytes)
Event: 88.756 Thread 0x000001ba7131d3e0 nmethod 17009 0x000001ba5b135f10 code [0x000001ba5b1360a0, 0x000001ba5b1361f8]
Event: 88.756 Thread 0x000001ba7131d3e0 17010       2       org.jetbrains.kotlin.ir.declarations.lazy.IrLazyFunction$overriddenSymbols$2::<init> (11 bytes)
Event: 88.756 Thread 0x000001ba7131d3e0 nmethod 17010 0x000001ba5b135b90 code [0x000001ba5b135d20, 0x000001ba5b135e78]
Event: 88.770 Thread 0x000001ba7131d3e0 17011       2       org.jetbrains.kotlin.ir.util.DeclarationStubGenerator::generateFunctionStub (193 bytes)
Event: 88.772 Thread 0x000001ba7131d3e0 nmethod 17011 0x000001ba5b613b10 code [0x000001ba5b613e80, 0x000001ba5b614c68]

GC Heap History (20 events):
Event: 35.579 GC heap after
{Heap after GC invocations=32 (full 0):
 garbage-first heap   total 215040K, used 63658K [0x000000008a000000, 0x0000000100000000)
  region size 1024K, 3 young (3072K), 3 survivors (3072K)
 Metaspace       used 58089K, committed 58304K, reserved 1114112K
  class space    used 6767K, committed 6848K, reserved 1048576K
}
Event: 37.232 GC heap before
{Heap before GC invocations=32 (full 0):
 garbage-first heap   total 215040K, used 70826K [0x000000008a000000, 0x0000000100000000)
  region size 1024K, 10 young (10240K), 3 survivors (3072K)
 Metaspace       used 59196K, committed 59456K, reserved 1114112K
  class space    used 6885K, committed 6976K, reserved 1048576K
}
Event: 37.261 GC heap after
{Heap after GC invocations=33 (full 0):
 garbage-first heap   total 215040K, used 63668K [0x000000008a000000, 0x0000000100000000)
  region size 1024K, 2 young (2048K), 2 survivors (2048K)
 Metaspace       used 59196K, committed 59456K, reserved 1114112K
  class space    used 6885K, committed 6976K, reserved 1048576K
}
Event: 58.032 GC heap before
{Heap before GC invocations=33 (full 0):
 garbage-first heap   total 215040K, used 152756K [0x000000008a000000, 0x0000000100000000)
  region size 1024K, 86 young (88064K), 2 survivors (2048K)
 Metaspace       used 64098K, committed 64384K, reserved 1114112K
  class space    used 7290K, committed 7424K, reserved 1048576K
}
Event: 58.073 GC heap after
{Heap after GC invocations=34 (full 0):
 garbage-first heap   total 215040K, used 76352K [0x000000008a000000, 0x0000000100000000)
  region size 1024K, 11 young (11264K), 11 survivors (11264K)
 Metaspace       used 64098K, committed 64384K, reserved 1114112K
  class space    used 7290K, committed 7424K, reserved 1048576K
}
Event: 64.884 GC heap before
{Heap before GC invocations=34 (full 0):
 garbage-first heap   total 215040K, used 137792K [0x000000008a000000, 0x0000000100000000)
  region size 1024K, 71 young (72704K), 11 survivors (11264K)
 Metaspace       used 64797K, committed 65024K, reserved 1114112K
  class space    used 7326K, committed 7424K, reserved 1048576K
}
Event: 65.017 GC heap after
{Heap after GC invocations=35 (full 0):
 garbage-first heap   total 215040K, used 82248K [0x000000008a000000, 0x0000000100000000)
  region size 1024K, 6 young (6144K), 6 survivors (6144K)
 Metaspace       used 64797K, committed 65024K, reserved 1114112K
  class space    used 7326K, committed 7424K, reserved 1048576K
}
Event: 74.589 GC heap before
{Heap before GC invocations=35 (full 0):
 garbage-first heap   total 215040K, used 160072K [0x000000008a000000, 0x0000000100000000)
  region size 1024K, 82 young (83968K), 6 survivors (6144K)
 Metaspace       used 65404K, committed 65664K, reserved 1114112K
  class space    used 7332K, committed 7424K, reserved 1048576K
}
Event: 75.248 GC heap after
{Heap after GC invocations=36 (full 0):
 garbage-first heap   total 215040K, used 87114K [0x000000008a000000, 0x0000000100000000)
  region size 1024K, 11 young (11264K), 11 survivors (11264K)
 Metaspace       used 65404K, committed 65664K, reserved 1114112K
  class space    used 7332K, committed 7424K, reserved 1048576K
}
Event: 75.729 GC heap before
{Heap before GC invocations=36 (full 0):
 garbage-first heap   total 215040K, used 88138K [0x000000008a000000, 0x0000000100000000)
  region size 1024K, 12 young (12288K), 11 survivors (11264K)
 Metaspace       used 65410K, committed 65664K, reserved 1114112K
  class space    used 7332K, committed 7424K, reserved 1048576K
}
Event: 76.055 GC heap after
{Heap after GC invocations=37 (full 0):
 garbage-first heap   total 215040K, used 88539K [0x000000008a000000, 0x0000000100000000)
  region size 1024K, 2 young (2048K), 2 survivors (2048K)
 Metaspace       used 65410K, committed 65664K, reserved 1114112K
  class space    used 7332K, committed 7424K, reserved 1048576K
}
Event: 77.538 GC heap before
{Heap before GC invocations=37 (full 0):
 garbage-first heap   total 215040K, used 96731K [0x000000008a000000, 0x0000000100000000)
  region size 1024K, 10 young (10240K), 2 survivors (2048K)
 Metaspace       used 65700K, committed 66048K, reserved 1114112K
  class space    used 7362K, committed 7552K, reserved 1048576K
}
Event: 77.547 GC heap after
{Heap after GC invocations=38 (full 0):
 garbage-first heap   total 215040K, used 88133K [0x000000008a000000, 0x0000000100000000)
  region size 1024K, 2 young (2048K), 2 survivors (2048K)
 Metaspace       used 65700K, committed 66048K, reserved 1114112K
  class space    used 7362K, committed 7552K, reserved 1048576K
}
Event: 79.089 GC heap before
{Heap before GC invocations=38 (full 0):
 garbage-first heap   total 215040K, used 111685K [0x000000008a000000, 0x0000000100000000)
  region size 1024K, 25 young (25600K), 2 survivors (2048K)
 Metaspace       used 66033K, committed 66368K, reserved 1114112K
  class space    used 7375K, committed 7552K, reserved 1048576K
}
Event: 79.102 GC heap after
{Heap after GC invocations=39 (full 0):
 garbage-first heap   total 215040K, used 88305K [0x000000008a000000, 0x0000000100000000)
  region size 1024K, 2 young (2048K), 2 survivors (2048K)
 Metaspace       used 66033K, committed 66368K, reserved 1114112K
  class space    used 7375K, committed 7552K, reserved 1048576K
}
Event: 85.800 GC heap before
{Heap before GC invocations=39 (full 0):
 garbage-first heap   total 215040K, used 139505K [0x000000008a000000, 0x0000000100000000)
  region size 1024K, 52 young (53248K), 2 survivors (2048K)
 Metaspace       used 72382K, committed 72704K, reserved 1114112K
  class space    used 7950K, committed 8128K, reserved 1048576K
}
Event: 85.836 GC heap after
{Heap after GC invocations=40 (full 0):
 garbage-first heap   total 215040K, used 91770K [0x000000008a000000, 0x0000000100000000)
  region size 1024K, 5 young (5120K), 5 survivors (5120K)
 Metaspace       used 72382K, committed 72704K, reserved 1114112K
  class space    used 7950K, committed 8128K, reserved 1048576K
}
Event: 88.265 GC heap before
{Heap before GC invocations=40 (full 0):
 garbage-first heap   total 215040K, used 148090K [0x000000008a000000, 0x0000000100000000)
  region size 1024K, 60 young (61440K), 5 survivors (5120K)
 Metaspace       used 73217K, committed 73536K, reserved 1179648K
  class space    used 8015K, committed 8192K, reserved 1048576K
}
Event: 88.473 GC heap after
{Heap after GC invocations=41 (full 0):
 garbage-first heap   total 215040K, used 101493K [0x000000008a000000, 0x0000000100000000)
  region size 1024K, 8 young (8192K), 8 survivors (8192K)
 Metaspace       used 73217K, committed 73536K, reserved 1179648K
  class space    used 8015K, committed 8192K, reserved 1048576K
}
Event: 88.776 GC heap before
{Heap before GC invocations=41 (full 0):
 garbage-first heap   total 215040K, used 112757K [0x000000008a000000, 0x0000000100000000)
  region size 1024K, 19 young (19456K), 8 survivors (8192K)
 Metaspace       used 73592K, committed 73856K, reserved 1179648K
  class space    used 8058K, committed 8192K, reserved 1048576K
}

Dll operation events (2 events):
Event: 0.024 Loaded shared library C:\Program Files\Android\Android Studio\jbr\bin\java.dll
Event: 3.352 Loaded shared library C:\Program Files\Android\Android Studio\jbr\bin\verify.dll

Deoptimization events (20 events):
Event: 88.699 Thread 0x000001ba56e7e4b0 DEOPT PACKING pc=0x000001ba622b2948 sp=0x000000a80abfde80
Event: 88.699 Thread 0x000001ba56e7e4b0 DEOPT UNPACKING pc=0x000001ba617f69a3 sp=0x000000a80abfde40 mode 2
Event: 88.705 Thread 0x000001ba56e7e4b0 Uncommon trap: trap_request=0xffffffde fr.pc=0x000001ba624ae664 relative=0x0000000000002e84
Event: 88.705 Thread 0x000001ba56e7e4b0 Uncommon trap: reason=class_check action=maybe_recompile pc=0x000001ba624ae664 method=org.jetbrains.kotlin.ir.util.TypeTranslator.translateType(Lorg/jetbrains/kotlin/types/KotlinType;Lorg/jetbrains/kotlin/types/Variance;)Lorg/jetbrains/kotlin/ir/types/IrT
Event: 88.705 Thread 0x000001ba56e7e4b0 DEOPT PACKING pc=0x000001ba624ae664 sp=0x000000a80abfdfa0
Event: 88.705 Thread 0x000001ba56e7e4b0 DEOPT UNPACKING pc=0x000001ba617f69a3 sp=0x000000a80abfdf90 mode 2
Event: 88.720 Thread 0x000001ba56e7e4b0 Uncommon trap: trap_request=0xffffffde fr.pc=0x000001ba624ae664 relative=0x0000000000002e84
Event: 88.720 Thread 0x000001ba56e7e4b0 Uncommon trap: reason=class_check action=maybe_recompile pc=0x000001ba624ae664 method=org.jetbrains.kotlin.ir.util.TypeTranslator.translateType(Lorg/jetbrains/kotlin/types/KotlinType;Lorg/jetbrains/kotlin/types/Variance;)Lorg/jetbrains/kotlin/ir/types/IrT
Event: 88.720 Thread 0x000001ba56e7e4b0 DEOPT PACKING pc=0x000001ba624ae664 sp=0x000000a80abfe010
Event: 88.720 Thread 0x000001ba56e7e4b0 DEOPT UNPACKING pc=0x000001ba617f69a3 sp=0x000000a80abfe000 mode 2
Event: 88.721 Thread 0x000001ba56e7e4b0 Uncommon trap: trap_request=0xffffffde fr.pc=0x000001ba624ae664 relative=0x0000000000002e84
Event: 88.721 Thread 0x000001ba56e7e4b0 Uncommon trap: reason=class_check action=maybe_recompile pc=0x000001ba624ae664 method=org.jetbrains.kotlin.ir.util.TypeTranslator.translateType(Lorg/jetbrains/kotlin/types/KotlinType;Lorg/jetbrains/kotlin/types/Variance;)Lorg/jetbrains/kotlin/ir/types/IrT
Event: 88.721 Thread 0x000001ba56e7e4b0 DEOPT PACKING pc=0x000001ba624ae664 sp=0x000000a80abfdf40
Event: 88.721 Thread 0x000001ba56e7e4b0 DEOPT UNPACKING pc=0x000001ba617f69a3 sp=0x000000a80abfdf30 mode 2
Event: 88.721 Thread 0x000001ba56e7e4b0 Uncommon trap: trap_request=0xffffffde fr.pc=0x000001ba624ae664 relative=0x0000000000002e84
Event: 88.721 Thread 0x000001ba56e7e4b0 Uncommon trap: reason=class_check action=maybe_recompile pc=0x000001ba624ae664 method=org.jetbrains.kotlin.ir.util.TypeTranslator.translateType(Lorg/jetbrains/kotlin/types/KotlinType;Lorg/jetbrains/kotlin/types/Variance;)Lorg/jetbrains/kotlin/ir/types/IrT
Event: 88.721 Thread 0x000001ba56e7e4b0 DEOPT PACKING pc=0x000001ba624ae664 sp=0x000000a80abfdf40
Event: 88.721 Thread 0x000001ba56e7e4b0 DEOPT UNPACKING pc=0x000001ba617f69a3 sp=0x000000a80abfdf30 mode 2
Event: 88.769 Thread 0x000001ba56e7e4b0 DEOPT PACKING pc=0x000001ba5c1b573c sp=0x000000a80abfe000
Event: 88.769 Thread 0x000001ba56e7e4b0 DEOPT UNPACKING pc=0x000001ba617f7143 sp=0x000000a80abfd560 mode 0

Classes unloaded (0 events):
No events

Classes redefined (0 events):
No events

Internal exceptions (20 events):
Event: 27.973 Thread 0x000001ba56e7e4b0 Implicit null exception at 0x000001ba620e23de to 0x000001ba620eb478
Event: 27.974 Thread 0x000001ba56e7e4b0 Implicit null exception at 0x000001ba620e23de to 0x000001ba620eb478
Event: 27.974 Thread 0x000001ba56e7e4b0 Implicit null exception at 0x000001ba620e23de to 0x000001ba620eb478
Event: 27.974 Thread 0x000001ba56e7e4b0 Implicit null exception at 0x000001ba620e23de to 0x000001ba620eb478
Event: 27.974 Thread 0x000001ba56e7e4b0 Implicit null exception at 0x000001ba620e23de to 0x000001ba620eb478
Event: 30.728 Thread 0x000001ba56e7e4b0 Exception <a 'java/lang/NoSuchMethodError'{0x00000000969ceef0}: 'java.lang.Object java.lang.invoke.DirectMethodHandle$Holder.newInvokeSpecial(java.lang.Object, java.lang.Object, java.lang.Object, java.lang.Object, java.lang.Object, java.lang.Object, java.lang.Object)'> (0x00000000969ceef0) 
thrown [s\src\hotspot\share\interpreter\linkResolver.cpp, line 771]
Event: 30.777 Thread 0x000001ba56e7e4b0 Exception <a 'java/lang/NoSuchMethodError'{0x00000000969d3aa8}: 'java.lang.Object java.lang.invoke.Invokers$Holder.linkToTargetMethod(java.lang.Object, java.lang.Object, java.lang.Object, java.lang.Object, java.lang.Object, java.lang.Object, java.lang.Object)'> (0x00000000969d3aa8) 
thrown [s\src\hotspot\share\interpreter\linkResolver.cpp, line 771]
Event: 37.946 Thread 0x000001ba56e7e4b0 Exception <a 'java/lang/NoSuchMethodError'{0x00000000960ece68}: 'java.lang.Object java.lang.invoke.DirectMethodHandle$Holder.invokeInterface(java.lang.Object, java.lang.Object, java.lang.Object)'> (0x00000000960ece68) 
thrown [s\src\hotspot\share\interpreter\linkResolver.cpp, line 771]
Event: 38.015 Thread 0x000001ba56e7e4b0 Exception <a 'java/lang/IncompatibleClassChangeError'{0x00000000960f0d28}: Found class java.lang.Object, but interface was expected> (0x00000000960f0d28) 
thrown [s\src\hotspot\share\interpreter\linkResolver.cpp, line 838]
Event: 40.819 Thread 0x000001ba56e7e4b0 Exception <a 'java/lang/NoSuchMethodError'{0x0000000095425748}: 'int java.lang.invoke.DirectMethodHandle$Holder.invokeStaticInit(java.lang.Object, int)'> (0x0000000095425748) 
thrown [s\src\hotspot\share\interpreter\linkResolver.cpp, line 771]
Event: 76.151 Thread 0x000001ba56e7e4b0 Implicit null exception at 0x000001ba623d3d38 to 0x000001ba623d4364
Event: 77.555 Thread 0x000001ba56e7e4b0 Implicit null exception at 0x000001ba620f426a to 0x000001ba620f4420
Event: 82.775 Thread 0x000001ba56e7e4b0 Exception <a 'java/lang/NoSuchMethodError'{0x0000000095cddc48}: 'java.lang.Object java.lang.invoke.DirectMethodHandle$Holder.invokeStaticInit(java.lang.Object, java.lang.Object, java.lang.Object, java.lang.Object)'> (0x0000000095cddc48) 
thrown [s\src\hotspot\share\interpreter\linkResolver.cpp, line 771]
Event: 84.830 Thread 0x000001ba56e7e4b0 Exception <a 'java/lang/NoSuchMethodError'{0x0000000094b95558}: 'java.lang.Object java.lang.invoke.DirectMethodHandle$Holder.newInvokeSpecial(java.lang.Object, java.lang.Object, java.lang.Object, int, int)'> (0x0000000094b95558) 
thrown [s\src\hotspot\share\interpreter\linkResolver.cpp, line 771]
Event: 84.832 Thread 0x000001ba56e7e4b0 Exception <a 'java/lang/NoSuchMethodError'{0x0000000094b99398}: 'java.lang.Object java.lang.invoke.DirectMethodHandle$Holder.invokeSpecial(java.lang.Object, java.lang.Object, java.lang.Object, java.lang.Object, int, int)'> (0x0000000094b99398) 
thrown [s\src\hotspot\share\interpreter\linkResolver.cpp, line 771]
Event: 85.174 Thread 0x000001ba56e7e4b0 Exception <a 'java/lang/NoSuchMethodError'{0x000000009486faf8}: 'java.lang.Object java.lang.invoke.DirectMethodHandle$Holder.invokeSpecial(java.lang.Object, java.lang.Object, int, int, java.lang.Object, java.lang.Object, java.lang.Object, java.lang.Object, java.lang.Object)'> (0x000000009486faf8) 
thrown [s\src\hotspot\share\interpreter\linkResolver.cpp, line 771]
Event: 86.087 Thread 0x000001ba56e7e4b0 Implicit null exception at 0x000001ba61fce470 to 0x000001ba61fce6ac
Event: 86.213 Thread 0x000001ba56e7e4b0 Exception <a 'java/lang/NoSuchMethodError'{0x0000000096ba0920}: 'java.lang.Object java.lang.invoke.DirectMethodHandle$Holder.invokeStatic(java.lang.Object, java.lang.Object, java.lang.Object, int, int, java.lang.Object, java.lang.Object, java.lang.Object, java.lang.Object)'> (0x0000000096ba0920) 
thrown [s\src\hotspot\share\interpreter\linkResolver.cpp, line 771]
Event: 86.214 Thread 0x000001ba56e7e4b0 Exception <a 'java/lang/NoSuchMethodError'{0x0000000096baabe8}: 'java.lang.Object java.lang.invoke.DirectMethodHandle$Holder.newInvokeSpecial(java.lang.Object, java.lang.Object, java.lang.Object, int, int, java.lang.Object)'> (0x0000000096baabe8) 
thrown [s\src\hotspot\share\interpreter\linkResolver.cpp, line 771]
Event: 86.217 Thread 0x000001ba56e7e4b0 Exception <a 'java/lang/NoSuchMethodError'{0x0000000096bb2588}: 'java.lang.Object java.lang.invoke.Invokers$Holder.linkToTargetMethod(java.lang.Object, java.lang.Object, int, int, java.lang.Object, java.lang.Object)'> (0x0000000096bb2588) 
thrown [s\src\hotspot\share\interpreter\linkResolver.cpp, line 771]

VM Operations (20 events):
Event: 88.173 Executing VM operation: HandshakeAllThreads done
Event: 88.265 Executing VM operation: G1CollectForAllocation
Event: 88.473 Executing VM operation: G1CollectForAllocation done
Event: 88.649 Executing VM operation: HandshakeAllThreads
Event: 88.649 Executing VM operation: HandshakeAllThreads done
Event: 88.652 Executing VM operation: HandshakeAllThreads
Event: 88.652 Executing VM operation: HandshakeAllThreads done
Event: 88.695 Executing VM operation: HandshakeAllThreads
Event: 88.696 Executing VM operation: HandshakeAllThreads done
Event: 88.713 Executing VM operation: HandshakeAllThreads
Event: 88.713 Executing VM operation: HandshakeAllThreads done
Event: 88.717 Executing VM operation: HandshakeAllThreads
Event: 88.717 Executing VM operation: HandshakeAllThreads done
Event: 88.729 Executing VM operation: HandshakeAllThreads
Event: 88.729 Executing VM operation: HandshakeAllThreads done
Event: 88.732 Executing VM operation: HandshakeAllThreads
Event: 88.732 Executing VM operation: HandshakeAllThreads done
Event: 88.766 Executing VM operation: HandshakeAllThreads
Event: 88.766 Executing VM operation: HandshakeAllThreads done
Event: 88.776 Executing VM operation: G1CollectForAllocation

Events (20 events):
Event: 88.222 Thread 0x000001ba7131f4a0 flushing nmethod 0x000001ba5bc3fe90
Event: 88.222 Thread 0x000001ba7131f4a0 flushing nmethod 0x000001ba5bc86410
Event: 88.224 Thread 0x000001ba7131f4a0 flushing nmethod 0x000001ba5bd51a10
Event: 88.224 Thread 0x000001ba7131f4a0 flushing nmethod 0x000001ba5bd5ab10
Event: 88.224 Thread 0x000001ba7131f4a0 flushing nmethod 0x000001ba5bdc4110
Event: 88.224 Thread 0x000001ba7131f4a0 flushing nmethod 0x000001ba5bdea590
Event: 88.225 Thread 0x000001ba7131f4a0 flushing nmethod 0x000001ba5bdf8590
Event: 88.225 Thread 0x000001ba7131f4a0 flushing nmethod 0x000001ba5bdfa710
Event: 88.225 Thread 0x000001ba7131f4a0 flushing nmethod 0x000001ba5be60790
Event: 88.227 Thread 0x000001ba7131f4a0 flushing nmethod 0x000001ba5bf26590
Event: 88.229 Thread 0x000001ba7131f4a0 flushing nmethod 0x000001ba5c091910
Event: 88.230 Thread 0x000001ba7131f4a0 flushing nmethod 0x000001ba5c0ee390
Event: 88.230 Thread 0x000001ba7131f4a0 flushing nmethod 0x000001ba5c150310
Event: 88.230 Thread 0x000001ba7131f4a0 flushing nmethod 0x000001ba5c1b4510
Event: 88.231 Thread 0x000001ba7131f4a0 flushing nmethod 0x000001ba5c22a290
Event: 88.231 Thread 0x000001ba7131f4a0 flushing nmethod 0x000001ba5c24bb10
Event: 88.232 Thread 0x000001ba7131f4a0 flushing nmethod 0x000001ba5c303c90
Event: 88.232 Thread 0x000001ba7131f4a0 flushing nmethod 0x000001ba5c3ac990
Event: 88.233 Thread 0x000001ba7131f4a0 flushing nmethod 0x000001ba5c3c6f10
Event: 88.234 Thread 0x000001ba7131f4a0 flushing nmethod 0x000001ba5c488e10


Dynamic libraries:
0x00007ff6f8d10000 - 0x00007ff6f8d1a000 	C:\Program Files\Android\Android Studio\jbr\bin\java.exe
0x00007ffb24b70000 - 0x00007ffb24d87000 	C:\WINDOWS\SYSTEM32\ntdll.dll
0x00007ffb24300000 - 0x00007ffb243c4000 	C:\WINDOWS\System32\KERNEL32.DLL
0x00007ffb222c0000 - 0x00007ffb22667000 	C:\WINDOWS\System32\KERNELBASE.dll
0x00007ffb22030000 - 0x00007ffb22141000 	C:\WINDOWS\System32\ucrtbase.dll
0x00007ffac9a80000 - 0x00007ffac9a97000 	C:\Program Files\Android\Android Studio\jbr\bin\jli.dll
0x00007ffb245f0000 - 0x00007ffb2479e000 	C:\WINDOWS\System32\USER32.dll
0x00007ffb22870000 - 0x00007ffb22896000 	C:\WINDOWS\System32\win32u.dll
0x00007ffb248a0000 - 0x00007ffb248c9000 	C:\WINDOWS\System32\GDI32.dll
0x00007ffb21f10000 - 0x00007ffb22029000 	C:\WINDOWS\System32\gdi32full.dll
0x00007ffb22670000 - 0x00007ffb2270a000 	C:\WINDOWS\System32\msvcp_win.dll
0x00007ffac78b0000 - 0x00007ffac78cb000 	C:\Program Files\Android\Android Studio\jbr\bin\VCRUNTIME140.dll
0x00007ffb0a3c0000 - 0x00007ffb0a653000 	C:\WINDOWS\WinSxS\amd64_microsoft.windows.common-controls_6595b64144ccf1df_6.0.22621.3527_none_270e469b73872a76\COMCTL32.dll
0x00007ffb24a80000 - 0x00007ffb24b27000 	C:\WINDOWS\System32\msvcrt.dll
0x00007ffb23180000 - 0x00007ffb231b1000 	C:\WINDOWS\System32\IMM32.DLL
0x00007ffaf69c0000 - 0x00007ffaf69cc000 	C:\Program Files\Android\Android Studio\jbr\bin\vcruntime140_1.dll
0x00007ffa94990000 - 0x00007ffa94a1d000 	C:\Program Files\Android\Android Studio\jbr\bin\msvcp140.dll
0x00007ffa91430000 - 0x00007ffa920b3000 	C:\Program Files\Android\Android Studio\jbr\bin\server\jvm.dll
0x00007ffb230c0000 - 0x00007ffb23172000 	C:\WINDOWS\System32\ADVAPI32.dll
0x00007ffb243d0000 - 0x00007ffb24478000 	C:\WINDOWS\System32\sechost.dll
0x00007ffb22840000 - 0x00007ffb22868000 	C:\WINDOWS\System32\bcrypt.dll
0x00007ffb233d0000 - 0x00007ffb234e5000 	C:\WINDOWS\System32\RPCRT4.dll
0x00007ffb20d10000 - 0x00007ffb20d5d000 	C:\WINDOWS\SYSTEM32\POWRPROF.dll
0x00007ffaf5ba0000 - 0x00007ffaf5ba9000 	C:\WINDOWS\SYSTEM32\WSOCK32.dll
0x00007ffb24280000 - 0x00007ffb242f1000 	C:\WINDOWS\System32\WS2_32.dll
0x00007ffb1a800000 - 0x00007ffb1a80a000 	C:\WINDOWS\SYSTEM32\VERSION.dll
0x00007ffb1b8a0000 - 0x00007ffb1b8d4000 	C:\WINDOWS\SYSTEM32\WINMM.dll
0x00007ffb20cf0000 - 0x00007ffb20d03000 	C:\WINDOWS\SYSTEM32\UMPDC.dll
0x00007ffb20fa0000 - 0x00007ffb20fb8000 	C:\WINDOWS\SYSTEM32\kernel.appcore.dll
0x00007ffaf5970000 - 0x00007ffaf597a000 	C:\Program Files\Android\Android Studio\jbr\bin\jimage.dll
0x00007ffb1f880000 - 0x00007ffb1fab3000 	C:\WINDOWS\SYSTEM32\DBGHELP.DLL
0x00007ffb22b70000 - 0x00007ffb22ef8000 	C:\WINDOWS\System32\combase.dll
0x00007ffb247c0000 - 0x00007ffb24897000 	C:\WINDOWS\System32\OLEAUT32.dll
0x00007ffb17ea0000 - 0x00007ffb17ed2000 	C:\WINDOWS\SYSTEM32\dbgcore.DLL
0x00007ffb21e90000 - 0x00007ffb21f09000 	C:\WINDOWS\System32\bcryptPrimitives.dll
0x00007ffa91230000 - 0x00007ffa91255000 	C:\Program Files\Android\Android Studio\jbr\bin\java.dll
0x00007ffa94890000 - 0x00007ffa948a8000 	C:\Program Files\Android\Android Studio\jbr\bin\zip.dll
0x00007ffb234f0000 - 0x00007ffb23d4c000 	C:\WINDOWS\System32\SHELL32.dll
0x00007ffb1fc80000 - 0x00007ffb20576000 	C:\WINDOWS\SYSTEM32\windows.storage.dll
0x00007ffb205a0000 - 0x00007ffb206de000 	C:\WINDOWS\SYSTEM32\wintypes.dll
0x00007ffb244e0000 - 0x00007ffb245d5000 	C:\WINDOWS\System32\SHCORE.dll
0x00007ffb231c0000 - 0x00007ffb2321e000 	C:\WINDOWS\System32\shlwapi.dll
0x00007ffb21dc0000 - 0x00007ffb21de1000 	C:\WINDOWS\SYSTEM32\profapi.dll
0x00007ffac6850000 - 0x00007ffac6869000 	C:\Program Files\Android\Android Studio\jbr\bin\net.dll
0x00007ffb1c670000 - 0x00007ffb1c7a6000 	C:\WINDOWS\SYSTEM32\WINHTTP.dll
0x00007ffb21410000 - 0x00007ffb21479000 	C:\WINDOWS\system32\mswsock.dll
0x00007ffac6830000 - 0x00007ffac6846000 	C:\Program Files\Android\Android Studio\jbr\bin\nio.dll
0x00007ffb1e720000 - 0x00007ffb1e730000 	C:\Program Files\Android\Android Studio\jbr\bin\verify.dll

dbghelp: loaded successfully - version: 4.0.5 - missing functions: none
symbol engine: initialized successfully - sym options: 0x614 - pdb path: .;C:\Program Files\Android\Android Studio\jbr\bin;C:\WINDOWS\SYSTEM32;C:\WINDOWS\WinSxS\amd64_microsoft.windows.common-controls_6595b64144ccf1df_6.0.22621.3527_none_270e469b73872a76;C:\Program Files\Android\Android Studio\jbr\bin\server

VM Arguments:
java_command: org.jetbrains.kotlin.cli.jvm.K2JVMCompiler @C:\Users\marco\Downloads\Smart-Safe-App\node_modules\react-native-screens\android\build\20240518_1045557772906230897.compiler.options
java_class_path (initial): C:\Users\marco\.gradle\caches\modules-2\files-2.1\org.jetbrains.kotlin\kotlin-compiler-embeddable\1.9.22\9cd4dc7773cf2a99ecd961a88fbbc9a2da3fb5e1\kotlin-compiler-embeddable-1.9.22.jar;C:\Users\marco\.gradle\caches\modules-2\files-2.1\org.jetbrains.kotlin\kotlin-stdlib\1.9.22\d6c44cd08d8f3f9bece8101216dbe6553365c6e3\kotlin-stdlib-1.9.22.jar;C:\Users\marco\.gradle\caches\modules-2\files-2.1\org.jetbrains.kotlin\kotlin-script-runtime\1.9.22\f8139a46fc677ec9badc49ae954392f4f5e7e7c7\kotlin-script-runtime-1.9.22.jar;C:\Users\marco\.gradle\caches\modules-2\files-2.1\org.jetbrains.kotlin\kotlin-reflect\1.6.10\1cbe9c92c12a94eea200d23c2bbaedaf3daf5132\kotlin-reflect-1.6.10.jar;C:\Users\marco\.gradle\caches\modules-2\files-2.1\org.jetbrains.kotlin\kotlin-daemon-embeddable\1.9.22\20e2c5df715f3240c765cfc222530e2796542021\kotlin-daemon-embeddable-1.9.22.jar;C:\Users\marco\.gradle\caches\modules-2\files-2.1\org.jetbrains.intellij.deps\trove4j\1.0.20200330\3afb14d5f9ceb459d724e907a21145e8ff394f02\trove4j-1.0.20200330.jar;C:\Users\marco\.gradle\caches\modules-2\files-2.1\org.jetbrains\annotations\13.0\919f0dfe192fb4e063e7dacadee7f8bb9a2672a9\annotations-13.0.jar
Launcher Type: SUN_STANDARD

[Global flags]
     intx CICompilerCount                          = 12                                        {product} {ergonomic}
     uint ConcGCThreads                            = 3                                         {product} {ergonomic}
     uint G1ConcRefinementThreads                  = 13                                        {product} {ergonomic}
   size_t G1HeapRegionSize                         = 1048576                                   {product} {ergonomic}
    uintx GCDrainStackTargetSize                   = 64                                        {product} {ergonomic}
   size_t InitialHeapSize                          = 123731968                                 {product} {ergonomic}
   size_t MarkStackSize                            = 4194304                                   {product} {ergonomic}
   size_t MaxHeapSize                              = 1979711488                                {product} {ergonomic}
   size_t MaxNewSize                               = 1186988032                                {product} {ergonomic}
   size_t MinHeapDeltaBytes                        = 1048576                                   {product} {ergonomic}
   size_t MinHeapSize                              = 8388608                                   {product} {ergonomic}
    uintx NonNMethodCodeHeapSize                   = 7602480                                {pd product} {ergonomic}
    uintx NonProfiledCodeHeapSize                  = 122027880                              {pd product} {ergonomic}
    uintx ProfiledCodeHeapSize                     = 122027880                              {pd product} {ergonomic}
    uintx ReservedCodeCacheSize                    = 251658240                              {pd product} {ergonomic}
     bool SegmentedCodeCache                       = true                                      {product} {ergonomic}
   size_t SoftMaxHeapSize                          = 1979711488                             {manageable} {ergonomic}
     bool UseCompressedClassPointers               = true                           {product lp64_product} {ergonomic}
     bool UseCompressedOops                        = true                           {product lp64_product} {ergonomic}
     bool UseG1GC                                  = true                                      {product} {ergonomic}
     bool UseLargePagesIndividualAllocation        = false                                  {pd product} {ergonomic}

Logging:
Log output configuration:
 #0: stdout all=warning uptime,level,tags
 #1: stderr all=off uptime,level,tags

Environment Variables:
JAVA_HOME=C:\Program Files\Android\Android Studio\jbr
CLASSPATH=C:\Users\marco\Downloads\Smart-Safe-App\android\\gradle\wrapper\gradle-wrapper.jar
PATH=C:\Users\marco\Downloads\Smart-Safe-App\node_modules\.bin;C:\Users\marco\Downloads\node_modules\.bin;C:\Users\marco\node_modules\.bin;C:\Users\node_modules\.bin;C:\node_modules\.bin;C:\Users\marco\AppData\Roaming\npm\node_modules\npm\node_modules\@npmcli\run-script\lib\node-gyp-bin;C:\Program Files\PowerShell\7;C:\Program Files (x86)\Common Files\Oracle\Java\java8path;C:\Program Files (x86)\Common Files\Oracle\Java\javapath;C:\Windows\system32;C:\Windows;C:\Windows\System32\Wbem;C:\Windows\System32\WindowsPowerShell\v1.0\;C:\Windows\System32\OpenSSH\;C:\Program Files (x86)\NVIDIA Corporation\PhysX\Common;C:\Program Files\NVIDIA Corporation\NVIDIA NvDLISR;C:\WINDOWS\system32;C:\WINDOWS;C:\WINDOWS\System32\Wbem;C:\WINDOWS\System32\WindowsPowerShell\v1.0\;C:\WINDOWS\System32\OpenSSH\;C:\Program Files\Git\cmd;C:\Program Files\nodejs\;C:\Users\marco\AppData\Local\Android\Sdk\platform-tools;C:\Program Files\PowerShell\7\;C:\tizen-studio\tools\ide\bin;C:\Users\marco\AppData\Local\Programs\Python\Python311\Scripts\;C:\Users\marco\AppData\Local\Programs\Python\Python311\;C:\Users\marco\AppData\Local\Microsoft\WindowsApps;C:\Users\marco\AppData\Local\Programs\Microsoft VS Code\bin;C:\Users\marco\AppData\Roaming\npm;C:\SrcFlt\flutter\bin;
USERNAME=marco
LANG=en_US.UTF-8
OS=Windows_NT
PROCESSOR_IDENTIFIER=AMD64 Family 23 Model 96 Stepping 1, AuthenticAMD
TMP=C:\Users\marco\AppData\Local\Temp
TEMP=C:\Users\marco\AppData\Local\Temp



Periodic native trim disabled

JNI global refs:
JNI global refs: 18, weak refs: 73

JNI global refs memory usage: 843, weak refs: 1473

OOME stack traces (most recent first):
Classloader memory used:
Loader jdk.internal.loader.ClassLoaders$AppClassLoader                                 : 7775K
Loader bootstrap                                                                       : 1399K
Loader jdk.internal.reflect.DelegatingClassLoader                                      : 24891B


---------------  S Y S T E M  ---------------

OS:
 Windows 11 , 64 bit Build 22621 (10.0.22621.3527)
OS uptime: 0 days 3:37 hours

CPU: total 16 (initial active 16) (16 cores per cpu, 2 threads per core) family 23 model 96 stepping 1 microcode 0x0, cx8, cmov, fxsr, ht, mmx, 3dnowpref, sse, sse2, sse3, ssse3, sse4a, sse4.1, sse4.2, popcnt, lzcnt, tsc, tscinvbit, avx, avx2, aes, clmul, bmi1, bmi2, adx, sha, fma, vzeroupper, clflush, clflushopt
Processor Information for all 16 processors :
  Max Mhz: 2900, Current Mhz: 2900, Mhz Limit: 2900

Memory: 4k page, system-wide physical 7549M (15M free)
TotalPageFile size 31101M (AvailPageFile size 63M)
current process WorkingSet (physical memory assigned to process): 179M, peak: 234M
current process commit charge ("private bytes"): 499M, peak: 685M

vm_info: OpenJDK 64-Bit Server VM (17.0.9+0--11185874) for windows-amd64 JRE (17.0.9+0--11185874), built on Dec  6 2023 18:57:44 by "androidbuild" with MS VC++ 16.10 / 16.11 (VS2019)

END.
